This is TeX, Version 3.141592 (Web2C 7.5.6) (format=tex 2008.12.18)  11 AUG 2009 14:33
**refcount.dtx
(./refcount.dtx (/usr/share/texmf-texlive/tex/latex/base/docstrip.tex
\blockLevel=\count26
\emptyLines=\count27
\processedLines=\count28
\commentsRemoved=\count29
\commentsPassed=\count30
\codeLinesPassed=\count31
\TotalprocessedLines=\count32
\TotalcommentsRemoved=\count33
\TotalcommentsPassed=\count34
\TotalcodeLinesPassed=\count35
\NumberOfFiles=\count36
\inFile=\read0
\inputcheck=\read1
\@tempcnta=\count37
\off@0=\count38
\off@1=\count39
\off@2=\count40
\off@3=\count41
\off@4=\count42
\off@5=\count43
\off@6=\count44
\off@7=\count45
\off@8=\count46
\off@9=\count47
\off@10=\count48
\off@11=\count49
\off@12=\count50
\off@13=\count51
\off@14=\count52
\off@15=\count53
\@temptokena=\toks12
\@maxfiles=\count54
\@maxoutfiles=\count55

Utility: `docstrip' 2.5d <2005/07/29>
English documentation    <1999/03/31>

**********************************************************
* This program converts documented macro-files into fast *
* loadable files by stripping off (nearly) all comments! *
**********************************************************

********************************************************
* No Configuration file found, using default settings. *
********************************************************

)
************************************************************************
* Installation
* Package: refcount 2008/08/11 v3.1 Data extraction from references (HO)
************************************************************************

Generating file(s) refcount.ins refcount.drv refcount.sty 
\openout0 = `refcount.ins'.

\openout1 = `refcount.drv'.

\openout2 = `refcount.sty'.


Processing file refcount.dtx (install) -> refcount.ins
                             (driver) -> refcount.drv
                             (package) -> refcount.sty
File refcount.dtx ended by \endinput.
Lines  processed: 649
Comments removed: 453
Comments  passed: 0
Codelines passed: 186

************************************************************************
*
* To finish the installation you have to move the following
* file into a directory searched by TeX:
*
*     refcount.sty
*
* And install the following script file:
*
*     
*
* To produce the documentation run the file `refcount.drv'
* through LaTeX.
*
* Happy TeXing!
*
************************************************************************
 )
No pages of output.
