parse error at (line 1, column 12):
unexpected "-"
expecting casl char, underline word, [<id>,...,<id>] or ")"

parse error at (line 2, column 1):
unexpected "="
expecting "true", "false", "def", "not", "(", quantifier, "{", "[" or id/literal

parse error at (line 3, column 6):
unexpected sign following =e=

parse error at (line 4, column 1):
unexpected "="
expecting "true", "false", "def", "not", "(", quantifier, "{", "[" or id/literal

parse error at (line 5, column 1):
unexpected "="
expecting "true", "false", "def", "not", "(", quantifier, "{", "[" or id/literal

parse error at (line 6, column 1):
unexpected "="
expecting "true", "false", "def", "not", "(", quantifier, "{", "[" or id/literal

parse error at (line 7, column 1):
unexpected "="
expecting "true", "false", "def", "not", "(", quantifier, "{", "[" or id/literal

parse error at (line 8, column 1):
unexpected "="
expecting "true", "false", "def", "not", "(", quantifier, "{", "[" or id/literal

parse error at (line 9, column 5):
unexpected end of input
expecting "(", "{", "[" or id/literal

parse error at (line 10, column 6):
unexpected end of input
expecting "(", "{", "[" or id/literal

parse error at (line 11, column 1):
unexpected "="
expecting "true", "false", "def", "not", "(", quantifier, "{", "[" or id/literal

parse error at (line 12, column 1):
unexpected "="
expecting "true", "false", "def", "not", "(", quantifier, "{", "[" or id/literal

parse error at (line 13, column 1):
unexpected "="
expecting "true", "false", "def", "not", "(", quantifier, "{", "[" or id/literal

parse error at (line 14, column 6):
unexpected "="
expecting casl char, underline word, "(", "{", "[", id/literal, ":", "as", "when", "/\\", "\\/", "=>", "if", "<=>" or end of input

parse error at (line 15, column 6):
unexpected "="
expecting "(", "{", "[", id/literal, ":", "as", "when", "/\\", "\\/", "=>", "if", "<=>" or end of input

parse error at (line 16, column 6):
unexpected "="
expecting casl char, underline word, "(", "{", "[", id/literal, ":", "as", "when", "/\\", "\\/", "=>", "if", "<=>" or end of input

parse error at (line 17, column 5):
unexpected "<=>" or "<"
expecting casl char, underline word, "(", "{", "[", id/literal, ":", "as", "when", "=e=", "=", "in", "/\\", "\\/", "=>" or end of input

parse error at (line 18, column 8):
unexpected "<=>" or "<"
expecting "(", "{", "[", id/literal, ":", "as", "when", "=e=", "=", "in", "/\\", "\\/", "if" or end of input

parse error at (line 19, column 8):
unexpected "\\/" or "\\"
expecting "(", "{", "[", id/literal, ":", "as", "when", "=e=", "=", "in", "/\\", "=>", "if", "<=>" or end of input

parse error at (line 20, column 8):
unexpected "=>", ">" or "="
expecting "(", "{", "[", id/literal, ":", "as", "when", "=e=", "in", "/\\", "\\/", "if" or end of input

