*
**
a_a
__
123
1.2
1
1.2E3
12.23E34
"bla"
""
=
<
<=
.a
'a'
=[a,b]
<[a,b]
<=[a,b]
.a[a,b]
'a'[a,b]
__*__
a=e=b
a= e=b
a= e=b
a= e=__b__
(a=b)
(a__b)
(a__b)a
b(a__b)
b(a__b)a
{a__b}
{a__b}a
b{a__b}
b{a__b}a
[a__b]
[a__b]a
b[a__b]
b[a__b]a
(a,=,b)
({},[],{[]{}})
{{},[],{[]{}}}
[{},[],{[]{}}]
(var y:bb)
(op y:bb)
(op__<__: ##)
(op__<__: ## -> --)
(op__<__:bb)
(op__<__:?bb)
(op__<__:? ##)
(op__<__: ?##)
(pred y:bb)
(pred y:bb*bb)
(var y:bb->bb)
a=e= <b
ys as b
(pred y:bb)
(pred y:bb)
(pred y:())
(predy y:bb)
(predy:bb)
(predy:bb)
exists1(predy::bb)
exists predy:bb·a
exists!a:v·x
exists!a:v·x
exists! # :v·x
forall a:v·x
lambda a:v·x
lambda a:v·!x
lambda a:v·!x
lambda a:v·!x
lambda a:v· !x
lambda a:v·! !x
a if b
a when b else c
def x
def#
{}when[]else{}
a/\b/\c
a\/b\/c
a=>b
a<=>b
true
false
#as b
b in#
a lambda a:v·! !x
= e=
=e<
=e<
=ea
=e a
=a=
=a=
==e=
==e=
=e=e=e=
=e=e=e=
= e=e=e=
