a
?
a->b
a->?b
a*b
a×b
a->b
a->?b
a*b
a×b
?->?
? -> ?
?? -> ??
*->*
a
a->b
a->b->c
a->b->c
a->b->c
(a->b)->c
a->b->c
(a->b)->c
a->b->c->d
a->(b->c)->d
a->b->c->d
(a->b->c)->d
((a->b)->c)->d
a->(b->c)->d
a->b->c->d
(a->b->c)->d
((a->b)->c)->d
a*b
a*b*c
a*b*c
a*(b*c)
(a*b)*c
a*(b*c)
(a*b)*c
a*b*c*d
a*((b*c)*d)
a*(b*(c*d))
(a*(b*c))*d
((a*b)*c)*d
a*((b*c)*d)
a*(b*(c*d))
(a*(b*c))*d
((a*b)*c)*d
a->?b
a->?b->?c
a->?b->?c
a->?b->?c
(a->?b)->?c
a->?b->?c
(a->?b)->?c
a->?b->?c->?d
a->?(b->?c)->?d
a->?b->?c->?d
(a->?b->?c)->?d
((a->?b)->?c)->?d
a->?(b->?c)->?d
a->?b->?c->?d
(a->?b->?c)->?d
((a->?b)->?c)->?d
a×b
a×b×c
a×b×c
a×(b×c)
(a×b)×c
a×(b×c)
(a×b)×c
a×b×c×d
a×((b×c)×d)
a×(b×(c×d))
(a×(b×c))×d
((a×b)×c)×d
a×((b×c)×d)
a×(b×(c×d))
(a×(b×c))×d
((a×b)×c)×d
a×b×c×d
a×b×c×d
a*b*c*d
a*b*c*d
a->b->?c->d
a->?b->?c->d
a->b->?c->?d
a->b->c->?d
a->?b->c->?d
a->?b->c->d
a->b*c->d
a*b*c->d
a->b*c*d
a->b->c*d
a*b->c*d
a*b->c->d
(a->b)*(c->d)
a*b*(c->d)
(a->b)*c*d
a->(b->c)*d
(a->b->c)*d
a*(b->c)*d
a*(b->c)->d
a*(b->c->d)
()
()->()
()*()
