parse error at (line 1, column 14):
unexpected __**__

parse error at (line 2, column 31):
unexpected __*__

parse error at (line 3, column 26):
unexpected __*__->__*__

parse error at (line 4, column 27):
unexpected __*__*__*__

parse error at (line 5, column 23):
unexpected __*__*__*__

parse error at (line 6, column 3):
unexpected *

parse error at (line 7, column 7):
unexpected *

parse error at (line 8, column 3):
unexpected *

parse error at (line 9, column 2):
unexpected ×

parse error at (line 10, column 3):
unexpected *

parse error at (line 11, column 3):
unexpected ×

parse error at (line 12, column 3):
unexpected *

parse error at (line 13, column 7):
unexpected "b"
expecting casl sign, place, [<id>,...,<id>], cross, "->" or end of input

parse error at (line 14, column 8):
unexpected "b"
expecting place, [<id>,...,<id>], cross, "->" or end of input

parse error at (line 15, column 7):
unexpected __->__

parse error at (line 16, column 3):
unexpected "*"
expecting place, [<id>,...,<id>], cross, "->" or end of input

parse error at (line 17, column 3):
unexpected end of input
expecting casl char, underline word, place, [<id>,...,<id>], cross, "->" or ")"

parse error at (line 18, column 2):
unexpected ")"
expecting casl char, underline word, place, [<id>,...,<id>], cross, "->" or end of input

parse error at (line 19, column 8):
unexpected ->

parse error at (line 20, column 3):
unexpected []

parse error at (line 21, column 3):
unexpected *

parse error at (line 22, column 4):
unexpected ->?

parse error at (line 23, column 6):
unexpected end of input
expecting id or "("

parse error at (line 24, column 3):
unexpected *

parse error at (line 25, column 3):
unexpected ×

parse error at (line 26, column 8):
unexpected end of input
expecting id or "("

parse error at (line 27, column 7):
unexpected ")"
expecting place, [<id>,...,<id>], cross, "->" or end of input

parse error at (line 28, column 9):
unexpected ")"
expecting id or "("

parse error at (line 29, column 11):
unexpected end of input
expecting casl char, underline word, place, [<id>,...,<id>], cross, "->" or ")"

parse error at (line 30, column 19):
unexpected {}->{}

