parse error at (line 1, column 2):
unexpected end of input
expecting "\\" or "\""

11
1.0
parse error at (line 4, column 2):
unexpected "'"
expecting "\\" or "\""

parse error at (line 5, column 6):
unexpected "8"
expecting octal digit

parse error at (line 6, column 7):
unexpected "477"

parse error at (line 7, column 3):
unexpected "d"
expecting digit, "x" or "o"

parse error at (line 8, column 6):
unexpected "256"

parse error at (line 9, column 4):
unexpected "'"
expecting hexadecimal digit

parse error at (line 10, column 4):
unexpected end of input
expecting "'"

parse error at (line 11, column 4):
unexpected "a"
expecting "'"

parse error at (line 12, column 3):
unexpected "\\"
expecting "'"

parse error at (line 13, column 1):
unexpected end of input
expecting "(", id/literal or quantifier

1 b1
parse error at (line 15, column 1):
unexpected "as"
expecting "(", id/literal or quantifier

parse error at (line 16, column 3):
unexpected "c"
expecting "'"

parse error at (line 17, column 1):
unexpected "_"
expecting "(", id/literal or quantifier

parse error at (line 18, column 4):
unexpected "_"
expecting underline word, "(", id/literal, type, quantifier or end of input

__
parse error at (line 20, column 1):
unexpected "."
expecting "(", id/literal or quantifier

parse error at (line 21, column 1):
unexpected "|"
expecting "(", id/literal or quantifier

parse error at (line 22, column 1):
unexpected "::="
expecting "(", id/literal or quantifier

parse error at (line 23, column 1):
unexpected "|->"
expecting "(", id/literal or quantifier

parse error at (line 24, column 2):
unexpected end of input
expecting id

parse error at (line 25, column 2):
unexpected end of input
expecting "(", id/literal, quantifier or "]"

parse error at (line 26, column 1):
unexpected "]"
expecting "(", id/literal or quantifier

parse error at (line 27, column 2):
unexpected end of input
expecting "(", id/literal, quantifier or "}"

parse error at (line 28, column 1):
unexpected "}"
expecting "(", id/literal or quantifier

parse error at (line 29, column 1):
unexpected "`"
expecting "(", id/literal or quantifier

parse error at (line 30, column 1):
unexpected "%"
expecting "(", id/literal or quantifier

parse error at (line 31, column 1):
unexpected "."
expecting "(", id/literal or quantifier

parse error at (line 32, column 1):
unexpected "."
expecting "(", id/literal or quantifier

a[=]
a[__]
a[__]
parse error at (line 36, column 10):
unexpected "]"
expecting "(", id/literal, quantifier or "}"

parse error at (line 37, column 3):
unexpected ","
expecting "(", id/literal, quantifier or "]"

.a[=,=]
__<[bla]__<__
aa==
a[]
""
