parse error at (line 1, column 13):
unexpected "="
expecting "[", "{", ";", "%%", "%{", "%(", "%", "sort", "op", "pred", "type", "class", "program", "generated", "free", "var", "forall", dot, "axiom" or end of input

parse error at (line 2, column 6):
unexpected "?"
expecting "instance", "%%", "%{", "%(", "%", words, "__", "(", "{" or "["

parse error at (line 3, column 6):
unexpected "->"
expecting "instance", "%%", "%{", "%(", "%", words, "__", "(", "{" or "["

parse error at (line 4, column 6):
unexpected "->?"
expecting "instance", "%%", "%{", "%(", "%", words, "__", "(", "{" or "["

parse error at (line 5, column 6):
unexpected "*"
expecting "instance", "%%", "%{", "%(", "%", words, "__", "(", "{" or "["

parse error at (line 6, column 6):
unexpected "-->"
expecting "instance", "%%", "%{", "%(", "%", words, "__", "(", "{" or "["

parse error at (line 7, column 6):
unexpected "-->?"
expecting "instance", "%%", "%{", "%(", "%", words, "__", "(", "{" or "["

parse error at (line 8, column 9):
unexpected end of input
expecting casl char, underline word, "?", words, "__", signs, "(", "{", "[", ":", cross, "->", "->?", "-->", "-->?" or "="

parse error at (line 9, column 5):
unexpected "?"
expecting casl char, underline word, "{", __, [<id>,...,<id>], "[", ",", "(" or ":?"

