{-
instances:
(Num Int, (inst__Prelude_Num_Int, []))
(Num Integer, (inst__Prelude_Num_Integer, []))
(Num Rational, (inst__Prelude_Num_Rational, []))
(Num Double, (inst__Prelude_Num_Double, []))
(Eq Int, (inst__Prelude_Eq_Int, []))
(Ord Int, (inst__Prelude_Ord_Int, []))
(Enum Int, (inst__Prelude_Enum_Int, []))
(Eq Char, (inst__Prelude_Eq_Char, []))
(Eq Integer, (inst__Prelude_Eq_Integer, []))
(Eq Rational, (inst__Prelude_Eq_Rational, []))
(Eq Double, (inst__Prelude_Eq_Double, []))
(Ord Char, (inst__Prelude_Ord_Char, []))
(Ord Integer, (inst__Prelude_Ord_Integer, []))
(Ord Rational, (inst__Prelude_Ord_Rational, []))
(Ord Double, (inst__Prelude_Ord_Double, []))
(Show Int, (inst__Prelude_Show_Int, []))
(Show Char, (inst__Prelude_Show_Char, []))
(Show Integer, (inst__Prelude_Show_Integer, []))
(Show Rational, (inst__Prelude_Show_Rational, []))
(Show Double, (inst__Prelude_Show_Double, []))
(Fractional Rational, (inst__Prelude_Fractional_Rational, []))
(Fractional Double, (inst__Prelude_Fractional_Double, []))
(Eq Bool, (derived__Prelude_Eq_Bool, []))
(Ord Bool, (derived__Prelude_Ord_Bool, []))
(Show Bool, (derived__Prelude_Show_Bool, []))
(Eq Ordering, (derived__Prelude_Eq_Ordering, []))
(Ord Ordering, (derived__Prelude_Ord_Ordering, []))
(Show Ordering, (derived__Prelude_Show_Ordering, []))
(Eq [a], (derived__Prelude_Eq_34_65, [Eq a]))
(Ord [a], (derived__Prelude_Ord_34_69, [Ord a]))
(Show [a], (derived__Prelude_Show_34_59, [Show a]))
(Eq (), (derived__Prelude_Eq_184_27, []))
(Ord (), (derived__Prelude_Ord_184_31, []))
(Show (), (derived__Prelude_Show_184_36, []))
(Eq (a, b), (derived__Prelude_Eq_188_20, [Eq a,
					  Eq b]))
(Ord (a, b), (derived__Prelude_Ord_188_24, [Ord a,
					    Ord b]))
(Show (a, b), (derived__Prelude_Show_188_14, [Show a,
					      Show b]))
(Eq (a, b, c), (derived__Prelude_Eq_192_20, [Eq a,
					     Eq b, Eq c]))
(Ord (a, b, c), (derived__Prelude_Ord_192_24, [Ord a,
					       Ord b, Ord c]))
(Show (a, b,
       c), (derived__Prelude_Show_192_14, [Show a, Show b,
					   Show c]))
(Eq (a, b, c, d), (derived__Prelude_Eq_196_20, [Eq a,
						Eq b, Eq c, Eq d]))
(Ord (a, b, c,
      d), (derived__Prelude_Ord_196_24, [Ord a, Ord b,
					 Ord c, Ord d]))
(Show (a, b, c,
       d), (derived__Prelude_Show_196_14, [Show a, Show b,
					   Show c, Show d]))

types:
() :: (*, data)
(,) :: (*->*->*, data)
Prelude.(,,) :: (*->*->*->*, data)
Prelude.(,,,) :: (*->*->*->*->*, data)
((->)) :: (*->*->*, data)
Bool :: (*, data)
Bounded ::
    (*->Pred, class _ a
		    where
			minBound :: a
			maxBound :: a)
Char :: (*, data)
Double :: (*, data)
Enum ::
    (*->Pred, class _ a
		    where
			succ :: a -> a
			pred :: a -> a
			toEnum :: Int -> a
			fromEnum :: a -> Int
			enumFrom :: a -> [a]
			enumFromThen :: a -> a -> [a]
			enumFromTo :: a -> a -> [a]
			enumFromThenTo :: a -> a -> a -> [a])
Eq ::
    (*->Pred, class _ a
		    where
			(==) :: a -> a -> Bool
			(/=) :: a -> a -> Bool)
Fractional ::
    (*->Pred, class Num a => _ a
		    where
			(/) :: a -> a -> a
			recip :: a -> a
			fromRational :: Rational -> a)
Int :: (*, data)
Integer :: (*, data)
Integral ::
    (*->Pred, class (Real a, Enum a) => _ a
		    where
			quot :: a -> a -> a
			rem :: a -> a -> a
			div :: a -> a -> a
			mod :: a -> a -> a
			quotRem :: a -> a -> (a, a)
			divMod :: a -> a -> (a, a)
			toInteger :: a -> Integer)
Num ::
    (*->Pred, class (Eq a, Show a) => _ a
		    where
			(+) :: a -> a -> a
			(-) :: a -> a -> a
			(*) :: a -> a -> a
			negate :: a -> a
			abs :: a -> a
			signum :: a -> a
			fromInteger :: Integer -> a)
Ord ::
    (*->Pred, class Eq a => _ a
		    where
			compare :: a -> a -> Ordering
			(<) :: a -> a -> Bool
			(<=) :: a -> a -> Bool
			(>=) :: a -> a -> Bool
			(>) :: a -> a -> Bool
			max :: a -> a -> a
			min :: a -> a -> a)
Ordering :: (*, data)
Rational :: (*, data)
Real ::
    (*->Pred, class (Num a, Ord a) => _ a
		    where
			toRational :: a -> Rational)
RealFrac ::
    (*->Pred, class (Real a, Fractional a) => _ a
		    where
			properFraction ::
			    forall a . (Integral a) => a -> (a, a)
			truncate :: forall a . (Integral a) => a -> a
			round :: forall a . (Integral a) => a -> a
			ceiling :: forall a . (Integral a) => a -> a
			floor :: forall a . (Integral a) => a -> a)
Show ::
    (*->Pred, class _ a
		    where
			showsPrec :: Int -> a -> ShowS
			show :: a -> String
			showList :: [a] -> ShowS)
ShowS :: (*, type _ = String -> String)
String :: (*, type _ = String)
Weird :: (*->*->*, data)
Woo :: (*->*, data)
[] :: (*->*, data)

values:
($--*) :: forall a . (Num a) => a -> a -> a
($--+) :: forall a . (Num a) => a -> a -> a
($---) :: forall a . (Num a) => a -> a -> a
($--/) :: forall a . (Fractional a) => a -> a -> a
($--/=) :: forall a . (Eq a) => a -> a -> Bool
($--<) :: forall a . (Ord a) => a -> a -> Bool
($--<=) :: forall a . (Ord a) => a -> a -> Bool
($--==) :: forall a . (Eq a) => a -> a -> Bool
($-->) :: forall a . (Ord a) => a -> a -> Bool
($-->=) :: forall a . (Ord a) => a -> a -> Bool
(&&) :: Bool -> Bool -> Bool
(*) :: forall a . (Num a) => a -> a -> a
(+) :: forall a . (Num a) => a -> a -> a
(++) :: forall a . [a] -> [a] -> [a]
(-) :: forall a . (Num a) => a -> a -> a
(.) :: forall a b c . (a -> b) -> (c -> a) -> c -> b
(/) :: forall a . (Fractional a) => a -> a -> a
(/=) :: forall a . (Eq a) => a -> a -> Bool
(<) :: forall a . (Ord a) => a -> a -> Bool
(<=) :: forall a . (Ord a) => a -> a -> Bool
(==) :: forall a . (Eq a) => a -> a -> Bool
(>) :: forall a . (Ord a) => a -> a -> Bool
(>=) :: forall a . (Ord a) => a -> a -> Bool
abs :: forall a . (Num a) => a -> a
ceiling ::
    forall a b . (RealFrac a, Integral b) => a -> b
compare :: forall a . (Ord a) => a -> a -> Ordering
default__abs :: forall a . (Num a) => a -> a
default__ceiling ::
    forall a b . (RealFrac a, Integral b) => a -> b
default__compare ::
    forall a . (Ord a) => a -> a -> Ordering
default__div ::
    forall a . (Integral a) => a -> a -> a
default__divMod ::
    forall a . (Integral a) => a -> a -> (a, a)
default__enumFrom :: forall a . (Enum a) => a -> [a]
default__enumFromThen ::
    forall a . (Enum a) => a -> a -> [a]
default__enumFromThenTo ::
    forall a . (Enum a) => a -> a -> a -> [a]
default__enumFromTo ::
    forall a . (Enum a) => a -> a -> [a]
default__floor ::
    forall a b . (RealFrac a, Integral b) => a -> b
default__fromEnum :: forall a . (Enum a) => a -> Int
default__fromInteger ::
    forall a . (Num a) => Integer -> a
default__fromRational ::
    forall a . (Fractional a) => Rational -> a
default__max :: forall a . (Ord a) => a -> a -> a
default__maxBound :: forall a . (Bounded a) => a
default__min :: forall a . (Ord a) => a -> a -> a
default__minBound :: forall a . (Bounded a) => a
default__mod ::
    forall a . (Integral a) => a -> a -> a
default__negate :: forall a . (Num a) => a -> a
default__pred :: forall a . (Enum a) => a -> a
default__properFraction ::
    forall a b . (RealFrac a, Integral b) => a -> (b, a)
default__quot ::
    forall a . (Integral a) => a -> a -> a
default__quotRem ::
    forall a . (Integral a) => a -> a -> (a, a)
default__recip :: forall a . (Fractional a) => a -> a
default__rem ::
    forall a . (Integral a) => a -> a -> a
default__round ::
    forall a b . (RealFrac a, Integral b) => a -> b
default__show :: forall a . (Show a) => a -> String
default__showList ::
    forall a . (Show a) => [a] -> ShowS
default__showsPrec ::
    forall a . (Show a) => Int -> a -> ShowS
default__signum :: forall a . (Num a) => a -> a
default__succ :: forall a . (Enum a) => a -> a
default__toEnum :: forall a . (Enum a) => Int -> a
default__toInteger ::
    forall a . (Integral a) => a -> Integer
default__toRational ::
    forall a . (Real a) => a -> Rational
default__truncate ::
    forall a b . (RealFrac a, Integral b) => a -> b
derived__Prelude_Eq_184_27 :: Eq ()
derived__Prelude_Eq_188_20 ::
    forall a b . (Eq a) -> (Eq b) -> Eq (a, b)
derived__Prelude_Eq_192_20 ::
    forall a b c .
	(Eq a) -> (Eq b) -> (Eq c) -> Eq (a, b, c)
derived__Prelude_Eq_196_20 ::
    forall a b c d .
	(Eq a) ->
	(Eq b) -> (Eq c) -> (Eq d) -> Eq (a, b, c, d)
derived__Prelude_Eq_34_65 ::
    forall a . (Eq a) -> Eq [a]
derived__Prelude_Eq_Bool :: Eq Bool
derived__Prelude_Eq_Ordering :: Eq Ordering
derived__Prelude_Ord_184_31 :: Ord ()
derived__Prelude_Ord_188_24 ::
    forall a b . (Ord a) -> (Ord b) -> Ord (a, b)
derived__Prelude_Ord_192_24 ::
    forall a b c .
	(Ord a) -> (Ord b) -> (Ord c) -> Ord (a, b, c)
derived__Prelude_Ord_196_24 ::
    forall a b c d .
	(Ord a) ->
	(Ord b) -> (Ord c) -> (Ord d) -> Ord (a, b, c, d)
derived__Prelude_Ord_34_69 ::
    forall a . (Ord a) -> Ord [a]
derived__Prelude_Ord_Bool :: Ord Bool
derived__Prelude_Ord_Ordering :: Ord Ordering
derived__Prelude_Show_184_36 :: Show ()
derived__Prelude_Show_188_14 ::
    forall a b . (Show a) -> (Show b) -> Show (a, b)
derived__Prelude_Show_192_14 ::
    forall a b c .
	(Show a) -> (Show b) -> (Show c) -> Show (a, b, c)
derived__Prelude_Show_196_14 ::
    forall a b c d .
	(Show a) ->
	(Show b) -> (Show c) -> (Show d) -> Show (a, b, c, d)
derived__Prelude_Show_34_59 ::
    forall a . (Show a) -> Show [a]
derived__Prelude_Show_Bool :: Show Bool
derived__Prelude_Show_Ordering :: Show Ordering
div :: forall a . (Integral a) => a -> a -> a
divMod :: forall a . (Integral a) => a -> a -> (a, a)
enumFrom :: forall a . (Enum a) => a -> [a]
enumFromThen :: forall a . (Enum a) => a -> a -> [a]
enumFromThenTo ::
    forall a . (Enum a) => a -> a -> a -> [a]
enumFromTo :: forall a . (Enum a) => a -> a -> [a]
error :: forall a . String -> a
even :: forall a . (Integral a) => a -> Bool
flip :: forall a b c . (a -> b -> c) -> b -> a -> c
floor ::
    forall a b . (RealFrac a, Integral b) => a -> b
fromEnum :: forall a . (Enum a) => a -> Int
fromInteger :: forall a . (Num a) => Integer -> a
fromIntegral ::
    forall a b . (Integral a, Num b) => a -> b
fromRational ::
    forall a . (Fractional a) => Rational -> a
fun :: forall a b . (Weird a b) -> a -> b
head :: forall a . [a] -> a
inc :: Int -> Int
inst__Prelude_Enum_Int :: Enum Int
inst__Prelude_Eq_Char :: Eq Char
inst__Prelude_Eq_Double :: Eq Double
inst__Prelude_Eq_Int :: Eq Int
inst__Prelude_Eq_Integer :: Eq Integer
inst__Prelude_Eq_Rational :: Eq Rational
inst__Prelude_Fractional_Double :: Fractional Double
inst__Prelude_Fractional_Rational ::
    Fractional Rational
inst__Prelude_Num_Double :: Num Double
inst__Prelude_Num_Int :: Num Int
inst__Prelude_Num_Integer :: Num Integer
inst__Prelude_Num_Rational :: Num Rational
inst__Prelude_Ord_Char :: Ord Char
inst__Prelude_Ord_Double :: Ord Double
inst__Prelude_Ord_Int :: Ord Int
inst__Prelude_Ord_Integer :: Ord Integer
inst__Prelude_Ord_Rational :: Ord Rational
inst__Prelude_Show_Char :: Show Char
inst__Prelude_Show_Double :: Show Double
inst__Prelude_Show_Int :: Show Int
inst__Prelude_Show_Integer :: Show Integer
inst__Prelude_Show_Rational :: Show Rational
lexOrder :: Ordering -> Ordering -> Ordering
main :: Int
map :: forall a b . (a -> b) -> [a] -> [b]
max :: forall a . (Ord a) => a -> a -> a
maxBound :: forall a . (Bounded a) => a
min :: forall a . (Ord a) => a -> a -> a
minBound :: forall a . (Bounded a) => a
mod :: forall a . (Integral a) => a -> a -> a
negate :: forall a . (Num a) => a -> a
not :: Bool -> Bool
odd :: forall a . (Integral a) => a -> Bool
otherwise :: Bool
pred :: forall a . (Enum a) => a -> a
primError :: forall a . String -> a
properFraction ::
    forall a b . (RealFrac a, Integral b) => a -> (b, a)
quot :: forall a . (Integral a) => a -> a -> a
quotRem ::
    forall a . (Integral a) => a -> a -> (a, a)
recip :: forall a . (Fractional a) => a -> a
rem :: forall a . (Integral a) => a -> a -> a
round ::
    forall a b . (RealFrac a, Integral b) => a -> b
show :: forall a . (Show a) => a -> String
showArgument ::
    forall a . (Show a) => a -> String -> String
showChar :: Char -> ShowS
showList :: forall a . (Show a) => [a] -> ShowS
showParen :: Bool -> ShowS -> ShowS
showParenArg :: Int -> ShowS -> ShowS
showString :: String -> ShowS
shows :: forall a . (Show a) => a -> ShowS
showsPrec :: forall a . (Show a) => Int -> a -> ShowS
signum :: forall a . (Num a) => a -> a
subtract :: forall a . (Num a) => a -> a -> a
succ :: forall a . (Enum a) => a -> a
tail :: forall a . [a] -> [a]
toEnum :: forall a . (Enum a) => Int -> a
toInteger :: forall a . (Integral a) => a -> Integer
toRational :: forall a . (Real a) => a -> Rational
truncate ::
    forall a b . (RealFrac a, Integral b) => a -> b
() :: ()
(,) :: forall a b . a -> b -> (a, b)
Prelude.(,,) ::
    forall a b c . a -> b -> c -> (a, b, c)
Prelude.(,,,) ::
    forall a b c d . a -> b -> c -> d -> (a, b, c, d)
(:) :: forall a . a -> [a] -> [a]
EQ :: Ordering
False :: Bool
Funny :: forall a b . (a -> b) -> Weird a b
GT :: Ordering
LT :: Ordering
N :: forall a . a -> Woo a
True :: Bool
W :: forall a . Woo a
[] :: forall a . [a]

scope:
Prelude.&& |-> Prelude.&&, Value
() |-> Prelude.(), Type [()] []
() |-> Prelude.(), con of ()
(,) |-> Prelude.(,), Type [(,)] []
(,) |-> Prelude.(,), con of (,)
Prelude.(,,) |-> Prelude.(,,), Type [(,,)] []
Prelude.(,,) |-> Prelude.(,,), con of (,,)
Prelude.(,,,) |-> Prelude.(,,,), Type [(,,,)] []
Prelude.(,,,) |-> Prelude.(,,,), con of (,,,)
Prelude.* |-> Prelude.*, method of Num
Prelude.+ |-> Prelude.+, method of Num
Prelude.++ |-> Prelude.++, Value
Prelude.- |-> Prelude.-, method of Num
(->) |-> Prelude.->, Type [] []
Prelude.. |-> Prelude.., Value
Prelude./ |-> Prelude./, method of Fractional
Prelude./= |-> Prelude./=, method of Eq
Prelude.: |-> Prelude.:, con of []
Prelude.< |-> Prelude.<, method of Ord
Prelude.<= |-> Prelude.<=, method of Ord
Prelude.== |-> Prelude.==, method of Eq
Prelude.> |-> Prelude.>, method of Ord
Prelude.>= |-> Prelude.>=, method of Ord
Prelude.Bool |-> Prelude.Bool, Type [False, True] []
Prelude.Bounded |-> Prelude.Bounded, Class [minBound,
					    maxBound]
Prelude.Char |-> Prelude.Char, Type [] []
Prelude.Double |-> Prelude.Double, Type [] []
Prelude.EQ |-> Prelude.EQ, con of Ordering
Prelude.Enum |-> Prelude.Enum, Class [succ, pred,
				      toEnum, fromEnum, enumFrom, enumFromThen,
				      enumFromTo, enumFromThenTo]
Prelude.Eq |-> Prelude.Eq, Class [==, /=]
Prelude.False |-> Prelude.False, con of Bool
Prelude.Fractional |-> Prelude.Fractional, Class [/,
						  recip, fromRational]
Prelude.Funny |-> Prelude.Funny, con of Weird
Prelude.GT |-> Prelude.GT, con of Ordering
Prelude.Int |-> Prelude.Int, Type [] []
Prelude.Integer |-> Prelude.Integer, Type [] []
Prelude.Integral |-> Prelude.Integral, Class [quot,
					      rem, div, mod, quotRem, divMod,
					      toInteger]
Prelude.LT |-> Prelude.LT, con of Ordering
Prelude.N |-> Prelude.N, con of Woo
Prelude.Num |-> Prelude.Num, Class [+, -, *, negate,
				    abs, signum, fromInteger]
Prelude.Ord |-> Prelude.Ord, Class [compare, <, <=,
				    >=, >, max, min]
Prelude.Ordering |-> Prelude.Ordering, Type [LT, EQ,
					     GT] []
Prelude.Rational |-> Prelude.Rational, Type [] []
Prelude.Real |-> Prelude.Real, Class [toRational]
Prelude.RealFrac |-> Prelude.RealFrac, Class [properFraction,
					      truncate, round, ceiling, floor]
Prelude.Show |-> Prelude.Show, Class [showsPrec,
				      show, showList]
Prelude.ShowS |-> Prelude.ShowS, Type [] []
Prelude.String |-> Prelude.String, Type [] []
Prelude.True |-> Prelude.True, con of Bool
Prelude.W |-> Prelude.W, con of Woo
Prelude.Weird |-> Prelude.Weird, Type [Funny] []
Prelude.Woo |-> Prelude.Woo, Type [W, N] []
[] |-> Prelude.[], Type [[], :] [head, tail]
[] |-> Prelude.[], con of []
Prelude.abs |-> Prelude.abs, method of Num
Prelude.ceiling |-> Prelude.ceiling, method of RealFrac
Prelude.compare |-> Prelude.compare, method of Ord
Prelude.div |-> Prelude.div, method of Integral
Prelude.divMod |-> Prelude.divMod, method of Integral
Prelude.enumFrom |-> Prelude.enumFrom, method of Enum
Prelude.enumFromThen |-> Prelude.enumFromThen, method of Enum
Prelude.enumFromThenTo |-> Prelude.enumFromThenTo, method of Enum
Prelude.enumFromTo |-> Prelude.enumFromTo, method of Enum
Prelude.error |-> Prelude.error, Value
Prelude.even |-> Prelude.even, Value
Prelude.flip |-> Prelude.flip, Value
Prelude.floor |-> Prelude.floor, method of RealFrac
Prelude.fromEnum |-> Prelude.fromEnum, method of Enum
Prelude.fromInteger |-> Prelude.fromInteger, method of Num
Prelude.fromIntegral |-> Prelude.fromIntegral, Value
Prelude.fromRational |-> Prelude.fromRational, method of Fractional
Prelude.fun |-> Prelude.fun, Value
Prelude.head |-> Prelude.head, field of []
Prelude.inc |-> Prelude.inc, Value
Prelude.lexOrder |-> Prelude.lexOrder, Value
Prelude.main |-> Prelude.main, Value
Prelude.map |-> Prelude.map, Value
Prelude.max |-> Prelude.max, method of Ord
Prelude.maxBound |-> Prelude.maxBound, method of Bounded
Prelude.min |-> Prelude.min, method of Ord
Prelude.minBound |-> Prelude.minBound, method of Bounded
Prelude.mod |-> Prelude.mod, method of Integral
Prelude.negate |-> Prelude.negate, method of Num
Prelude.not |-> Prelude.not, Value
Prelude.odd |-> Prelude.odd, Value
Prelude.otherwise |-> Prelude.otherwise, Value
Prelude.pred |-> Prelude.pred, method of Enum
Prelude.primError |-> Prelude.primError, Value
Prelude.properFraction |-> Prelude.properFraction, method of RealFrac
Prelude.quot |-> Prelude.quot, method of Integral
Prelude.quotRem |-> Prelude.quotRem, method of Integral
Prelude.recip |-> Prelude.recip, method of Fractional
Prelude.rem |-> Prelude.rem, method of Integral
Prelude.round |-> Prelude.round, method of RealFrac
Prelude.show |-> Prelude.show, method of Show
Prelude.showArgument |-> Prelude.showArgument, Value
Prelude.showChar |-> Prelude.showChar, Value
Prelude.showList |-> Prelude.showList, method of Show
Prelude.showParen |-> Prelude.showParen, Value
Prelude.showParenArg |-> Prelude.showParenArg, Value
Prelude.showString |-> Prelude.showString, Value
Prelude.shows |-> Prelude.shows, Value
Prelude.showsPrec |-> Prelude.showsPrec, method of Show
Prelude.signum |-> Prelude.signum, method of Num
Prelude.subtract |-> Prelude.subtract, Value
Prelude.succ |-> Prelude.succ, method of Enum
Prelude.tail |-> Prelude.tail, field of []
Prelude.toEnum |-> Prelude.toEnum, method of Enum
Prelude.toInteger |-> Prelude.toInteger, method of Integral
Prelude.toRational |-> Prelude.toRational, method of Real
Prelude.truncate |-> Prelude.truncate, method of RealFrac
&& |-> Prelude.&&, Value
() |-> Prelude.(), Type [()] []
() |-> Prelude.(), con of ()
(,) |-> Prelude.(,), Type [(,)] []
(,) |-> Prelude.(,), con of (,)
(,,) |-> Prelude.(,,), Type [(,,)] []
(,,) |-> Prelude.(,,), con of (,,)
(,,,) |-> Prelude.(,,,), Type [(,,,)] []
(,,,) |-> Prelude.(,,,), con of (,,,)
* |-> Prelude.*, method of Num
+ |-> Prelude.+, method of Num
++ |-> Prelude.++, Value
- |-> Prelude.-, method of Num
-> |-> Prelude.->, Type [] []
. |-> Prelude.., Value
/ |-> Prelude./, method of Fractional
/= |-> Prelude./=, method of Eq
: |-> Prelude.:, con of []
< |-> Prelude.<, method of Ord
<= |-> Prelude.<=, method of Ord
== |-> Prelude.==, method of Eq
> |-> Prelude.>, method of Ord
>= |-> Prelude.>=, method of Ord
Bool |-> Prelude.Bool, Type [False, True] []
Bounded |-> Prelude.Bounded, Class [minBound,
				    maxBound]
Char |-> Prelude.Char, Type [] []
Double |-> Prelude.Double, Type [] []
EQ |-> Prelude.EQ, con of Ordering
Enum |-> Prelude.Enum, Class [succ, pred, toEnum,
			      fromEnum, enumFrom, enumFromThen, enumFromTo,
			      enumFromThenTo]
Eq |-> Prelude.Eq, Class [==, /=]
False |-> Prelude.False, con of Bool
Fractional |-> Prelude.Fractional, Class [/, recip,
					  fromRational]
Funny |-> Prelude.Funny, con of Weird
GT |-> Prelude.GT, con of Ordering
Int |-> Prelude.Int, Type [] []
Integer |-> Prelude.Integer, Type [] []
Integral |-> Prelude.Integral, Class [quot, rem, div,
				      mod, quotRem, divMod, toInteger]
LT |-> Prelude.LT, con of Ordering
N |-> Prelude.N, con of Woo
Num |-> Prelude.Num, Class [+, -, *, negate, abs,
			    signum, fromInteger]
Ord |-> Prelude.Ord, Class [compare, <, <=, >=, >,
			    max, min]
Ordering |-> Prelude.Ordering, Type [LT, EQ, GT] []
Rational |-> Prelude.Rational, Type [] []
Real |-> Prelude.Real, Class [toRational]
RealFrac |-> Prelude.RealFrac, Class [properFraction,
				      truncate, round, ceiling, floor]
Show |-> Prelude.Show, Class [showsPrec, show,
			      showList]
ShowS |-> Prelude.ShowS, Type [] []
String |-> Prelude.String, Type [] []
True |-> Prelude.True, con of Bool
W |-> Prelude.W, con of Woo
Weird |-> Prelude.Weird, Type [Funny] []
Woo |-> Prelude.Woo, Type [W, N] []
[] |-> Prelude.[], Type [[], :] [head, tail]
[] |-> Prelude.[], con of []
abs |-> Prelude.abs, method of Num
ceiling |-> Prelude.ceiling, method of RealFrac
compare |-> Prelude.compare, method of Ord
div |-> Prelude.div, method of Integral
divMod |-> Prelude.divMod, method of Integral
enumFrom |-> Prelude.enumFrom, method of Enum
enumFromThen |-> Prelude.enumFromThen, method of Enum
enumFromThenTo |-> Prelude.enumFromThenTo, method of Enum
enumFromTo |-> Prelude.enumFromTo, method of Enum
error |-> Prelude.error, Value
even |-> Prelude.even, Value
flip |-> Prelude.flip, Value
floor |-> Prelude.floor, method of RealFrac
fromEnum |-> Prelude.fromEnum, method of Enum
fromInteger |-> Prelude.fromInteger, method of Num
fromIntegral |-> Prelude.fromIntegral, Value
fromRational |-> Prelude.fromRational, method of Fractional
fun |-> Prelude.fun, Value
head |-> Prelude.head, field of []
inc |-> Prelude.inc, Value
lexOrder |-> Prelude.lexOrder, Value
main |-> Prelude.main, Value
map |-> Prelude.map, Value
max |-> Prelude.max, method of Ord
maxBound |-> Prelude.maxBound, method of Bounded
min |-> Prelude.min, method of Ord
minBound |-> Prelude.minBound, method of Bounded
mod |-> Prelude.mod, method of Integral
negate |-> Prelude.negate, method of Num
not |-> Prelude.not, Value
odd |-> Prelude.odd, Value
otherwise |-> Prelude.otherwise, Value
pred |-> Prelude.pred, method of Enum
primError |-> Prelude.primError, Value
properFraction |-> Prelude.properFraction, method of RealFrac
quot |-> Prelude.quot, method of Integral
quotRem |-> Prelude.quotRem, method of Integral
recip |-> Prelude.recip, method of Fractional
rem |-> Prelude.rem, method of Integral
round |-> Prelude.round, method of RealFrac
show |-> Prelude.show, method of Show
showArgument |-> Prelude.showArgument, Value
showChar |-> Prelude.showChar, Value
showList |-> Prelude.showList, method of Show
showParen |-> Prelude.showParen, Value
showParenArg |-> Prelude.showParenArg, Value
showString |-> Prelude.showString, Value
shows |-> Prelude.shows, Value
showsPrec |-> Prelude.showsPrec, method of Show
signum |-> Prelude.signum, method of Num
subtract |-> Prelude.subtract, Value
succ |-> Prelude.succ, method of Enum
tail |-> Prelude.tail, field of []
toEnum |-> Prelude.toEnum, method of Enum
toInteger |-> Prelude.toInteger, method of Integral
toRational |-> Prelude.toRational, method of Real
truncate |-> Prelude.truncate, method of RealFrac
-}
module Dummy where
import Prelude (error, Show, Eq, Ord)
import MyLogic
otherwise = True
lexOrder EQ o = o
lexOrder o _ = o
showArgument d199 x
    =   (.){-String String String-} (showChar ' ')
	    (showsPrec{-t194-} d199
		 (fromInteger{-Int-} inst__Prelude_Num_Int 10)
		 x)
fun =   \ w ->
	    \ x ->
		case w of
		    Funny{-t204 t208-} f -> f x
main
    =   fun{-Int Int-} (Funny{-Int Int-} inc)
	    (fromInteger{-Int-} inst__Prelude_Num_Int 2)
data Integer
data Rational
data Double
data Char
data Int
data a -> b
data Bool = False | True deriving (Show, Eq, Ord)
not :: Bool -> Bool
not True = False
not False = True
(&&) :: Bool -> Bool -> Bool
(&&) a b = if a then True else b
data Ordering = LT | EQ | GT deriving (Show, Eq, Ord)
class Eq a where (==),(/=) :: a -> a -> Bool
($--/=) d225 x y = not ((==){-a-} d225 x y)
($--==) d231 x y = not ((/=){-a-} d231 x y)
data [a]
    = [] | (:) {head :: a, tail :: [a]}
    deriving (Show, Eq, Ord)
(++) :: [a] -> [a] -> [a]
(++) [] ys = ys
(++) ((:){-a-} x xs) ys
    = (:){-a-} x ((++){-a-} xs ys)
map :: (a -> b) -> [a] -> [b]
map f [] = []
map f ((:){-a-} x xs)
    = (:){-b-} (f x) (map{-a b-} f xs)
type String = String
foreign import primError :: String -> a
error :: String -> a
error = primError{-a-}
(.) :: (b -> c) -> (a -> b) -> a -> c
(.) f g = \ x -> f (g x)
type ShowS = String -> String
class Eq a => Ord a
  where
      compare :: a -> a -> Ordering
      (<),(<=),(>=),(>) :: a -> a -> Bool
      max,min :: a -> a -> a
default__compare d271 x y
    | (==){-a-} d268 x y = EQ
    | (<=){-a-} d271 x y = LT
    | otherwise = GT
  where
      d268 = super1_Ord{-a-} d271
      {-
      d268 :: Eq a
      -}
($--<=) d279 x y
    =   (/=){-Ordering-} derived__Prelude_Eq_Ordering
	    (compare{-a-} d279 x y)
	    GT
($--<) d287 x y
    =   (==){-Ordering-} derived__Prelude_Eq_Ordering
	    (compare{-a-} d287 x y)
	    LT
($-->=) d295 x y
    =   (/=){-Ordering-} derived__Prelude_Eq_Ordering
	    (compare{-a-} d295 x y)
	    LT
($-->) d303 x y
    =   (==){-Ordering-} derived__Prelude_Eq_Ordering
	    (compare{-a-} d303 x y)
	    GT
default__max d309 x y
    | (<=){-a-} d309 x y = y
    | otherwise = x
default__min d315 x y
    | (<=){-a-} d315 x y = x
    | otherwise = y
shows :: Show a => a -> ShowS
shows d324
    =   showsPrec{-a-} d324
	    (fromInteger{-Int-} inst__Prelude_Num_Int 0)
showChar :: Char -> ShowS
showChar = (:){-Char-}
showString :: String -> ShowS
showString = (++){-Char-}
showParen :: Bool -> ShowS -> ShowS
showParen b p
    =   if b
	then (.){-String String String-}
		 ((.){-String String String-} (showChar '(') p)
		 (showChar ')')
	else p
showParenArg :: Int -> ShowS -> ShowS
showParenArg d
    =   showParen
	    ((<=){-Int-} inst__Prelude_Ord_Int
		 (fromInteger{-Int-} inst__Prelude_Num_Int 10)
		 d)
class Show a
  where
      showsPrec :: Int -> a -> ShowS
      show :: a -> String
      showList :: [a] -> ShowS
default__showsPrec d351 _ x s
    = (++){-Char-} (show{-a-} d351 x) s
default__show d359 x
    =   showsPrec{-a-} d359
	    (fromInteger{-Int-} inst__Prelude_Num_Int 0)
	    x
	    ""
default__showList d389 [] = showString "[]"
default__showList d389 ((:){-a-} x xs)
    =   (.){-String String String-}
	    ((.){-String String String-} (showChar '[')
		 (shows{-a-} d389 x))
	    (showl{-a-} d389 xs)
  where
      showl d377 [] = showChar ']'
      showl d377 ((:){-t366-} x xs)
	  =   (.){-String String String-}
		  ((.){-String String String-} (showChar ',')
		       (shows{-t366-} d377 x))
		  (showl{-t366-} d377 xs)
      {-
      showl ::
	  forall a . (Show a) => [a] -> String -> String
      -}
class (Eq a, Show a) => Num a
  where
      (+),(-),(*) :: a -> a -> a
      negate :: a -> a
      abs,signum :: a -> a
      fromInteger :: Integer -> a
($--+) d398
    = error{-(a -> a -> a)-} "No default for method +"
($---) d401
    = error{-(a -> a -> a)-} "No default for method -"
($--*) d404
    = error{-(a -> a -> a)-} "No default for method *"
default__negate d407
    = error{-(a -> a)-} "No default for method negate"
default__abs d410
    = error{-(a -> a)-} "No default for method abs"
default__signum d413
    = error{-(a -> a)-} "No default for method signum"
default__fromInteger d416
    =   error{-(Integer -> a)-}
	    "No default for method fromInteger"
class Num a => Fractional a
  where
      (/) :: a -> a -> a
      recip :: a -> a
      fromRational :: Rational -> a
($--/) d421
    = error{-(a -> a -> a)-} "No default for method /"
default__recip d424
    = error{-(a -> a)-} "No default for method recip"
default__fromRational d427
    =   error{-(Rational -> a)-}
	    "No default for method fromRational"
instance Num Int
  where
      super1_Num = super{-(Eq Int)-} inst__Prelude_Eq_Int
      super2_Num
	  = super{-(Show Int)-} inst__Prelude_Show_Int
      (+) = ($--+){-Int-} inst__Prelude_Num_Int
      (-) = ($---){-Int-} inst__Prelude_Num_Int
      (*) = ($--*){-Int-} inst__Prelude_Num_Int
      negate = default__negate{-Int-} inst__Prelude_Num_Int
      abs = default__abs{-Int-} inst__Prelude_Num_Int
      signum = default__signum{-Int-} inst__Prelude_Num_Int
      fromInteger
	  = default__fromInteger{-Int-} inst__Prelude_Num_Int
      {-
      super1_Num :: Eq Int
      super2_Num :: Show Int
      (+) :: Int -> Int -> Int
      (-) :: Int -> Int -> Int
      (*) :: Int -> Int -> Int
      negate :: Int -> Int
      abs :: Int -> Int
      signum :: Int -> Int
      fromInteger :: Integer -> Int
      -}
instance Num Integer
  where
      super1_Num
	  = super{-(Eq Integer)-} inst__Prelude_Eq_Integer
      super2_Num
	  = super{-(Show Integer)-} inst__Prelude_Show_Integer
      (+) = ($--+){-Integer-} inst__Prelude_Num_Integer
      (-) = ($---){-Integer-} inst__Prelude_Num_Integer
      (*) = ($--*){-Integer-} inst__Prelude_Num_Integer
      negate
	  =   default__negate{-Integer-}
		  inst__Prelude_Num_Integer
      abs =   default__abs{-Integer-}
		  inst__Prelude_Num_Integer
      signum
	  =   default__signum{-Integer-}
		  inst__Prelude_Num_Integer
      fromInteger
	  =   default__fromInteger{-Integer-}
		  inst__Prelude_Num_Integer
      {-
      super1_Num :: Eq Integer
      super2_Num :: Show Integer
      (+) :: Integer -> Integer -> Integer
      (-) :: Integer -> Integer -> Integer
      (*) :: Integer -> Integer -> Integer
      negate :: Integer -> Integer
      abs :: Integer -> Integer
      signum :: Integer -> Integer
      fromInteger :: Integer -> Integer
      -}
instance Num Rational
  where
      super1_Num
	  = super{-(Eq Rational)-} inst__Prelude_Eq_Rational
      super2_Num
	  =   super{-(Show Rational)-}
		  inst__Prelude_Show_Rational
      (+) = ($--+){-Rational-} inst__Prelude_Num_Rational
      (-) = ($---){-Rational-} inst__Prelude_Num_Rational
      (*) = ($--*){-Rational-} inst__Prelude_Num_Rational
      negate
	  =   default__negate{-Rational-}
		  inst__Prelude_Num_Rational
      abs =   default__abs{-Rational-}
		  inst__Prelude_Num_Rational
      signum
	  =   default__signum{-Rational-}
		  inst__Prelude_Num_Rational
      fromInteger
	  =   default__fromInteger{-Rational-}
		  inst__Prelude_Num_Rational
      {-
      super1_Num :: Eq Rational
      super2_Num :: Show Rational
      (+) :: Rational -> Rational -> Rational
      (-) :: Rational -> Rational -> Rational
      (*) :: Rational -> Rational -> Rational
      negate :: Rational -> Rational
      abs :: Rational -> Rational
      signum :: Rational -> Rational
      fromInteger :: Integer -> Rational
      -}
instance Num Double
  where
      super1_Num
	  = super{-(Eq Double)-} inst__Prelude_Eq_Double
      super2_Num
	  = super{-(Show Double)-} inst__Prelude_Show_Double
      (+) = ($--+){-Double-} inst__Prelude_Num_Double
      (-) = ($---){-Double-} inst__Prelude_Num_Double
      (*) = ($--*){-Double-} inst__Prelude_Num_Double
      negate
	  = default__negate{-Double-} inst__Prelude_Num_Double
      abs = default__abs{-Double-} inst__Prelude_Num_Double
      signum
	  = default__signum{-Double-} inst__Prelude_Num_Double
      fromInteger
	  =   default__fromInteger{-Double-}
		  inst__Prelude_Num_Double
      {-
      super1_Num :: Eq Double
      super2_Num :: Show Double
      (+) :: Double -> Double -> Double
      (-) :: Double -> Double -> Double
      (*) :: Double -> Double -> Double
      negate :: Double -> Double
      abs :: Double -> Double
      signum :: Double -> Double
      fromInteger :: Integer -> Double
      -}
instance Eq Int
  where
      (==) = ($--==){-Int-} inst__Prelude_Eq_Int
      (/=) = ($--/=){-Int-} inst__Prelude_Eq_Int
      {-
      (==) :: Int -> Int -> Bool
      (/=) :: Int -> Int -> Bool
      -}
instance Ord Int
  where
      super1_Ord = super{-(Eq Int)-} inst__Prelude_Eq_Int
      compare
	  = default__compare{-Int-} inst__Prelude_Ord_Int
      (<) = ($--<){-Int-} inst__Prelude_Ord_Int
      (<=) = ($--<=){-Int-} inst__Prelude_Ord_Int
      (>=) = ($-->=){-Int-} inst__Prelude_Ord_Int
      (>) = ($-->){-Int-} inst__Prelude_Ord_Int
      max = default__max{-Int-} inst__Prelude_Ord_Int
      min = default__min{-Int-} inst__Prelude_Ord_Int
      {-
      super1_Ord :: Eq Int
      compare :: Int -> Int -> Ordering
      (<) :: Int -> Int -> Bool
      (<=) :: Int -> Int -> Bool
      (>=) :: Int -> Int -> Bool
      (>) :: Int -> Int -> Bool
      max :: Int -> Int -> Int
      min :: Int -> Int -> Int
      -}
instance Enum Int
  where
      succ = default__succ{-Int-} inst__Prelude_Enum_Int
      pred = default__pred{-Int-} inst__Prelude_Enum_Int
      toEnum
	  = default__toEnum{-Int-} inst__Prelude_Enum_Int
      fromEnum
	  = default__fromEnum{-Int-} inst__Prelude_Enum_Int
      enumFrom
	  = default__enumFrom{-Int-} inst__Prelude_Enum_Int
      enumFromThen
	  = default__enumFromThen{-Int-} inst__Prelude_Enum_Int
      enumFromTo
	  = default__enumFromTo{-Int-} inst__Prelude_Enum_Int
      enumFromThenTo
	  =   default__enumFromThenTo{-Int-}
		  inst__Prelude_Enum_Int
      {-
      succ :: Int -> Int
      pred :: Int -> Int
      toEnum :: Int -> Int
      fromEnum :: Int -> Int
      enumFrom :: Int -> [Int]
      enumFromThen :: Int -> Int -> [Int]
      enumFromTo :: Int -> Int -> [Int]
      enumFromThenTo :: Int -> Int -> Int -> [Int]
      -}
instance Eq Char
  where
      (==) = ($--==){-Char-} inst__Prelude_Eq_Char
      (/=) = ($--/=){-Char-} inst__Prelude_Eq_Char
      {-
      (==) :: Char -> Char -> Bool
      (/=) :: Char -> Char -> Bool
      -}
instance Eq Integer
  where
      (==) = ($--==){-Integer-} inst__Prelude_Eq_Integer
      (/=) = ($--/=){-Integer-} inst__Prelude_Eq_Integer
      {-
      (==) :: Integer -> Integer -> Bool
      (/=) :: Integer -> Integer -> Bool
      -}
instance Eq Rational
  where
      (==) = ($--==){-Rational-} inst__Prelude_Eq_Rational
      (/=) = ($--/=){-Rational-} inst__Prelude_Eq_Rational
      {-
      (==) :: Rational -> Rational -> Bool
      (/=) :: Rational -> Rational -> Bool
      -}
instance Eq Double
  where
      (==) = ($--==){-Double-} inst__Prelude_Eq_Double
      (/=) = ($--/=){-Double-} inst__Prelude_Eq_Double
      {-
      (==) :: Double -> Double -> Bool
      (/=) :: Double -> Double -> Bool
      -}
instance Ord Char
  where
      super1_Ord = super{-(Eq Char)-} inst__Prelude_Eq_Char
      compare
	  = default__compare{-Char-} inst__Prelude_Ord_Char
      (<) = ($--<){-Char-} inst__Prelude_Ord_Char
      (<=) = ($--<=){-Char-} inst__Prelude_Ord_Char
      (>=) = ($-->=){-Char-} inst__Prelude_Ord_Char
      (>) = ($-->){-Char-} inst__Prelude_Ord_Char
      max = default__max{-Char-} inst__Prelude_Ord_Char
      min = default__min{-Char-} inst__Prelude_Ord_Char
      {-
      super1_Ord :: Eq Char
      compare :: Char -> Char -> Ordering
      (<) :: Char -> Char -> Bool
      (<=) :: Char -> Char -> Bool
      (>=) :: Char -> Char -> Bool
      (>) :: Char -> Char -> Bool
      max :: Char -> Char -> Char
      min :: Char -> Char -> Char
      -}
instance Ord Integer
  where
      super1_Ord
	  = super{-(Eq Integer)-} inst__Prelude_Eq_Integer
      compare
	  =   default__compare{-Integer-}
		  inst__Prelude_Ord_Integer
      (<) = ($--<){-Integer-} inst__Prelude_Ord_Integer
      (<=) = ($--<=){-Integer-} inst__Prelude_Ord_Integer
      (>=) = ($-->=){-Integer-} inst__Prelude_Ord_Integer
      (>) = ($-->){-Integer-} inst__Prelude_Ord_Integer
      max =   default__max{-Integer-}
		  inst__Prelude_Ord_Integer
      min =   default__min{-Integer-}
		  inst__Prelude_Ord_Integer
      {-
      super1_Ord :: Eq Integer
      compare :: Integer -> Integer -> Ordering
      (<) :: Integer -> Integer -> Bool
      (<=) :: Integer -> Integer -> Bool
      (>=) :: Integer -> Integer -> Bool
      (>) :: Integer -> Integer -> Bool
      max :: Integer -> Integer -> Integer
      min :: Integer -> Integer -> Integer
      -}
instance Ord Rational
  where
      super1_Ord
	  = super{-(Eq Rational)-} inst__Prelude_Eq_Rational
      compare
	  =   default__compare{-Rational-}
		  inst__Prelude_Ord_Rational
      (<) = ($--<){-Rational-} inst__Prelude_Ord_Rational
      (<=) = ($--<=){-Rational-} inst__Prelude_Ord_Rational
      (>=) = ($-->=){-Rational-} inst__Prelude_Ord_Rational
      (>) = ($-->){-Rational-} inst__Prelude_Ord_Rational
      max =   default__max{-Rational-}
		  inst__Prelude_Ord_Rational
      min =   default__min{-Rational-}
		  inst__Prelude_Ord_Rational
      {-
      super1_Ord :: Eq Rational
      compare :: Rational -> Rational -> Ordering
      (<) :: Rational -> Rational -> Bool
      (<=) :: Rational -> Rational -> Bool
      (>=) :: Rational -> Rational -> Bool
      (>) :: Rational -> Rational -> Bool
      max :: Rational -> Rational -> Rational
      min :: Rational -> Rational -> Rational
      -}
instance Ord Double
  where
      super1_Ord
	  = super{-(Eq Double)-} inst__Prelude_Eq_Double
      compare
	  = default__compare{-Double-} inst__Prelude_Ord_Double
      (<) = ($--<){-Double-} inst__Prelude_Ord_Double
      (<=) = ($--<=){-Double-} inst__Prelude_Ord_Double
      (>=) = ($-->=){-Double-} inst__Prelude_Ord_Double
      (>) = ($-->){-Double-} inst__Prelude_Ord_Double
      max = default__max{-Double-} inst__Prelude_Ord_Double
      min = default__min{-Double-} inst__Prelude_Ord_Double
      {-
      super1_Ord :: Eq Double
      compare :: Double -> Double -> Ordering
      (<) :: Double -> Double -> Bool
      (<=) :: Double -> Double -> Bool
      (>=) :: Double -> Double -> Bool
      (>) :: Double -> Double -> Bool
      max :: Double -> Double -> Double
      min :: Double -> Double -> Double
      -}
instance Show Int
  where
      showsPrec
	  = default__showsPrec{-Int-} inst__Prelude_Show_Int
      show = default__show{-Int-} inst__Prelude_Show_Int
      showList
	  = default__showList{-Int-} inst__Prelude_Show_Int
      {-
      showsPrec :: Int -> Int -> ShowS
      show :: Int -> String
      showList :: [Int] -> ShowS
      -}
instance Show Char
  where
      showsPrec
	  = default__showsPrec{-Char-} inst__Prelude_Show_Char
      show = default__show{-Char-} inst__Prelude_Show_Char
      showList
	  = default__showList{-Char-} inst__Prelude_Show_Char
      {-
      showsPrec :: Int -> Char -> ShowS
      show :: Char -> String
      showList :: String -> ShowS
      -}
instance Show Integer
  where
      showsPrec
	  =   default__showsPrec{-Integer-}
		  inst__Prelude_Show_Integer
      show
	  = default__show{-Integer-} inst__Prelude_Show_Integer
      showList
	  =   default__showList{-Integer-}
		  inst__Prelude_Show_Integer
      {-
      showsPrec :: Int -> Integer -> ShowS
      show :: Integer -> String
      showList :: [Integer] -> ShowS
      -}
instance Show Rational
  where
      showsPrec
	  =   default__showsPrec{-Rational-}
		  inst__Prelude_Show_Rational
      show
	  =   default__show{-Rational-}
		  inst__Prelude_Show_Rational
      showList
	  =   default__showList{-Rational-}
		  inst__Prelude_Show_Rational
      {-
      showsPrec :: Int -> Rational -> ShowS
      show :: Rational -> String
      showList :: [Rational] -> ShowS
      -}
instance Show Double
  where
      showsPrec
	  =   default__showsPrec{-Double-}
		  inst__Prelude_Show_Double
      show
	  = default__show{-Double-} inst__Prelude_Show_Double
      showList
	  =   default__showList{-Double-}
		  inst__Prelude_Show_Double
      {-
      showsPrec :: Int -> Double -> ShowS
      show :: Double -> String
      showList :: [Double] -> ShowS
      -}
instance Fractional Rational
  where
      super1_Fractional
	  = super{-(Num Rational)-} inst__Prelude_Num_Rational
      (/) =   ($--/){-Rational-}
		  inst__Prelude_Fractional_Rational
      recip
	  =   default__recip{-Rational-}
		  inst__Prelude_Fractional_Rational
      fromRational
	  =   default__fromRational{-Rational-}
		  inst__Prelude_Fractional_Rational
      {-
      super1_Fractional :: Num Rational
      (/) :: Rational -> Rational -> Rational
      recip :: Rational -> Rational
      fromRational :: Rational -> Rational
      -}
instance Fractional Double
  where
      super1_Fractional
	  = super{-(Num Double)-} inst__Prelude_Num_Double
      (/) =   ($--/){-Double-}
		  inst__Prelude_Fractional_Double
      recip
	  =   default__recip{-Double-}
		  inst__Prelude_Fractional_Double
      fromRational
	  =   default__fromRational{-Double-}
		  inst__Prelude_Fractional_Double
      {-
      super1_Fractional :: Num Double
      (/) :: Double -> Double -> Double
      recip :: Double -> Double
      fromRational :: Rational -> Double
      -}
subtract :: Num a => a -> a -> a
subtract d787 = flip{-a a a-} ((-){-a-} d787)
flip :: (a -> b -> c) -> b -> a -> c
flip f x y = f y x
class Enum a
  where
      succ,pred :: a -> a
      toEnum :: Int -> a
      fromEnum :: a -> Int
      enumFrom :: a -> [a]
      enumFromThen :: a -> a -> [a]
      enumFromTo :: a -> a -> [a]
      enumFromThenTo :: a -> a -> a -> [a]
default__succ d812
    =   (.){-Int a a-}
	    ((.){-Int a Int-} (toEnum{-a-} d812)
		 (flip{-Int Int Int-}
		      ((+){-Int-} inst__Prelude_Num_Int)
		      (fromInteger{-Int-} inst__Prelude_Num_Int 1)))
	    (fromEnum{-a-} d812)
default__pred d828
    =   (.){-Int a a-}
	    ((.){-Int a Int-} (toEnum{-a-} d828)
		 (subtract{-Int-} inst__Prelude_Num_Int
		      (fromInteger{-Int-} inst__Prelude_Num_Int 1)))
	    (fromEnum{-a-} d828)
default__enumFrom d839 x
    =   map{-Int a-} (toEnum{-a-} d839)
	    (enumFrom{-Int-} inst__Prelude_Enum_Int
		 (fromEnum{-a-} d839 x))
default__enumFromTo d853 x y
    =   map{-Int a-} (toEnum{-a-} d853)
	    (enumFromTo{-Int-} inst__Prelude_Enum_Int
		 (fromEnum{-a-} d853 x)
		 (fromEnum{-a-} d853 y))
default__enumFromThen d867 x y
    =   map{-Int a-} (toEnum{-a-} d867)
	    (enumFromThen{-Int-} inst__Prelude_Enum_Int
		 (fromEnum{-a-} d867 x)
		 (fromEnum{-a-} d867 y))
default__enumFromThenTo d884 x y z
    =   map{-Int a-} (toEnum{-a-} d884)
	    (enumFromThenTo{-Int-} inst__Prelude_Enum_Int
		 (fromEnum{-a-} d884 x)
		 (fromEnum{-a-} d884 y)
		 (fromEnum{-a-} d884 z))
default__toEnum d887
    = error{-(Int -> a)-} "No default for method toEnum"
default__fromEnum d890
    =   error{-(a -> Int)-}
	    "No default for method fromEnum"
class Bounded a
  where
      minBound :: a
      maxBound :: a
default__minBound d900
    = error{-a-} "No default for method minBound"
default__maxBound d903
    = error{-a-} "No default for method maxBound"
data () = () deriving (Eq, Ord, Show)
data (a, b) = (,) a b deriving (Show, Eq, Ord)
data (a, b, c)
    = Prelude.(,,) a b c deriving (Show, Eq, Ord)
data (a, b, c, d)
    = Prelude.(,,,) a b c d deriving (Show, Eq, Ord)
class (Num a, Ord a) => Real a
  where toRational :: a -> Rational
default__toRational d907
    =   error{-(a -> Rational)-}
	    "No default for method toRational"
class (Real a, Enum a) => Integral a
  where
      quot,rem :: a -> a -> a
      div,mod :: a -> a -> a
      quotRem,divMod :: a -> a -> (a, a)
      toInteger :: a -> Integer
default__quot d912
    = error{-(a -> a -> a)-} "No default for method quot"
default__rem d915
    = error{-(a -> a -> a)-} "No default for method rem"
default__div d918
    = error{-(a -> a -> a)-} "No default for method div"
default__mod d921
    = error{-(a -> a -> a)-} "No default for method mod"
default__quotRem d924
    =   error{-(a -> a -> (a, a))-}
	    "No default for method quotRem"
default__divMod d927
    =   error{-(a -> a -> (a, a))-}
	    "No default for method divMod"
default__toInteger d930
    =   error{-(a -> Integer)-}
	    "No default for method toInteger"
fromIntegral :: (Integral a, Num b) => a -> b
fromIntegral d944 d945
    =   (.){-Integer b a-} (fromInteger{-b-} d945)
	    (toInteger{-a-} d944)
even,odd :: Integral a => a -> Bool
even d956 n
    =   (==){-a-} d949
	    (rem{-a-} d956 n (fromInteger{-a-} d953 2))
	    (fromInteger{-a-} d953 0)
  where
      d953 = super1_Real{-a-} (super1_Integral{-a-} d956)
      d949
	  =   super1_Num{-a-}
		  (super1_Real{-a-} (super1_Integral{-a-} d956))
      {-
      d953 :: Num a
      d949 :: Eq a
      -}
odd d961 n = not (even{-a-} d961 n)
class (Real a, Fractional a) => RealFrac a
  where
      properFraction :: Integral b => a -> (b, a)
      truncate,round :: Integral b => a -> b
      ceiling,floor :: Integral b => a -> b
default__truncate d970 d971 x
    = m
  where
      (m, _) = properFraction{-a b-} d970 d971 x
      {-
      m :: b
      -}
default__round d1011 d1012 x
    =   let (n, r) = properFraction{-a b-} d1011 d1012 x
	    m   =   if (<){-a-} d982 r (fromInteger{-a-} d984 0)
		    then (-){-b-} d986 n (fromInteger{-b-} d986 1)
		    else (+){-b-} d986 n (fromInteger{-b-} d986 1)
	    {-
	    r :: a
	    n :: b
	    m :: b
	    -}
	in case signum{-a-} d984
		    ((-){-a-} d984 (abs{-a-} d984 r)
			 (fromRational{-a-} d1000 1 % 2)) of
	       negate{-a-} d1002 (fromInteger{-a-} d1004 1) -> n
	       fromInteger{-a-} d1006 0
		   -> if even{-b-} d1012 n then n else m
	       fromInteger{-a-} d1010 1 -> m
  where
      d1000 = super2_RealFrac{-a-} d1011
      d986 = super1_Real{-b-} (super1_Integral{-b-} d1012)
      d984 = super1_Real{-a-} (super1_RealFrac{-a-} d1011)
      d982 = super2_Real{-a-} (super1_RealFrac{-a-} d1011)
      {-
      d1000 :: Fractional a
      d986 :: Num b
      d984 :: Num a
      d982 :: Ord a
      -}
default__ceiling d1029 d1030 x
    =   if (>){-a-} d1022 r (fromInteger{-a-} d1024 0)
	then (+){-b-} d1026 n (fromInteger{-b-} d1026 1)
	else n
  where
      d1026 = super1_Real{-b-} (super1_Integral{-b-} d1030)
      d1024 = super1_Real{-a-} (super1_RealFrac{-a-} d1029)
      d1022 = super2_Real{-a-} (super1_RealFrac{-a-} d1029)
      (n, r) = properFraction{-a b-} d1029 d1030 x
      {-
      d1026 :: Num b
      d1024 :: Num a
      d1022 :: Ord a
      r :: a
      n :: b
      -}
default__floor d1047 d1048 x
    =   if (<){-a-} d1040 r (fromInteger{-a-} d1042 0)
	then (-){-b-} d1044 n (fromInteger{-b-} d1044 1)
	else n
  where
      d1044 = super1_Real{-b-} (super1_Integral{-b-} d1048)
      d1042 = super1_Real{-a-} (super1_RealFrac{-a-} d1047)
      d1040 = super2_Real{-a-} (super1_RealFrac{-a-} d1047)
      (n, r) = properFraction{-a b-} d1047 d1048 x
      {-
      d1044 :: Num b
      d1042 :: Num a
      d1040 :: Ord a
      r :: a
      n :: b
      -}
default__properFraction d1051 d1052
    =   error{-(a -> (b, a))-}
	    "No default for method properFraction"
data Weird a b = Funny (a -> b)
data Woo a = W | N a
inc :: Int -> Int
inc =   \ x ->
	    (+){-Int-} inst__Prelude_Num_Int x
		(fromInteger{-Int-} inst__Prelude_Num_Int 1)
instance Eq Bool
  where
      (==) False False = True
      (==) True True = True
      (==) _ _ = False
      (/=) = ($--/=){-Bool-} derived__Prelude_Eq_Bool
      {-
      (==) :: Bool -> Bool -> Bool
      (/=) :: Bool -> Bool -> Bool
      -}
instance Ord Bool
  where
      super1_Ord
	  = super{-(Eq Bool)-} derived__Prelude_Eq_Bool
      compare x y
	  =   let cno False
		      =   let t1084 :: Int
			      t1084 = fromInteger{-Int-} inst__Prelude_Num_Int 0
			      {- t1084 :: Int -}
			  in t1084
		  cno True = fromInteger{-Int-} inst__Prelude_Num_Int 1
		  {- cno :: Bool -> Int -}
	      in compare{-Int-} inst__Prelude_Ord_Int (cno x)
		     (cno y)
      (<) = ($--<){-Bool-} derived__Prelude_Ord_Bool
      (<=) = ($--<=){-Bool-} derived__Prelude_Ord_Bool
      (>=) = ($-->=){-Bool-} derived__Prelude_Ord_Bool
      (>) = ($-->){-Bool-} derived__Prelude_Ord_Bool
      max = default__max{-Bool-} derived__Prelude_Ord_Bool
      min = default__min{-Bool-} derived__Prelude_Ord_Bool
      {-
      super1_Ord :: Eq Bool
      compare :: Bool -> Bool -> Ordering
      (<) :: Bool -> Bool -> Bool
      (<=) :: Bool -> Bool -> Bool
      (>=) :: Bool -> Bool -> Bool
      (>) :: Bool -> Bool -> Bool
      max :: Bool -> Bool -> Bool
      min :: Bool -> Bool -> Bool
      -}
instance Show Bool
  where
      showsPrec d False = showString "False"
      showsPrec d True = showString "True"
      show
	  = default__show{-Bool-} derived__Prelude_Show_Bool
      showList
	  =   default__showList{-Bool-}
		  derived__Prelude_Show_Bool
      {-
      showsPrec :: Int -> Bool -> ShowS
      show :: Bool -> String
      showList :: [Bool] -> ShowS
      -}
instance Eq Ordering
  where
      (==) LT LT = True
      (==) EQ EQ = True
      (==) GT GT = True
      (==) _ _ = False
      (/=)
	  = ($--/=){-Ordering-} derived__Prelude_Eq_Ordering
      {-
      (==) :: Ordering -> Ordering -> Bool
      (/=) :: Ordering -> Ordering -> Bool
      -}
instance Ord Ordering
  where
      super1_Ord
	  = super{-(Eq Ordering)-} derived__Prelude_Eq_Ordering
      compare x y
	  =   let cno LT
		      =   let t1135 :: Int
			      t1135 = fromInteger{-Int-} inst__Prelude_Num_Int 0
			      {- t1135 :: Int -}
			  in t1135
		  cno EQ = fromInteger{-Int-} inst__Prelude_Num_Int 1
		  cno GT = fromInteger{-Int-} inst__Prelude_Num_Int 2
		  {- cno :: Ordering -> Int -}
	      in compare{-Int-} inst__Prelude_Ord_Int (cno x)
		     (cno y)
      (<) =   ($--<){-Ordering-}
		  derived__Prelude_Ord_Ordering
      (<=)
	  = ($--<=){-Ordering-} derived__Prelude_Ord_Ordering
      (>=)
	  = ($-->=){-Ordering-} derived__Prelude_Ord_Ordering
      (>) =   ($-->){-Ordering-}
		  derived__Prelude_Ord_Ordering
      max =   default__max{-Ordering-}
		  derived__Prelude_Ord_Ordering
      min =   default__min{-Ordering-}
		  derived__Prelude_Ord_Ordering
      {-
      super1_Ord :: Eq Ordering
      compare :: Ordering -> Ordering -> Ordering
      (<) :: Ordering -> Ordering -> Bool
      (<=) :: Ordering -> Ordering -> Bool
      (>=) :: Ordering -> Ordering -> Bool
      (>) :: Ordering -> Ordering -> Bool
      max :: Ordering -> Ordering -> Ordering
      min :: Ordering -> Ordering -> Ordering
      -}
instance Show Ordering
  where
      showsPrec d LT = showString "LT"
      showsPrec d EQ = showString "EQ"
      showsPrec d GT = showString "GT"
      show
	  =   default__show{-Ordering-}
		  derived__Prelude_Show_Ordering
      showList
	  =   default__showList{-Ordering-}
		  derived__Prelude_Show_Ordering
      {-
      showsPrec :: Int -> Ordering -> ShowS
      show :: Ordering -> String
      showList :: [Ordering] -> ShowS
      -}
instance Eq a => Eq [a]
  where
      (==) d1191 []{-a-} []{-a-} = True
      (==) d1191 ((:){-a-} x1 x2) ((:){-a-} y1 y2)
	  =   (&&) ((==){-a-} d1191 x1 y1)
		  ((==){-[a]-} d1187 x2 y2)
	where
	    d1187 = derived__Prelude_Eq_34_65{-a-} d1191
	    {-
	    d1187 :: Eq [a]
	    -}
      (==) d1191 _ _ = False
      (/=) d1195
	  = ($--/=){-[a]-} d1194
	where
	    d1194 = derived__Prelude_Eq_34_65{-a-} d1195
	    {-
	    d1194 :: Eq [a]
	    -}
      {-
      (==) :: forall a . (Eq a) => [a] -> [a] -> Bool
      (/=) :: forall a . (Eq a) => [a] -> [a] -> Bool
      -}
instance Ord a => Ord [a]
  where
      super1_Ord d1200
	  = super{-(Eq [a])-} d1199
	where
	    d1201 = super1_Ord{-a-} d1200
	    d1199 = derived__Prelude_Eq_34_65{-a-} d1201
	    {-
	    d1201 :: Eq a
	    d1199 :: Eq [a]
	    -}
      compare d1234 ((:){-a-} x1 x2) ((:){-a-} y1 y2)
	  =   lexOrder (compare{-a-} d1234 x1 y1)
		  (compare{-[a]-} d1212 x2 y2)
	where
	    d1212 = derived__Prelude_Ord_34_69{-a-} d1234
	    {-
	    d1212 :: Ord [a]
	    -}
      compare d1234 x y
	  =   let cno []{-t1225-}
		      =   let t1218 :: Int
			      t1218 = fromInteger{-Int-} inst__Prelude_Num_Int 0
			      {- t1218 :: Int -}
			  in t1218
		  cno ((:){-t1225-} _ _)
		      = fromInteger{-Int-} inst__Prelude_Num_Int 1
		  {- cno :: forall a . [a] -> Int -}
	      in compare{-Int-} inst__Prelude_Ord_Int (cno{-a-} x)
		     (cno{-a-} y)
      (<) d1238
	  = ($--<){-[a]-} d1237
	where
	    d1237 = derived__Prelude_Ord_34_69{-a-} d1238
	    {-
	    d1237 :: Ord [a]
	    -}
      (<=) d1243
	  = ($--<=){-[a]-} d1242
	where
	    d1242 = derived__Prelude_Ord_34_69{-a-} d1243
	    {-
	    d1242 :: Ord [a]
	    -}
      (>=) d1248
	  = ($-->=){-[a]-} d1247
	where
	    d1247 = derived__Prelude_Ord_34_69{-a-} d1248
	    {-
	    d1247 :: Ord [a]
	    -}
      (>) d1253
	  = ($-->){-[a]-} d1252
	where
	    d1252 = derived__Prelude_Ord_34_69{-a-} d1253
	    {-
	    d1252 :: Ord [a]
	    -}
      max d1258
	  = default__max{-[a]-} d1257
	where
	    d1257 = derived__Prelude_Ord_34_69{-a-} d1258
	    {-
	    d1257 :: Ord [a]
	    -}
      min d1263
	  = default__min{-[a]-} d1262
	where
	    d1262 = derived__Prelude_Ord_34_69{-a-} d1263
	    {-
	    d1262 :: Ord [a]
	    -}
      {-
      super1_Ord :: forall a . (Ord a) => Eq [a]
      compare ::
	  forall a . (Ord a) => [a] -> [a] -> Ordering
      (<) :: forall a . (Ord a) => [a] -> [a] -> Bool
      (<=) :: forall a . (Ord a) => [a] -> [a] -> Bool
      (>=) :: forall a . (Ord a) => [a] -> [a] -> Bool
      (>) :: forall a . (Ord a) => [a] -> [a] -> Bool
      max :: forall a . (Ord a) => [a] -> [a] -> [a]
      min :: forall a . (Ord a) => [a] -> [a] -> [a]
      -}
instance Show a => Show [a]
  where
      showsPrec d1283 d []{-a-} = showString "[]"
      showsPrec d1283 d ((:){-a-} x1 x2)
	  =   showParenArg d
		  ((.){-String String String-} (showString ":")
		       ((.){-String String String-}
			    (showArgument{-a-} d1283 x1)
			    (showArgument{-[a]-} d1281 x2)))
	where
	    d1281 = derived__Prelude_Show_34_59{-a-} d1283
	    {-
	    d1281 :: Show [a]
	    -}
      show d1287
	  = default__show{-[a]-} d1286
	where
	    d1286 = derived__Prelude_Show_34_59{-a-} d1287
	    {-
	    d1286 :: Show [a]
	    -}
      showList d1292
	  = default__showList{-[a]-} d1291
	where
	    d1291 = derived__Prelude_Show_34_59{-a-} d1292
	    {-
	    d1291 :: Show [a]
	    -}
      {-
      showsPrec ::
	  forall a . (Show a) => Int -> [a] -> ShowS
      show :: forall a . (Show a) => [a] -> String
      showList :: forall a . (Show a) => [[a]] -> ShowS
      -}
instance Eq ()
  where
      (==) () () = True
      (/=) = ($--/=){-()-} derived__Prelude_Eq_184_27
      {-
      (==) :: () -> () -> Bool
      (/=) :: () -> () -> Bool
      -}
instance Ord ()
  where
      super1_Ord
	  = super{-(Eq ())-} derived__Prelude_Eq_184_27
      compare x y
	  =   let cno ()
		      =   let t1306 :: Int
			      t1306 = fromInteger{-Int-} inst__Prelude_Num_Int 0
			      {- t1306 :: Int -}
			  in t1306
		  {- cno :: () -> Int -}
	      in compare{-Int-} inst__Prelude_Ord_Int (cno x)
		     (cno y)
      (<) = ($--<){-()-} derived__Prelude_Ord_184_31
      (<=) = ($--<=){-()-} derived__Prelude_Ord_184_31
      (>=) = ($-->=){-()-} derived__Prelude_Ord_184_31
      (>) = ($-->){-()-} derived__Prelude_Ord_184_31
      max = default__max{-()-} derived__Prelude_Ord_184_31
      min = default__min{-()-} derived__Prelude_Ord_184_31
      {-
      super1_Ord :: Eq ()
      compare :: () -> () -> Ordering
      (<) :: () -> () -> Bool
      (<=) :: () -> () -> Bool
      (>=) :: () -> () -> Bool
      (>) :: () -> () -> Bool
      max :: () -> () -> ()
      min :: () -> () -> ()
      -}
instance Show ()
  where
      showsPrec d () = showString "()"
      show
	  = default__show{-()-} derived__Prelude_Show_184_36
      showList
	  =   default__showList{-()-}
		  derived__Prelude_Show_184_36
      {-
      showsPrec :: Int -> () -> ShowS
      show :: () -> String
      showList :: [()] -> ShowS
      -}
instance (Eq a, Eq b) => Eq (a, b)
  where
      (==) d1353 d1354 ((,){-a b-} x1 x2)
	   ((,){-a b-} y1 y2)
	  =   (&&) ((==){-a-} d1353 x1 y1)
		  ((==){-b-} d1354 x2 y2)
      (/=) d1358 d1359
	  = ($--/=){-(a, b)-} d1357
	where
	    d1357 = derived__Prelude_Eq_188_20{-a b-} d1358 d1359
	    {-
	    d1357 :: Eq (a, b)
	    -}
      {-
      (==) ::
	  forall a b . (Eq a, Eq b) => (a, b) -> (a, b) -> Bool
      (/=) ::
	  forall a b . (Eq a, Eq b) => (a, b) -> (a, b) -> Bool
      -}
instance (Ord a, Ord b) => Ord (a, b)
  where
      super1_Ord d1365 d1366
	  = super{-(Eq (a, b))-} d1364
	where
	    d1367 = super1_Ord{-a-} d1365
	    d1368 = super1_Ord{-b-} d1366
	    d1364 = derived__Prelude_Eq_188_20{-a b-} d1367 d1368
	    {-
	    d1367 :: Eq a
	    d1368 :: Eq b
	    d1364 :: Eq (a, b)
	    -}
      compare d1382 d1383 ((,){-a b-} x1 x2)
	      ((,){-a b-} y1 y2)
	  =   lexOrder (compare{-a-} d1382 x1 y1)
		  (compare{-b-} d1383 x2 y2)
      (<) d1387 d1388
	  = ($--<){-(a, b)-} d1386
	where
	    d1386
		= derived__Prelude_Ord_188_24{-a b-} d1387 d1388
	    {-
	    d1386 :: Ord (a, b)
	    -}
      (<=) d1394 d1395
	  = ($--<=){-(a, b)-} d1393
	where
	    d1393
		= derived__Prelude_Ord_188_24{-a b-} d1394 d1395
	    {-
	    d1393 :: Ord (a, b)
	    -}
      (>=) d1401 d1402
	  = ($-->=){-(a, b)-} d1400
	where
	    d1400
		= derived__Prelude_Ord_188_24{-a b-} d1401 d1402
	    {-
	    d1400 :: Ord (a, b)
	    -}
      (>) d1408 d1409
	  = ($-->){-(a, b)-} d1407
	where
	    d1407
		= derived__Prelude_Ord_188_24{-a b-} d1408 d1409
	    {-
	    d1407 :: Ord (a, b)
	    -}
      max d1415 d1416
	  = default__max{-(a, b)-} d1414
	where
	    d1414
		= derived__Prelude_Ord_188_24{-a b-} d1415 d1416
	    {-
	    d1414 :: Ord (a, b)
	    -}
      min d1422 d1423
	  = default__min{-(a, b)-} d1421
	where
	    d1421
		= derived__Prelude_Ord_188_24{-a b-} d1422 d1423
	    {-
	    d1421 :: Ord (a, b)
	    -}
      {-
      super1_Ord ::
	  forall a b . (Ord a, Ord b) => Eq (a, b)
      compare ::
	  forall a b .
	      (Ord a, Ord b) => (a, b) -> (a, b) -> Ordering
      (<) ::
	  forall a b .
	      (Ord a, Ord b) => (a, b) -> (a, b) -> Bool
      (<=) ::
	  forall a b .
	      (Ord a, Ord b) => (a, b) -> (a, b) -> Bool
      (>=) ::
	  forall a b .
	      (Ord a, Ord b) => (a, b) -> (a, b) -> Bool
      (>) ::
	  forall a b .
	      (Ord a, Ord b) => (a, b) -> (a, b) -> Bool
      max ::
	  forall a b .
	      (Ord a, Ord b) => (a, b) -> (a, b) -> (a, b)
      min ::
	  forall a b .
	      (Ord a, Ord b) => (a, b) -> (a, b) -> (a, b)
      -}
instance (Show a, Show b) => Show (a, b)
  where
      showsPrec d1442 d1443 d ((,){-a b-} x1 x2)
	  =   showParenArg d
		  ((.){-String String String-} (showString "(,)")
		       ((.){-String String String-}
			    (showArgument{-a-} d1442 x1)
			    (showArgument{-b-} d1443 x2)))
      show d1447 d1448
	  = default__show{-(a, b)-} d1446
	where
	    d1446
		= derived__Prelude_Show_188_14{-a b-} d1447 d1448
	    {-
	    d1446 :: Show (a, b)
	    -}
      showList d1454 d1455
	  = default__showList{-(a, b)-} d1453
	where
	    d1453
		= derived__Prelude_Show_188_14{-a b-} d1454 d1455
	    {-
	    d1453 :: Show (a, b)
	    -}
      {-
      showsPrec ::
	  forall a b .
	      (Show a, Show b) => Int -> (a, b) -> ShowS
      show ::
	  forall a b . (Show a, Show b) => (a, b) -> String
      showList ::
	  forall a b . (Show a, Show b) => [(a, b)] -> ShowS
      -}
instance (Eq a, Eq b, Eq c) => Eq (a, b, c)
  where
      (==) d1477 d1478 d1479 ((,,){-a b c-} x1 x2 x3)
	   ((,,){-a b c-} y1 y2 y3)
	  =   (&&) ((==){-a-} d1477 x1 y1)
		  ((&&) ((==){-b-} d1478 x2 y2)
		       ((==){-c-} d1479 x3 y3))
      (/=) d1483 d1484 d1485
	  = ($--/=){-(a, b, c)-} d1482
	where
	    d1482
		=   derived__Prelude_Eq_192_20{-a b c-} d1483 d1484
			d1485
	    {-
	    d1482 :: Eq (a, b, c)
	    -}
      {-
      (==) ::
	  forall a b c .
	      (Eq a, Eq b, Eq c) => (a, b, c) -> (a, b, c) -> Bool
      (/=) ::
	  forall a b c .
	      (Eq a, Eq b, Eq c) => (a, b, c) -> (a, b, c) -> Bool
      -}
instance (Ord a, Ord b, Ord c) => Ord (a, b, c)
  where
      super1_Ord d1492 d1493 d1494
	  = super{-(Eq (a, b, c))-} d1491
	where
	    d1495 = super1_Ord{-a-} d1492
	    d1496 = super1_Ord{-b-} d1493
	    d1497 = super1_Ord{-c-} d1494
	    d1491
		=   derived__Prelude_Eq_192_20{-a b c-} d1495 d1496
			d1497
	    {-
	    d1495 :: Eq a
	    d1496 :: Eq b
	    d1497 :: Eq c
	    d1491 :: Eq (a, b, c)
	    -}
      compare d1517 d1518 d1519 ((,,){-a b c-} x1 x2 x3)
	      ((,,){-a b c-} y1 y2 y3)
	  =   lexOrder (compare{-a-} d1517 x1 y1)
		  (lexOrder (compare{-b-} d1518 x2 y2)
		       (compare{-c-} d1519 x3 y3))
      (<) d1523 d1524 d1525
	  = ($--<){-(a, b, c)-} d1522
	where
	    d1522
		=   derived__Prelude_Ord_192_24{-a b c-} d1523 d1524
			d1525
	    {-
	    d1522 :: Ord (a, b, c)
	    -}
      (<=) d1532 d1533 d1534
	  = ($--<=){-(a, b, c)-} d1531
	where
	    d1531
		=   derived__Prelude_Ord_192_24{-a b c-} d1532 d1533
			d1534
	    {-
	    d1531 :: Ord (a, b, c)
	    -}
      (>=) d1541 d1542 d1543
	  = ($-->=){-(a, b, c)-} d1540
	where
	    d1540
		=   derived__Prelude_Ord_192_24{-a b c-} d1541 d1542
			d1543
	    {-
	    d1540 :: Ord (a, b, c)
	    -}
      (>) d1550 d1551 d1552
	  = ($-->){-(a, b, c)-} d1549
	where
	    d1549
		=   derived__Prelude_Ord_192_24{-a b c-} d1550 d1551
			d1552
	    {-
	    d1549 :: Ord (a, b, c)
	    -}
      max d1559 d1560 d1561
	  = default__max{-(a, b, c)-} d1558
	where
	    d1558
		=   derived__Prelude_Ord_192_24{-a b c-} d1559 d1560
			d1561
	    {-
	    d1558 :: Ord (a, b, c)
	    -}
      min d1568 d1569 d1570
	  = default__min{-(a, b, c)-} d1567
	where
	    d1567
		=   derived__Prelude_Ord_192_24{-a b c-} d1568 d1569
			d1570
	    {-
	    d1567 :: Ord (a, b, c)
	    -}
      {-
      super1_Ord ::
	  forall a b c . (Ord a, Ord b, Ord c) => Eq (a, b, c)
      compare ::
	  forall a b c .
	      (Ord a, Ord b, Ord c) =>
		  (a, b, c) -> (a, b, c) -> Ordering
      (<) ::
	  forall a b c .
	      (Ord a, Ord b, Ord c) =>
		  (a, b, c) -> (a, b, c) -> Bool
      (<=) ::
	  forall a b c .
	      (Ord a, Ord b, Ord c) =>
		  (a, b, c) -> (a, b, c) -> Bool
      (>=) ::
	  forall a b c .
	      (Ord a, Ord b, Ord c) =>
		  (a, b, c) -> (a, b, c) -> Bool
      (>) ::
	  forall a b c .
	      (Ord a, Ord b, Ord c) =>
		  (a, b, c) -> (a, b, c) -> Bool
      max ::
	  forall a b c .
	      (Ord a, Ord b, Ord c) =>
		  (a, b, c) -> (a, b, c) -> (a, b, c)
      min ::
	  forall a b c .
	      (Ord a, Ord b, Ord c) =>
		  (a, b, c) -> (a, b, c) -> (a, b, c)
      -}
instance (Show a, Show b, Show c) => Show (a, b, c)
  where
      showsPrec d1597 d1598 d1599 d
		((,,){-a b c-} x1 x2 x3)
	  =   showParenArg d
		  ((.){-String String String-} (showString "(,,)")
		       ((.){-String String String-}
			    (showArgument{-a-} d1597 x1)
			    ((.){-String String String-}
				 (showArgument{-b-} d1598 x2)
				 (showArgument{-c-} d1599 x3))))
      show d1603 d1604 d1605
	  = default__show{-(a, b, c)-} d1602
	where
	    d1602
		=   derived__Prelude_Show_192_14{-a b c-} d1603 d1604
			d1605
	    {-
	    d1602 :: Show (a, b, c)
	    -}
      showList d1612 d1613 d1614
	  = default__showList{-(a, b, c)-} d1611
	where
	    d1611
		=   derived__Prelude_Show_192_14{-a b c-} d1612 d1613
			d1614
	    {-
	    d1611 :: Show (a, b, c)
	    -}
      {-
      showsPrec ::
	  forall a b c .
	      (Show a, Show b, Show c) => Int -> (a, b, c) -> ShowS
      show ::
	  forall a b c .
	      (Show a, Show b, Show c) => (a, b, c) -> String
      showList ::
	  forall a b c .
	      (Show a, Show b, Show c) => [(a, b, c)] -> ShowS
      -}
instance (Eq a, Eq b, Eq c, Eq d) => Eq (a, b, c, d)
  where
      (==) d1643 d1644 d1645 d1646
	   ((,,,){-a b c d-} x1 x2 x3 x4)
	   ((,,,){-a b c d-} y1 y2 y3 y4)
	  =   (&&) ((==){-a-} d1643 x1 y1)
		  ((&&) ((==){-b-} d1644 x2 y2)
		       ((&&) ((==){-c-} d1645 x3 y3)
			    ((==){-d-} d1646 x4 y4)))
      (/=) d1650 d1651 d1652 d1653
	  = ($--/=){-(a, b, c, d)-} d1649
	where
	    d1649
		=   derived__Prelude_Eq_196_20{-a b c d-} d1650 d1651
			d1652
			d1653
	    {-
	    d1649 :: Eq (a, b, c, d)
	    -}
      {-
      (==) ::
	  forall a b c d .
	      (Eq a, Eq b, Eq c, Eq d) =>
		  (a, b, c, d) -> (a, b, c, d) -> Bool
      (/=) ::
	  forall a b c d .
	      (Eq a, Eq b, Eq c, Eq d) =>
		  (a, b, c, d) -> (a, b, c, d) -> Bool
      -}
instance (Ord a, Ord b, Ord c, Ord d) =>
	 Ord (a, b, c, d)
  where
      super1_Ord d1661 d1662 d1663 d1664
	  = super{-(Eq (a, b, c, d))-} d1660
	where
	    d1665 = super1_Ord{-a-} d1661
	    d1666 = super1_Ord{-b-} d1662
	    d1667 = super1_Ord{-c-} d1663
	    d1668 = super1_Ord{-d-} d1664
	    d1660
		=   derived__Prelude_Eq_196_20{-a b c d-} d1665 d1666
			d1667
			d1668
	    {-
	    d1665 :: Eq a
	    d1666 :: Eq b
	    d1667 :: Eq c
	    d1668 :: Eq d
	    d1660 :: Eq (a, b, c, d)
	    -}
      compare d1694 d1695 d1696 d1697
	      ((,,,){-a b c d-} x1 x2 x3 x4)
	      ((,,,){-a b c d-} y1 y2 y3 y4)
	  =   lexOrder (compare{-a-} d1694 x1 y1)
		  (lexOrder (compare{-b-} d1695 x2 y2)
		       (lexOrder (compare{-c-} d1696 x3 y3)
			    (compare{-d-} d1697 x4 y4)))
      (<) d1701 d1702 d1703 d1704
	  = ($--<){-(a, b, c, d)-} d1700
	where
	    d1700
		=   derived__Prelude_Ord_196_24{-a b c d-} d1701
			d1702
			d1703
			d1704
	    {-
	    d1700 :: Ord (a, b, c, d)
	    -}
      (<=) d1712 d1713 d1714 d1715
	  = ($--<=){-(a, b, c, d)-} d1711
	where
	    d1711
		=   derived__Prelude_Ord_196_24{-a b c d-} d1712
			d1713
			d1714
			d1715
	    {-
	    d1711 :: Ord (a, b, c, d)
	    -}
      (>=) d1723 d1724 d1725 d1726
	  = ($-->=){-(a, b, c, d)-} d1722
	where
	    d1722
		=   derived__Prelude_Ord_196_24{-a b c d-} d1723
			d1724
			d1725
			d1726
	    {-
	    d1722 :: Ord (a, b, c, d)
	    -}
      (>) d1734 d1735 d1736 d1737
	  = ($-->){-(a, b, c, d)-} d1733
	where
	    d1733
		=   derived__Prelude_Ord_196_24{-a b c d-} d1734
			d1735
			d1736
			d1737
	    {-
	    d1733 :: Ord (a, b, c, d)
	    -}
      max d1745 d1746 d1747 d1748
	  = default__max{-(a, b, c, d)-} d1744
	where
	    d1744
		=   derived__Prelude_Ord_196_24{-a b c d-} d1745
			d1746
			d1747
			d1748
	    {-
	    d1744 :: Ord (a, b, c, d)
	    -}
      min d1756 d1757 d1758 d1759
	  = default__min{-(a, b, c, d)-} d1755
	where
	    d1755
		=   derived__Prelude_Ord_196_24{-a b c d-} d1756
			d1757
			d1758
			d1759
	    {-
	    d1755 :: Ord (a, b, c, d)
	    -}
      {-
      super1_Ord ::
	  forall a b c d .
	      (Ord a, Ord b, Ord c, Ord d) => Eq (a, b, c, d)
      compare ::
	  forall a b c d .
	      (Ord a, Ord b, Ord c, Ord d) =>
		  (a, b, c, d) -> (a, b, c, d) -> Ordering
      (<) ::
	  forall a b c d .
	      (Ord a, Ord b, Ord c, Ord d) =>
		  (a, b, c, d) -> (a, b, c, d) -> Bool
      (<=) ::
	  forall a b c d .
	      (Ord a, Ord b, Ord c, Ord d) =>
		  (a, b, c, d) -> (a, b, c, d) -> Bool
      (>=) ::
	  forall a b c d .
	      (Ord a, Ord b, Ord c, Ord d) =>
		  (a, b, c, d) -> (a, b, c, d) -> Bool
      (>) ::
	  forall a b c d .
	      (Ord a, Ord b, Ord c, Ord d) =>
		  (a, b, c, d) -> (a, b, c, d) -> Bool
      max ::
	  forall a b c d .
	      (Ord a, Ord b, Ord c, Ord d) =>
		  (a, b, c, d) -> (a, b, c, d) -> (a, b, c, d)
      min ::
	  forall a b c d .
	      (Ord a, Ord b, Ord c, Ord d) =>
		  (a, b, c, d) -> (a, b, c, d) -> (a, b, c, d)
      -}
instance (Show a, Show b, Show c, Show d) =>
	 Show (a, b, c, d)
  where
      showsPrec d1794 d1795 d1796 d1797 d
		((,,,){-a b c d-} x1 x2 x3 x4)
	  =   showParenArg d
		  ((.){-String String String-} (showString "(,,,)")
		       ((.){-String String String-}
			    (showArgument{-a-} d1794 x1)
			    ((.){-String String String-}
				 (showArgument{-b-} d1795 x2)
				 ((.){-String String String-}
				      (showArgument{-c-} d1796 x3)
				      (showArgument{-d-} d1797 x4)))))
      show d1801 d1802 d1803 d1804
	  = default__show{-(a, b, c, d)-} d1800
	where
	    d1800
		=   derived__Prelude_Show_196_14{-a b c d-} d1801
			d1802
			d1803
			d1804
	    {-
	    d1800 :: Show (a, b, c, d)
	    -}
      showList d1812 d1813 d1814 d1815
	  = default__showList{-(a, b, c, d)-} d1811
	where
	    d1811
		=   derived__Prelude_Show_196_14{-a b c d-} d1812
			d1813
			d1814
			d1815
	    {-
	    d1811 :: Show (a, b, c, d)
	    -}
      {-
      showsPrec ::
	  forall a b c d .
	      (Show a, Show b, Show c, Show d) =>
		  Int -> (a, b, c, d) -> ShowS
      show ::
	  forall a b c d .
	      (Show a, Show b, Show c, Show d) =>
		  (a, b, c, d) -> String
      showList ::
	  forall a b c d .
	      (Show a, Show b, Show c, Show d) =>
		  [(a, b, c, d)] -> ShowS
      -}
