{-
instances:
(Num Int, (inst__Prelude_Num_Int, []))
(Num Integer, (inst__Prelude_Num_Integer, []))
(Num Rational, (inst__Prelude_Num_Rational, []))
(Num Double, (inst__Prelude_Num_Double, []))
(Eq Int, (inst__Prelude_Eq_Int, []))
(Ord Int, (inst__Prelude_Ord_Int, []))
(Enum Int, (inst__Prelude_Enum_Int, []))
(Eq Char, (inst__Prelude_Eq_Char, []))
(Eq Integer, (inst__Prelude_Eq_Integer, []))
(Eq Rational, (inst__Prelude_Eq_Rational, []))
(Eq Double, (inst__Prelude_Eq_Double, []))
(Ord Char, (inst__Prelude_Ord_Char, []))
(Ord Integer, (inst__Prelude_Ord_Integer, []))
(Ord Rational, (inst__Prelude_Ord_Rational, []))
(Ord Double, (inst__Prelude_Ord_Double, []))
(Show Int, (inst__Prelude_Show_Int, []))
(Show Char, (inst__Prelude_Show_Char, []))
(Show Integer, (inst__Prelude_Show_Integer, []))
(Show Rational, (inst__Prelude_Show_Rational, []))
(Show Double, (inst__Prelude_Show_Double, []))
(Fractional Rational, (inst__Prelude_Fractional_Rational, []))
(Fractional Double, (inst__Prelude_Fractional_Double, []))
(Eq Bool, (derived__Prelude_Eq_Bool, []))
(Ord Bool, (derived__Prelude_Ord_Bool, []))
(Show Bool, (derived__Prelude_Show_Bool, []))
(Eq Ordering, (derived__Prelude_Eq_Ordering, []))
(Ord Ordering, (derived__Prelude_Ord_Ordering, []))
(Show Ordering, (derived__Prelude_Show_Ordering, []))
(Eq [a], (derived__Prelude_Eq_34_65, [Eq a]))
(Ord [a], (derived__Prelude_Ord_34_69, [Ord a]))
(Show [a], (derived__Prelude_Show_34_59, [Show a]))
(Eq (), (derived__Prelude_Eq_184_27, []))
(Ord (), (derived__Prelude_Ord_184_31, []))
(Show (), (derived__Prelude_Show_184_36, []))
(Eq (a, b), (derived__Prelude_Eq_188_20, [Eq a,
					  Eq b]))
(Ord (a, b), (derived__Prelude_Ord_188_24, [Ord a,
					    Ord b]))
(Show (a, b), (derived__Prelude_Show_188_14, [Show a,
					      Show b]))
(Eq (a, b, c), (derived__Prelude_Eq_192_20, [Eq a,
					     Eq b, Eq c]))
(Ord (a, b, c), (derived__Prelude_Ord_192_24, [Ord a,
					       Ord b, Ord c]))
(Show (a, b,
       c), (derived__Prelude_Show_192_14, [Show a, Show b,
					   Show c]))
(Eq (a, b, c, d), (derived__Prelude_Eq_196_20, [Eq a,
						Eq b, Eq c, Eq d]))
(Ord (a, b, c,
      d), (derived__Prelude_Ord_196_24, [Ord a, Ord b,
					 Ord c, Ord d]))
(Show (a, b, c,
       d), (derived__Prelude_Show_196_14, [Show a, Show b,
					   Show c, Show d]))

types:
() :: (*, data)
(,) :: (*->*->*, data)
Prelude.(,,) :: (*->*->*->*, data)
Prelude.(,,,) :: (*->*->*->*->*, data)
((->)) :: (*->*->*, data)
Bool :: (*, data)
Bounded ::
    (*->Pred, class _ a
		    where
			minBound :: a
			maxBound :: a)
Char :: (*, data)
Double :: (*, data)
Enum ::
    (*->Pred, class _ a
		    where
			succ :: a -> a
			pred :: a -> a
			toEnum :: Int -> a
			fromEnum :: a -> Int
			enumFrom :: a -> [a]
			enumFromThen :: a -> a -> [a]
			enumFromTo :: a -> a -> [a]
			enumFromThenTo :: a -> a -> a -> [a])
Eq ::
    (*->Pred, class _ a
		    where
			(==) :: a -> a -> Bool
			(/=) :: a -> a -> Bool)
Fractional ::
    (*->Pred, class Num a => _ a
		    where
			(/) :: a -> a -> a
			recip :: a -> a
			fromRational :: Rational -> a)
Int :: (*, data)
Integer :: (*, data)
Integral ::
    (*->Pred, class (Real a, Enum a) => _ a
		    where
			quot :: a -> a -> a
			rem :: a -> a -> a
			div :: a -> a -> a
			mod :: a -> a -> a
			quotRem :: a -> a -> (a, a)
			divMod :: a -> a -> (a, a)
			toInteger :: a -> Integer)
Num ::
    (*->Pred, class (Eq a, Show a) => _ a
		    where
			(+) :: a -> a -> a
			(-) :: a -> a -> a
			(*) :: a -> a -> a
			negate :: a -> a
			abs :: a -> a
			signum :: a -> a
			fromInteger :: Integer -> a)
Ord ::
    (*->Pred, class Eq a => _ a
		    where
			compare :: a -> a -> Ordering
			(<) :: a -> a -> Bool
			(<=) :: a -> a -> Bool
			(>=) :: a -> a -> Bool
			(>) :: a -> a -> Bool
			max :: a -> a -> a
			min :: a -> a -> a)
Ordering :: (*, data)
Rational :: (*, data)
Real ::
    (*->Pred, class (Num a, Ord a) => _ a
		    where
			toRational :: a -> Rational)
RealFrac ::
    (*->Pred, class (Real a, Fractional a) => _ a
		    where
			properFraction ::
			    forall a . (Integral a) => a -> (a, a)
			truncate :: forall a . (Integral a) => a -> a
			round :: forall a . (Integral a) => a -> a
			ceiling :: forall a . (Integral a) => a -> a
			floor :: forall a . (Integral a) => a -> a)
Show ::
    (*->Pred, class _ a
		    where
			showsPrec :: Int -> a -> ShowS
			show :: a -> String
			showList :: [a] -> ShowS)
ShowS :: (*, type _ = String -> String)
String :: (*, type _ = String)
[] :: (*->*, data)

values:
($--*) :: forall a . (Num a) => a -> a -> a
($--+) :: forall a . (Num a) => a -> a -> a
($---) :: forall a . (Num a) => a -> a -> a
($--/) :: forall a . (Fractional a) => a -> a -> a
($--/=) :: forall a . (Eq a) => a -> a -> Bool
($--<) :: forall a . (Ord a) => a -> a -> Bool
($--<=) :: forall a . (Ord a) => a -> a -> Bool
($--==) :: forall a . (Eq a) => a -> a -> Bool
($-->) :: forall a . (Ord a) => a -> a -> Bool
($-->=) :: forall a . (Ord a) => a -> a -> Bool
(&&) :: Bool -> Bool -> Bool
(*) :: forall a . (Num a) => a -> a -> a
(+) :: forall a . (Num a) => a -> a -> a
(++) :: forall a . [a] -> [a] -> [a]
(-) :: forall a . (Num a) => a -> a -> a
(.) :: forall a b c . (a -> b) -> (c -> a) -> c -> b
(/) :: forall a . (Fractional a) => a -> a -> a
(/=) :: forall a . (Eq a) => a -> a -> Bool
(<) :: forall a . (Ord a) => a -> a -> Bool
(<=) :: forall a . (Ord a) => a -> a -> Bool
(==) :: forall a . (Eq a) => a -> a -> Bool
(>) :: forall a . (Ord a) => a -> a -> Bool
(>=) :: forall a . (Ord a) => a -> a -> Bool
abs :: forall a . (Num a) => a -> a
ceiling ::
    forall a b . (RealFrac a, Integral b) => a -> b
compare :: forall a . (Ord a) => a -> a -> Ordering
default__abs :: forall a . (Num a) => a -> a
default__ceiling ::
    forall a b . (RealFrac a, Integral b) => a -> b
default__compare ::
    forall a . (Ord a) => a -> a -> Ordering
default__div ::
    forall a . (Integral a) => a -> a -> a
default__divMod ::
    forall a . (Integral a) => a -> a -> (a, a)
default__enumFrom :: forall a . (Enum a) => a -> [a]
default__enumFromThen ::
    forall a . (Enum a) => a -> a -> [a]
default__enumFromThenTo ::
    forall a . (Enum a) => a -> a -> a -> [a]
default__enumFromTo ::
    forall a . (Enum a) => a -> a -> [a]
default__floor ::
    forall a b . (RealFrac a, Integral b) => a -> b
default__fromEnum :: forall a . (Enum a) => a -> Int
default__fromInteger ::
    forall a . (Num a) => Integer -> a
default__fromRational ::
    forall a . (Fractional a) => Rational -> a
default__max :: forall a . (Ord a) => a -> a -> a
default__maxBound :: forall a . (Bounded a) => a
default__min :: forall a . (Ord a) => a -> a -> a
default__minBound :: forall a . (Bounded a) => a
default__mod ::
    forall a . (Integral a) => a -> a -> a
default__negate :: forall a . (Num a) => a -> a
default__pred :: forall a . (Enum a) => a -> a
default__properFraction ::
    forall a b . (RealFrac a, Integral b) => a -> (b, a)
default__quot ::
    forall a . (Integral a) => a -> a -> a
default__quotRem ::
    forall a . (Integral a) => a -> a -> (a, a)
default__recip :: forall a . (Fractional a) => a -> a
default__rem ::
    forall a . (Integral a) => a -> a -> a
default__round ::
    forall a b . (RealFrac a, Integral b) => a -> b
default__show :: forall a . (Show a) => a -> String
default__showList ::
    forall a . (Show a) => [a] -> ShowS
default__showsPrec ::
    forall a . (Show a) => Int -> a -> ShowS
default__signum :: forall a . (Num a) => a -> a
default__succ :: forall a . (Enum a) => a -> a
default__toEnum :: forall a . (Enum a) => Int -> a
default__toInteger ::
    forall a . (Integral a) => a -> Integer
default__toRational ::
    forall a . (Real a) => a -> Rational
default__truncate ::
    forall a b . (RealFrac a, Integral b) => a -> b
derived__Prelude_Eq_184_27 :: Eq ()
derived__Prelude_Eq_188_20 ::
    forall a b . (Eq a) -> (Eq b) -> Eq (a, b)
derived__Prelude_Eq_192_20 ::
    forall a b c .
	(Eq a) -> (Eq b) -> (Eq c) -> Eq (a, b, c)
derived__Prelude_Eq_196_20 ::
    forall a b c d .
	(Eq a) ->
	(Eq b) -> (Eq c) -> (Eq d) -> Eq (a, b, c, d)
derived__Prelude_Eq_34_65 ::
    forall a . (Eq a) -> Eq [a]
derived__Prelude_Eq_Bool :: Eq Bool
derived__Prelude_Eq_Ordering :: Eq Ordering
derived__Prelude_Ord_184_31 :: Ord ()
derived__Prelude_Ord_188_24 ::
    forall a b . (Ord a) -> (Ord b) -> Ord (a, b)
derived__Prelude_Ord_192_24 ::
    forall a b c .
	(Ord a) -> (Ord b) -> (Ord c) -> Ord (a, b, c)
derived__Prelude_Ord_196_24 ::
    forall a b c d .
	(Ord a) ->
	(Ord b) -> (Ord c) -> (Ord d) -> Ord (a, b, c, d)
derived__Prelude_Ord_34_69 ::
    forall a . (Ord a) -> Ord [a]
derived__Prelude_Ord_Bool :: Ord Bool
derived__Prelude_Ord_Ordering :: Ord Ordering
derived__Prelude_Show_184_36 :: Show ()
derived__Prelude_Show_188_14 ::
    forall a b . (Show a) -> (Show b) -> Show (a, b)
derived__Prelude_Show_192_14 ::
    forall a b c .
	(Show a) -> (Show b) -> (Show c) -> Show (a, b, c)
derived__Prelude_Show_196_14 ::
    forall a b c d .
	(Show a) ->
	(Show b) -> (Show c) -> (Show d) -> Show (a, b, c, d)
derived__Prelude_Show_34_59 ::
    forall a . (Show a) -> Show [a]
derived__Prelude_Show_Bool :: Show Bool
derived__Prelude_Show_Ordering :: Show Ordering
div :: forall a . (Integral a) => a -> a -> a
divMod :: forall a . (Integral a) => a -> a -> (a, a)
enumFrom :: forall a . (Enum a) => a -> [a]
enumFromThen :: forall a . (Enum a) => a -> a -> [a]
enumFromThenTo ::
    forall a . (Enum a) => a -> a -> a -> [a]
enumFromTo :: forall a . (Enum a) => a -> a -> [a]
error :: forall a . String -> a
even :: forall a . (Integral a) => a -> Bool
fac :: Int -> Int
fib :: Int -> Int
flip :: forall a b c . (a -> b -> c) -> b -> a -> c
floor ::
    forall a b . (RealFrac a, Integral b) => a -> b
fromEnum :: forall a . (Enum a) => a -> Int
fromInteger :: forall a . (Num a) => Integer -> a
fromIntegral ::
    forall a b . (Integral a, Num b) => a -> b
fromRational ::
    forall a . (Fractional a) => Rational -> a
head :: forall a . [a] -> a
inst__Prelude_Enum_Int :: Enum Int
inst__Prelude_Eq_Char :: Eq Char
inst__Prelude_Eq_Double :: Eq Double
inst__Prelude_Eq_Int :: Eq Int
inst__Prelude_Eq_Integer :: Eq Integer
inst__Prelude_Eq_Rational :: Eq Rational
inst__Prelude_Fractional_Double :: Fractional Double
inst__Prelude_Fractional_Rational ::
    Fractional Rational
inst__Prelude_Num_Double :: Num Double
inst__Prelude_Num_Int :: Num Int
inst__Prelude_Num_Integer :: Num Integer
inst__Prelude_Num_Rational :: Num Rational
inst__Prelude_Ord_Char :: Ord Char
inst__Prelude_Ord_Double :: Ord Double
inst__Prelude_Ord_Int :: Ord Int
inst__Prelude_Ord_Integer :: Ord Integer
inst__Prelude_Ord_Rational :: Ord Rational
inst__Prelude_Show_Char :: Show Char
inst__Prelude_Show_Double :: Show Double
inst__Prelude_Show_Int :: Show Int
inst__Prelude_Show_Integer :: Show Integer
inst__Prelude_Show_Rational :: Show Rational
lexOrder :: Ordering -> Ordering -> Ordering
main :: Int
map :: forall a b . (a -> b) -> [a] -> [b]
max :: forall a . (Ord a) => a -> a -> a
maxBound :: forall a . (Bounded a) => a
min :: forall a . (Ord a) => a -> a -> a
minBound :: forall a . (Bounded a) => a
mod :: forall a . (Integral a) => a -> a -> a
negate :: forall a . (Num a) => a -> a
not :: Bool -> Bool
odd :: forall a . (Integral a) => a -> Bool
otherwise :: Bool
pred :: forall a . (Enum a) => a -> a
primError :: forall a . String -> a
properFraction ::
    forall a b . (RealFrac a, Integral b) => a -> (b, a)
quot :: forall a . (Integral a) => a -> a -> a
quotRem ::
    forall a . (Integral a) => a -> a -> (a, a)
recip :: forall a . (Fractional a) => a -> a
rem :: forall a . (Integral a) => a -> a -> a
round ::
    forall a b . (RealFrac a, Integral b) => a -> b
show :: forall a . (Show a) => a -> String
showArgument ::
    forall a . (Show a) => a -> String -> String
showChar :: Char -> ShowS
showList :: forall a . (Show a) => [a] -> ShowS
showParen :: Bool -> ShowS -> ShowS
showParenArg :: Int -> ShowS -> ShowS
showString :: String -> ShowS
shows :: forall a . (Show a) => a -> ShowS
showsPrec :: forall a . (Show a) => Int -> a -> ShowS
signum :: forall a . (Num a) => a -> a
subtract :: forall a . (Num a) => a -> a -> a
succ :: forall a . (Enum a) => a -> a
tail :: forall a . [a] -> [a]
toEnum :: forall a . (Enum a) => Int -> a
toInteger :: forall a . (Integral a) => a -> Integer
toRational :: forall a . (Real a) => a -> Rational
truncate ::
    forall a b . (RealFrac a, Integral b) => a -> b
() :: ()
(,) :: forall a b . a -> b -> (a, b)
Prelude.(,,) ::
    forall a b c . a -> b -> c -> (a, b, c)
Prelude.(,,,) ::
    forall a b c d . a -> b -> c -> d -> (a, b, c, d)
(:) :: forall a . a -> [a] -> [a]
EQ :: Ordering
False :: Bool
GT :: Ordering
LT :: Ordering
True :: Bool
[] :: forall a . [a]

scope:
Prelude.&& |-> Prelude.&&, Value
() |-> Prelude.(), Type [()] []
() |-> Prelude.(), con of ()
(,) |-> Prelude.(,), Type [(,)] []
(,) |-> Prelude.(,), con of (,)
Prelude.(,,) |-> Prelude.(,,), Type [(,,)] []
Prelude.(,,) |-> Prelude.(,,), con of (,,)
Prelude.(,,,) |-> Prelude.(,,,), Type [(,,,)] []
Prelude.(,,,) |-> Prelude.(,,,), con of (,,,)
Prelude.* |-> Prelude.*, method of Num
Prelude.+ |-> Prelude.+, method of Num
Prelude.++ |-> Prelude.++, Value
Prelude.- |-> Prelude.-, method of Num
(->) |-> Prelude.->, Type [] []
Prelude.. |-> Prelude.., Value
Prelude./ |-> Prelude./, method of Fractional
Prelude./= |-> Prelude./=, method of Eq
Prelude.: |-> Prelude.:, con of []
Prelude.< |-> Prelude.<, method of Ord
Prelude.<= |-> Prelude.<=, method of Ord
Prelude.== |-> Prelude.==, method of Eq
Prelude.> |-> Prelude.>, method of Ord
Prelude.>= |-> Prelude.>=, method of Ord
Prelude.Bool |-> Prelude.Bool, Type [False, True] []
Prelude.Bounded |-> Prelude.Bounded, Class [minBound,
					    maxBound]
Prelude.Char |-> Prelude.Char, Type [] []
Prelude.Double |-> Prelude.Double, Type [] []
Prelude.EQ |-> Prelude.EQ, con of Ordering
Prelude.Enum |-> Prelude.Enum, Class [succ, pred,
				      toEnum, fromEnum, enumFrom, enumFromThen,
				      enumFromTo, enumFromThenTo]
Prelude.Eq |-> Prelude.Eq, Class [==, /=]
Prelude.False |-> Prelude.False, con of Bool
Prelude.Fractional |-> Prelude.Fractional, Class [/,
						  recip, fromRational]
Prelude.GT |-> Prelude.GT, con of Ordering
Prelude.Int |-> Prelude.Int, Type [] []
Prelude.Integer |-> Prelude.Integer, Type [] []
Prelude.Integral |-> Prelude.Integral, Class [quot,
					      rem, div, mod, quotRem, divMod,
					      toInteger]
Prelude.LT |-> Prelude.LT, con of Ordering
Prelude.Num |-> Prelude.Num, Class [+, -, *, negate,
				    abs, signum, fromInteger]
Prelude.Ord |-> Prelude.Ord, Class [compare, <, <=,
				    >=, >, max, min]
Prelude.Ordering |-> Prelude.Ordering, Type [LT, EQ,
					     GT] []
Prelude.Rational |-> Prelude.Rational, Type [] []
Prelude.Real |-> Prelude.Real, Class [toRational]
Prelude.RealFrac |-> Prelude.RealFrac, Class [properFraction,
					      truncate, round, ceiling, floor]
Prelude.Show |-> Prelude.Show, Class [showsPrec,
				      show, showList]
Prelude.ShowS |-> Prelude.ShowS, Type [] []
Prelude.String |-> Prelude.String, Type [] []
Prelude.True |-> Prelude.True, con of Bool
[] |-> Prelude.[], Type [[], :] [head, tail]
[] |-> Prelude.[], con of []
Prelude.abs |-> Prelude.abs, method of Num
Prelude.ceiling |-> Prelude.ceiling, method of RealFrac
Prelude.compare |-> Prelude.compare, method of Ord
Prelude.div |-> Prelude.div, method of Integral
Prelude.divMod |-> Prelude.divMod, method of Integral
Prelude.enumFrom |-> Prelude.enumFrom, method of Enum
Prelude.enumFromThen |-> Prelude.enumFromThen, method of Enum
Prelude.enumFromThenTo |-> Prelude.enumFromThenTo, method of Enum
Prelude.enumFromTo |-> Prelude.enumFromTo, method of Enum
Prelude.error |-> Prelude.error, Value
Prelude.even |-> Prelude.even, Value
Prelude.fac |-> Prelude.fac, Value
Prelude.fib |-> Prelude.fib, Value
Prelude.flip |-> Prelude.flip, Value
Prelude.floor |-> Prelude.floor, method of RealFrac
Prelude.fromEnum |-> Prelude.fromEnum, method of Enum
Prelude.fromInteger |-> Prelude.fromInteger, method of Num
Prelude.fromIntegral |-> Prelude.fromIntegral, Value
Prelude.fromRational |-> Prelude.fromRational, method of Fractional
Prelude.head |-> Prelude.head, field of []
Prelude.lexOrder |-> Prelude.lexOrder, Value
Prelude.main |-> Prelude.main, Value
Prelude.map |-> Prelude.map, Value
Prelude.max |-> Prelude.max, method of Ord
Prelude.maxBound |-> Prelude.maxBound, method of Bounded
Prelude.min |-> Prelude.min, method of Ord
Prelude.minBound |-> Prelude.minBound, method of Bounded
Prelude.mod |-> Prelude.mod, method of Integral
Prelude.negate |-> Prelude.negate, method of Num
Prelude.not |-> Prelude.not, Value
Prelude.odd |-> Prelude.odd, Value
Prelude.otherwise |-> Prelude.otherwise, Value
Prelude.pred |-> Prelude.pred, method of Enum
Prelude.primError |-> Prelude.primError, Value
Prelude.properFraction |-> Prelude.properFraction, method of RealFrac
Prelude.quot |-> Prelude.quot, method of Integral
Prelude.quotRem |-> Prelude.quotRem, method of Integral
Prelude.recip |-> Prelude.recip, method of Fractional
Prelude.rem |-> Prelude.rem, method of Integral
Prelude.round |-> Prelude.round, method of RealFrac
Prelude.show |-> Prelude.show, method of Show
Prelude.showArgument |-> Prelude.showArgument, Value
Prelude.showChar |-> Prelude.showChar, Value
Prelude.showList |-> Prelude.showList, method of Show
Prelude.showParen |-> Prelude.showParen, Value
Prelude.showParenArg |-> Prelude.showParenArg, Value
Prelude.showString |-> Prelude.showString, Value
Prelude.shows |-> Prelude.shows, Value
Prelude.showsPrec |-> Prelude.showsPrec, method of Show
Prelude.signum |-> Prelude.signum, method of Num
Prelude.subtract |-> Prelude.subtract, Value
Prelude.succ |-> Prelude.succ, method of Enum
Prelude.tail |-> Prelude.tail, field of []
Prelude.toEnum |-> Prelude.toEnum, method of Enum
Prelude.toInteger |-> Prelude.toInteger, method of Integral
Prelude.toRational |-> Prelude.toRational, method of Real
Prelude.truncate |-> Prelude.truncate, method of RealFrac
&& |-> Prelude.&&, Value
() |-> Prelude.(), Type [()] []
() |-> Prelude.(), con of ()
(,) |-> Prelude.(,), Type [(,)] []
(,) |-> Prelude.(,), con of (,)
(,,) |-> Prelude.(,,), Type [(,,)] []
(,,) |-> Prelude.(,,), con of (,,)
(,,,) |-> Prelude.(,,,), Type [(,,,)] []
(,,,) |-> Prelude.(,,,), con of (,,,)
* |-> Prelude.*, method of Num
+ |-> Prelude.+, method of Num
++ |-> Prelude.++, Value
- |-> Prelude.-, method of Num
-> |-> Prelude.->, Type [] []
. |-> Prelude.., Value
/ |-> Prelude./, method of Fractional
/= |-> Prelude./=, method of Eq
: |-> Prelude.:, con of []
< |-> Prelude.<, method of Ord
<= |-> Prelude.<=, method of Ord
== |-> Prelude.==, method of Eq
> |-> Prelude.>, method of Ord
>= |-> Prelude.>=, method of Ord
Bool |-> Prelude.Bool, Type [False, True] []
Bounded |-> Prelude.Bounded, Class [minBound,
				    maxBound]
Char |-> Prelude.Char, Type [] []
Double |-> Prelude.Double, Type [] []
EQ |-> Prelude.EQ, con of Ordering
Enum |-> Prelude.Enum, Class [succ, pred, toEnum,
			      fromEnum, enumFrom, enumFromThen, enumFromTo,
			      enumFromThenTo]
Eq |-> Prelude.Eq, Class [==, /=]
False |-> Prelude.False, con of Bool
Fractional |-> Prelude.Fractional, Class [/, recip,
					  fromRational]
GT |-> Prelude.GT, con of Ordering
Int |-> Prelude.Int, Type [] []
Integer |-> Prelude.Integer, Type [] []
Integral |-> Prelude.Integral, Class [quot, rem, div,
				      mod, quotRem, divMod, toInteger]
LT |-> Prelude.LT, con of Ordering
Num |-> Prelude.Num, Class [+, -, *, negate, abs,
			    signum, fromInteger]
Ord |-> Prelude.Ord, Class [compare, <, <=, >=, >,
			    max, min]
Ordering |-> Prelude.Ordering, Type [LT, EQ, GT] []
Rational |-> Prelude.Rational, Type [] []
Real |-> Prelude.Real, Class [toRational]
RealFrac |-> Prelude.RealFrac, Class [properFraction,
				      truncate, round, ceiling, floor]
Show |-> Prelude.Show, Class [showsPrec, show,
			      showList]
ShowS |-> Prelude.ShowS, Type [] []
String |-> Prelude.String, Type [] []
True |-> Prelude.True, con of Bool
[] |-> Prelude.[], Type [[], :] [head, tail]
[] |-> Prelude.[], con of []
abs |-> Prelude.abs, method of Num
ceiling |-> Prelude.ceiling, method of RealFrac
compare |-> Prelude.compare, method of Ord
div |-> Prelude.div, method of Integral
divMod |-> Prelude.divMod, method of Integral
enumFrom |-> Prelude.enumFrom, method of Enum
enumFromThen |-> Prelude.enumFromThen, method of Enum
enumFromThenTo |-> Prelude.enumFromThenTo, method of Enum
enumFromTo |-> Prelude.enumFromTo, method of Enum
error |-> Prelude.error, Value
even |-> Prelude.even, Value
fac |-> Prelude.fac, Value
fib |-> Prelude.fib, Value
flip |-> Prelude.flip, Value
floor |-> Prelude.floor, method of RealFrac
fromEnum |-> Prelude.fromEnum, method of Enum
fromInteger |-> Prelude.fromInteger, method of Num
fromIntegral |-> Prelude.fromIntegral, Value
fromRational |-> Prelude.fromRational, method of Fractional
head |-> Prelude.head, field of []
lexOrder |-> Prelude.lexOrder, Value
main |-> Prelude.main, Value
map |-> Prelude.map, Value
max |-> Prelude.max, method of Ord
maxBound |-> Prelude.maxBound, method of Bounded
min |-> Prelude.min, method of Ord
minBound |-> Prelude.minBound, method of Bounded
mod |-> Prelude.mod, method of Integral
negate |-> Prelude.negate, method of Num
not |-> Prelude.not, Value
odd |-> Prelude.odd, Value
otherwise |-> Prelude.otherwise, Value
pred |-> Prelude.pred, method of Enum
primError |-> Prelude.primError, Value
properFraction |-> Prelude.properFraction, method of RealFrac
quot |-> Prelude.quot, method of Integral
quotRem |-> Prelude.quotRem, method of Integral
recip |-> Prelude.recip, method of Fractional
rem |-> Prelude.rem, method of Integral
round |-> Prelude.round, method of RealFrac
show |-> Prelude.show, method of Show
showArgument |-> Prelude.showArgument, Value
showChar |-> Prelude.showChar, Value
showList |-> Prelude.showList, method of Show
showParen |-> Prelude.showParen, Value
showParenArg |-> Prelude.showParenArg, Value
showString |-> Prelude.showString, Value
shows |-> Prelude.shows, Value
showsPrec |-> Prelude.showsPrec, method of Show
signum |-> Prelude.signum, method of Num
subtract |-> Prelude.subtract, Value
succ |-> Prelude.succ, method of Enum
tail |-> Prelude.tail, field of []
toEnum |-> Prelude.toEnum, method of Enum
toInteger |-> Prelude.toInteger, method of Integral
toRational |-> Prelude.toRational, method of Real
truncate |-> Prelude.truncate, method of RealFrac
-}
module Dummy where
import Prelude (error, Show, Eq, Ord)
import MyLogic
otherwise = True
lexOrder EQ o = o
lexOrder o _ = o
showArgument d191 x
    =   (.){-String String String-} (showChar ' ')
	    (showsPrec{-t186-} d191
		 (fromInteger{-Int-} inst__Prelude_Num_Int 10)
		 x)
data Integer
data Rational
data Double
data Char
data Int
data a -> b
data Bool = False | True deriving (Show, Eq, Ord)
not :: Bool -> Bool
not True = False
not False = True
(&&) :: Bool -> Bool -> Bool
(&&) a b = if a then True else b
data Ordering = LT | EQ | GT deriving (Show, Eq, Ord)
class Eq a where (==),(/=) :: a -> a -> Bool
($--/=) d203 x y = not ((==){-a-} d203 x y)
($--==) d209 x y = not ((/=){-a-} d209 x y)
data [a]
    = [] | (:) {head :: a, tail :: [a]}
    deriving (Show, Eq, Ord)
(++) :: [a] -> [a] -> [a]
(++) [] ys = ys
(++) ((:){-a-} x xs) ys
    = (:){-a-} x ((++){-a-} xs ys)
map :: (a -> b) -> [a] -> [b]
map f [] = []
map f ((:){-a-} x xs)
    = (:){-b-} (f x) (map{-a b-} f xs)
type String = String
foreign import primError :: String -> a
error :: String -> a
error = primError{-a-}
(.) :: (b -> c) -> (a -> b) -> a -> c
(.) f g = \ x -> f (g x)
type ShowS = String -> String
class Eq a => Ord a
  where
      compare :: a -> a -> Ordering
      (<),(<=),(>=),(>) :: a -> a -> Bool
      max,min :: a -> a -> a
default__compare d249 x y
    | (==){-a-} d246 x y = EQ
    | (<=){-a-} d249 x y = LT
    | otherwise = GT
  where
      d246 = super1_Ord{-a-} d249
      {-
      d246 :: Eq a
      -}
($--<=) d257 x y
    =   (/=){-Ordering-} derived__Prelude_Eq_Ordering
	    (compare{-a-} d257 x y)
	    GT
($--<) d265 x y
    =   (==){-Ordering-} derived__Prelude_Eq_Ordering
	    (compare{-a-} d265 x y)
	    LT
($-->=) d273 x y
    =   (/=){-Ordering-} derived__Prelude_Eq_Ordering
	    (compare{-a-} d273 x y)
	    LT
($-->) d281 x y
    =   (==){-Ordering-} derived__Prelude_Eq_Ordering
	    (compare{-a-} d281 x y)
	    GT
default__max d287 x y
    | (<=){-a-} d287 x y = y
    | otherwise = x
default__min d293 x y
    | (<=){-a-} d293 x y = x
    | otherwise = y
shows :: Show a => a -> ShowS
shows d302
    =   showsPrec{-a-} d302
	    (fromInteger{-Int-} inst__Prelude_Num_Int 0)
showChar :: Char -> ShowS
showChar = (:){-Char-}
showString :: String -> ShowS
showString = (++){-Char-}
showParen :: Bool -> ShowS -> ShowS
showParen b p
    =   if b
	then (.){-String String String-}
		 ((.){-String String String-} (showChar '(') p)
		 (showChar ')')
	else p
showParenArg :: Int -> ShowS -> ShowS
showParenArg d
    =   showParen
	    ((<=){-Int-} inst__Prelude_Ord_Int
		 (fromInteger{-Int-} inst__Prelude_Num_Int 10)
		 d)
class Show a
  where
      showsPrec :: Int -> a -> ShowS
      show :: a -> String
      showList :: [a] -> ShowS
default__showsPrec d329 _ x s
    = (++){-Char-} (show{-a-} d329 x) s
default__show d337 x
    =   showsPrec{-a-} d337
	    (fromInteger{-Int-} inst__Prelude_Num_Int 0)
	    x
	    ""
default__showList d367 [] = showString "[]"
default__showList d367 ((:){-a-} x xs)
    =   (.){-String String String-}
	    ((.){-String String String-} (showChar '[')
		 (shows{-a-} d367 x))
	    (showl{-a-} d367 xs)
  where
      showl d355 [] = showChar ']'
      showl d355 ((:){-t344-} x xs)
	  =   (.){-String String String-}
		  ((.){-String String String-} (showChar ',')
		       (shows{-t344-} d355 x))
		  (showl{-t344-} d355 xs)
      {-
      showl ::
	  forall a . (Show a) => [a] -> String -> String
      -}
class (Eq a, Show a) => Num a
  where
      (+),(-),(*) :: a -> a -> a
      negate :: a -> a
      abs,signum :: a -> a
      fromInteger :: Integer -> a
($--+) d376
    = error{-(a -> a -> a)-} "No default for method +"
($---) d379
    = error{-(a -> a -> a)-} "No default for method -"
($--*) d382
    = error{-(a -> a -> a)-} "No default for method *"
default__negate d385
    = error{-(a -> a)-} "No default for method negate"
default__abs d388
    = error{-(a -> a)-} "No default for method abs"
default__signum d391
    = error{-(a -> a)-} "No default for method signum"
default__fromInteger d394
    =   error{-(Integer -> a)-}
	    "No default for method fromInteger"
class Num a => Fractional a
  where
      (/) :: a -> a -> a
      recip :: a -> a
      fromRational :: Rational -> a
($--/) d399
    = error{-(a -> a -> a)-} "No default for method /"
default__recip d402
    = error{-(a -> a)-} "No default for method recip"
default__fromRational d405
    =   error{-(Rational -> a)-}
	    "No default for method fromRational"
instance Num Int
  where
      super1_Num = super{-(Eq Int)-} inst__Prelude_Eq_Int
      super2_Num
	  = super{-(Show Int)-} inst__Prelude_Show_Int
      (+) = ($--+){-Int-} inst__Prelude_Num_Int
      (-) = ($---){-Int-} inst__Prelude_Num_Int
      (*) = ($--*){-Int-} inst__Prelude_Num_Int
      negate = default__negate{-Int-} inst__Prelude_Num_Int
      abs = default__abs{-Int-} inst__Prelude_Num_Int
      signum = default__signum{-Int-} inst__Prelude_Num_Int
      fromInteger
	  = default__fromInteger{-Int-} inst__Prelude_Num_Int
      {-
      super1_Num :: Eq Int
      super2_Num :: Show Int
      (+) :: Int -> Int -> Int
      (-) :: Int -> Int -> Int
      (*) :: Int -> Int -> Int
      negate :: Int -> Int
      abs :: Int -> Int
      signum :: Int -> Int
      fromInteger :: Integer -> Int
      -}
instance Num Integer
  where
      super1_Num
	  = super{-(Eq Integer)-} inst__Prelude_Eq_Integer
      super2_Num
	  = super{-(Show Integer)-} inst__Prelude_Show_Integer
      (+) = ($--+){-Integer-} inst__Prelude_Num_Integer
      (-) = ($---){-Integer-} inst__Prelude_Num_Integer
      (*) = ($--*){-Integer-} inst__Prelude_Num_Integer
      negate
	  =   default__negate{-Integer-}
		  inst__Prelude_Num_Integer
      abs =   default__abs{-Integer-}
		  inst__Prelude_Num_Integer
      signum
	  =   default__signum{-Integer-}
		  inst__Prelude_Num_Integer
      fromInteger
	  =   default__fromInteger{-Integer-}
		  inst__Prelude_Num_Integer
      {-
      super1_Num :: Eq Integer
      super2_Num :: Show Integer
      (+) :: Integer -> Integer -> Integer
      (-) :: Integer -> Integer -> Integer
      (*) :: Integer -> Integer -> Integer
      negate :: Integer -> Integer
      abs :: Integer -> Integer
      signum :: Integer -> Integer
      fromInteger :: Integer -> Integer
      -}
instance Num Rational
  where
      super1_Num
	  = super{-(Eq Rational)-} inst__Prelude_Eq_Rational
      super2_Num
	  =   super{-(Show Rational)-}
		  inst__Prelude_Show_Rational
      (+) = ($--+){-Rational-} inst__Prelude_Num_Rational
      (-) = ($---){-Rational-} inst__Prelude_Num_Rational
      (*) = ($--*){-Rational-} inst__Prelude_Num_Rational
      negate
	  =   default__negate{-Rational-}
		  inst__Prelude_Num_Rational
      abs =   default__abs{-Rational-}
		  inst__Prelude_Num_Rational
      signum
	  =   default__signum{-Rational-}
		  inst__Prelude_Num_Rational
      fromInteger
	  =   default__fromInteger{-Rational-}
		  inst__Prelude_Num_Rational
      {-
      super1_Num :: Eq Rational
      super2_Num :: Show Rational
      (+) :: Rational -> Rational -> Rational
      (-) :: Rational -> Rational -> Rational
      (*) :: Rational -> Rational -> Rational
      negate :: Rational -> Rational
      abs :: Rational -> Rational
      signum :: Rational -> Rational
      fromInteger :: Integer -> Rational
      -}
instance Num Double
  where
      super1_Num
	  = super{-(Eq Double)-} inst__Prelude_Eq_Double
      super2_Num
	  = super{-(Show Double)-} inst__Prelude_Show_Double
      (+) = ($--+){-Double-} inst__Prelude_Num_Double
      (-) = ($---){-Double-} inst__Prelude_Num_Double
      (*) = ($--*){-Double-} inst__Prelude_Num_Double
      negate
	  = default__negate{-Double-} inst__Prelude_Num_Double
      abs = default__abs{-Double-} inst__Prelude_Num_Double
      signum
	  = default__signum{-Double-} inst__Prelude_Num_Double
      fromInteger
	  =   default__fromInteger{-Double-}
		  inst__Prelude_Num_Double
      {-
      super1_Num :: Eq Double
      super2_Num :: Show Double
      (+) :: Double -> Double -> Double
      (-) :: Double -> Double -> Double
      (*) :: Double -> Double -> Double
      negate :: Double -> Double
      abs :: Double -> Double
      signum :: Double -> Double
      fromInteger :: Integer -> Double
      -}
instance Eq Int
  where
      (==) = ($--==){-Int-} inst__Prelude_Eq_Int
      (/=) = ($--/=){-Int-} inst__Prelude_Eq_Int
      {-
      (==) :: Int -> Int -> Bool
      (/=) :: Int -> Int -> Bool
      -}
instance Ord Int
  where
      super1_Ord = super{-(Eq Int)-} inst__Prelude_Eq_Int
      compare
	  = default__compare{-Int-} inst__Prelude_Ord_Int
      (<) = ($--<){-Int-} inst__Prelude_Ord_Int
      (<=) = ($--<=){-Int-} inst__Prelude_Ord_Int
      (>=) = ($-->=){-Int-} inst__Prelude_Ord_Int
      (>) = ($-->){-Int-} inst__Prelude_Ord_Int
      max = default__max{-Int-} inst__Prelude_Ord_Int
      min = default__min{-Int-} inst__Prelude_Ord_Int
      {-
      super1_Ord :: Eq Int
      compare :: Int -> Int -> Ordering
      (<) :: Int -> Int -> Bool
      (<=) :: Int -> Int -> Bool
      (>=) :: Int -> Int -> Bool
      (>) :: Int -> Int -> Bool
      max :: Int -> Int -> Int
      min :: Int -> Int -> Int
      -}
instance Enum Int
  where
      succ = default__succ{-Int-} inst__Prelude_Enum_Int
      pred = default__pred{-Int-} inst__Prelude_Enum_Int
      toEnum
	  = default__toEnum{-Int-} inst__Prelude_Enum_Int
      fromEnum
	  = default__fromEnum{-Int-} inst__Prelude_Enum_Int
      enumFrom
	  = default__enumFrom{-Int-} inst__Prelude_Enum_Int
      enumFromThen
	  = default__enumFromThen{-Int-} inst__Prelude_Enum_Int
      enumFromTo
	  = default__enumFromTo{-Int-} inst__Prelude_Enum_Int
      enumFromThenTo
	  =   default__enumFromThenTo{-Int-}
		  inst__Prelude_Enum_Int
      {-
      succ :: Int -> Int
      pred :: Int -> Int
      toEnum :: Int -> Int
      fromEnum :: Int -> Int
      enumFrom :: Int -> [Int]
      enumFromThen :: Int -> Int -> [Int]
      enumFromTo :: Int -> Int -> [Int]
      enumFromThenTo :: Int -> Int -> Int -> [Int]
      -}
instance Eq Char
  where
      (==) = ($--==){-Char-} inst__Prelude_Eq_Char
      (/=) = ($--/=){-Char-} inst__Prelude_Eq_Char
      {-
      (==) :: Char -> Char -> Bool
      (/=) :: Char -> Char -> Bool
      -}
instance Eq Integer
  where
      (==) = ($--==){-Integer-} inst__Prelude_Eq_Integer
      (/=) = ($--/=){-Integer-} inst__Prelude_Eq_Integer
      {-
      (==) :: Integer -> Integer -> Bool
      (/=) :: Integer -> Integer -> Bool
      -}
instance Eq Rational
  where
      (==) = ($--==){-Rational-} inst__Prelude_Eq_Rational
      (/=) = ($--/=){-Rational-} inst__Prelude_Eq_Rational
      {-
      (==) :: Rational -> Rational -> Bool
      (/=) :: Rational -> Rational -> Bool
      -}
instance Eq Double
  where
      (==) = ($--==){-Double-} inst__Prelude_Eq_Double
      (/=) = ($--/=){-Double-} inst__Prelude_Eq_Double
      {-
      (==) :: Double -> Double -> Bool
      (/=) :: Double -> Double -> Bool
      -}
instance Ord Char
  where
      super1_Ord = super{-(Eq Char)-} inst__Prelude_Eq_Char
      compare
	  = default__compare{-Char-} inst__Prelude_Ord_Char
      (<) = ($--<){-Char-} inst__Prelude_Ord_Char
      (<=) = ($--<=){-Char-} inst__Prelude_Ord_Char
      (>=) = ($-->=){-Char-} inst__Prelude_Ord_Char
      (>) = ($-->){-Char-} inst__Prelude_Ord_Char
      max = default__max{-Char-} inst__Prelude_Ord_Char
      min = default__min{-Char-} inst__Prelude_Ord_Char
      {-
      super1_Ord :: Eq Char
      compare :: Char -> Char -> Ordering
      (<) :: Char -> Char -> Bool
      (<=) :: Char -> Char -> Bool
      (>=) :: Char -> Char -> Bool
      (>) :: Char -> Char -> Bool
      max :: Char -> Char -> Char
      min :: Char -> Char -> Char
      -}
instance Ord Integer
  where
      super1_Ord
	  = super{-(Eq Integer)-} inst__Prelude_Eq_Integer
      compare
	  =   default__compare{-Integer-}
		  inst__Prelude_Ord_Integer
      (<) = ($--<){-Integer-} inst__Prelude_Ord_Integer
      (<=) = ($--<=){-Integer-} inst__Prelude_Ord_Integer
      (>=) = ($-->=){-Integer-} inst__Prelude_Ord_Integer
      (>) = ($-->){-Integer-} inst__Prelude_Ord_Integer
      max =   default__max{-Integer-}
		  inst__Prelude_Ord_Integer
      min =   default__min{-Integer-}
		  inst__Prelude_Ord_Integer
      {-
      super1_Ord :: Eq Integer
      compare :: Integer -> Integer -> Ordering
      (<) :: Integer -> Integer -> Bool
      (<=) :: Integer -> Integer -> Bool
      (>=) :: Integer -> Integer -> Bool
      (>) :: Integer -> Integer -> Bool
      max :: Integer -> Integer -> Integer
      min :: Integer -> Integer -> Integer
      -}
instance Ord Rational
  where
      super1_Ord
	  = super{-(Eq Rational)-} inst__Prelude_Eq_Rational
      compare
	  =   default__compare{-Rational-}
		  inst__Prelude_Ord_Rational
      (<) = ($--<){-Rational-} inst__Prelude_Ord_Rational
      (<=) = ($--<=){-Rational-} inst__Prelude_Ord_Rational
      (>=) = ($-->=){-Rational-} inst__Prelude_Ord_Rational
      (>) = ($-->){-Rational-} inst__Prelude_Ord_Rational
      max =   default__max{-Rational-}
		  inst__Prelude_Ord_Rational
      min =   default__min{-Rational-}
		  inst__Prelude_Ord_Rational
      {-
      super1_Ord :: Eq Rational
      compare :: Rational -> Rational -> Ordering
      (<) :: Rational -> Rational -> Bool
      (<=) :: Rational -> Rational -> Bool
      (>=) :: Rational -> Rational -> Bool
      (>) :: Rational -> Rational -> Bool
      max :: Rational -> Rational -> Rational
      min :: Rational -> Rational -> Rational
      -}
instance Ord Double
  where
      super1_Ord
	  = super{-(Eq Double)-} inst__Prelude_Eq_Double
      compare
	  = default__compare{-Double-} inst__Prelude_Ord_Double
      (<) = ($--<){-Double-} inst__Prelude_Ord_Double
      (<=) = ($--<=){-Double-} inst__Prelude_Ord_Double
      (>=) = ($-->=){-Double-} inst__Prelude_Ord_Double
      (>) = ($-->){-Double-} inst__Prelude_Ord_Double
      max = default__max{-Double-} inst__Prelude_Ord_Double
      min = default__min{-Double-} inst__Prelude_Ord_Double
      {-
      super1_Ord :: Eq Double
      compare :: Double -> Double -> Ordering
      (<) :: Double -> Double -> Bool
      (<=) :: Double -> Double -> Bool
      (>=) :: Double -> Double -> Bool
      (>) :: Double -> Double -> Bool
      max :: Double -> Double -> Double
      min :: Double -> Double -> Double
      -}
instance Show Int
  where
      showsPrec
	  = default__showsPrec{-Int-} inst__Prelude_Show_Int
      show = default__show{-Int-} inst__Prelude_Show_Int
      showList
	  = default__showList{-Int-} inst__Prelude_Show_Int
      {-
      showsPrec :: Int -> Int -> ShowS
      show :: Int -> String
      showList :: [Int] -> ShowS
      -}
instance Show Char
  where
      showsPrec
	  = default__showsPrec{-Char-} inst__Prelude_Show_Char
      show = default__show{-Char-} inst__Prelude_Show_Char
      showList
	  = default__showList{-Char-} inst__Prelude_Show_Char
      {-
      showsPrec :: Int -> Char -> ShowS
      show :: Char -> String
      showList :: String -> ShowS
      -}
instance Show Integer
  where
      showsPrec
	  =   default__showsPrec{-Integer-}
		  inst__Prelude_Show_Integer
      show
	  = default__show{-Integer-} inst__Prelude_Show_Integer
      showList
	  =   default__showList{-Integer-}
		  inst__Prelude_Show_Integer
      {-
      showsPrec :: Int -> Integer -> ShowS
      show :: Integer -> String
      showList :: [Integer] -> ShowS
      -}
instance Show Rational
  where
      showsPrec
	  =   default__showsPrec{-Rational-}
		  inst__Prelude_Show_Rational
      show
	  =   default__show{-Rational-}
		  inst__Prelude_Show_Rational
      showList
	  =   default__showList{-Rational-}
		  inst__Prelude_Show_Rational
      {-
      showsPrec :: Int -> Rational -> ShowS
      show :: Rational -> String
      showList :: [Rational] -> ShowS
      -}
instance Show Double
  where
      showsPrec
	  =   default__showsPrec{-Double-}
		  inst__Prelude_Show_Double
      show
	  = default__show{-Double-} inst__Prelude_Show_Double
      showList
	  =   default__showList{-Double-}
		  inst__Prelude_Show_Double
      {-
      showsPrec :: Int -> Double -> ShowS
      show :: Double -> String
      showList :: [Double] -> ShowS
      -}
instance Fractional Rational
  where
      super1_Fractional
	  = super{-(Num Rational)-} inst__Prelude_Num_Rational
      (/) =   ($--/){-Rational-}
		  inst__Prelude_Fractional_Rational
      recip
	  =   default__recip{-Rational-}
		  inst__Prelude_Fractional_Rational
      fromRational
	  =   default__fromRational{-Rational-}
		  inst__Prelude_Fractional_Rational
      {-
      super1_Fractional :: Num Rational
      (/) :: Rational -> Rational -> Rational
      recip :: Rational -> Rational
      fromRational :: Rational -> Rational
      -}
instance Fractional Double
  where
      super1_Fractional
	  = super{-(Num Double)-} inst__Prelude_Num_Double
      (/) =   ($--/){-Double-}
		  inst__Prelude_Fractional_Double
      recip
	  =   default__recip{-Double-}
		  inst__Prelude_Fractional_Double
      fromRational
	  =   default__fromRational{-Double-}
		  inst__Prelude_Fractional_Double
      {-
      super1_Fractional :: Num Double
      (/) :: Double -> Double -> Double
      recip :: Double -> Double
      fromRational :: Rational -> Double
      -}
subtract :: Num a => a -> a -> a
subtract d765 = flip{-a a a-} ((-){-a-} d765)
flip :: (a -> b -> c) -> b -> a -> c
flip f x y = f y x
class Enum a
  where
      succ,pred :: a -> a
      toEnum :: Int -> a
      fromEnum :: a -> Int
      enumFrom :: a -> [a]
      enumFromThen :: a -> a -> [a]
      enumFromTo :: a -> a -> [a]
      enumFromThenTo :: a -> a -> a -> [a]
default__succ d790
    =   (.){-Int a a-}
	    ((.){-Int a Int-} (toEnum{-a-} d790)
		 (flip{-Int Int Int-}
		      ((+){-Int-} inst__Prelude_Num_Int)
		      (fromInteger{-Int-} inst__Prelude_Num_Int 1)))
	    (fromEnum{-a-} d790)
default__pred d806
    =   (.){-Int a a-}
	    ((.){-Int a Int-} (toEnum{-a-} d806)
		 (subtract{-Int-} inst__Prelude_Num_Int
		      (fromInteger{-Int-} inst__Prelude_Num_Int 1)))
	    (fromEnum{-a-} d806)
default__enumFrom d817 x
    =   map{-Int a-} (toEnum{-a-} d817)
	    (enumFrom{-Int-} inst__Prelude_Enum_Int
		 (fromEnum{-a-} d817 x))
default__enumFromTo d831 x y
    =   map{-Int a-} (toEnum{-a-} d831)
	    (enumFromTo{-Int-} inst__Prelude_Enum_Int
		 (fromEnum{-a-} d831 x)
		 (fromEnum{-a-} d831 y))
default__enumFromThen d845 x y
    =   map{-Int a-} (toEnum{-a-} d845)
	    (enumFromThen{-Int-} inst__Prelude_Enum_Int
		 (fromEnum{-a-} d845 x)
		 (fromEnum{-a-} d845 y))
default__enumFromThenTo d862 x y z
    =   map{-Int a-} (toEnum{-a-} d862)
	    (enumFromThenTo{-Int-} inst__Prelude_Enum_Int
		 (fromEnum{-a-} d862 x)
		 (fromEnum{-a-} d862 y)
		 (fromEnum{-a-} d862 z))
default__toEnum d865
    = error{-(Int -> a)-} "No default for method toEnum"
default__fromEnum d868
    =   error{-(a -> Int)-}
	    "No default for method fromEnum"
class Bounded a
  where
      minBound :: a
      maxBound :: a
default__minBound d878
    = error{-a-} "No default for method minBound"
default__maxBound d881
    = error{-a-} "No default for method maxBound"
data () = () deriving (Eq, Ord, Show)
data (a, b) = (,) a b deriving (Show, Eq, Ord)
data (a, b, c)
    = Prelude.(,,) a b c deriving (Show, Eq, Ord)
data (a, b, c, d)
    = Prelude.(,,,) a b c d deriving (Show, Eq, Ord)
class (Num a, Ord a) => Real a
  where toRational :: a -> Rational
default__toRational d885
    =   error{-(a -> Rational)-}
	    "No default for method toRational"
class (Real a, Enum a) => Integral a
  where
      quot,rem :: a -> a -> a
      div,mod :: a -> a -> a
      quotRem,divMod :: a -> a -> (a, a)
      toInteger :: a -> Integer
default__quot d890
    = error{-(a -> a -> a)-} "No default for method quot"
default__rem d893
    = error{-(a -> a -> a)-} "No default for method rem"
default__div d896
    = error{-(a -> a -> a)-} "No default for method div"
default__mod d899
    = error{-(a -> a -> a)-} "No default for method mod"
default__quotRem d902
    =   error{-(a -> a -> (a, a))-}
	    "No default for method quotRem"
default__divMod d905
    =   error{-(a -> a -> (a, a))-}
	    "No default for method divMod"
default__toInteger d908
    =   error{-(a -> Integer)-}
	    "No default for method toInteger"
fromIntegral :: (Integral a, Num b) => a -> b
fromIntegral d922 d923
    =   (.){-Integer b a-} (fromInteger{-b-} d923)
	    (toInteger{-a-} d922)
even,odd :: Integral a => a -> Bool
even d934 n
    =   (==){-a-} d927
	    (rem{-a-} d934 n (fromInteger{-a-} d931 2))
	    (fromInteger{-a-} d931 0)
  where
      d931 = super1_Real{-a-} (super1_Integral{-a-} d934)
      d927
	  =   super1_Num{-a-}
		  (super1_Real{-a-} (super1_Integral{-a-} d934))
      {-
      d931 :: Num a
      d927 :: Eq a
      -}
odd d939 n = not (even{-a-} d939 n)
class (Real a, Fractional a) => RealFrac a
  where
      properFraction :: Integral b => a -> (b, a)
      truncate,round :: Integral b => a -> b
      ceiling,floor :: Integral b => a -> b
default__truncate d948 d949 x
    = m
  where
      (m, _) = properFraction{-a b-} d948 d949 x
      {-
      m :: b
      -}
default__round d989 d990 x
    =   let (n, r) = properFraction{-a b-} d989 d990 x
	    m   =   if (<){-a-} d960 r (fromInteger{-a-} d962 0)
		    then (-){-b-} d964 n (fromInteger{-b-} d964 1)
		    else (+){-b-} d964 n (fromInteger{-b-} d964 1)
	    {-
	    r :: a
	    n :: b
	    m :: b
	    -}
	in case signum{-a-} d962
		    ((-){-a-} d962 (abs{-a-} d962 r)
			 (fromRational{-a-} d978 1 % 2)) of
	       negate{-a-} d980 (fromInteger{-a-} d982 1) -> n
	       fromInteger{-a-} d984 0
		   -> if even{-b-} d990 n then n else m
	       fromInteger{-a-} d988 1 -> m
  where
      d978 = super2_RealFrac{-a-} d989
      d964 = super1_Real{-b-} (super1_Integral{-b-} d990)
      d962 = super1_Real{-a-} (super1_RealFrac{-a-} d989)
      d960 = super2_Real{-a-} (super1_RealFrac{-a-} d989)
      {-
      d978 :: Fractional a
      d964 :: Num b
      d962 :: Num a
      d960 :: Ord a
      -}
default__ceiling d1007 d1008 x
    =   if (>){-a-} d1000 r (fromInteger{-a-} d1002 0)
	then (+){-b-} d1004 n (fromInteger{-b-} d1004 1)
	else n
  where
      d1004 = super1_Real{-b-} (super1_Integral{-b-} d1008)
      d1002 = super1_Real{-a-} (super1_RealFrac{-a-} d1007)
      d1000 = super2_Real{-a-} (super1_RealFrac{-a-} d1007)
      (n, r) = properFraction{-a b-} d1007 d1008 x
      {-
      d1004 :: Num b
      d1002 :: Num a
      d1000 :: Ord a
      r :: a
      n :: b
      -}
default__floor d1025 d1026 x
    =   if (<){-a-} d1018 r (fromInteger{-a-} d1020 0)
	then (-){-b-} d1022 n (fromInteger{-b-} d1022 1)
	else n
  where
      d1022 = super1_Real{-b-} (super1_Integral{-b-} d1026)
      d1020 = super1_Real{-a-} (super1_RealFrac{-a-} d1025)
      d1018 = super2_Real{-a-} (super1_RealFrac{-a-} d1025)
      (n, r) = properFraction{-a b-} d1025 d1026 x
      {-
      d1022 :: Num b
      d1020 :: Num a
      d1018 :: Ord a
      r :: a
      n :: b
      -}
default__properFraction d1029 d1030
    =   error{-(a -> (b, a))-}
	    "No default for method properFraction"
fac :: Int -> Int
fac (fromInteger{-Int-} d1044 0)
    = fromInteger{-Int-} inst__Prelude_Num_Int 1
fac (fromInteger{-Int-} d1048 1)
    = fromInteger{-Int-} inst__Prelude_Num_Int 1
fac n
    =   (*){-Int-} inst__Prelude_Num_Int n
	    (fac ((-){-Int-} inst__Prelude_Num_Int n
		      (fromInteger{-Int-} inst__Prelude_Num_Int 1)))
fib :: Int -> Int
fib (fromInteger{-Int-} d1060 0)
    = fromInteger{-Int-} inst__Prelude_Num_Int 1
fib (fromInteger{-Int-} d1064 1)
    = fromInteger{-Int-} inst__Prelude_Num_Int 1
fib n
    =   (+){-Int-} inst__Prelude_Num_Int
	    (fib ((-){-Int-} inst__Prelude_Num_Int n
		      (fromInteger{-Int-} inst__Prelude_Num_Int 1)))
	    (fib ((-){-Int-} inst__Prelude_Num_Int n
		      (fromInteger{-Int-} inst__Prelude_Num_Int 2)))
main :: Int
main
    =   (+){-Int-} inst__Prelude_Num_Int
	    (fac (fromInteger{-Int-} inst__Prelude_Num_Int 5))
	    (fib (fromInteger{-Int-} inst__Prelude_Num_Int 3))
instance Eq Bool
  where
      (==) False False = True
      (==) True True = True
      (==) _ _ = False
      (/=) = ($--/=){-Bool-} derived__Prelude_Eq_Bool
      {-
      (==) :: Bool -> Bool -> Bool
      (/=) :: Bool -> Bool -> Bool
      -}
instance Ord Bool
  where
      super1_Ord
	  = super{-(Eq Bool)-} derived__Prelude_Eq_Bool
      compare x y
	  =   let cno False
		      =   let t1099 :: Int
			      t1099 = fromInteger{-Int-} inst__Prelude_Num_Int 0
			      {- t1099 :: Int -}
			  in t1099
		  cno True = fromInteger{-Int-} inst__Prelude_Num_Int 1
		  {- cno :: Bool -> Int -}
	      in compare{-Int-} inst__Prelude_Ord_Int (cno x)
		     (cno y)
      (<) = ($--<){-Bool-} derived__Prelude_Ord_Bool
      (<=) = ($--<=){-Bool-} derived__Prelude_Ord_Bool
      (>=) = ($-->=){-Bool-} derived__Prelude_Ord_Bool
      (>) = ($-->){-Bool-} derived__Prelude_Ord_Bool
      max = default__max{-Bool-} derived__Prelude_Ord_Bool
      min = default__min{-Bool-} derived__Prelude_Ord_Bool
      {-
      super1_Ord :: Eq Bool
      compare :: Bool -> Bool -> Ordering
      (<) :: Bool -> Bool -> Bool
      (<=) :: Bool -> Bool -> Bool
      (>=) :: Bool -> Bool -> Bool
      (>) :: Bool -> Bool -> Bool
      max :: Bool -> Bool -> Bool
      min :: Bool -> Bool -> Bool
      -}
instance Show Bool
  where
      showsPrec d False = showString "False"
      showsPrec d True = showString "True"
      show
	  = default__show{-Bool-} derived__Prelude_Show_Bool
      showList
	  =   default__showList{-Bool-}
		  derived__Prelude_Show_Bool
      {-
      showsPrec :: Int -> Bool -> ShowS
      show :: Bool -> String
      showList :: [Bool] -> ShowS
      -}
instance Eq Ordering
  where
      (==) LT LT = True
      (==) EQ EQ = True
      (==) GT GT = True
      (==) _ _ = False
      (/=)
	  = ($--/=){-Ordering-} derived__Prelude_Eq_Ordering
      {-
      (==) :: Ordering -> Ordering -> Bool
      (/=) :: Ordering -> Ordering -> Bool
      -}
instance Ord Ordering
  where
      super1_Ord
	  = super{-(Eq Ordering)-} derived__Prelude_Eq_Ordering
      compare x y
	  =   let cno LT
		      =   let t1150 :: Int
			      t1150 = fromInteger{-Int-} inst__Prelude_Num_Int 0
			      {- t1150 :: Int -}
			  in t1150
		  cno EQ = fromInteger{-Int-} inst__Prelude_Num_Int 1
		  cno GT = fromInteger{-Int-} inst__Prelude_Num_Int 2
		  {- cno :: Ordering -> Int -}
	      in compare{-Int-} inst__Prelude_Ord_Int (cno x)
		     (cno y)
      (<) =   ($--<){-Ordering-}
		  derived__Prelude_Ord_Ordering
      (<=)
	  = ($--<=){-Ordering-} derived__Prelude_Ord_Ordering
      (>=)
	  = ($-->=){-Ordering-} derived__Prelude_Ord_Ordering
      (>) =   ($-->){-Ordering-}
		  derived__Prelude_Ord_Ordering
      max =   default__max{-Ordering-}
		  derived__Prelude_Ord_Ordering
      min =   default__min{-Ordering-}
		  derived__Prelude_Ord_Ordering
      {-
      super1_Ord :: Eq Ordering
      compare :: Ordering -> Ordering -> Ordering
      (<) :: Ordering -> Ordering -> Bool
      (<=) :: Ordering -> Ordering -> Bool
      (>=) :: Ordering -> Ordering -> Bool
      (>) :: Ordering -> Ordering -> Bool
      max :: Ordering -> Ordering -> Ordering
      min :: Ordering -> Ordering -> Ordering
      -}
instance Show Ordering
  where
      showsPrec d LT = showString "LT"
      showsPrec d EQ = showString "EQ"
      showsPrec d GT = showString "GT"
      show
	  =   default__show{-Ordering-}
		  derived__Prelude_Show_Ordering
      showList
	  =   default__showList{-Ordering-}
		  derived__Prelude_Show_Ordering
      {-
      showsPrec :: Int -> Ordering -> ShowS
      show :: Ordering -> String
      showList :: [Ordering] -> ShowS
      -}
instance Eq a => Eq [a]
  where
      (==) d1206 []{-a-} []{-a-} = True
      (==) d1206 ((:){-a-} x1 x2) ((:){-a-} y1 y2)
	  =   (&&) ((==){-a-} d1206 x1 y1)
		  ((==){-[a]-} d1202 x2 y2)
	where
	    d1202 = derived__Prelude_Eq_34_65{-a-} d1206
	    {-
	    d1202 :: Eq [a]
	    -}
      (==) d1206 _ _ = False
      (/=) d1210
	  = ($--/=){-[a]-} d1209
	where
	    d1209 = derived__Prelude_Eq_34_65{-a-} d1210
	    {-
	    d1209 :: Eq [a]
	    -}
      {-
      (==) :: forall a . (Eq a) => [a] -> [a] -> Bool
      (/=) :: forall a . (Eq a) => [a] -> [a] -> Bool
      -}
instance Ord a => Ord [a]
  where
      super1_Ord d1215
	  = super{-(Eq [a])-} d1214
	where
	    d1216 = super1_Ord{-a-} d1215
	    d1214 = derived__Prelude_Eq_34_65{-a-} d1216
	    {-
	    d1216 :: Eq a
	    d1214 :: Eq [a]
	    -}
      compare d1249 ((:){-a-} x1 x2) ((:){-a-} y1 y2)
	  =   lexOrder (compare{-a-} d1249 x1 y1)
		  (compare{-[a]-} d1227 x2 y2)
	where
	    d1227 = derived__Prelude_Ord_34_69{-a-} d1249
	    {-
	    d1227 :: Ord [a]
	    -}
      compare d1249 x y
	  =   let cno []{-t1240-}
		      =   let t1233 :: Int
			      t1233 = fromInteger{-Int-} inst__Prelude_Num_Int 0
			      {- t1233 :: Int -}
			  in t1233
		  cno ((:){-t1240-} _ _)
		      = fromInteger{-Int-} inst__Prelude_Num_Int 1
		  {- cno :: forall a . [a] -> Int -}
	      in compare{-Int-} inst__Prelude_Ord_Int (cno{-a-} x)
		     (cno{-a-} y)
      (<) d1253
	  = ($--<){-[a]-} d1252
	where
	    d1252 = derived__Prelude_Ord_34_69{-a-} d1253
	    {-
	    d1252 :: Ord [a]
	    -}
      (<=) d1258
	  = ($--<=){-[a]-} d1257
	where
	    d1257 = derived__Prelude_Ord_34_69{-a-} d1258
	    {-
	    d1257 :: Ord [a]
	    -}
      (>=) d1263
	  = ($-->=){-[a]-} d1262
	where
	    d1262 = derived__Prelude_Ord_34_69{-a-} d1263
	    {-
	    d1262 :: Ord [a]
	    -}
      (>) d1268
	  = ($-->){-[a]-} d1267
	where
	    d1267 = derived__Prelude_Ord_34_69{-a-} d1268
	    {-
	    d1267 :: Ord [a]
	    -}
      max d1273
	  = default__max{-[a]-} d1272
	where
	    d1272 = derived__Prelude_Ord_34_69{-a-} d1273
	    {-
	    d1272 :: Ord [a]
	    -}
      min d1278
	  = default__min{-[a]-} d1277
	where
	    d1277 = derived__Prelude_Ord_34_69{-a-} d1278
	    {-
	    d1277 :: Ord [a]
	    -}
      {-
      super1_Ord :: forall a . (Ord a) => Eq [a]
      compare ::
	  forall a . (Ord a) => [a] -> [a] -> Ordering
      (<) :: forall a . (Ord a) => [a] -> [a] -> Bool
      (<=) :: forall a . (Ord a) => [a] -> [a] -> Bool
      (>=) :: forall a . (Ord a) => [a] -> [a] -> Bool
      (>) :: forall a . (Ord a) => [a] -> [a] -> Bool
      max :: forall a . (Ord a) => [a] -> [a] -> [a]
      min :: forall a . (Ord a) => [a] -> [a] -> [a]
      -}
instance Show a => Show [a]
  where
      showsPrec d1298 d []{-a-} = showString "[]"
      showsPrec d1298 d ((:){-a-} x1 x2)
	  =   showParenArg d
		  ((.){-String String String-} (showString ":")
		       ((.){-String String String-}
			    (showArgument{-a-} d1298 x1)
			    (showArgument{-[a]-} d1296 x2)))
	where
	    d1296 = derived__Prelude_Show_34_59{-a-} d1298
	    {-
	    d1296 :: Show [a]
	    -}
      show d1302
	  = default__show{-[a]-} d1301
	where
	    d1301 = derived__Prelude_Show_34_59{-a-} d1302
	    {-
	    d1301 :: Show [a]
	    -}
      showList d1307
	  = default__showList{-[a]-} d1306
	where
	    d1306 = derived__Prelude_Show_34_59{-a-} d1307
	    {-
	    d1306 :: Show [a]
	    -}
      {-
      showsPrec ::
	  forall a . (Show a) => Int -> [a] -> ShowS
      show :: forall a . (Show a) => [a] -> String
      showList :: forall a . (Show a) => [[a]] -> ShowS
      -}
instance Eq ()
  where
      (==) () () = True
      (/=) = ($--/=){-()-} derived__Prelude_Eq_184_27
      {-
      (==) :: () -> () -> Bool
      (/=) :: () -> () -> Bool
      -}
instance Ord ()
  where
      super1_Ord
	  = super{-(Eq ())-} derived__Prelude_Eq_184_27
      compare x y
	  =   let cno ()
		      =   let t1321 :: Int
			      t1321 = fromInteger{-Int-} inst__Prelude_Num_Int 0
			      {- t1321 :: Int -}
			  in t1321
		  {- cno :: () -> Int -}
	      in compare{-Int-} inst__Prelude_Ord_Int (cno x)
		     (cno y)
      (<) = ($--<){-()-} derived__Prelude_Ord_184_31
      (<=) = ($--<=){-()-} derived__Prelude_Ord_184_31
      (>=) = ($-->=){-()-} derived__Prelude_Ord_184_31
      (>) = ($-->){-()-} derived__Prelude_Ord_184_31
      max = default__max{-()-} derived__Prelude_Ord_184_31
      min = default__min{-()-} derived__Prelude_Ord_184_31
      {-
      super1_Ord :: Eq ()
      compare :: () -> () -> Ordering
      (<) :: () -> () -> Bool
      (<=) :: () -> () -> Bool
      (>=) :: () -> () -> Bool
      (>) :: () -> () -> Bool
      max :: () -> () -> ()
      min :: () -> () -> ()
      -}
instance Show ()
  where
      showsPrec d () = showString "()"
      show
	  = default__show{-()-} derived__Prelude_Show_184_36
      showList
	  =   default__showList{-()-}
		  derived__Prelude_Show_184_36
      {-
      showsPrec :: Int -> () -> ShowS
      show :: () -> String
      showList :: [()] -> ShowS
      -}
instance (Eq a, Eq b) => Eq (a, b)
  where
      (==) d1368 d1369 ((,){-a b-} x1 x2)
	   ((,){-a b-} y1 y2)
	  =   (&&) ((==){-a-} d1368 x1 y1)
		  ((==){-b-} d1369 x2 y2)
      (/=) d1373 d1374
	  = ($--/=){-(a, b)-} d1372
	where
	    d1372 = derived__Prelude_Eq_188_20{-a b-} d1373 d1374
	    {-
	    d1372 :: Eq (a, b)
	    -}
      {-
      (==) ::
	  forall a b . (Eq a, Eq b) => (a, b) -> (a, b) -> Bool
      (/=) ::
	  forall a b . (Eq a, Eq b) => (a, b) -> (a, b) -> Bool
      -}
instance (Ord a, Ord b) => Ord (a, b)
  where
      super1_Ord d1380 d1381
	  = super{-(Eq (a, b))-} d1379
	where
	    d1382 = super1_Ord{-a-} d1380
	    d1383 = super1_Ord{-b-} d1381
	    d1379 = derived__Prelude_Eq_188_20{-a b-} d1382 d1383
	    {-
	    d1382 :: Eq a
	    d1383 :: Eq b
	    d1379 :: Eq (a, b)
	    -}
      compare d1397 d1398 ((,){-a b-} x1 x2)
	      ((,){-a b-} y1 y2)
	  =   lexOrder (compare{-a-} d1397 x1 y1)
		  (compare{-b-} d1398 x2 y2)
      (<) d1402 d1403
	  = ($--<){-(a, b)-} d1401
	where
	    d1401
		= derived__Prelude_Ord_188_24{-a b-} d1402 d1403
	    {-
	    d1401 :: Ord (a, b)
	    -}
      (<=) d1409 d1410
	  = ($--<=){-(a, b)-} d1408
	where
	    d1408
		= derived__Prelude_Ord_188_24{-a b-} d1409 d1410
	    {-
	    d1408 :: Ord (a, b)
	    -}
      (>=) d1416 d1417
	  = ($-->=){-(a, b)-} d1415
	where
	    d1415
		= derived__Prelude_Ord_188_24{-a b-} d1416 d1417
	    {-
	    d1415 :: Ord (a, b)
	    -}
      (>) d1423 d1424
	  = ($-->){-(a, b)-} d1422
	where
	    d1422
		= derived__Prelude_Ord_188_24{-a b-} d1423 d1424
	    {-
	    d1422 :: Ord (a, b)
	    -}
      max d1430 d1431
	  = default__max{-(a, b)-} d1429
	where
	    d1429
		= derived__Prelude_Ord_188_24{-a b-} d1430 d1431
	    {-
	    d1429 :: Ord (a, b)
	    -}
      min d1437 d1438
	  = default__min{-(a, b)-} d1436
	where
	    d1436
		= derived__Prelude_Ord_188_24{-a b-} d1437 d1438
	    {-
	    d1436 :: Ord (a, b)
	    -}
      {-
      super1_Ord ::
	  forall a b . (Ord a, Ord b) => Eq (a, b)
      compare ::
	  forall a b .
	      (Ord a, Ord b) => (a, b) -> (a, b) -> Ordering
      (<) ::
	  forall a b .
	      (Ord a, Ord b) => (a, b) -> (a, b) -> Bool
      (<=) ::
	  forall a b .
	      (Ord a, Ord b) => (a, b) -> (a, b) -> Bool
      (>=) ::
	  forall a b .
	      (Ord a, Ord b) => (a, b) -> (a, b) -> Bool
      (>) ::
	  forall a b .
	      (Ord a, Ord b) => (a, b) -> (a, b) -> Bool
      max ::
	  forall a b .
	      (Ord a, Ord b) => (a, b) -> (a, b) -> (a, b)
      min ::
	  forall a b .
	      (Ord a, Ord b) => (a, b) -> (a, b) -> (a, b)
      -}
instance (Show a, Show b) => Show (a, b)
  where
      showsPrec d1457 d1458 d ((,){-a b-} x1 x2)
	  =   showParenArg d
		  ((.){-String String String-} (showString "(,)")
		       ((.){-String String String-}
			    (showArgument{-a-} d1457 x1)
			    (showArgument{-b-} d1458 x2)))
      show d1462 d1463
	  = default__show{-(a, b)-} d1461
	where
	    d1461
		= derived__Prelude_Show_188_14{-a b-} d1462 d1463
	    {-
	    d1461 :: Show (a, b)
	    -}
      showList d1469 d1470
	  = default__showList{-(a, b)-} d1468
	where
	    d1468
		= derived__Prelude_Show_188_14{-a b-} d1469 d1470
	    {-
	    d1468 :: Show (a, b)
	    -}
      {-
      showsPrec ::
	  forall a b .
	      (Show a, Show b) => Int -> (a, b) -> ShowS
      show ::
	  forall a b . (Show a, Show b) => (a, b) -> String
      showList ::
	  forall a b . (Show a, Show b) => [(a, b)] -> ShowS
      -}
instance (Eq a, Eq b, Eq c) => Eq (a, b, c)
  where
      (==) d1492 d1493 d1494 ((,,){-a b c-} x1 x2 x3)
	   ((,,){-a b c-} y1 y2 y3)
	  =   (&&) ((==){-a-} d1492 x1 y1)
		  ((&&) ((==){-b-} d1493 x2 y2)
		       ((==){-c-} d1494 x3 y3))
      (/=) d1498 d1499 d1500
	  = ($--/=){-(a, b, c)-} d1497
	where
	    d1497
		=   derived__Prelude_Eq_192_20{-a b c-} d1498 d1499
			d1500
	    {-
	    d1497 :: Eq (a, b, c)
	    -}
      {-
      (==) ::
	  forall a b c .
	      (Eq a, Eq b, Eq c) => (a, b, c) -> (a, b, c) -> Bool
      (/=) ::
	  forall a b c .
	      (Eq a, Eq b, Eq c) => (a, b, c) -> (a, b, c) -> Bool
      -}
instance (Ord a, Ord b, Ord c) => Ord (a, b, c)
  where
      super1_Ord d1507 d1508 d1509
	  = super{-(Eq (a, b, c))-} d1506
	where
	    d1510 = super1_Ord{-a-} d1507
	    d1511 = super1_Ord{-b-} d1508
	    d1512 = super1_Ord{-c-} d1509
	    d1506
		=   derived__Prelude_Eq_192_20{-a b c-} d1510 d1511
			d1512
	    {-
	    d1510 :: Eq a
	    d1511 :: Eq b
	    d1512 :: Eq c
	    d1506 :: Eq (a, b, c)
	    -}
      compare d1532 d1533 d1534 ((,,){-a b c-} x1 x2 x3)
	      ((,,){-a b c-} y1 y2 y3)
	  =   lexOrder (compare{-a-} d1532 x1 y1)
		  (lexOrder (compare{-b-} d1533 x2 y2)
		       (compare{-c-} d1534 x3 y3))
      (<) d1538 d1539 d1540
	  = ($--<){-(a, b, c)-} d1537
	where
	    d1537
		=   derived__Prelude_Ord_192_24{-a b c-} d1538 d1539
			d1540
	    {-
	    d1537 :: Ord (a, b, c)
	    -}
      (<=) d1547 d1548 d1549
	  = ($--<=){-(a, b, c)-} d1546
	where
	    d1546
		=   derived__Prelude_Ord_192_24{-a b c-} d1547 d1548
			d1549
	    {-
	    d1546 :: Ord (a, b, c)
	    -}
      (>=) d1556 d1557 d1558
	  = ($-->=){-(a, b, c)-} d1555
	where
	    d1555
		=   derived__Prelude_Ord_192_24{-a b c-} d1556 d1557
			d1558
	    {-
	    d1555 :: Ord (a, b, c)
	    -}
      (>) d1565 d1566 d1567
	  = ($-->){-(a, b, c)-} d1564
	where
	    d1564
		=   derived__Prelude_Ord_192_24{-a b c-} d1565 d1566
			d1567
	    {-
	    d1564 :: Ord (a, b, c)
	    -}
      max d1574 d1575 d1576
	  = default__max{-(a, b, c)-} d1573
	where
	    d1573
		=   derived__Prelude_Ord_192_24{-a b c-} d1574 d1575
			d1576
	    {-
	    d1573 :: Ord (a, b, c)
	    -}
      min d1583 d1584 d1585
	  = default__min{-(a, b, c)-} d1582
	where
	    d1582
		=   derived__Prelude_Ord_192_24{-a b c-} d1583 d1584
			d1585
	    {-
	    d1582 :: Ord (a, b, c)
	    -}
      {-
      super1_Ord ::
	  forall a b c . (Ord a, Ord b, Ord c) => Eq (a, b, c)
      compare ::
	  forall a b c .
	      (Ord a, Ord b, Ord c) =>
		  (a, b, c) -> (a, b, c) -> Ordering
      (<) ::
	  forall a b c .
	      (Ord a, Ord b, Ord c) =>
		  (a, b, c) -> (a, b, c) -> Bool
      (<=) ::
	  forall a b c .
	      (Ord a, Ord b, Ord c) =>
		  (a, b, c) -> (a, b, c) -> Bool
      (>=) ::
	  forall a b c .
	      (Ord a, Ord b, Ord c) =>
		  (a, b, c) -> (a, b, c) -> Bool
      (>) ::
	  forall a b c .
	      (Ord a, Ord b, Ord c) =>
		  (a, b, c) -> (a, b, c) -> Bool
      max ::
	  forall a b c .
	      (Ord a, Ord b, Ord c) =>
		  (a, b, c) -> (a, b, c) -> (a, b, c)
      min ::
	  forall a b c .
	      (Ord a, Ord b, Ord c) =>
		  (a, b, c) -> (a, b, c) -> (a, b, c)
      -}
instance (Show a, Show b, Show c) => Show (a, b, c)
  where
      showsPrec d1612 d1613 d1614 d
		((,,){-a b c-} x1 x2 x3)
	  =   showParenArg d
		  ((.){-String String String-} (showString "(,,)")
		       ((.){-String String String-}
			    (showArgument{-a-} d1612 x1)
			    ((.){-String String String-}
				 (showArgument{-b-} d1613 x2)
				 (showArgument{-c-} d1614 x3))))
      show d1618 d1619 d1620
	  = default__show{-(a, b, c)-} d1617
	where
	    d1617
		=   derived__Prelude_Show_192_14{-a b c-} d1618 d1619
			d1620
	    {-
	    d1617 :: Show (a, b, c)
	    -}
      showList d1627 d1628 d1629
	  = default__showList{-(a, b, c)-} d1626
	where
	    d1626
		=   derived__Prelude_Show_192_14{-a b c-} d1627 d1628
			d1629
	    {-
	    d1626 :: Show (a, b, c)
	    -}
      {-
      showsPrec ::
	  forall a b c .
	      (Show a, Show b, Show c) => Int -> (a, b, c) -> ShowS
      show ::
	  forall a b c .
	      (Show a, Show b, Show c) => (a, b, c) -> String
      showList ::
	  forall a b c .
	      (Show a, Show b, Show c) => [(a, b, c)] -> ShowS
      -}
instance (Eq a, Eq b, Eq c, Eq d) => Eq (a, b, c, d)
  where
      (==) d1658 d1659 d1660 d1661
	   ((,,,){-a b c d-} x1 x2 x3 x4)
	   ((,,,){-a b c d-} y1 y2 y3 y4)
	  =   (&&) ((==){-a-} d1658 x1 y1)
		  ((&&) ((==){-b-} d1659 x2 y2)
		       ((&&) ((==){-c-} d1660 x3 y3)
			    ((==){-d-} d1661 x4 y4)))
      (/=) d1665 d1666 d1667 d1668
	  = ($--/=){-(a, b, c, d)-} d1664
	where
	    d1664
		=   derived__Prelude_Eq_196_20{-a b c d-} d1665 d1666
			d1667
			d1668
	    {-
	    d1664 :: Eq (a, b, c, d)
	    -}
      {-
      (==) ::
	  forall a b c d .
	      (Eq a, Eq b, Eq c, Eq d) =>
		  (a, b, c, d) -> (a, b, c, d) -> Bool
      (/=) ::
	  forall a b c d .
	      (Eq a, Eq b, Eq c, Eq d) =>
		  (a, b, c, d) -> (a, b, c, d) -> Bool
      -}
instance (Ord a, Ord b, Ord c, Ord d) =>
	 Ord (a, b, c, d)
  where
      super1_Ord d1676 d1677 d1678 d1679
	  = super{-(Eq (a, b, c, d))-} d1675
	where
	    d1680 = super1_Ord{-a-} d1676
	    d1681 = super1_Ord{-b-} d1677
	    d1682 = super1_Ord{-c-} d1678
	    d1683 = super1_Ord{-d-} d1679
	    d1675
		=   derived__Prelude_Eq_196_20{-a b c d-} d1680 d1681
			d1682
			d1683
	    {-
	    d1680 :: Eq a
	    d1681 :: Eq b
	    d1682 :: Eq c
	    d1683 :: Eq d
	    d1675 :: Eq (a, b, c, d)
	    -}
      compare d1709 d1710 d1711 d1712
	      ((,,,){-a b c d-} x1 x2 x3 x4)
	      ((,,,){-a b c d-} y1 y2 y3 y4)
	  =   lexOrder (compare{-a-} d1709 x1 y1)
		  (lexOrder (compare{-b-} d1710 x2 y2)
		       (lexOrder (compare{-c-} d1711 x3 y3)
			    (compare{-d-} d1712 x4 y4)))
      (<) d1716 d1717 d1718 d1719
	  = ($--<){-(a, b, c, d)-} d1715
	where
	    d1715
		=   derived__Prelude_Ord_196_24{-a b c d-} d1716
			d1717
			d1718
			d1719
	    {-
	    d1715 :: Ord (a, b, c, d)
	    -}
      (<=) d1727 d1728 d1729 d1730
	  = ($--<=){-(a, b, c, d)-} d1726
	where
	    d1726
		=   derived__Prelude_Ord_196_24{-a b c d-} d1727
			d1728
			d1729
			d1730
	    {-
	    d1726 :: Ord (a, b, c, d)
	    -}
      (>=) d1738 d1739 d1740 d1741
	  = ($-->=){-(a, b, c, d)-} d1737
	where
	    d1737
		=   derived__Prelude_Ord_196_24{-a b c d-} d1738
			d1739
			d1740
			d1741
	    {-
	    d1737 :: Ord (a, b, c, d)
	    -}
      (>) d1749 d1750 d1751 d1752
	  = ($-->){-(a, b, c, d)-} d1748
	where
	    d1748
		=   derived__Prelude_Ord_196_24{-a b c d-} d1749
			d1750
			d1751
			d1752
	    {-
	    d1748 :: Ord (a, b, c, d)
	    -}
      max d1760 d1761 d1762 d1763
	  = default__max{-(a, b, c, d)-} d1759
	where
	    d1759
		=   derived__Prelude_Ord_196_24{-a b c d-} d1760
			d1761
			d1762
			d1763
	    {-
	    d1759 :: Ord (a, b, c, d)
	    -}
      min d1771 d1772 d1773 d1774
	  = default__min{-(a, b, c, d)-} d1770
	where
	    d1770
		=   derived__Prelude_Ord_196_24{-a b c d-} d1771
			d1772
			d1773
			d1774
	    {-
	    d1770 :: Ord (a, b, c, d)
	    -}
      {-
      super1_Ord ::
	  forall a b c d .
	      (Ord a, Ord b, Ord c, Ord d) => Eq (a, b, c, d)
      compare ::
	  forall a b c d .
	      (Ord a, Ord b, Ord c, Ord d) =>
		  (a, b, c, d) -> (a, b, c, d) -> Ordering
      (<) ::
	  forall a b c d .
	      (Ord a, Ord b, Ord c, Ord d) =>
		  (a, b, c, d) -> (a, b, c, d) -> Bool
      (<=) ::
	  forall a b c d .
	      (Ord a, Ord b, Ord c, Ord d) =>
		  (a, b, c, d) -> (a, b, c, d) -> Bool
      (>=) ::
	  forall a b c d .
	      (Ord a, Ord b, Ord c, Ord d) =>
		  (a, b, c, d) -> (a, b, c, d) -> Bool
      (>) ::
	  forall a b c d .
	      (Ord a, Ord b, Ord c, Ord d) =>
		  (a, b, c, d) -> (a, b, c, d) -> Bool
      max ::
	  forall a b c d .
	      (Ord a, Ord b, Ord c, Ord d) =>
		  (a, b, c, d) -> (a, b, c, d) -> (a, b, c, d)
      min ::
	  forall a b c d .
	      (Ord a, Ord b, Ord c, Ord d) =>
		  (a, b, c, d) -> (a, b, c, d) -> (a, b, c, d)
      -}
instance (Show a, Show b, Show c, Show d) =>
	 Show (a, b, c, d)
  where
      showsPrec d1809 d1810 d1811 d1812 d
		((,,,){-a b c d-} x1 x2 x3 x4)
	  =   showParenArg d
		  ((.){-String String String-} (showString "(,,,)")
		       ((.){-String String String-}
			    (showArgument{-a-} d1809 x1)
			    ((.){-String String String-}
				 (showArgument{-b-} d1810 x2)
				 ((.){-String String String-}
				      (showArgument{-c-} d1811 x3)
				      (showArgument{-d-} d1812 x4)))))
      show d1816 d1817 d1818 d1819
	  = default__show{-(a, b, c, d)-} d1815
	where
	    d1815
		=   derived__Prelude_Show_196_14{-a b c d-} d1816
			d1817
			d1818
			d1819
	    {-
	    d1815 :: Show (a, b, c, d)
	    -}
      showList d1827 d1828 d1829 d1830
	  = default__showList{-(a, b, c, d)-} d1826
	where
	    d1826
		=   derived__Prelude_Show_196_14{-a b c d-} d1827
			d1828
			d1829
			d1830
	    {-
	    d1826 :: Show (a, b, c, d)
	    -}
      {-
      showsPrec ::
	  forall a b c d .
	      (Show a, Show b, Show c, Show d) =>
		  Int -> (a, b, c, d) -> ShowS
      show ::
	  forall a b c d .
	      (Show a, Show b, Show c, Show d) =>
		  (a, b, c, d) -> String
      showList ::
	  forall a b c d .
	      (Show a, Show b, Show c, Show d) =>
		  [(a, b, c, d)] -> ShowS
      -}
