

 ---- Type checking AModule "Main" ----



 ---- the types of identifiers ---- 

Main.100_delete :: (Num a,Ord a) => a -> [Char] -> [Char]
Main.10_writeStr :: [a] -> (b -> [a]) -> b -> [a]
Main.113_loop :: Int -> [Char] -> [Char] -> [Char]
Main.114_delete :: Int -> [Char] -> [Char] -> [Char]
Main.115_return :: [Char] -> [Char] -> [Char]
Main.11_readLine :: [Char] -> ([Char] -> [Char] -> [Char]) -> [Char] -> [Char]
Main.12_writeAt :: (Show a,Show b) => (b,a) -> [Char] -> (c -> [Char]) -> c -> [Char]
Main.13_moveTo :: (Show a,Show b) => (b,a) -> (c -> [Char]) -> c -> [Char]
Main.145_robot :: (a,b) -> Bool
Main.146_dir :: Main.Direction -> Main.Square
Main.147_cn :: (a,b) -> Bool
Main.148_output :: (a,b) -> Main.Square
Main.149_minx :: a
Main.14_readAt :: (Show a,Show b) => (a,b) -> Int -> ([Char] -> [Char] -> [Char]) -> [Char] -> [Char]
Main.150_maxx :: a
Main.151_miny :: a
Main.152_maxy :: a
Main.159_y :: a
Main.15_defReadAt :: (Show a,Show b) => (a,b) -> Int -> [Char] -> ([Char] -> [Char] -> [Char]) -> [Char] -> [Char]
Main.160_x :: a
Main.164_displaychar :: Main.Square -> IO ()
Main.165_display2 :: [Main.Square] -> IO ()
Main.16_promptReadAt :: Show a => (Int,a) -> Int -> [Char] -> ([Char] -> [Char] -> [Char]) -> [Char] -> [Char]
Main.177_initialrobopos :: (a,b)
Main.178_seekmode :: (((a,b),Main.Direction,c),(a,b)) -> IO ()
Main.179_returnmode :: (((a,b),Main.Direction,c),(a,b)) -> IO ()
Main.17_defPromptReadAt :: Show a => (Int,a) -> Int -> [Char] -> [Char] -> ([Char] -> [Char] -> [Char]) -> [Char] -> [Char]
Main.181_sensordata :: a
Main.182_dist :: a
Main.183_newPatRhs_From_Desugaring0 :: (((a,b),Main.Direction,c),(a,b))
Main.184_robot :: ((a,b),Main.Direction,c)
Main.185_mv :: a
Main.186_newstate' :: a
Main.187_newstate :: (((a,b),Main.Direction,c),(a,b))
Main.18_constructfield :: (Enum a,Enum b,Ord a,Ord b) => (((a,b),Main.Direction,c),(a,b)) -> [[Main.Square]]
Main.190_newPatRhs_From_Desugaring1 :: (((a,b),Main.Direction,c),(a,b))
Main.191_robot :: ((a,b),Main.Direction,c)
Main.192_newPatRhs_From_Desugaring2 :: ((a,b),Main.Direction,c)
Main.193_pos :: (a,b)
Main.196_sensordata :: a
Main.197_mv :: a
Main.198_newstate' :: a
Main.199_newstate :: (((a,b),Main.Direction,c),(a,b))
Main.19_display :: [[Main.Square]] -> IO ()
Main.1_at :: (Show a,Show b) => (b,a) -> [Char] -> [Char]
Main.201_newPatRhs_From_Desugaring3 :: ((a,b,c),d)
Main.202_rb :: (a,b,c)
Main.203_cpos :: a
Main.204_newPatRhs_From_Desugaring4 :: (a,b,c)
Main.205_dir :: a
Main.20_runRobot :: (Num a,Enum b,Enum c,Ord b,Ord c) => ((((b,c),Main.Direction,d),(b,c)) -> (b,c)) -> ((((b,c),Main.Direction,d),(b,c)) -> Bool) -> ((((b,c),Main.Direction,d),(b,c)) -> e) -> ((((b,c),Main.Direction,d),(b,c)) -> a) -> (f -> a -> g -> (((b,c),Main.Direction,d),(b,c))) -> (f -> (((b,c),Main.Direction,d),(b,c)) -> g) -> ((((b,c),Main.Direction,d),e,a) -> f) -> ((((b,c),Main.Direction,d),e) -> f) -> (((b,c),Main.Direction,d),(b,c)) -> IO ()
Main.210_newPatRhs_From_Desugaring5 :: ((a,b,c),d)
Main.211_rb :: (a,b,c)
Main.212_cpos :: a
Main.213_newPatRhs_From_Desugaring6 :: (a,b,c)
Main.214_pos :: a
Main.219_newPatRhs_From_Desugaring7 :: ((a,b,c),d)
Main.21_direction :: ((a,b,c),d) -> b
Main.220_rb :: (a,b,c)
Main.221_cpos :: a
Main.222_newPatRhs_From_Desugaring8 :: (a,b,c)
Main.223_his :: a
Main.22_position :: ((a,b,c),d) -> a
Main.230_newPatRhs_From_Desugaring9 :: ((a,b,[(c,d)]),e)
Main.231_rb :: (a,b,[(c,d)])
Main.232_cpos :: a
Main.233_newPatRhs_From_Desugaring10 :: (a,b,[(c,d)])
Main.234_pos :: a
Main.235_dir :: a
Main.236_his :: [(a,b)]
Main.23_history :: ((a,b,c),d) -> c
Main.243_newPatRhs_From_Desugaring11 :: (((a,a),b,c),(a,a))
Main.244_rb :: ((a,a),b,c)
Main.245_cx :: a
Main.246_cy :: a
Main.247_newPatRhs_From_Desugaring12 :: ((a,a),b,c)
Main.248_rx :: a
Main.249_ry :: a
Main.24_updateHistory :: a -> b -> ((c,d,[(a,b)]),e) -> ((c,d,[(a,b)]),e)
Main.250_dir :: a
Main.251_his :: a
Main.252_xd :: a
Main.253_yd :: a
Main.25_distanceToCoin :: (Integral a,Integral b) => (((a,a),c,d),(a,a)) -> b
Main.262_newPatRhs_From_Desugaring13 :: ((a,b,c),a)
Main.263_rb :: (a,b,c)
Main.264_cpos :: a
Main.265_newPatRhs_From_Desugaring14 :: (a,b,c)
Main.266_rpos :: a
Main.26_hitCoin :: Eq a => ((a,b,c),a) -> Bool
Main.271_newPatRhs_From_Desugaring15 :: (((a,b),Main.Direction,c),d)
Main.272_rb :: ((a,b),Main.Direction,c)
Main.273_cpos :: a
Main.274_newPatRhs_From_Desugaring16 :: ((a,b),Main.Direction,c)
Main.275_rx :: a
Main.276_ry :: a
Main.277_dir :: Main.Direction
Main.278_his :: a
Main.279_newPatRhs_From_Desugaring17 :: (a,b)
Main.27_mvRobotForward :: (Num a,Num b) => (((a,b),Main.Direction,c),d) -> (((a,b),Main.Direction,c),d)
Main.280_nx :: a
Main.281_ny :: a
Main.282_newXY :: Main.Direction -> (a,b)
Main.28_turnRobotLeft :: ((a,Main.Direction,b),c) -> ((a,Main.Direction,b),c)
Main.292_newPatRhs_From_Desugaring18 :: ((a,Main.Direction,b),c)
Main.293_rb :: (a,Main.Direction,b)
Main.294_cpos :: a
Main.295_newPatRhs_From_Desugaring19 :: (a,Main.Direction,b)
Main.296_rpos :: a
Main.297_dir :: Main.Direction
Main.298_his :: a
Main.299_ndir :: Main.Direction -> Main.Direction
Main.29_turnRobotRight :: ((a,Main.Direction,b),c) -> ((a,Main.Direction,b),c)
Main.2_highlight :: [Char] -> [Char]
Main.306_newPatRhs_From_Desugaring20 :: ((a,Main.Direction,b),c)
Main.307_rb :: (a,Main.Direction,b)
Main.308_cpos :: a
Main.309_newPatRhs_From_Desugaring21 :: (a,Main.Direction,b)
Main.30_performMv :: (Num a,Num b) => Main.Move -> (((b,a),Main.Direction,c),d) -> (((b,a),Main.Direction,c),d)
Main.310_rpos :: a
Main.311_dir :: Main.Direction
Main.312_his :: a
Main.313_ndir :: Main.Direction -> Main.Direction
Main.31_sensor :: (Num a,Num b) => (((a,b),Main.Direction,c),(a,b)) -> (Main.Square,Main.Square,Main.Square)
Main.320_newPatRhs_From_Desugaring22 :: (((a,b),Main.Direction,c),(a,b))
Main.321_rb :: ((a,b),Main.Direction,c)
Main.322_cpos :: (a,b)
Main.323_newPatRhs_From_Desugaring23 :: ((a,b),Main.Direction,c)
Main.324_rx :: a
Main.325_ry :: a
Main.326_dir :: Main.Direction
Main.327_his :: a
Main.328_newPatRhs_From_Desugaring24 :: ((a,b),(a,b),(a,b))
Main.329_l :: (a,b)
Main.32_immHistory :: (Ord a,Num a,Num b,Num c,Num d) => Bool -> [(Main.Move,a)] -> (d,b,c)
Main.330_f :: (a,b)
Main.331_r :: (a,b)
Main.332_lfr :: Main.Direction -> ((a,b),(a,b),(a,b))
Main.333_contents :: (a,b) -> Main.Square
Main.33_makeMove :: (Ord a,Num a) => Bool -> [(Main.Move,a)] -> Main.Move
Main.346_help1 :: (Num a,Num b,Num c,Num d,Ord d) => (a,c,b) -> [(Main.Move,d)] -> (a,c,b)
Main.347_help2 :: (Num a,Num b,Num c,Ord c) => (d,a,b) -> [(Main.Move,c)] -> (d,a,b)
Main.348_help3 :: (Num a,Num b,Ord b) => (c,d,a) -> [(Main.Move,b)] -> (c,d,a)
Main.34_seekCoin :: (Num a,Ord a) => ((b,c,[(Main.Move,a)]),d,e) -> Main.Move
Main.35_returnCoin :: (Num a,Ord a) => ((b,c,[(Main.Move,a)]),d) -> Main.Move
Main.36_animate :: (Ord a,Num a,Integral b) => a -> (b,b) -> Main.Direction -> (b,b) -> IO ()
Main.374_newPatRhs_From_Desugaring25 :: (a,a,a)
Main.375_j :: a
Main.376_k :: a
Main.377_l :: a
Main.37_runRobot' :: (Integral a,Integral b,Num c,Integral d,Integral e,Num f,Ord f) => f -> ((((e,d),g,h),(b,a)) -> (e,d)) -> ((((e,d),g,h),(b,a)) -> Bool) -> ((((e,d),g,h),(b,a)) -> i) -> ((((e,d),g,h),(b,a)) -> c) -> (Main.Move -> c -> j -> (((e,d),g,h),(b,a))) -> (Main.Move -> (((e,d),g,h),(b,a)) -> j) -> ((((e,d),g,h),i,c) -> Main.Move) -> ((((e,d),g,h),i) -> Main.Move) -> (((e,d),g,h),(b,a)) -> IO ()
Main.384_newPatRhs_From_Desugaring26 :: (a,b,[(Main.Move,c)])
Main.385_mvs :: [(Main.Move,a)]
Main.389_newPatRhs_From_Desugaring27 :: (a,b,[(Main.Move,c)])
Main.38_runI :: ([Char] -> [Char]) -> IO ()
Main.390_mvs :: [(Main.Move,a)]
Main.398_initState :: (((a,a),Main.Direction,[(Main.Move,b)]),(a,a))
Main.399_distToCoin :: a
Main.39_displayAnsi :: (Integral a,Integral b,Num c,Ord c,Integral d,Integral e) => Maybe Main.Move -> c -> Main.Mode -> (d,e) -> (((b,a),f,g),(h,i)) -> (j -> [Char]) -> j -> [Char]
Main.3_goto :: (Show a,Show b) => a -> b -> [Char]
Main.400_xd :: a
Main.401_yd :: a
Main.40_safeWriteAt :: (Integral a,Integral b) => (b,a) -> [Char] -> (c -> [Char]) -> c -> [Char]
Main.412_initialrobopos :: (a,b)
Main.413_seekmode :: (((a,b),c,d),(e,f)) -> (g -> [Char]) -> g -> [Char]
Main.414_returnmode :: (((a,b),c,d),(e,f)) -> (g -> [Char]) -> g -> [Char]
Main.417_sensordata :: a
Main.418_dist :: a
Main.419_newPatRhs_From_Desugaring28 :: (((a,b),c,d),(e,f))
Main.41_initGrid :: (Integral a,Integral b,Integral c,Integral d) => (((c,d),e,f),(a,b)) -> (g -> [Char]) -> g -> [Char]
Main.420_robot :: ((a,b),c,d)
Main.421_mv :: Main.Move
Main.422_newstate' :: a
Main.423_newstate :: (((a,b),c,d),(e,f))
Main.427_newPatRhs_From_Desugaring29 :: (((a,b),c,d),(e,f))
Main.428_robot :: ((a,b),c,d)
Main.429_newPatRhs_From_Desugaring30 :: ((a,b),c,d)
Main.42_showMove :: Maybe Main.Move -> [Char]
Main.430_pos :: (a,b)
Main.433_sensordata :: a
Main.434_mv :: Main.Move
Main.435_newstate' :: a
Main.436_newstate :: (((a,b),c,d),(e,f))
Main.43_interactList :: [a -> a] -> a -> a
Main.449_isSeek :: Main.Mode -> Bool
Main.44_pause :: (Num a,Ord a) => a -> b -> b
Main.450_writeMode :: [Char] -> [Char] -> a -> [Char]
Main.451_robPos :: (a,b)
Main.452_initPos :: (a,b)
Main.453_initPos' :: (a,b)
Main.45_fib :: (Num a,Num b) => b -> a
Main.46_home :: [Char]
Main.47_cls :: [Char]
Main.48_ringBell :: (a -> [Char]) -> a -> [Char]
Main.49_clearScreen :: (a -> [Char]) -> a -> [Char]
Main.4_end :: a -> [Char]
Main.50_emptyHistory :: [(Main.Move,Integer)]
Main.51_samplestate :: (((Integer,Integer),Main.Direction,[(Main.Move,Integer)]),(Integer,Integer))
Main.52_main :: IO ()
Main.5_readChar :: ([a] -> b) -> (c -> [c] -> b) -> [c] -> b
Main.6_peekChar :: ([a] -> b) -> (c -> [c] -> b) -> [c] -> b
Main.7_pressAnyKey :: ([a] -> b) -> [a] -> b
Main.86_line :: [Char]
Main.87_input' :: [Char]
Main.88_after :: Eq a => a -> [a] -> [a]
Main.89_before :: Eq a => a -> [a] -> [a]
Main.8_unreadChar :: a -> ([a] -> b) -> [a] -> b
Main.90_rubout :: Char -> Bool
Main.91_lineOut :: (Num a,Ord a) => a -> [Char] -> [Char]
Main.92_noBackSpaces :: [Char] -> [Char]
Main.9_writeChar :: a -> (b -> [a]) -> b -> [a]
