

 ---- Type checking AModule "Main" ----



 ---- the types of identifiers ---- 

Main.108_loop :: Int -> [Char] -> [Char] -> [Char]
Main.109_delete :: Int -> [Char] -> [Char] -> [Char]
Main.10_drawSprite :: Main.Sprite -> ([Char] -> [Char]) -> [Char] -> [Char]
Main.110_return :: [Char] -> [Char] -> [Char]
Main.11_drawSpriteImage :: [((Int,Int),Char)] -> (Int,Int) -> ([Char] -> [Char]) -> [Char] -> [Char]
Main.12_blankSprite :: Main.Sprite -> ([Char] -> [Char]) -> [Char] -> [Char]
Main.13_blankSpriteImage :: [((Int,Int),Char)] -> (Int,Int) -> ([Char] -> [Char]) -> [Char] -> [Char]
Main.14_safeWritePixel :: (Int,Int) -> Char -> ([Char] -> [Char]) -> [Char] -> [Char]
Main.15_runI :: ([Char] -> [Char]) -> IO ()
Main.16_interactList :: [([Char] -> [Char]) -> [Char] -> [Char]] -> ([Char] -> [Char]) -> [Char] -> [Char]
Main.17_pause :: Int -> ([Char] -> [Char]) -> [Char] -> [Char]
Main.18_fib :: Int -> Int
Main.19_end :: [Char] -> [Char]
Main.1_writeAt :: (Int,Int) -> [Char] -> ([Char] -> [Char]) -> [Char] -> [Char]
Main.209_line :: [Char]
Main.20_readChar :: ([Char] -> [Char]) -> (Char -> [Char] -> [Char]) -> [Char] -> [Char]
Main.210_input' :: [Char]
Main.211_after :: Eq a => a -> [a] -> [a]
Main.212_before :: Eq a => a -> [a] -> [a]
Main.213_rubout :: Char -> Bool
Main.214_lineOut :: Int -> [Char] -> [Char]
Main.215_noBackSpaces :: [Char] -> [Char]
Main.21_peekChar :: ([Char] -> [Char]) -> (Char -> [Char] -> [Char]) -> [Char] -> [Char]
Main.223_delete :: (Num a,Ord a) => a -> [Char] -> [Char]
Main.22_pressAnyKey :: ([Char] -> [Char]) -> [Char] -> [Char]
Main.23_unreadChar :: Char -> ([Char] -> [Char]) -> [Char] -> [Char]
Main.24_writeChar :: Char -> ([Char] -> [Char]) -> [Char] -> [Char]
Main.25_writeStr :: [Char] -> ([Char] -> [Char]) -> [Char] -> [Char]
Main.26_readLine :: [Char] -> ([Char] -> [Char] -> [Char]) -> [Char] -> [Char]
Main.27_getTick :: (Int,Main.Sprite,[Main.Sprite],[Main.Sprite],[Main.Sprite],[Main.Sprite],Int,Int,Int) -> Int
Main.28_getGun :: (Int,Main.Sprite,[Main.Sprite],[Main.Sprite],[Main.Sprite],[Main.Sprite],Int,Int,Int) -> Main.Sprite
Main.29_getGunBullets :: (Int,Main.Sprite,[Main.Sprite],[Main.Sprite],[Main.Sprite],[Main.Sprite],Int,Int,Int) -> [Main.Sprite]
Main.2_moveTo :: (Int,Int) -> ([Char] -> [Char]) -> [Char] -> [Char]
Main.30_getInvaders :: (Int,Main.Sprite,[Main.Sprite],[Main.Sprite],[Main.Sprite],[Main.Sprite],Int,Int,Int) -> [Main.Sprite]
Main.31_getInvBullets :: (Int,Main.Sprite,[Main.Sprite],[Main.Sprite],[Main.Sprite],[Main.Sprite],Int,Int,Int) -> [Main.Sprite]
Main.32_getExplosions :: (Int,Main.Sprite,[Main.Sprite],[Main.Sprite],[Main.Sprite],[Main.Sprite],Int,Int,Int) -> [Main.Sprite]
Main.337_isInputReady :: Bool
Main.33_getScore :: (Int,Main.Sprite,[Main.Sprite],[Main.Sprite],[Main.Sprite],[Main.Sprite],Int,Int,Int) -> Int
Main.341_tick :: Int
Main.342_newTick :: Int
Main.343_newGameState :: (Int,Main.Sprite,[Main.Sprite],[Main.Sprite],[Main.Sprite],[Main.Sprite],Int,Int,Int)
Main.344_gunSprite :: Main.Sprite
Main.345_bullets :: [Main.Sprite]
Main.346_nb :: Main.Sprite
Main.347_newGameState' :: (Int,Main.Sprite,[Main.Sprite],[Main.Sprite],[Main.Sprite],[Main.Sprite],Int,Int,Int)
Main.34_getLives :: (Int,Main.Sprite,[Main.Sprite],[Main.Sprite],[Main.Sprite],[Main.Sprite],Int,Int,Int) -> Int
Main.350_gunSprite :: Main.Sprite
Main.351_rightGunSprite :: Main.Sprite
Main.352_newGameState :: (Int,Main.Sprite,[Main.Sprite],[Main.Sprite],[Main.Sprite],[Main.Sprite],Int,Int,Int)
Main.353_leftGunSprite :: Main.Sprite
Main.354_newGameState :: (Int,Main.Sprite,[Main.Sprite],[Main.Sprite],[Main.Sprite],[Main.Sprite],Int,Int,Int)
Main.356_tick :: Int
Main.357_gunBullets :: [Main.Sprite]
Main.358_invaders :: [Main.Sprite]
Main.359_explosions :: [Main.Sprite]
Main.35_getLevel :: (Int,Main.Sprite,[Main.Sprite],[Main.Sprite],[Main.Sprite],[Main.Sprite],Int,Int,Int) -> Int
Main.360_gun :: Main.Sprite
Main.361_invBullets :: [Main.Sprite]
Main.362_score :: Int
Main.363_lives :: Int
Main.364_newPatRhs_From_Desugaring0 :: ([Main.Sprite],[Main.Sprite],[(Int,Int)])
Main.365_remGunBullets :: [Main.Sprite]
Main.366_remInvaders :: [Main.Sprite]
Main.367_collisions :: [(Int,Int)]
Main.36_makeGameState :: Int -> Main.Sprite -> [Main.Sprite] -> [Main.Sprite] -> [Main.Sprite] -> [Main.Sprite] -> Int -> Int -> Int -> (Int,Main.Sprite,[Main.Sprite],[Main.Sprite],[Main.Sprite],[Main.Sprite],Int,Int,Int)
Main.371_newInvExplosions :: [Main.Sprite]
Main.373_remInvBullets :: [Main.Sprite]
Main.374_isGunHit :: Bool
Main.375_newPatRhs_From_Desugaring1 :: ([Main.Sprite],Int)
Main.376_newGunExplosion :: [Main.Sprite]
Main.377_newLives :: Int
Main.37_modifyTickInState :: (Int,Main.Sprite,[Main.Sprite],[Main.Sprite],[Main.Sprite],[Main.Sprite],Int,Int,Int) -> Int -> (Int,Main.Sprite,[Main.Sprite],[Main.Sprite],[Main.Sprite],[Main.Sprite],Int,Int,Int)
Main.380_newGameState1 :: (Int,Main.Sprite,[Main.Sprite],[Main.Sprite],[Main.Sprite],[Main.Sprite],Int,Int,Int)
Main.381_newGameState2 :: (Int,Main.Sprite,[Main.Sprite],[Main.Sprite],[Main.Sprite],[Main.Sprite],Int,Int,Int)
Main.382_newGameState3 :: (Int,Main.Sprite,[Main.Sprite],[Main.Sprite],[Main.Sprite],[Main.Sprite],Int,Int,Int)
Main.383_newScore :: Int
Main.384_newGameState4 :: (Int,Main.Sprite,[Main.Sprite],[Main.Sprite],[Main.Sprite],[Main.Sprite],Int,Int,Int)
Main.385_newGameState5 :: (Int,Main.Sprite,[Main.Sprite],[Main.Sprite],[Main.Sprite],[Main.Sprite],Int,Int,Int)
Main.386_newGameState6 :: (Int,Main.Sprite,[Main.Sprite],[Main.Sprite],[Main.Sprite],[Main.Sprite],Int,Int,Int)
Main.388_tick :: Int
Main.389_explosions :: [Main.Sprite]
Main.38_modifyGunInState :: (Int,Main.Sprite,[Main.Sprite],[Main.Sprite],[Main.Sprite],[Main.Sprite],Int,Int,Int) -> Main.Sprite -> (Int,Main.Sprite,[Main.Sprite],[Main.Sprite],[Main.Sprite],[Main.Sprite],Int,Int,Int)
Main.390_visibleExplosions :: [Main.Sprite]
Main.391_newExplosions :: [Main.Sprite]
Main.392_newGameState :: (Int,Main.Sprite,[Main.Sprite],[Main.Sprite],[Main.Sprite],[Main.Sprite],Int,Int,Int)
Main.39_modifyGunBulletsInState :: (Int,Main.Sprite,[Main.Sprite],[Main.Sprite],[Main.Sprite],[Main.Sprite],Int,Int,Int) -> [Main.Sprite] -> (Int,Main.Sprite,[Main.Sprite],[Main.Sprite],[Main.Sprite],[Main.Sprite],Int,Int,Int)
Main.3_readAt :: (Int,Int) -> Int -> ([Char] -> [Char] -> [Char]) -> [Char] -> [Char]
Main.40_modifyInvadersInState :: (Int,Main.Sprite,[Main.Sprite],[Main.Sprite],[Main.Sprite],[Main.Sprite],Int,Int,Int) -> [Main.Sprite] -> (Int,Main.Sprite,[Main.Sprite],[Main.Sprite],[Main.Sprite],[Main.Sprite],Int,Int,Int)
Main.415_collideAny :: Main.Sprite -> [Main.Sprite] -> [Main.Sprite] -> Maybe ([Main.Sprite],(Int,Int))
Main.41_modifyInvBulletsInState :: (Int,Main.Sprite,[Main.Sprite],[Main.Sprite],[Main.Sprite],[Main.Sprite],Int,Int,Int) -> [Main.Sprite] -> (Int,Main.Sprite,[Main.Sprite],[Main.Sprite],[Main.Sprite],[Main.Sprite],Int,Int,Int)
Main.422_newPatRhs_From_Desugaring2 :: ([Main.Sprite],[Main.Sprite],[(Int,Int)])
Main.423_restBs :: [Main.Sprite]
Main.424_restInvaders :: [Main.Sprite]
Main.425_restColls :: [(Int,Int)]
Main.42_modifyExpsInState :: (Int,Main.Sprite,[Main.Sprite],[Main.Sprite],[Main.Sprite],[Main.Sprite],Int,Int,Int) -> [Main.Sprite] -> (Int,Main.Sprite,[Main.Sprite],[Main.Sprite],[Main.Sprite],[Main.Sprite],Int,Int,Int)
Main.431_newPatRhs_From_Desugaring3 :: ([Main.Sprite],[Main.Sprite],[(Int,Int)])
Main.432_restBs :: [Main.Sprite]
Main.433_restInvaders :: [Main.Sprite]
Main.434_restColls :: [(Int,Int)]
Main.43_modifyScoreInState :: (Int,Main.Sprite,[Main.Sprite],[Main.Sprite],[Main.Sprite],[Main.Sprite],Int,Int,Int) -> Int -> (Int,Main.Sprite,[Main.Sprite],[Main.Sprite],[Main.Sprite],[Main.Sprite],Int,Int,Int)
Main.442_gunBullets :: [Main.Sprite]
Main.443_invBullets :: [Main.Sprite]
Main.444_tick :: Int
Main.445_visibleGunBullets :: [Main.Sprite]
Main.447_visibleInvBullets :: [Main.Sprite]
Main.449_movedGunBullets :: [Main.Sprite]
Main.44_modifyLivesInState :: (Int,Main.Sprite,[Main.Sprite],[Main.Sprite],[Main.Sprite],[Main.Sprite],Int,Int,Int) -> Int -> (Int,Main.Sprite,[Main.Sprite],[Main.Sprite],[Main.Sprite],[Main.Sprite],Int,Int,Int)
Main.450_newGameState1 :: (Int,Main.Sprite,[Main.Sprite],[Main.Sprite],[Main.Sprite],[Main.Sprite],Int,Int,Int)
Main.451_movedInvBullets :: [Main.Sprite]
Main.452_newGameState2 :: (Int,Main.Sprite,[Main.Sprite],[Main.Sprite],[Main.Sprite],[Main.Sprite],Int,Int,Int)
Main.453_newGameState1 :: (Int,Main.Sprite,[Main.Sprite],[Main.Sprite],[Main.Sprite],[Main.Sprite],Int,Int,Int)
Main.454_newGameState2 :: (Int,Main.Sprite,[Main.Sprite],[Main.Sprite],[Main.Sprite],[Main.Sprite],Int,Int,Int)
Main.456_invaders :: [Main.Sprite]
Main.457_tick :: Int
Main.458_visibleInvaders :: [Main.Sprite]
Main.45_modifyLevelInState :: (Int,Main.Sprite,[Main.Sprite],[Main.Sprite],[Main.Sprite],[Main.Sprite],Int,Int,Int) -> Int -> (Int,Main.Sprite,[Main.Sprite],[Main.Sprite],[Main.Sprite],[Main.Sprite],Int,Int,Int)
Main.460_invadersMoved :: [Main.Sprite]
Main.461_newState :: (Int,Main.Sprite,[Main.Sprite],[Main.Sprite],[Main.Sprite],[Main.Sprite],Int,Int,Int)
Main.462_newState :: (Int,Main.Sprite,[Main.Sprite],[Main.Sprite],[Main.Sprite],[Main.Sprite],Int,Int,Int)
Main.464_invaders :: [Main.Sprite]
Main.465_invBullets :: [Main.Sprite]
Main.466_tick :: Int
Main.468_bulletCoord :: (Int,Int)
Main.469_newState :: (Int,Main.Sprite,[Main.Sprite],[Main.Sprite],[Main.Sprite],[Main.Sprite],Int,Int,Int)
Main.46_readKeyBoard :: Int -> IO (Maybe Char)
Main.47_loopInput :: (Int,Main.Sprite,[Main.Sprite],[Main.Sprite],[Main.Sprite],[Main.Sprite],Int,Int,Int) -> IO ()
Main.480_newMotIndex :: Int
Main.481_newPatRhs_From_Desugaring4 :: (Int,Int)
Main.482_xOffset :: Int
Main.483_yOffset :: Int
Main.484_newImgIndex :: Int
Main.48_moveGunSprite :: Maybe Char -> (Int,Main.Sprite,[Main.Sprite],[Main.Sprite],[Main.Sprite],[Main.Sprite],Int,Int,Int) -> IO ()
Main.493_level :: Int
Main.494_score :: Int
Main.495_lives :: Int
Main.496_gun :: Main.Sprite
Main.497_action1 :: ([Char] -> [Char]) -> [Char] -> [Char]
Main.498_action2 :: ([Char] -> [Char]) -> [Char] -> [Char]
Main.49_collisions :: (Int,Main.Sprite,[Main.Sprite],[Main.Sprite],[Main.Sprite],[Main.Sprite],Int,Int,Int) -> IO ()
Main.4_defReadAt :: (Int,Int) -> Int -> [Char] -> ([Char] -> [Char] -> [Char]) -> [Char] -> [Char]
Main.500_newGameState1 :: (Int,Main.Sprite,[Main.Sprite],[Main.Sprite],[Main.Sprite],[Main.Sprite],Int,Int,Int)
Main.501_newGameState2 :: (Int,Main.Sprite,[Main.Sprite],[Main.Sprite],[Main.Sprite],[Main.Sprite],Int,Int,Int)
Main.50_updateExplosions :: (Int,Main.Sprite,[Main.Sprite],[Main.Sprite],[Main.Sprite],[Main.Sprite],Int,Int,Int) -> IO ()
Main.51_changeExplosImg :: Main.Sprite -> Main.Sprite
Main.52_explodeFinish :: Main.Sprite -> Bool
Main.536_initLives :: Int
Main.537_initScore :: Int
Main.538_initLevel :: Int
Main.539_action1 :: ([Char] -> [Char]) -> [Char] -> [Char]
Main.53_bulletInvaderCollide :: [Main.Sprite] -> [Main.Sprite] -> ([Main.Sprite],[Main.Sprite],[(Int,Int)])
Main.540_action2 :: ([Char] -> [Char]) -> [Char] -> [Char]
Main.541_action3 :: ([Char] -> [Char]) -> [Char] -> [Char]
Main.542_action4 :: ([Char] -> [Char]) -> [Char] -> [Char]
Main.543_row1 :: [Main.Sprite]
Main.544_row2 :: [Main.Sprite]
Main.545_row3 :: [Main.Sprite]
Main.546_x :: Int
Main.547_x :: Int
Main.548_x :: Int
Main.54_bulletGunCollide :: [Main.Sprite] -> Main.Sprite -> [Main.Sprite]
Main.55_moveBullets :: (Int,Main.Sprite,[Main.Sprite],[Main.Sprite],[Main.Sprite],[Main.Sprite],Int,Int,Int) -> IO ()
Main.56_moveInvaders :: (Int,Main.Sprite,[Main.Sprite],[Main.Sprite],[Main.Sprite],[Main.Sprite],Int,Int,Int) -> IO ()
Main.57_spawnInvaderBullets :: (Int,Main.Sprite,[Main.Sprite],[Main.Sprite],[Main.Sprite],[Main.Sprite],Int,Int,Int) -> IO ()
Main.58_updateInvaderPosAndImg :: Main.Sprite -> Main.Sprite
Main.59_moveSprites :: (Int,Int) -> [Main.Sprite] -> [Main.Sprite]
Main.5_promptReadAt :: (Int,Int) -> Int -> [Char] -> ([Char] -> [Char] -> [Char]) -> [Char] -> [Char]
Main.60_runBlank :: Main.Sprite -> IO ()
Main.61_runDraw :: Main.Sprite -> IO ()
Main.62_nextLevel :: (Int,Main.Sprite,[Main.Sprite],[Main.Sprite],[Main.Sprite],[Main.Sprite],Int,Int,Int) -> IO ()
Main.63_randomInRange :: (Integral a,Monad b) => a -> a -> b a
Main.64_spriteY :: Main.Sprite -> Int
Main.65_spriteX :: Main.Sprite -> Int
Main.66_spriteXY :: Main.Sprite -> (Int,Int)
Main.67_spriteGunXY :: Main.Sprite -> (Int,Int)
Main.68_moveSprite :: (Int,Int) -> Main.Sprite -> Main.Sprite
Main.69_newGunBullet :: (Int,Int) -> Main.Sprite
Main.6_defPromptReadAt :: (Int,Int) -> Int -> [Char] -> [Char] -> ([Char] -> [Char] -> [Char]) -> [Char] -> [Char]
Main.70_newInvBullet :: (Int,Int) -> Main.Sprite
Main.71_newInvader :: (Int,Int) -> Main.Sprite
Main.72_spriteGunX :: Main.Sprite -> Int
Main.73_spriteGunY :: Main.Sprite -> Int
Main.74_newExplosion :: (Int,Int) -> Main.Sprite
Main.75_isEmpty :: [a] -> Bool
Main.76_clearScreen :: ([Char] -> [Char]) -> [Char] -> [Char]
Main.77_home :: [Char]
Main.78_cls :: [Char]
Main.79_ringBell :: ([Char] -> [Char]) -> [Char] -> [Char]
Main.7_at :: (Int,Int) -> [Char] -> [Char]
Main.80_bulletDelay :: Int
Main.81_explosionDelay :: Int
Main.82_invaderMoveDelay :: Int
Main.83_invBulletSpawnDelay :: Int
Main.84_main :: IO ()
Main.85_quit :: IO ()
Main.86_initInvaders :: [Main.Sprite]
Main.87_triangleImage :: [((Int,Int),Char)]
Main.88_gunBulletImage :: [((Int,Int),Char)]
Main.89_invBulletImage :: [((Int,Int),Char)]
Main.8_highlight :: [Char] -> [Char]
Main.90_exampleGunSprite1 :: Main.Sprite
Main.91_smallImage :: [((Int,Int),Char)]
Main.92_exampleGunSprite2 :: Main.Sprite
Main.93_invaderImage1 :: [((Int,Int),Char)]
Main.94_invaderImage2 :: [((Int,Int),Char)]
Main.95_invaderMotion :: [(Int,Int)]
Main.96_explodeImage1 :: [((Int,Int),Char)]
Main.97_explodeImage2 :: [((Int,Int),Char)]
Main.98_explodeImage3 :: [((Int,Int),Char)]
Main.99_explodeImage4 :: [((Int,Int),Char)]
Main.9_goto :: Int -> Int -> [Char]
