

 ---- Type checking AModule "Main" ----



 ---- the types of identifiers ---- 

Main.108_loop :: Int -> [Char] -> [Char] -> [Char]
Main.109_delete :: Int -> [Char] -> [Char] -> [Char]
Main.10_drawSprite :: Main.Sprite -> (a -> [Char]) -> a -> [Char]
Main.110_return :: [Char] -> [Char] -> [Char]
Main.11_drawSpriteImage :: (Ord a,Num a,Ord b,Num b) => [((a,b),Char)] -> (a,b) -> (c -> [Char]) -> c -> [Char]
Main.12_blankSprite :: Main.Sprite -> (a -> [Char]) -> a -> [Char]
Main.13_blankSpriteImage :: (Ord a,Num a,Ord b,Num b) => [((a,b),c)] -> (a,b) -> (d -> [Char]) -> d -> [Char]
Main.14_safeWritePixel :: (Num a,Ord a,Num b,Ord b) => (b,a) -> Char -> (c -> [Char]) -> c -> [Char]
Main.15_runI :: ([Char] -> [Char]) -> IO ()
Main.16_interactList :: [a -> a] -> a -> a
Main.17_pause :: (Num a,Ord a) => a -> b -> b
Main.18_fib :: (Num a,Num b) => b -> a
Main.19_end :: a -> [Char]
Main.1_writeAt :: (Show a,Show b) => (b,a) -> [Char] -> (c -> [Char]) -> c -> [Char]
Main.209_line :: [Char]
Main.20_readChar :: ([a] -> b) -> (c -> [c] -> b) -> [c] -> b
Main.210_input' :: [Char]
Main.211_after :: Eq a => a -> [a] -> [a]
Main.212_before :: Eq a => a -> [a] -> [a]
Main.213_rubout :: Char -> Bool
Main.214_lineOut :: (Num a,Ord a) => a -> [Char] -> [Char]
Main.215_noBackSpaces :: [Char] -> [Char]
Main.21_peekChar :: ([a] -> b) -> (c -> [c] -> b) -> [c] -> b
Main.223_delete :: (Num a,Ord a) => a -> [Char] -> [Char]
Main.22_pressAnyKey :: ([a] -> b) -> [a] -> b
Main.23_unreadChar :: a -> ([a] -> b) -> [a] -> b
Main.24_writeChar :: a -> (b -> [a]) -> b -> [a]
Main.25_writeStr :: [a] -> (b -> [a]) -> b -> [a]
Main.26_readLine :: [Char] -> ([Char] -> [Char] -> [Char]) -> [Char] -> [Char]
Main.27_getTick :: (a,b,c,d,e,f,g,h,i) -> a
Main.28_getGun :: (a,b,c,d,e,f,g,h,i) -> b
Main.29_getGunBullets :: (a,b,c,d,e,f,g,h,i) -> c
Main.2_moveTo :: (Show a,Show b) => (b,a) -> (c -> [Char]) -> c -> [Char]
Main.30_getInvaders :: (a,b,c,d,e,f,g,h,i) -> d
Main.31_getInvBullets :: (a,b,c,d,e,f,g,h,i) -> e
Main.32_getExplosions :: (a,b,c,d,e,f,g,h,i) -> f
Main.337_isInputReady :: Bool
Main.33_getScore :: (a,b,c,d,e,f,g,h,i) -> g
Main.341_tick :: Integer
Main.342_newTick :: Integer
Main.343_newGameState :: (Integer,Main.Sprite,[Main.Sprite],[Main.Sprite],[Main.Sprite],[Main.Sprite],Int,a,b)
Main.344_gunSprite :: Main.Sprite
Main.345_bullets :: [Main.Sprite]
Main.346_nb :: Main.Sprite
Main.347_newGameState' :: (Integer,Main.Sprite,[Main.Sprite],[Main.Sprite],[Main.Sprite],[Main.Sprite],Int,a,b)
Main.34_getLives :: (a,b,c,d,e,f,g,h,i) -> h
Main.350_gunSprite :: Main.Sprite
Main.351_rightGunSprite :: Main.Sprite
Main.352_newGameState :: (Integer,Main.Sprite,[Main.Sprite],[Main.Sprite],[Main.Sprite],[Main.Sprite],Int,a,b)
Main.353_leftGunSprite :: Main.Sprite
Main.354_newGameState :: (Integer,Main.Sprite,[Main.Sprite],[Main.Sprite],[Main.Sprite],[Main.Sprite],Int,a,b)
Main.356_tick :: Integer
Main.357_gunBullets :: [Main.Sprite]
Main.358_invaders :: [Main.Sprite]
Main.359_explosions :: [Main.Sprite]
Main.35_getLevel :: (a,b,c,d,e,f,g,h,i) -> i
Main.360_gun :: Main.Sprite
Main.361_invBullets :: [Main.Sprite]
Main.362_score :: Int
Main.363_lives :: a
Main.364_newPatRhs_From_Desugaring0 :: ([Main.Sprite],[Main.Sprite],[(Integer,Integer)])
Main.365_remGunBullets :: [Main.Sprite]
Main.366_remInvaders :: [Main.Sprite]
Main.367_collisions :: [(Integer,Integer)]
Main.36_makeGameState :: a -> b -> c -> d -> e -> f -> g -> h -> i -> (a,b,c,d,e,f,g,h,i)
Main.371_newInvExplosions :: [Main.Sprite]
Main.373_remInvBullets :: [Main.Sprite]
Main.374_isGunHit :: Bool
Main.375_newPatRhs_From_Desugaring1 :: ([Main.Sprite],a)
Main.376_newGunExplosion :: [Main.Sprite]
Main.377_newLives :: a
Main.37_modifyTickInState :: (a,b,c,d,e,f,g,h,i) -> j -> (j,b,c,d,e,f,g,h,i)
Main.380_newGameState1 :: (Integer,Main.Sprite,[Main.Sprite],[Main.Sprite],[Main.Sprite],[Main.Sprite],Int,a,b)
Main.381_newGameState2 :: (Integer,Main.Sprite,[Main.Sprite],[Main.Sprite],[Main.Sprite],[Main.Sprite],Int,a,b)
Main.382_newGameState3 :: (Integer,Main.Sprite,[Main.Sprite],[Main.Sprite],[Main.Sprite],[Main.Sprite],Int,a,b)
Main.383_newScore :: Int
Main.384_newGameState4 :: (Integer,Main.Sprite,[Main.Sprite],[Main.Sprite],[Main.Sprite],[Main.Sprite],Int,a,b)
Main.385_newGameState5 :: (Integer,Main.Sprite,[Main.Sprite],[Main.Sprite],[Main.Sprite],[Main.Sprite],Int,a,b)
Main.386_newGameState6 :: (Integer,Main.Sprite,[Main.Sprite],[Main.Sprite],[Main.Sprite],[Main.Sprite],Int,a,b)
Main.388_tick :: Integer
Main.389_explosions :: [Main.Sprite]
Main.38_modifyGunInState :: (a,b,c,d,e,f,g,h,i) -> j -> (a,j,c,d,e,f,g,h,i)
Main.390_visibleExplosions :: [Main.Sprite]
Main.391_newExplosions :: [Main.Sprite]
Main.392_newGameState :: (Integer,Main.Sprite,[Main.Sprite],[Main.Sprite],[Main.Sprite],[Main.Sprite],Int,a,b)
Main.39_modifyGunBulletsInState :: (a,b,c,d,e,f,g,h,i) -> j -> (a,b,j,d,e,f,g,h,i)
Main.3_readAt :: (Show a,Show b) => (a,b) -> Int -> ([Char] -> [Char] -> [Char]) -> [Char] -> [Char]
Main.40_modifyInvadersInState :: (a,b,c,d,e,f,g,h,i) -> j -> (a,b,c,j,e,f,g,h,i)
Main.415_collideAny :: Main.Sprite -> [Main.Sprite] -> [Main.Sprite] -> Maybe ([Main.Sprite],(Integer,Integer))
Main.41_modifyInvBulletsInState :: (a,b,c,d,e,f,g,h,i) -> j -> (a,b,c,d,j,f,g,h,i)
Main.422_newPatRhs_From_Desugaring2 :: ([Main.Sprite],[Main.Sprite],[(Integer,Integer)])
Main.423_restBs :: [Main.Sprite]
Main.424_restInvaders :: [Main.Sprite]
Main.425_restColls :: [(Integer,Integer)]
Main.42_modifyExpsInState :: (a,b,c,d,e,f,g,h,i) -> j -> (a,b,c,d,e,j,g,h,i)
Main.431_newPatRhs_From_Desugaring3 :: ([Main.Sprite],[Main.Sprite],[(Integer,Integer)])
Main.432_restBs :: [Main.Sprite]
Main.433_restInvaders :: [Main.Sprite]
Main.434_restColls :: [(Integer,Integer)]
Main.43_modifyScoreInState :: (a,b,c,d,e,f,g,h,i) -> j -> (a,b,c,d,e,f,j,h,i)
Main.442_gunBullets :: [Main.Sprite]
Main.443_invBullets :: [Main.Sprite]
Main.444_tick :: Integer
Main.445_visibleGunBullets :: [Main.Sprite]
Main.447_visibleInvBullets :: [Main.Sprite]
Main.449_movedGunBullets :: [Main.Sprite]
Main.44_modifyLivesInState :: (a,b,c,d,e,f,g,h,i) -> j -> (a,b,c,d,e,f,g,j,i)
Main.450_newGameState1 :: (Integer,Main.Sprite,[Main.Sprite],[Main.Sprite],[Main.Sprite],[Main.Sprite],Int,a,b)
Main.451_movedInvBullets :: [Main.Sprite]
Main.452_newGameState2 :: (Integer,Main.Sprite,[Main.Sprite],[Main.Sprite],[Main.Sprite],[Main.Sprite],Int,a,b)
Main.453_newGameState1 :: (Integer,Main.Sprite,[Main.Sprite],[Main.Sprite],[Main.Sprite],[Main.Sprite],Int,a,b)
Main.454_newGameState2 :: (Integer,Main.Sprite,[Main.Sprite],[Main.Sprite],[Main.Sprite],[Main.Sprite],Int,a,b)
Main.456_invaders :: [Main.Sprite]
Main.457_tick :: Integer
Main.458_visibleInvaders :: [Main.Sprite]
Main.45_modifyLevelInState :: (a,b,c,d,e,f,g,h,i) -> j -> (a,b,c,d,e,f,g,h,j)
Main.460_invadersMoved :: [Main.Sprite]
Main.461_newState :: (Integer,Main.Sprite,[Main.Sprite],[Main.Sprite],[Main.Sprite],[Main.Sprite],Int,a,b)
Main.462_newState :: (Integer,Main.Sprite,[Main.Sprite],[Main.Sprite],[Main.Sprite],[Main.Sprite],Int,a,b)
Main.464_invaders :: [Main.Sprite]
Main.465_invBullets :: [Main.Sprite]
Main.466_tick :: Integer
Main.468_bulletCoord :: (Integer,Integer)
Main.469_newState :: (Integer,Main.Sprite,[Main.Sprite],[Main.Sprite],[Main.Sprite],[Main.Sprite],Int,a,b)
Main.46_readKeyBoard :: a -> IO (Maybe Char)
Main.47_loopInput :: (Num a,Num b) => (Integer,Main.Sprite,[Main.Sprite],[Main.Sprite],[Main.Sprite],[Main.Sprite],Int,a,b) -> IO ()
Main.480_newMotIndex :: Int
Main.481_newPatRhs_From_Desugaring4 :: (Integer,Integer)
Main.482_xOffset :: Integer
Main.483_yOffset :: Integer
Main.484_newImgIndex :: Int
Main.48_moveGunSprite :: (Num a,Num b) => Maybe Char -> (Integer,Main.Sprite,[Main.Sprite],[Main.Sprite],[Main.Sprite],[Main.Sprite],Int,a,b) -> IO ()
Main.493_level :: a
Main.494_score :: Int
Main.495_lives :: a
Main.496_gun :: Main.Sprite
Main.497_action1 :: (a -> [Char]) -> a -> [Char]
Main.498_action2 :: (a -> [Char]) -> a -> [Char]
Main.49_collisions :: (Num a,Num b) => (Integer,Main.Sprite,[Main.Sprite],[Main.Sprite],[Main.Sprite],[Main.Sprite],Int,a,b) -> IO ()
Main.4_defReadAt :: (Show a,Show b) => (a,b) -> Int -> [Char] -> ([Char] -> [Char] -> [Char]) -> [Char] -> [Char]
Main.500_newGameState1 :: (Integer,Main.Sprite,[Main.Sprite],[Main.Sprite],[Main.Sprite],[Main.Sprite],Int,a,b)
Main.501_newGameState2 :: (Integer,Main.Sprite,[Main.Sprite],[Main.Sprite],[Main.Sprite],[Main.Sprite],Int,a,b)
Main.50_updateExplosions :: (Num a,Num b) => (Integer,Main.Sprite,[Main.Sprite],[Main.Sprite],[Main.Sprite],[Main.Sprite],Int,a,b) -> IO ()
Main.51_changeExplosImg :: Main.Sprite -> Main.Sprite
Main.52_explodeFinish :: Main.Sprite -> Bool
Main.536_initLives :: a
Main.537_initScore :: Int
Main.538_initLevel :: a
Main.539_action1 :: (a -> [Char]) -> a -> [Char]
Main.53_bulletInvaderCollide :: [Main.Sprite] -> [Main.Sprite] -> ([Main.Sprite],[Main.Sprite],[(Integer,Integer)])
Main.540_action2 :: (a -> [Char]) -> a -> [Char]
Main.541_action3 :: (a -> [Char]) -> a -> [Char]
Main.542_action4 :: (a -> [Char]) -> a -> [Char]
Main.543_row1 :: [Main.Sprite]
Main.544_row2 :: [Main.Sprite]
Main.545_row3 :: [Main.Sprite]
Main.546_x :: Integer
Main.547_x :: Integer
Main.548_x :: Integer
Main.54_bulletGunCollide :: [Main.Sprite] -> Main.Sprite -> [Main.Sprite]
Main.55_moveBullets :: (Num a,Num b) => (Integer,Main.Sprite,[Main.Sprite],[Main.Sprite],[Main.Sprite],[Main.Sprite],Int,a,b) -> IO ()
Main.56_moveInvaders :: (Num a,Num b) => (Integer,Main.Sprite,[Main.Sprite],[Main.Sprite],[Main.Sprite],[Main.Sprite],Int,a,b) -> IO ()
Main.57_spawnInvaderBullets :: (Num a,Num b) => (Integer,Main.Sprite,[Main.Sprite],[Main.Sprite],[Main.Sprite],[Main.Sprite],Int,a,b) -> IO ()
Main.58_updateInvaderPosAndImg :: Main.Sprite -> Main.Sprite
Main.59_moveSprites :: (Integer,Integer) -> [Main.Sprite] -> [Main.Sprite]
Main.5_promptReadAt :: Show a => (Int,a) -> Int -> [Char] -> ([Char] -> [Char] -> [Char]) -> [Char] -> [Char]
Main.60_runBlank :: Main.Sprite -> IO ()
Main.61_runDraw :: Main.Sprite -> IO ()
Main.62_nextLevel :: (Num a,Num b) => (Integer,Main.Sprite,[Main.Sprite],[Main.Sprite],[Main.Sprite],[Main.Sprite],Int,a,b) -> IO ()
Main.63_randomInRange :: (Integral a,Monad b) => a -> a -> b a
Main.64_spriteY :: Main.Sprite -> Integer
Main.65_spriteX :: Main.Sprite -> Integer
Main.66_spriteXY :: Main.Sprite -> (Integer,Integer)
Main.67_spriteGunXY :: Main.Sprite -> (Integer,Integer)
Main.68_moveSprite :: (Integer,Integer) -> Main.Sprite -> Main.Sprite
Main.69_newGunBullet :: (Integer,Integer) -> Main.Sprite
Main.6_defPromptReadAt :: Show a => (Int,a) -> Int -> [Char] -> [Char] -> ([Char] -> [Char] -> [Char]) -> [Char] -> [Char]
Main.70_newInvBullet :: (Integer,Integer) -> Main.Sprite
Main.71_newInvader :: (Integer,Integer) -> Main.Sprite
Main.72_spriteGunX :: Main.Sprite -> Integer
Main.73_spriteGunY :: Main.Sprite -> Integer
Main.74_newExplosion :: (Integer,Integer) -> Main.Sprite
Main.75_isEmpty :: [a] -> Bool
Main.76_clearScreen :: (a -> [Char]) -> a -> [Char]
Main.77_home :: [Char]
Main.78_cls :: [Char]
Main.79_ringBell :: (a -> [Char]) -> a -> [Char]
Main.7_at :: (Show a,Show b) => (b,a) -> [Char] -> [Char]
Main.80_bulletDelay :: Integer
Main.81_explosionDelay :: Integer
Main.82_invaderMoveDelay :: Integer
Main.83_invBulletSpawnDelay :: Integer
Main.84_main :: IO ()
Main.85_quit :: IO ()
Main.86_initInvaders :: [Main.Sprite]
Main.87_triangleImage :: [((Integer,Integer),Char)]
Main.88_gunBulletImage :: [((Integer,Integer),Char)]
Main.89_invBulletImage :: [((Integer,Integer),Char)]
Main.8_highlight :: [Char] -> [Char]
Main.90_exampleGunSprite1 :: Main.Sprite
Main.91_smallImage :: [((Integer,Integer),Char)]
Main.92_exampleGunSprite2 :: Main.Sprite
Main.93_invaderImage1 :: [((Integer,Integer),Char)]
Main.94_invaderImage2 :: [((Integer,Integer),Char)]
Main.95_invaderMotion :: [(Integer,Integer)]
Main.96_explodeImage1 :: [((Integer,Integer),Char)]
Main.97_explodeImage2 :: [((Integer,Integer),Char)]
Main.98_explodeImage3 :: [((Integer,Integer),Char)]
Main.99_explodeImage4 :: [((Integer,Integer),Char)]
Main.9_goto :: (Show a,Show b) => a -> b -> [Char]
