{-
instances:
(Num Int, (inst__Prelude_Num_Int, []))
(Num Integer, (inst__Prelude_Num_Integer, []))
(Num Rational, (inst__Prelude_Num_Rational, []))
(Num Double, (inst__Prelude_Num_Double, []))
(Eq Int, (inst__Prelude_Eq_Int, []))
(Ord Int, (inst__Prelude_Ord_Int, []))
(Enum Int, (inst__Prelude_Enum_Int, []))
(Eq Char, (inst__Prelude_Eq_Char, []))
(Eq Integer, (inst__Prelude_Eq_Integer, []))
(Eq Rational, (inst__Prelude_Eq_Rational, []))
(Eq Double, (inst__Prelude_Eq_Double, []))
(Ord Char, (inst__Prelude_Ord_Char, []))
(Ord Integer, (inst__Prelude_Ord_Integer, []))
(Ord Rational, (inst__Prelude_Ord_Rational, []))
(Ord Double, (inst__Prelude_Ord_Double, []))
(Show Int, (inst__Prelude_Show_Int, []))
(Show Char, (inst__Prelude_Show_Char, []))
(Show Integer, (inst__Prelude_Show_Integer, []))
(Show Rational, (inst__Prelude_Show_Rational, []))
(Show Double, (inst__Prelude_Show_Double, []))
(Fractional Rational, (inst__Prelude_Fractional_Rational, []))
(Fractional Double, (inst__Prelude_Fractional_Double, []))
(Eq Bool, (derived__Prelude_Eq_Bool, []))
(Ord Bool, (derived__Prelude_Ord_Bool, []))
(Show Bool, (derived__Prelude_Show_Bool, []))
(Eq Ordering, (derived__Prelude_Eq_Ordering, []))
(Ord Ordering, (derived__Prelude_Ord_Ordering, []))
(Show Ordering, (derived__Prelude_Show_Ordering, []))
(Eq [a], (derived__Prelude_Eq_34_65, [Eq a]))
(Ord [a], (derived__Prelude_Ord_34_69, [Ord a]))
(Show [a], (derived__Prelude_Show_34_59, [Show a]))
(Eq (), (derived__Prelude_Eq_184_27, []))
(Ord (), (derived__Prelude_Ord_184_31, []))
(Show (), (derived__Prelude_Show_184_36, []))
(Eq (a, b), (derived__Prelude_Eq_188_20, [Eq a,
					  Eq b]))
(Ord (a, b), (derived__Prelude_Ord_188_24, [Ord a,
					    Ord b]))
(Show (a, b), (derived__Prelude_Show_188_14, [Show a,
					      Show b]))
(Eq (a, b, c), (derived__Prelude_Eq_192_20, [Eq a,
					     Eq b, Eq c]))
(Ord (a, b, c), (derived__Prelude_Ord_192_24, [Ord a,
					       Ord b, Ord c]))
(Show (a, b,
       c), (derived__Prelude_Show_192_14, [Show a, Show b,
					   Show c]))
(Eq (a, b, c, d), (derived__Prelude_Eq_196_20, [Eq a,
						Eq b, Eq c, Eq d]))
(Ord (a, b, c,
      d), (derived__Prelude_Ord_196_24, [Ord a, Ord b,
					 Ord c, Ord d]))
(Show (a, b, c,
       d), (derived__Prelude_Show_196_14, [Show a, Show b,
					   Show c, Show d]))

types:
() :: (*, data)
(,) :: (*->*->*, data)
Prelude.(,,) :: (*->*->*->*, data)
Prelude.(,,,) :: (*->*->*->*->*, data)
((->)) :: (*->*->*, data)
Bool :: (*, data)
Bounded ::
    (*->Pred, class _ a
		    where
			minBound :: a
			maxBound :: a)
Char :: (*, data)
Double :: (*, data)
Enum ::
    (*->Pred, class _ a
		    where
			succ :: a -> a
			pred :: a -> a
			toEnum :: Int -> a
			fromEnum :: a -> Int
			enumFrom :: a -> [a]
			enumFromThen :: a -> a -> [a]
			enumFromTo :: a -> a -> [a]
			enumFromThenTo :: a -> a -> a -> [a])
Eq ::
    (*->Pred, class _ a
		    where
			(==) :: a -> a -> Bool
			(/=) :: a -> a -> Bool)
Fractional ::
    (*->Pred, class Num a => _ a
		    where
			(/) :: a -> a -> a
			recip :: a -> a
			fromRational :: Rational -> a)
Int :: (*, data)
Integer :: (*, data)
Integral ::
    (*->Pred, class (Real a, Enum a) => _ a
		    where
			quot :: a -> a -> a
			rem :: a -> a -> a
			div :: a -> a -> a
			mod :: a -> a -> a
			quotRem :: a -> a -> (a, a)
			divMod :: a -> a -> (a, a)
			toInteger :: a -> Integer)
Num ::
    (*->Pred, class (Eq a, Show a) => _ a
		    where
			(+) :: a -> a -> a
			(-) :: a -> a -> a
			(*) :: a -> a -> a
			negate :: a -> a
			abs :: a -> a
			signum :: a -> a
			fromInteger :: Integer -> a)
Ord ::
    (*->Pred, class Eq a => _ a
		    where
			compare :: a -> a -> Ordering
			(<) :: a -> a -> Bool
			(<=) :: a -> a -> Bool
			(>=) :: a -> a -> Bool
			(>) :: a -> a -> Bool
			max :: a -> a -> a
			min :: a -> a -> a)
Ordering :: (*, data)
Rational :: (*, data)
Real ::
    (*->Pred, class (Num a, Ord a) => _ a
		    where
			toRational :: a -> Rational)
RealFrac ::
    (*->Pred, class (Real a, Fractional a) => _ a
		    where
			properFraction ::
			    forall a . (Integral a) => a -> (a, a)
			truncate :: forall a . (Integral a) => a -> a
			round :: forall a . (Integral a) => a -> a
			ceiling :: forall a . (Integral a) => a -> a
			floor :: forall a . (Integral a) => a -> a)
Show ::
    (*->Pred, class _ a
		    where
			showsPrec :: Int -> a -> ShowS
			show :: a -> String
			showList :: [a] -> ShowS)
ShowS :: (*, type _ = String -> String)
String :: (*, type _ = String)
[] :: (*->*, data)

values:
($--*) :: forall a . (Num a) => a -> a -> a
($--+) :: forall a . (Num a) => a -> a -> a
($---) :: forall a . (Num a) => a -> a -> a
($--/) :: forall a . (Fractional a) => a -> a -> a
($--/=) :: forall a . (Eq a) => a -> a -> Bool
($--<) :: forall a . (Ord a) => a -> a -> Bool
($--<=) :: forall a . (Ord a) => a -> a -> Bool
($--==) :: forall a . (Eq a) => a -> a -> Bool
($-->) :: forall a . (Ord a) => a -> a -> Bool
($-->=) :: forall a . (Ord a) => a -> a -> Bool
(&&) :: Bool -> Bool -> Bool
(*) :: forall a . (Num a) => a -> a -> a
(+) :: forall a . (Num a) => a -> a -> a
(++) :: forall a . [a] -> [a] -> [a]
(-) :: forall a . (Num a) => a -> a -> a
(.) :: forall a b c . (a -> b) -> (c -> a) -> c -> b
(/) :: forall a . (Fractional a) => a -> a -> a
(/=) :: forall a . (Eq a) => a -> a -> Bool
(<) :: forall a . (Ord a) => a -> a -> Bool
(<=) :: forall a . (Ord a) => a -> a -> Bool
(==) :: forall a . (Eq a) => a -> a -> Bool
(>) :: forall a . (Ord a) => a -> a -> Bool
(>=) :: forall a . (Ord a) => a -> a -> Bool
abs :: forall a . (Num a) => a -> a
addThree :: Int -> Int -> Int -> Int
ceiling ::
    forall a b . (RealFrac a, Integral b) => a -> b
compare :: forall a . (Ord a) => a -> a -> Ordering
default__abs :: forall a . (Num a) => a -> a
default__ceiling ::
    forall a b . (RealFrac a, Integral b) => a -> b
default__compare ::
    forall a . (Ord a) => a -> a -> Ordering
default__div ::
    forall a . (Integral a) => a -> a -> a
default__divMod ::
    forall a . (Integral a) => a -> a -> (a, a)
default__enumFrom :: forall a . (Enum a) => a -> [a]
default__enumFromThen ::
    forall a . (Enum a) => a -> a -> [a]
default__enumFromThenTo ::
    forall a . (Enum a) => a -> a -> a -> [a]
default__enumFromTo ::
    forall a . (Enum a) => a -> a -> [a]
default__floor ::
    forall a b . (RealFrac a, Integral b) => a -> b
default__fromEnum :: forall a . (Enum a) => a -> Int
default__fromInteger ::
    forall a . (Num a) => Integer -> a
default__fromRational ::
    forall a . (Fractional a) => Rational -> a
default__max :: forall a . (Ord a) => a -> a -> a
default__maxBound :: forall a . (Bounded a) => a
default__min :: forall a . (Ord a) => a -> a -> a
default__minBound :: forall a . (Bounded a) => a
default__mod ::
    forall a . (Integral a) => a -> a -> a
default__negate :: forall a . (Num a) => a -> a
default__pred :: forall a . (Enum a) => a -> a
default__properFraction ::
    forall a b . (RealFrac a, Integral b) => a -> (b, a)
default__quot ::
    forall a . (Integral a) => a -> a -> a
default__quotRem ::
    forall a . (Integral a) => a -> a -> (a, a)
default__recip :: forall a . (Fractional a) => a -> a
default__rem ::
    forall a . (Integral a) => a -> a -> a
default__round ::
    forall a b . (RealFrac a, Integral b) => a -> b
default__show :: forall a . (Show a) => a -> String
default__showList ::
    forall a . (Show a) => [a] -> ShowS
default__showsPrec ::
    forall a . (Show a) => Int -> a -> ShowS
default__signum :: forall a . (Num a) => a -> a
default__succ :: forall a . (Enum a) => a -> a
default__toEnum :: forall a . (Enum a) => Int -> a
default__toInteger ::
    forall a . (Integral a) => a -> Integer
default__toRational ::
    forall a . (Real a) => a -> Rational
default__truncate ::
    forall a b . (RealFrac a, Integral b) => a -> b
derived__Prelude_Eq_184_27 :: Eq ()
derived__Prelude_Eq_188_20 ::
    forall a b . (Eq a) -> (Eq b) -> Eq (a, b)
derived__Prelude_Eq_192_20 ::
    forall a b c .
	(Eq a) -> (Eq b) -> (Eq c) -> Eq (a, b, c)
derived__Prelude_Eq_196_20 ::
    forall a b c d .
	(Eq a) ->
	(Eq b) -> (Eq c) -> (Eq d) -> Eq (a, b, c, d)
derived__Prelude_Eq_34_65 ::
    forall a . (Eq a) -> Eq [a]
derived__Prelude_Eq_Bool :: Eq Bool
derived__Prelude_Eq_Ordering :: Eq Ordering
derived__Prelude_Ord_184_31 :: Ord ()
derived__Prelude_Ord_188_24 ::
    forall a b . (Ord a) -> (Ord b) -> Ord (a, b)
derived__Prelude_Ord_192_24 ::
    forall a b c .
	(Ord a) -> (Ord b) -> (Ord c) -> Ord (a, b, c)
derived__Prelude_Ord_196_24 ::
    forall a b c d .
	(Ord a) ->
	(Ord b) -> (Ord c) -> (Ord d) -> Ord (a, b, c, d)
derived__Prelude_Ord_34_69 ::
    forall a . (Ord a) -> Ord [a]
derived__Prelude_Ord_Bool :: Ord Bool
derived__Prelude_Ord_Ordering :: Ord Ordering
derived__Prelude_Show_184_36 :: Show ()
derived__Prelude_Show_188_14 ::
    forall a b . (Show a) -> (Show b) -> Show (a, b)
derived__Prelude_Show_192_14 ::
    forall a b c .
	(Show a) -> (Show b) -> (Show c) -> Show (a, b, c)
derived__Prelude_Show_196_14 ::
    forall a b c d .
	(Show a) ->
	(Show b) -> (Show c) -> (Show d) -> Show (a, b, c, d)
derived__Prelude_Show_34_59 ::
    forall a . (Show a) -> Show [a]
derived__Prelude_Show_Bool :: Show Bool
derived__Prelude_Show_Ordering :: Show Ordering
div :: forall a . (Integral a) => a -> a -> a
divMod :: forall a . (Integral a) => a -> a -> (a, a)
enumFrom :: forall a . (Enum a) => a -> [a]
enumFromThen :: forall a . (Enum a) => a -> a -> [a]
enumFromThenTo ::
    forall a . (Enum a) => a -> a -> a -> [a]
enumFromTo :: forall a . (Enum a) => a -> a -> [a]
error :: forall a . String -> a
even :: forall a . (Integral a) => a -> Bool
flip :: forall a b c . (a -> b -> c) -> b -> a -> c
floor ::
    forall a b . (RealFrac a, Integral b) => a -> b
foo :: Int -> Int
fromEnum :: forall a . (Enum a) => a -> Int
fromInteger :: forall a . (Num a) => Integer -> a
fromIntegral ::
    forall a b . (Integral a, Num b) => a -> b
fromRational ::
    forall a . (Fractional a) => Rational -> a
head :: forall a . [a] -> a
inst__Prelude_Enum_Int :: Enum Int
inst__Prelude_Eq_Char :: Eq Char
inst__Prelude_Eq_Double :: Eq Double
inst__Prelude_Eq_Int :: Eq Int
inst__Prelude_Eq_Integer :: Eq Integer
inst__Prelude_Eq_Rational :: Eq Rational
inst__Prelude_Fractional_Double :: Fractional Double
inst__Prelude_Fractional_Rational ::
    Fractional Rational
inst__Prelude_Num_Double :: Num Double
inst__Prelude_Num_Int :: Num Int
inst__Prelude_Num_Integer :: Num Integer
inst__Prelude_Num_Rational :: Num Rational
inst__Prelude_Ord_Char :: Ord Char
inst__Prelude_Ord_Double :: Ord Double
inst__Prelude_Ord_Int :: Ord Int
inst__Prelude_Ord_Integer :: Ord Integer
inst__Prelude_Ord_Rational :: Ord Rational
inst__Prelude_Show_Char :: Show Char
inst__Prelude_Show_Double :: Show Double
inst__Prelude_Show_Int :: Show Int
inst__Prelude_Show_Integer :: Show Integer
inst__Prelude_Show_Rational :: Show Rational
lexOrder :: Ordering -> Ordering -> Ordering
main :: Int
map :: forall a b . (a -> b) -> [a] -> [b]
max :: forall a . (Ord a) => a -> a -> a
maxBound :: forall a . (Bounded a) => a
min :: forall a . (Ord a) => a -> a -> a
minBound :: forall a . (Bounded a) => a
mod :: forall a . (Integral a) => a -> a -> a
mymap :: forall a b . (a -> b) -> [a] -> [b]
mysum :: forall a . (Num a) => [a] -> a
negate :: forall a . (Num a) => a -> a
not :: Bool -> Bool
odd :: forall a . (Integral a) => a -> Bool
otherwise :: Bool
plus :: Int -> Int -> Int
pred :: forall a . (Enum a) => a -> a
primError :: forall a . String -> a
properFraction ::
    forall a b . (RealFrac a, Integral b) => a -> (b, a)
quot :: forall a . (Integral a) => a -> a -> a
quotRem ::
    forall a . (Integral a) => a -> a -> (a, a)
recip :: forall a . (Fractional a) => a -> a
rem :: forall a . (Integral a) => a -> a -> a
round ::
    forall a b . (RealFrac a, Integral b) => a -> b
show :: forall a . (Show a) => a -> String
showArgument ::
    forall a . (Show a) => a -> String -> String
showChar :: Char -> ShowS
showList :: forall a . (Show a) => [a] -> ShowS
showParen :: Bool -> ShowS -> ShowS
showParenArg :: Int -> ShowS -> ShowS
showString :: String -> ShowS
shows :: forall a . (Show a) => a -> ShowS
showsPrec :: forall a . (Show a) => Int -> a -> ShowS
signum :: forall a . (Num a) => a -> a
subtract :: forall a . (Num a) => a -> a -> a
succ :: forall a . (Enum a) => a -> a
tail :: forall a . [a] -> [a]
toEnum :: forall a . (Enum a) => Int -> a
toInteger :: forall a . (Integral a) => a -> Integer
toRational :: forall a . (Real a) => a -> Rational
truncate ::
    forall a b . (RealFrac a, Integral b) => a -> b
() :: ()
(,) :: forall a b . a -> b -> (a, b)
Prelude.(,,) ::
    forall a b c . a -> b -> c -> (a, b, c)
Prelude.(,,,) ::
    forall a b c d . a -> b -> c -> d -> (a, b, c, d)
(:) :: forall a . a -> [a] -> [a]
EQ :: Ordering
False :: Bool
GT :: Ordering
LT :: Ordering
True :: Bool
[] :: forall a . [a]

scope:
Prelude.&& |-> Prelude.&&, Value
() |-> Prelude.(), Type [()] []
() |-> Prelude.(), con of ()
(,) |-> Prelude.(,), Type [(,)] []
(,) |-> Prelude.(,), con of (,)
Prelude.(,,) |-> Prelude.(,,), Type [(,,)] []
Prelude.(,,) |-> Prelude.(,,), con of (,,)
Prelude.(,,,) |-> Prelude.(,,,), Type [(,,,)] []
Prelude.(,,,) |-> Prelude.(,,,), con of (,,,)
Prelude.* |-> Prelude.*, method of Num
Prelude.+ |-> Prelude.+, method of Num
Prelude.++ |-> Prelude.++, Value
Prelude.- |-> Prelude.-, method of Num
(->) |-> Prelude.->, Type [] []
Prelude.. |-> Prelude.., Value
Prelude./ |-> Prelude./, method of Fractional
Prelude./= |-> Prelude./=, method of Eq
Prelude.: |-> Prelude.:, con of []
Prelude.< |-> Prelude.<, method of Ord
Prelude.<= |-> Prelude.<=, method of Ord
Prelude.== |-> Prelude.==, method of Eq
Prelude.> |-> Prelude.>, method of Ord
Prelude.>= |-> Prelude.>=, method of Ord
Prelude.Bool |-> Prelude.Bool, Type [False, True] []
Prelude.Bounded |-> Prelude.Bounded, Class [minBound,
					    maxBound]
Prelude.Char |-> Prelude.Char, Type [] []
Prelude.Double |-> Prelude.Double, Type [] []
Prelude.EQ |-> Prelude.EQ, con of Ordering
Prelude.Enum |-> Prelude.Enum, Class [succ, pred,
				      toEnum, fromEnum, enumFrom, enumFromThen,
				      enumFromTo, enumFromThenTo]
Prelude.Eq |-> Prelude.Eq, Class [==, /=]
Prelude.False |-> Prelude.False, con of Bool
Prelude.Fractional |-> Prelude.Fractional, Class [/,
						  recip, fromRational]
Prelude.GT |-> Prelude.GT, con of Ordering
Prelude.Int |-> Prelude.Int, Type [] []
Prelude.Integer |-> Prelude.Integer, Type [] []
Prelude.Integral |-> Prelude.Integral, Class [quot,
					      rem, div, mod, quotRem, divMod,
					      toInteger]
Prelude.LT |-> Prelude.LT, con of Ordering
Prelude.Num |-> Prelude.Num, Class [+, -, *, negate,
				    abs, signum, fromInteger]
Prelude.Ord |-> Prelude.Ord, Class [compare, <, <=,
				    >=, >, max, min]
Prelude.Ordering |-> Prelude.Ordering, Type [LT, EQ,
					     GT] []
Prelude.Rational |-> Prelude.Rational, Type [] []
Prelude.Real |-> Prelude.Real, Class [toRational]
Prelude.RealFrac |-> Prelude.RealFrac, Class [properFraction,
					      truncate, round, ceiling, floor]
Prelude.Show |-> Prelude.Show, Class [showsPrec,
				      show, showList]
Prelude.ShowS |-> Prelude.ShowS, Type [] []
Prelude.String |-> Prelude.String, Type [] []
Prelude.True |-> Prelude.True, con of Bool
[] |-> Prelude.[], Type [[], :] [head, tail]
[] |-> Prelude.[], con of []
Prelude.abs |-> Prelude.abs, method of Num
Prelude.addThree |-> Prelude.addThree, Value
Prelude.ceiling |-> Prelude.ceiling, method of RealFrac
Prelude.compare |-> Prelude.compare, method of Ord
Prelude.div |-> Prelude.div, method of Integral
Prelude.divMod |-> Prelude.divMod, method of Integral
Prelude.enumFrom |-> Prelude.enumFrom, method of Enum
Prelude.enumFromThen |-> Prelude.enumFromThen, method of Enum
Prelude.enumFromThenTo |-> Prelude.enumFromThenTo, method of Enum
Prelude.enumFromTo |-> Prelude.enumFromTo, method of Enum
Prelude.error |-> Prelude.error, Value
Prelude.even |-> Prelude.even, Value
Prelude.flip |-> Prelude.flip, Value
Prelude.floor |-> Prelude.floor, method of RealFrac
Prelude.foo |-> Prelude.foo, Value
Prelude.fromEnum |-> Prelude.fromEnum, method of Enum
Prelude.fromInteger |-> Prelude.fromInteger, method of Num
Prelude.fromIntegral |-> Prelude.fromIntegral, Value
Prelude.fromRational |-> Prelude.fromRational, method of Fractional
Prelude.head |-> Prelude.head, field of []
Prelude.lexOrder |-> Prelude.lexOrder, Value
Prelude.main |-> Prelude.main, Value
Prelude.map |-> Prelude.map, Value
Prelude.max |-> Prelude.max, method of Ord
Prelude.maxBound |-> Prelude.maxBound, method of Bounded
Prelude.min |-> Prelude.min, method of Ord
Prelude.minBound |-> Prelude.minBound, method of Bounded
Prelude.mod |-> Prelude.mod, method of Integral
Prelude.mymap |-> Prelude.mymap, Value
Prelude.mysum |-> Prelude.mysum, Value
Prelude.negate |-> Prelude.negate, method of Num
Prelude.not |-> Prelude.not, Value
Prelude.odd |-> Prelude.odd, Value
Prelude.otherwise |-> Prelude.otherwise, Value
Prelude.plus |-> Prelude.plus, Value
Prelude.pred |-> Prelude.pred, method of Enum
Prelude.primError |-> Prelude.primError, Value
Prelude.properFraction |-> Prelude.properFraction, method of RealFrac
Prelude.quot |-> Prelude.quot, method of Integral
Prelude.quotRem |-> Prelude.quotRem, method of Integral
Prelude.recip |-> Prelude.recip, method of Fractional
Prelude.rem |-> Prelude.rem, method of Integral
Prelude.round |-> Prelude.round, method of RealFrac
Prelude.show |-> Prelude.show, method of Show
Prelude.showArgument |-> Prelude.showArgument, Value
Prelude.showChar |-> Prelude.showChar, Value
Prelude.showList |-> Prelude.showList, method of Show
Prelude.showParen |-> Prelude.showParen, Value
Prelude.showParenArg |-> Prelude.showParenArg, Value
Prelude.showString |-> Prelude.showString, Value
Prelude.shows |-> Prelude.shows, Value
Prelude.showsPrec |-> Prelude.showsPrec, method of Show
Prelude.signum |-> Prelude.signum, method of Num
Prelude.subtract |-> Prelude.subtract, Value
Prelude.succ |-> Prelude.succ, method of Enum
Prelude.tail |-> Prelude.tail, field of []
Prelude.toEnum |-> Prelude.toEnum, method of Enum
Prelude.toInteger |-> Prelude.toInteger, method of Integral
Prelude.toRational |-> Prelude.toRational, method of Real
Prelude.truncate |-> Prelude.truncate, method of RealFrac
&& |-> Prelude.&&, Value
() |-> Prelude.(), Type [()] []
() |-> Prelude.(), con of ()
(,) |-> Prelude.(,), Type [(,)] []
(,) |-> Prelude.(,), con of (,)
(,,) |-> Prelude.(,,), Type [(,,)] []
(,,) |-> Prelude.(,,), con of (,,)
(,,,) |-> Prelude.(,,,), Type [(,,,)] []
(,,,) |-> Prelude.(,,,), con of (,,,)
* |-> Prelude.*, method of Num
+ |-> Prelude.+, method of Num
++ |-> Prelude.++, Value
- |-> Prelude.-, method of Num
-> |-> Prelude.->, Type [] []
. |-> Prelude.., Value
/ |-> Prelude./, method of Fractional
/= |-> Prelude./=, method of Eq
: |-> Prelude.:, con of []
< |-> Prelude.<, method of Ord
<= |-> Prelude.<=, method of Ord
== |-> Prelude.==, method of Eq
> |-> Prelude.>, method of Ord
>= |-> Prelude.>=, method of Ord
Bool |-> Prelude.Bool, Type [False, True] []
Bounded |-> Prelude.Bounded, Class [minBound,
				    maxBound]
Char |-> Prelude.Char, Type [] []
Double |-> Prelude.Double, Type [] []
EQ |-> Prelude.EQ, con of Ordering
Enum |-> Prelude.Enum, Class [succ, pred, toEnum,
			      fromEnum, enumFrom, enumFromThen, enumFromTo,
			      enumFromThenTo]
Eq |-> Prelude.Eq, Class [==, /=]
False |-> Prelude.False, con of Bool
Fractional |-> Prelude.Fractional, Class [/, recip,
					  fromRational]
GT |-> Prelude.GT, con of Ordering
Int |-> Prelude.Int, Type [] []
Integer |-> Prelude.Integer, Type [] []
Integral |-> Prelude.Integral, Class [quot, rem, div,
				      mod, quotRem, divMod, toInteger]
LT |-> Prelude.LT, con of Ordering
Num |-> Prelude.Num, Class [+, -, *, negate, abs,
			    signum, fromInteger]
Ord |-> Prelude.Ord, Class [compare, <, <=, >=, >,
			    max, min]
Ordering |-> Prelude.Ordering, Type [LT, EQ, GT] []
Rational |-> Prelude.Rational, Type [] []
Real |-> Prelude.Real, Class [toRational]
RealFrac |-> Prelude.RealFrac, Class [properFraction,
				      truncate, round, ceiling, floor]
Show |-> Prelude.Show, Class [showsPrec, show,
			      showList]
ShowS |-> Prelude.ShowS, Type [] []
String |-> Prelude.String, Type [] []
True |-> Prelude.True, con of Bool
[] |-> Prelude.[], Type [[], :] [head, tail]
[] |-> Prelude.[], con of []
abs |-> Prelude.abs, method of Num
addThree |-> Prelude.addThree, Value
ceiling |-> Prelude.ceiling, method of RealFrac
compare |-> Prelude.compare, method of Ord
div |-> Prelude.div, method of Integral
divMod |-> Prelude.divMod, method of Integral
enumFrom |-> Prelude.enumFrom, method of Enum
enumFromThen |-> Prelude.enumFromThen, method of Enum
enumFromThenTo |-> Prelude.enumFromThenTo, method of Enum
enumFromTo |-> Prelude.enumFromTo, method of Enum
error |-> Prelude.error, Value
even |-> Prelude.even, Value
flip |-> Prelude.flip, Value
floor |-> Prelude.floor, method of RealFrac
foo |-> Prelude.foo, Value
fromEnum |-> Prelude.fromEnum, method of Enum
fromInteger |-> Prelude.fromInteger, method of Num
fromIntegral |-> Prelude.fromIntegral, Value
fromRational |-> Prelude.fromRational, method of Fractional
head |-> Prelude.head, field of []
lexOrder |-> Prelude.lexOrder, Value
main |-> Prelude.main, Value
map |-> Prelude.map, Value
max |-> Prelude.max, method of Ord
maxBound |-> Prelude.maxBound, method of Bounded
min |-> Prelude.min, method of Ord
minBound |-> Prelude.minBound, method of Bounded
mod |-> Prelude.mod, method of Integral
mymap |-> Prelude.mymap, Value
mysum |-> Prelude.mysum, Value
negate |-> Prelude.negate, method of Num
not |-> Prelude.not, Value
odd |-> Prelude.odd, Value
otherwise |-> Prelude.otherwise, Value
plus |-> Prelude.plus, Value
pred |-> Prelude.pred, method of Enum
primError |-> Prelude.primError, Value
properFraction |-> Prelude.properFraction, method of RealFrac
quot |-> Prelude.quot, method of Integral
quotRem |-> Prelude.quotRem, method of Integral
recip |-> Prelude.recip, method of Fractional
rem |-> Prelude.rem, method of Integral
round |-> Prelude.round, method of RealFrac
show |-> Prelude.show, method of Show
showArgument |-> Prelude.showArgument, Value
showChar |-> Prelude.showChar, Value
showList |-> Prelude.showList, method of Show
showParen |-> Prelude.showParen, Value
showParenArg |-> Prelude.showParenArg, Value
showString |-> Prelude.showString, Value
shows |-> Prelude.shows, Value
showsPrec |-> Prelude.showsPrec, method of Show
signum |-> Prelude.signum, method of Num
subtract |-> Prelude.subtract, Value
succ |-> Prelude.succ, method of Enum
tail |-> Prelude.tail, field of []
toEnum |-> Prelude.toEnum, method of Enum
toInteger |-> Prelude.toInteger, method of Integral
toRational |-> Prelude.toRational, method of Real
truncate |-> Prelude.truncate, method of RealFrac
-}
module Dummy where
import Prelude (error, Show, Eq, Ord)
import MyLogic
otherwise = True
lexOrder EQ o = o
lexOrder o _ = o
showArgument d200 x
    =   (.){-String String String-} (showChar ' ')
	    (showsPrec{-t195-} d200
		 (fromInteger{-Int-} inst__Prelude_Num_Int 10)
		 x)
main
    =   (+){-Int-} inst__Prelude_Num_Int
	    (foo (fromInteger{-Int-} inst__Prelude_Num_Int 3))
	    (mysum{-Int-} inst__Prelude_Num_Int
		 (mymap{-Int Int-}
		      (\ x ->
			   (+){-Int-} inst__Prelude_Num_Int
			       (fromInteger{-Int-} inst__Prelude_Num_Int 1)
			       x)
		      [fromInteger{-Int-} inst__Prelude_Num_Int 1,
		       fromInteger{-Int-} inst__Prelude_Num_Int 2,
		       fromInteger{-Int-} inst__Prelude_Num_Int 3]))
data Integer
data Rational
data Double
data Char
data Int
data a -> b
data Bool = False | True deriving (Show, Eq, Ord)
not :: Bool -> Bool
not True = False
not False = True
(&&) :: Bool -> Bool -> Bool
(&&) a b = if a then True else b
data Ordering = LT | EQ | GT deriving (Show, Eq, Ord)
class Eq a where (==),(/=) :: a -> a -> Bool
($--/=) d232 x y = not ((==){-a-} d232 x y)
($--==) d238 x y = not ((/=){-a-} d238 x y)
data [a]
    = [] | (:) {head :: a, tail :: [a]}
    deriving (Show, Eq, Ord)
(++) :: [a] -> [a] -> [a]
(++) [] ys = ys
(++) ((:){-a-} x xs) ys
    = (:){-a-} x ((++){-a-} xs ys)
map :: (a -> b) -> [a] -> [b]
map f [] = []
map f ((:){-a-} x xs)
    = (:){-b-} (f x) (map{-a b-} f xs)
type String = String
foreign import primError :: String -> a
error :: String -> a
error = primError{-a-}
(.) :: (b -> c) -> (a -> b) -> a -> c
(.) f g = \ x -> f (g x)
type ShowS = String -> String
class Eq a => Ord a
  where
      compare :: a -> a -> Ordering
      (<),(<=),(>=),(>) :: a -> a -> Bool
      max,min :: a -> a -> a
default__compare d278 x y
    | (==){-a-} d275 x y = EQ
    | (<=){-a-} d278 x y = LT
    | otherwise = GT
  where
      d275 = super1_Ord{-a-} d278
      {-
      d275 :: Eq a
      -}
($--<=) d286 x y
    =   (/=){-Ordering-} derived__Prelude_Eq_Ordering
	    (compare{-a-} d286 x y)
	    GT
($--<) d294 x y
    =   (==){-Ordering-} derived__Prelude_Eq_Ordering
	    (compare{-a-} d294 x y)
	    LT
($-->=) d302 x y
    =   (/=){-Ordering-} derived__Prelude_Eq_Ordering
	    (compare{-a-} d302 x y)
	    LT
($-->) d310 x y
    =   (==){-Ordering-} derived__Prelude_Eq_Ordering
	    (compare{-a-} d310 x y)
	    GT
default__max d316 x y
    | (<=){-a-} d316 x y = y
    | otherwise = x
default__min d322 x y
    | (<=){-a-} d322 x y = x
    | otherwise = y
shows :: Show a => a -> ShowS
shows d331
    =   showsPrec{-a-} d331
	    (fromInteger{-Int-} inst__Prelude_Num_Int 0)
showChar :: Char -> ShowS
showChar = (:){-Char-}
showString :: String -> ShowS
showString = (++){-Char-}
showParen :: Bool -> ShowS -> ShowS
showParen b p
    =   if b
	then (.){-String String String-}
		 ((.){-String String String-} (showChar '(') p)
		 (showChar ')')
	else p
showParenArg :: Int -> ShowS -> ShowS
showParenArg d
    =   showParen
	    ((<=){-Int-} inst__Prelude_Ord_Int
		 (fromInteger{-Int-} inst__Prelude_Num_Int 10)
		 d)
class Show a
  where
      showsPrec :: Int -> a -> ShowS
      show :: a -> String
      showList :: [a] -> ShowS
default__showsPrec d358 _ x s
    = (++){-Char-} (show{-a-} d358 x) s
default__show d366 x
    =   showsPrec{-a-} d366
	    (fromInteger{-Int-} inst__Prelude_Num_Int 0)
	    x
	    ""
default__showList d396 [] = showString "[]"
default__showList d396 ((:){-a-} x xs)
    =   (.){-String String String-}
	    ((.){-String String String-} (showChar '[')
		 (shows{-a-} d396 x))
	    (showl{-a-} d396 xs)
  where
      showl d384 [] = showChar ']'
      showl d384 ((:){-t373-} x xs)
	  =   (.){-String String String-}
		  ((.){-String String String-} (showChar ',')
		       (shows{-t373-} d384 x))
		  (showl{-t373-} d384 xs)
      {-
      showl ::
	  forall a . (Show a) => [a] -> String -> String
      -}
class (Eq a, Show a) => Num a
  where
      (+),(-),(*) :: a -> a -> a
      negate :: a -> a
      abs,signum :: a -> a
      fromInteger :: Integer -> a
($--+) d405
    = error{-(a -> a -> a)-} "No default for method +"
($---) d408
    = error{-(a -> a -> a)-} "No default for method -"
($--*) d411
    = error{-(a -> a -> a)-} "No default for method *"
default__negate d414
    = error{-(a -> a)-} "No default for method negate"
default__abs d417
    = error{-(a -> a)-} "No default for method abs"
default__signum d420
    = error{-(a -> a)-} "No default for method signum"
default__fromInteger d423
    =   error{-(Integer -> a)-}
	    "No default for method fromInteger"
class Num a => Fractional a
  where
      (/) :: a -> a -> a
      recip :: a -> a
      fromRational :: Rational -> a
($--/) d428
    = error{-(a -> a -> a)-} "No default for method /"
default__recip d431
    = error{-(a -> a)-} "No default for method recip"
default__fromRational d434
    =   error{-(Rational -> a)-}
	    "No default for method fromRational"
instance Num Int
  where
      super1_Num = super{-(Eq Int)-} inst__Prelude_Eq_Int
      super2_Num
	  = super{-(Show Int)-} inst__Prelude_Show_Int
      (+) = ($--+){-Int-} inst__Prelude_Num_Int
      (-) = ($---){-Int-} inst__Prelude_Num_Int
      (*) = ($--*){-Int-} inst__Prelude_Num_Int
      negate = default__negate{-Int-} inst__Prelude_Num_Int
      abs = default__abs{-Int-} inst__Prelude_Num_Int
      signum = default__signum{-Int-} inst__Prelude_Num_Int
      fromInteger
	  = default__fromInteger{-Int-} inst__Prelude_Num_Int
      {-
      super1_Num :: Eq Int
      super2_Num :: Show Int
      (+) :: Int -> Int -> Int
      (-) :: Int -> Int -> Int
      (*) :: Int -> Int -> Int
      negate :: Int -> Int
      abs :: Int -> Int
      signum :: Int -> Int
      fromInteger :: Integer -> Int
      -}
instance Num Integer
  where
      super1_Num
	  = super{-(Eq Integer)-} inst__Prelude_Eq_Integer
      super2_Num
	  = super{-(Show Integer)-} inst__Prelude_Show_Integer
      (+) = ($--+){-Integer-} inst__Prelude_Num_Integer
      (-) = ($---){-Integer-} inst__Prelude_Num_Integer
      (*) = ($--*){-Integer-} inst__Prelude_Num_Integer
      negate
	  =   default__negate{-Integer-}
		  inst__Prelude_Num_Integer
      abs =   default__abs{-Integer-}
		  inst__Prelude_Num_Integer
      signum
	  =   default__signum{-Integer-}
		  inst__Prelude_Num_Integer
      fromInteger
	  =   default__fromInteger{-Integer-}
		  inst__Prelude_Num_Integer
      {-
      super1_Num :: Eq Integer
      super2_Num :: Show Integer
      (+) :: Integer -> Integer -> Integer
      (-) :: Integer -> Integer -> Integer
      (*) :: Integer -> Integer -> Integer
      negate :: Integer -> Integer
      abs :: Integer -> Integer
      signum :: Integer -> Integer
      fromInteger :: Integer -> Integer
      -}
instance Num Rational
  where
      super1_Num
	  = super{-(Eq Rational)-} inst__Prelude_Eq_Rational
      super2_Num
	  =   super{-(Show Rational)-}
		  inst__Prelude_Show_Rational
      (+) = ($--+){-Rational-} inst__Prelude_Num_Rational
      (-) = ($---){-Rational-} inst__Prelude_Num_Rational
      (*) = ($--*){-Rational-} inst__Prelude_Num_Rational
      negate
	  =   default__negate{-Rational-}
		  inst__Prelude_Num_Rational
      abs =   default__abs{-Rational-}
		  inst__Prelude_Num_Rational
      signum
	  =   default__signum{-Rational-}
		  inst__Prelude_Num_Rational
      fromInteger
	  =   default__fromInteger{-Rational-}
		  inst__Prelude_Num_Rational
      {-
      super1_Num :: Eq Rational
      super2_Num :: Show Rational
      (+) :: Rational -> Rational -> Rational
      (-) :: Rational -> Rational -> Rational
      (*) :: Rational -> Rational -> Rational
      negate :: Rational -> Rational
      abs :: Rational -> Rational
      signum :: Rational -> Rational
      fromInteger :: Integer -> Rational
      -}
instance Num Double
  where
      super1_Num
	  = super{-(Eq Double)-} inst__Prelude_Eq_Double
      super2_Num
	  = super{-(Show Double)-} inst__Prelude_Show_Double
      (+) = ($--+){-Double-} inst__Prelude_Num_Double
      (-) = ($---){-Double-} inst__Prelude_Num_Double
      (*) = ($--*){-Double-} inst__Prelude_Num_Double
      negate
	  = default__negate{-Double-} inst__Prelude_Num_Double
      abs = default__abs{-Double-} inst__Prelude_Num_Double
      signum
	  = default__signum{-Double-} inst__Prelude_Num_Double
      fromInteger
	  =   default__fromInteger{-Double-}
		  inst__Prelude_Num_Double
      {-
      super1_Num :: Eq Double
      super2_Num :: Show Double
      (+) :: Double -> Double -> Double
      (-) :: Double -> Double -> Double
      (*) :: Double -> Double -> Double
      negate :: Double -> Double
      abs :: Double -> Double
      signum :: Double -> Double
      fromInteger :: Integer -> Double
      -}
instance Eq Int
  where
      (==) = ($--==){-Int-} inst__Prelude_Eq_Int
      (/=) = ($--/=){-Int-} inst__Prelude_Eq_Int
      {-
      (==) :: Int -> Int -> Bool
      (/=) :: Int -> Int -> Bool
      -}
instance Ord Int
  where
      super1_Ord = super{-(Eq Int)-} inst__Prelude_Eq_Int
      compare
	  = default__compare{-Int-} inst__Prelude_Ord_Int
      (<) = ($--<){-Int-} inst__Prelude_Ord_Int
      (<=) = ($--<=){-Int-} inst__Prelude_Ord_Int
      (>=) = ($-->=){-Int-} inst__Prelude_Ord_Int
      (>) = ($-->){-Int-} inst__Prelude_Ord_Int
      max = default__max{-Int-} inst__Prelude_Ord_Int
      min = default__min{-Int-} inst__Prelude_Ord_Int
      {-
      super1_Ord :: Eq Int
      compare :: Int -> Int -> Ordering
      (<) :: Int -> Int -> Bool
      (<=) :: Int -> Int -> Bool
      (>=) :: Int -> Int -> Bool
      (>) :: Int -> Int -> Bool
      max :: Int -> Int -> Int
      min :: Int -> Int -> Int
      -}
instance Enum Int
  where
      succ = default__succ{-Int-} inst__Prelude_Enum_Int
      pred = default__pred{-Int-} inst__Prelude_Enum_Int
      toEnum
	  = default__toEnum{-Int-} inst__Prelude_Enum_Int
      fromEnum
	  = default__fromEnum{-Int-} inst__Prelude_Enum_Int
      enumFrom
	  = default__enumFrom{-Int-} inst__Prelude_Enum_Int
      enumFromThen
	  = default__enumFromThen{-Int-} inst__Prelude_Enum_Int
      enumFromTo
	  = default__enumFromTo{-Int-} inst__Prelude_Enum_Int
      enumFromThenTo
	  =   default__enumFromThenTo{-Int-}
		  inst__Prelude_Enum_Int
      {-
      succ :: Int -> Int
      pred :: Int -> Int
      toEnum :: Int -> Int
      fromEnum :: Int -> Int
      enumFrom :: Int -> [Int]
      enumFromThen :: Int -> Int -> [Int]
      enumFromTo :: Int -> Int -> [Int]
      enumFromThenTo :: Int -> Int -> Int -> [Int]
      -}
instance Eq Char
  where
      (==) = ($--==){-Char-} inst__Prelude_Eq_Char
      (/=) = ($--/=){-Char-} inst__Prelude_Eq_Char
      {-
      (==) :: Char -> Char -> Bool
      (/=) :: Char -> Char -> Bool
      -}
instance Eq Integer
  where
      (==) = ($--==){-Integer-} inst__Prelude_Eq_Integer
      (/=) = ($--/=){-Integer-} inst__Prelude_Eq_Integer
      {-
      (==) :: Integer -> Integer -> Bool
      (/=) :: Integer -> Integer -> Bool
      -}
instance Eq Rational
  where
      (==) = ($--==){-Rational-} inst__Prelude_Eq_Rational
      (/=) = ($--/=){-Rational-} inst__Prelude_Eq_Rational
      {-
      (==) :: Rational -> Rational -> Bool
      (/=) :: Rational -> Rational -> Bool
      -}
instance Eq Double
  where
      (==) = ($--==){-Double-} inst__Prelude_Eq_Double
      (/=) = ($--/=){-Double-} inst__Prelude_Eq_Double
      {-
      (==) :: Double -> Double -> Bool
      (/=) :: Double -> Double -> Bool
      -}
instance Ord Char
  where
      super1_Ord = super{-(Eq Char)-} inst__Prelude_Eq_Char
      compare
	  = default__compare{-Char-} inst__Prelude_Ord_Char
      (<) = ($--<){-Char-} inst__Prelude_Ord_Char
      (<=) = ($--<=){-Char-} inst__Prelude_Ord_Char
      (>=) = ($-->=){-Char-} inst__Prelude_Ord_Char
      (>) = ($-->){-Char-} inst__Prelude_Ord_Char
      max = default__max{-Char-} inst__Prelude_Ord_Char
      min = default__min{-Char-} inst__Prelude_Ord_Char
      {-
      super1_Ord :: Eq Char
      compare :: Char -> Char -> Ordering
      (<) :: Char -> Char -> Bool
      (<=) :: Char -> Char -> Bool
      (>=) :: Char -> Char -> Bool
      (>) :: Char -> Char -> Bool
      max :: Char -> Char -> Char
      min :: Char -> Char -> Char
      -}
instance Ord Integer
  where
      super1_Ord
	  = super{-(Eq Integer)-} inst__Prelude_Eq_Integer
      compare
	  =   default__compare{-Integer-}
		  inst__Prelude_Ord_Integer
      (<) = ($--<){-Integer-} inst__Prelude_Ord_Integer
      (<=) = ($--<=){-Integer-} inst__Prelude_Ord_Integer
      (>=) = ($-->=){-Integer-} inst__Prelude_Ord_Integer
      (>) = ($-->){-Integer-} inst__Prelude_Ord_Integer
      max =   default__max{-Integer-}
		  inst__Prelude_Ord_Integer
      min =   default__min{-Integer-}
		  inst__Prelude_Ord_Integer
      {-
      super1_Ord :: Eq Integer
      compare :: Integer -> Integer -> Ordering
      (<) :: Integer -> Integer -> Bool
      (<=) :: Integer -> Integer -> Bool
      (>=) :: Integer -> Integer -> Bool
      (>) :: Integer -> Integer -> Bool
      max :: Integer -> Integer -> Integer
      min :: Integer -> Integer -> Integer
      -}
instance Ord Rational
  where
      super1_Ord
	  = super{-(Eq Rational)-} inst__Prelude_Eq_Rational
      compare
	  =   default__compare{-Rational-}
		  inst__Prelude_Ord_Rational
      (<) = ($--<){-Rational-} inst__Prelude_Ord_Rational
      (<=) = ($--<=){-Rational-} inst__Prelude_Ord_Rational
      (>=) = ($-->=){-Rational-} inst__Prelude_Ord_Rational
      (>) = ($-->){-Rational-} inst__Prelude_Ord_Rational
      max =   default__max{-Rational-}
		  inst__Prelude_Ord_Rational
      min =   default__min{-Rational-}
		  inst__Prelude_Ord_Rational
      {-
      super1_Ord :: Eq Rational
      compare :: Rational -> Rational -> Ordering
      (<) :: Rational -> Rational -> Bool
      (<=) :: Rational -> Rational -> Bool
      (>=) :: Rational -> Rational -> Bool
      (>) :: Rational -> Rational -> Bool
      max :: Rational -> Rational -> Rational
      min :: Rational -> Rational -> Rational
      -}
instance Ord Double
  where
      super1_Ord
	  = super{-(Eq Double)-} inst__Prelude_Eq_Double
      compare
	  = default__compare{-Double-} inst__Prelude_Ord_Double
      (<) = ($--<){-Double-} inst__Prelude_Ord_Double
      (<=) = ($--<=){-Double-} inst__Prelude_Ord_Double
      (>=) = ($-->=){-Double-} inst__Prelude_Ord_Double
      (>) = ($-->){-Double-} inst__Prelude_Ord_Double
      max = default__max{-Double-} inst__Prelude_Ord_Double
      min = default__min{-Double-} inst__Prelude_Ord_Double
      {-
      super1_Ord :: Eq Double
      compare :: Double -> Double -> Ordering
      (<) :: Double -> Double -> Bool
      (<=) :: Double -> Double -> Bool
      (>=) :: Double -> Double -> Bool
      (>) :: Double -> Double -> Bool
      max :: Double -> Double -> Double
      min :: Double -> Double -> Double
      -}
instance Show Int
  where
      showsPrec
	  = default__showsPrec{-Int-} inst__Prelude_Show_Int
      show = default__show{-Int-} inst__Prelude_Show_Int
      showList
	  = default__showList{-Int-} inst__Prelude_Show_Int
      {-
      showsPrec :: Int -> Int -> ShowS
      show :: Int -> String
      showList :: [Int] -> ShowS
      -}
instance Show Char
  where
      showsPrec
	  = default__showsPrec{-Char-} inst__Prelude_Show_Char
      show = default__show{-Char-} inst__Prelude_Show_Char
      showList
	  = default__showList{-Char-} inst__Prelude_Show_Char
      {-
      showsPrec :: Int -> Char -> ShowS
      show :: Char -> String
      showList :: String -> ShowS
      -}
instance Show Integer
  where
      showsPrec
	  =   default__showsPrec{-Integer-}
		  inst__Prelude_Show_Integer
      show
	  = default__show{-Integer-} inst__Prelude_Show_Integer
      showList
	  =   default__showList{-Integer-}
		  inst__Prelude_Show_Integer
      {-
      showsPrec :: Int -> Integer -> ShowS
      show :: Integer -> String
      showList :: [Integer] -> ShowS
      -}
instance Show Rational
  where
      showsPrec
	  =   default__showsPrec{-Rational-}
		  inst__Prelude_Show_Rational
      show
	  =   default__show{-Rational-}
		  inst__Prelude_Show_Rational
      showList
	  =   default__showList{-Rational-}
		  inst__Prelude_Show_Rational
      {-
      showsPrec :: Int -> Rational -> ShowS
      show :: Rational -> String
      showList :: [Rational] -> ShowS
      -}
instance Show Double
  where
      showsPrec
	  =   default__showsPrec{-Double-}
		  inst__Prelude_Show_Double
      show
	  = default__show{-Double-} inst__Prelude_Show_Double
      showList
	  =   default__showList{-Double-}
		  inst__Prelude_Show_Double
      {-
      showsPrec :: Int -> Double -> ShowS
      show :: Double -> String
      showList :: [Double] -> ShowS
      -}
instance Fractional Rational
  where
      super1_Fractional
	  = super{-(Num Rational)-} inst__Prelude_Num_Rational
      (/) =   ($--/){-Rational-}
		  inst__Prelude_Fractional_Rational
      recip
	  =   default__recip{-Rational-}
		  inst__Prelude_Fractional_Rational
      fromRational
	  =   default__fromRational{-Rational-}
		  inst__Prelude_Fractional_Rational
      {-
      super1_Fractional :: Num Rational
      (/) :: Rational -> Rational -> Rational
      recip :: Rational -> Rational
      fromRational :: Rational -> Rational
      -}
instance Fractional Double
  where
      super1_Fractional
	  = super{-(Num Double)-} inst__Prelude_Num_Double
      (/) =   ($--/){-Double-}
		  inst__Prelude_Fractional_Double
      recip
	  =   default__recip{-Double-}
		  inst__Prelude_Fractional_Double
      fromRational
	  =   default__fromRational{-Double-}
		  inst__Prelude_Fractional_Double
      {-
      super1_Fractional :: Num Double
      (/) :: Double -> Double -> Double
      recip :: Double -> Double
      fromRational :: Rational -> Double
      -}
subtract :: Num a => a -> a -> a
subtract d794 = flip{-a a a-} ((-){-a-} d794)
flip :: (a -> b -> c) -> b -> a -> c
flip f x y = f y x
class Enum a
  where
      succ,pred :: a -> a
      toEnum :: Int -> a
      fromEnum :: a -> Int
      enumFrom :: a -> [a]
      enumFromThen :: a -> a -> [a]
      enumFromTo :: a -> a -> [a]
      enumFromThenTo :: a -> a -> a -> [a]
default__succ d819
    =   (.){-Int a a-}
	    ((.){-Int a Int-} (toEnum{-a-} d819)
		 (flip{-Int Int Int-}
		      ((+){-Int-} inst__Prelude_Num_Int)
		      (fromInteger{-Int-} inst__Prelude_Num_Int 1)))
	    (fromEnum{-a-} d819)
default__pred d835
    =   (.){-Int a a-}
	    ((.){-Int a Int-} (toEnum{-a-} d835)
		 (subtract{-Int-} inst__Prelude_Num_Int
		      (fromInteger{-Int-} inst__Prelude_Num_Int 1)))
	    (fromEnum{-a-} d835)
default__enumFrom d846 x
    =   map{-Int a-} (toEnum{-a-} d846)
	    (enumFrom{-Int-} inst__Prelude_Enum_Int
		 (fromEnum{-a-} d846 x))
default__enumFromTo d860 x y
    =   map{-Int a-} (toEnum{-a-} d860)
	    (enumFromTo{-Int-} inst__Prelude_Enum_Int
		 (fromEnum{-a-} d860 x)
		 (fromEnum{-a-} d860 y))
default__enumFromThen d874 x y
    =   map{-Int a-} (toEnum{-a-} d874)
	    (enumFromThen{-Int-} inst__Prelude_Enum_Int
		 (fromEnum{-a-} d874 x)
		 (fromEnum{-a-} d874 y))
default__enumFromThenTo d891 x y z
    =   map{-Int a-} (toEnum{-a-} d891)
	    (enumFromThenTo{-Int-} inst__Prelude_Enum_Int
		 (fromEnum{-a-} d891 x)
		 (fromEnum{-a-} d891 y)
		 (fromEnum{-a-} d891 z))
default__toEnum d894
    = error{-(Int -> a)-} "No default for method toEnum"
default__fromEnum d897
    =   error{-(a -> Int)-}
	    "No default for method fromEnum"
class Bounded a
  where
      minBound :: a
      maxBound :: a
default__minBound d907
    = error{-a-} "No default for method minBound"
default__maxBound d910
    = error{-a-} "No default for method maxBound"
data () = () deriving (Eq, Ord, Show)
data (a, b) = (,) a b deriving (Show, Eq, Ord)
data (a, b, c)
    = Prelude.(,,) a b c deriving (Show, Eq, Ord)
data (a, b, c, d)
    = Prelude.(,,,) a b c d deriving (Show, Eq, Ord)
class (Num a, Ord a) => Real a
  where toRational :: a -> Rational
default__toRational d914
    =   error{-(a -> Rational)-}
	    "No default for method toRational"
class (Real a, Enum a) => Integral a
  where
      quot,rem :: a -> a -> a
      div,mod :: a -> a -> a
      quotRem,divMod :: a -> a -> (a, a)
      toInteger :: a -> Integer
default__quot d919
    = error{-(a -> a -> a)-} "No default for method quot"
default__rem d922
    = error{-(a -> a -> a)-} "No default for method rem"
default__div d925
    = error{-(a -> a -> a)-} "No default for method div"
default__mod d928
    = error{-(a -> a -> a)-} "No default for method mod"
default__quotRem d931
    =   error{-(a -> a -> (a, a))-}
	    "No default for method quotRem"
default__divMod d934
    =   error{-(a -> a -> (a, a))-}
	    "No default for method divMod"
default__toInteger d937
    =   error{-(a -> Integer)-}
	    "No default for method toInteger"
fromIntegral :: (Integral a, Num b) => a -> b
fromIntegral d951 d952
    =   (.){-Integer b a-} (fromInteger{-b-} d952)
	    (toInteger{-a-} d951)
even,odd :: Integral a => a -> Bool
even d963 n
    =   (==){-a-} d956
	    (rem{-a-} d963 n (fromInteger{-a-} d960 2))
	    (fromInteger{-a-} d960 0)
  where
      d960 = super1_Real{-a-} (super1_Integral{-a-} d963)
      d956
	  =   super1_Num{-a-}
		  (super1_Real{-a-} (super1_Integral{-a-} d963))
      {-
      d960 :: Num a
      d956 :: Eq a
      -}
odd d968 n = not (even{-a-} d968 n)
class (Real a, Fractional a) => RealFrac a
  where
      properFraction :: Integral b => a -> (b, a)
      truncate,round :: Integral b => a -> b
      ceiling,floor :: Integral b => a -> b
default__truncate d977 d978 x
    = m
  where
      (m, _) = properFraction{-a b-} d977 d978 x
      {-
      m :: b
      -}
default__round d1018 d1019 x
    =   let (n, r) = properFraction{-a b-} d1018 d1019 x
	    m   =   if (<){-a-} d989 r (fromInteger{-a-} d991 0)
		    then (-){-b-} d993 n (fromInteger{-b-} d993 1)
		    else (+){-b-} d993 n (fromInteger{-b-} d993 1)
	    {-
	    r :: a
	    n :: b
	    m :: b
	    -}
	in case signum{-a-} d991
		    ((-){-a-} d991 (abs{-a-} d991 r)
			 (fromRational{-a-} d1007 1 % 2)) of
	       negate{-a-} d1009 (fromInteger{-a-} d1011 1) -> n
	       fromInteger{-a-} d1013 0
		   -> if even{-b-} d1019 n then n else m
	       fromInteger{-a-} d1017 1 -> m
  where
      d1007 = super2_RealFrac{-a-} d1018
      d993 = super1_Real{-b-} (super1_Integral{-b-} d1019)
      d991 = super1_Real{-a-} (super1_RealFrac{-a-} d1018)
      d989 = super2_Real{-a-} (super1_RealFrac{-a-} d1018)
      {-
      d1007 :: Fractional a
      d993 :: Num b
      d991 :: Num a
      d989 :: Ord a
      -}
default__ceiling d1036 d1037 x
    =   if (>){-a-} d1029 r (fromInteger{-a-} d1031 0)
	then (+){-b-} d1033 n (fromInteger{-b-} d1033 1)
	else n
  where
      d1033 = super1_Real{-b-} (super1_Integral{-b-} d1037)
      d1031 = super1_Real{-a-} (super1_RealFrac{-a-} d1036)
      d1029 = super2_Real{-a-} (super1_RealFrac{-a-} d1036)
      (n, r) = properFraction{-a b-} d1036 d1037 x
      {-
      d1033 :: Num b
      d1031 :: Num a
      d1029 :: Ord a
      r :: a
      n :: b
      -}
default__floor d1054 d1055 x
    =   if (<){-a-} d1047 r (fromInteger{-a-} d1049 0)
	then (-){-b-} d1051 n (fromInteger{-b-} d1051 1)
	else n
  where
      d1051 = super1_Real{-b-} (super1_Integral{-b-} d1055)
      d1049 = super1_Real{-a-} (super1_RealFrac{-a-} d1054)
      d1047 = super2_Real{-a-} (super1_RealFrac{-a-} d1054)
      (n, r) = properFraction{-a b-} d1054 d1055 x
      {-
      d1051 :: Num b
      d1049 :: Num a
      d1047 :: Ord a
      r :: a
      n :: b
      -}
default__properFraction d1058 d1059
    =   error{-(a -> (b, a))-}
	    "No default for method properFraction"
foo :: Int -> Int
foo =   \ y ->
	    let app = \ f x -> f x
		fun :: (a -> b) -> a -> b
		fun =   let myid = \ x -> x
			    bar = app{-t1083 t1084-}
			    {-
			    myid :: forall a . a -> a
			    bar :: forall a b . (a -> b) -> a -> b
			    -}
			in myid{-((a -> b) -> a -> b)-}
			       (let ram = bar{-t1087 t1088-}
				    {- ram :: forall a b . (a -> b) -> a -> b -}
				in ram{-a b-})
		{-
		app :: forall a b . (a -> b) -> a -> b
		fun :: forall a b . (a -> b) -> a -> b
		-}
	    in (+){-Int-} inst__Prelude_Num_Int
		   (fun{-Int (Int -> Int)-} plus
			(fromInteger{-Int-} inst__Prelude_Num_Int 1)
			(fromInteger{-Int-} inst__Prelude_Num_Int 2))
		   (fun{-Int (Int -> Int)-} plus
			(fromInteger{-Int-} inst__Prelude_Num_Int 1)
			(fromInteger{-Int-} inst__Prelude_Num_Int 2))
plus :: Int -> Int -> Int
plus = \ x y -> (+){-Int-} inst__Prelude_Num_Int x y
addThree :: Int -> Int -> Int -> Int
addThree
    =   \ a b c ->
	    (+){-Int-} inst__Prelude_Num_Int
		((+){-Int-} inst__Prelude_Num_Int a b)
		c
mymap :: (a -> b) -> [a] -> [b]
mymap = mymap{-a b-}
mysum :: Num a => [a] -> a
mysum d1126 = mysum{-a-} d1126
instance Eq Bool
  where
      (==) False False = True
      (==) True True = True
      (==) _ _ = False
      (/=) = ($--/=){-Bool-} derived__Prelude_Eq_Bool
      {-
      (==) :: Bool -> Bool -> Bool
      (/=) :: Bool -> Bool -> Bool
      -}
instance Ord Bool
  where
      super1_Ord
	  = super{-(Eq Bool)-} derived__Prelude_Eq_Bool
      compare x y
	  =   let cno False
		      =   let t1141 :: Int
			      t1141 = fromInteger{-Int-} inst__Prelude_Num_Int 0
			      {- t1141 :: Int -}
			  in t1141
		  cno True = fromInteger{-Int-} inst__Prelude_Num_Int 1
		  {- cno :: Bool -> Int -}
	      in compare{-Int-} inst__Prelude_Ord_Int (cno x)
		     (cno y)
      (<) = ($--<){-Bool-} derived__Prelude_Ord_Bool
      (<=) = ($--<=){-Bool-} derived__Prelude_Ord_Bool
      (>=) = ($-->=){-Bool-} derived__Prelude_Ord_Bool
      (>) = ($-->){-Bool-} derived__Prelude_Ord_Bool
      max = default__max{-Bool-} derived__Prelude_Ord_Bool
      min = default__min{-Bool-} derived__Prelude_Ord_Bool
      {-
      super1_Ord :: Eq Bool
      compare :: Bool -> Bool -> Ordering
      (<) :: Bool -> Bool -> Bool
      (<=) :: Bool -> Bool -> Bool
      (>=) :: Bool -> Bool -> Bool
      (>) :: Bool -> Bool -> Bool
      max :: Bool -> Bool -> Bool
      min :: Bool -> Bool -> Bool
      -}
instance Show Bool
  where
      showsPrec d False = showString "False"
      showsPrec d True = showString "True"
      show
	  = default__show{-Bool-} derived__Prelude_Show_Bool
      showList
	  =   default__showList{-Bool-}
		  derived__Prelude_Show_Bool
      {-
      showsPrec :: Int -> Bool -> ShowS
      show :: Bool -> String
      showList :: [Bool] -> ShowS
      -}
instance Eq Ordering
  where
      (==) LT LT = True
      (==) EQ EQ = True
      (==) GT GT = True
      (==) _ _ = False
      (/=)
	  = ($--/=){-Ordering-} derived__Prelude_Eq_Ordering
      {-
      (==) :: Ordering -> Ordering -> Bool
      (/=) :: Ordering -> Ordering -> Bool
      -}
instance Ord Ordering
  where
      super1_Ord
	  = super{-(Eq Ordering)-} derived__Prelude_Eq_Ordering
      compare x y
	  =   let cno LT
		      =   let t1192 :: Int
			      t1192 = fromInteger{-Int-} inst__Prelude_Num_Int 0
			      {- t1192 :: Int -}
			  in t1192
		  cno EQ = fromInteger{-Int-} inst__Prelude_Num_Int 1
		  cno GT = fromInteger{-Int-} inst__Prelude_Num_Int 2
		  {- cno :: Ordering -> Int -}
	      in compare{-Int-} inst__Prelude_Ord_Int (cno x)
		     (cno y)
      (<) =   ($--<){-Ordering-}
		  derived__Prelude_Ord_Ordering
      (<=)
	  = ($--<=){-Ordering-} derived__Prelude_Ord_Ordering
      (>=)
	  = ($-->=){-Ordering-} derived__Prelude_Ord_Ordering
      (>) =   ($-->){-Ordering-}
		  derived__Prelude_Ord_Ordering
      max =   default__max{-Ordering-}
		  derived__Prelude_Ord_Ordering
      min =   default__min{-Ordering-}
		  derived__Prelude_Ord_Ordering
      {-
      super1_Ord :: Eq Ordering
      compare :: Ordering -> Ordering -> Ordering
      (<) :: Ordering -> Ordering -> Bool
      (<=) :: Ordering -> Ordering -> Bool
      (>=) :: Ordering -> Ordering -> Bool
      (>) :: Ordering -> Ordering -> Bool
      max :: Ordering -> Ordering -> Ordering
      min :: Ordering -> Ordering -> Ordering
      -}
instance Show Ordering
  where
      showsPrec d LT = showString "LT"
      showsPrec d EQ = showString "EQ"
      showsPrec d GT = showString "GT"
      show
	  =   default__show{-Ordering-}
		  derived__Prelude_Show_Ordering
      showList
	  =   default__showList{-Ordering-}
		  derived__Prelude_Show_Ordering
      {-
      showsPrec :: Int -> Ordering -> ShowS
      show :: Ordering -> String
      showList :: [Ordering] -> ShowS
      -}
instance Eq a => Eq [a]
  where
      (==) d1248 []{-a-} []{-a-} = True
      (==) d1248 ((:){-a-} x1 x2) ((:){-a-} y1 y2)
	  =   (&&) ((==){-a-} d1248 x1 y1)
		  ((==){-[a]-} d1244 x2 y2)
	where
	    d1244 = derived__Prelude_Eq_34_65{-a-} d1248
	    {-
	    d1244 :: Eq [a]
	    -}
      (==) d1248 _ _ = False
      (/=) d1252
	  = ($--/=){-[a]-} d1251
	where
	    d1251 = derived__Prelude_Eq_34_65{-a-} d1252
	    {-
	    d1251 :: Eq [a]
	    -}
      {-
      (==) :: forall a . (Eq a) => [a] -> [a] -> Bool
      (/=) :: forall a . (Eq a) => [a] -> [a] -> Bool
      -}
instance Ord a => Ord [a]
  where
      super1_Ord d1257
	  = super{-(Eq [a])-} d1256
	where
	    d1258 = super1_Ord{-a-} d1257
	    d1256 = derived__Prelude_Eq_34_65{-a-} d1258
	    {-
	    d1258 :: Eq a
	    d1256 :: Eq [a]
	    -}
      compare d1291 ((:){-a-} x1 x2) ((:){-a-} y1 y2)
	  =   lexOrder (compare{-a-} d1291 x1 y1)
		  (compare{-[a]-} d1269 x2 y2)
	where
	    d1269 = derived__Prelude_Ord_34_69{-a-} d1291
	    {-
	    d1269 :: Ord [a]
	    -}
      compare d1291 x y
	  =   let cno []{-t1282-}
		      =   let t1275 :: Int
			      t1275 = fromInteger{-Int-} inst__Prelude_Num_Int 0
			      {- t1275 :: Int -}
			  in t1275
		  cno ((:){-t1282-} _ _)
		      = fromInteger{-Int-} inst__Prelude_Num_Int 1
		  {- cno :: forall a . [a] -> Int -}
	      in compare{-Int-} inst__Prelude_Ord_Int (cno{-a-} x)
		     (cno{-a-} y)
      (<) d1295
	  = ($--<){-[a]-} d1294
	where
	    d1294 = derived__Prelude_Ord_34_69{-a-} d1295
	    {-
	    d1294 :: Ord [a]
	    -}
      (<=) d1300
	  = ($--<=){-[a]-} d1299
	where
	    d1299 = derived__Prelude_Ord_34_69{-a-} d1300
	    {-
	    d1299 :: Ord [a]
	    -}
      (>=) d1305
	  = ($-->=){-[a]-} d1304
	where
	    d1304 = derived__Prelude_Ord_34_69{-a-} d1305
	    {-
	    d1304 :: Ord [a]
	    -}
      (>) d1310
	  = ($-->){-[a]-} d1309
	where
	    d1309 = derived__Prelude_Ord_34_69{-a-} d1310
	    {-
	    d1309 :: Ord [a]
	    -}
      max d1315
	  = default__max{-[a]-} d1314
	where
	    d1314 = derived__Prelude_Ord_34_69{-a-} d1315
	    {-
	    d1314 :: Ord [a]
	    -}
      min d1320
	  = default__min{-[a]-} d1319
	where
	    d1319 = derived__Prelude_Ord_34_69{-a-} d1320
	    {-
	    d1319 :: Ord [a]
	    -}
      {-
      super1_Ord :: forall a . (Ord a) => Eq [a]
      compare ::
	  forall a . (Ord a) => [a] -> [a] -> Ordering
      (<) :: forall a . (Ord a) => [a] -> [a] -> Bool
      (<=) :: forall a . (Ord a) => [a] -> [a] -> Bool
      (>=) :: forall a . (Ord a) => [a] -> [a] -> Bool
      (>) :: forall a . (Ord a) => [a] -> [a] -> Bool
      max :: forall a . (Ord a) => [a] -> [a] -> [a]
      min :: forall a . (Ord a) => [a] -> [a] -> [a]
      -}
instance Show a => Show [a]
  where
      showsPrec d1340 d []{-a-} = showString "[]"
      showsPrec d1340 d ((:){-a-} x1 x2)
	  =   showParenArg d
		  ((.){-String String String-} (showString ":")
		       ((.){-String String String-}
			    (showArgument{-a-} d1340 x1)
			    (showArgument{-[a]-} d1338 x2)))
	where
	    d1338 = derived__Prelude_Show_34_59{-a-} d1340
	    {-
	    d1338 :: Show [a]
	    -}
      show d1344
	  = default__show{-[a]-} d1343
	where
	    d1343 = derived__Prelude_Show_34_59{-a-} d1344
	    {-
	    d1343 :: Show [a]
	    -}
      showList d1349
	  = default__showList{-[a]-} d1348
	where
	    d1348 = derived__Prelude_Show_34_59{-a-} d1349
	    {-
	    d1348 :: Show [a]
	    -}
      {-
      showsPrec ::
	  forall a . (Show a) => Int -> [a] -> ShowS
      show :: forall a . (Show a) => [a] -> String
      showList :: forall a . (Show a) => [[a]] -> ShowS
      -}
instance Eq ()
  where
      (==) () () = True
      (/=) = ($--/=){-()-} derived__Prelude_Eq_184_27
      {-
      (==) :: () -> () -> Bool
      (/=) :: () -> () -> Bool
      -}
instance Ord ()
  where
      super1_Ord
	  = super{-(Eq ())-} derived__Prelude_Eq_184_27
      compare x y
	  =   let cno ()
		      =   let t1363 :: Int
			      t1363 = fromInteger{-Int-} inst__Prelude_Num_Int 0
			      {- t1363 :: Int -}
			  in t1363
		  {- cno :: () -> Int -}
	      in compare{-Int-} inst__Prelude_Ord_Int (cno x)
		     (cno y)
      (<) = ($--<){-()-} derived__Prelude_Ord_184_31
      (<=) = ($--<=){-()-} derived__Prelude_Ord_184_31
      (>=) = ($-->=){-()-} derived__Prelude_Ord_184_31
      (>) = ($-->){-()-} derived__Prelude_Ord_184_31
      max = default__max{-()-} derived__Prelude_Ord_184_31
      min = default__min{-()-} derived__Prelude_Ord_184_31
      {-
      super1_Ord :: Eq ()
      compare :: () -> () -> Ordering
      (<) :: () -> () -> Bool
      (<=) :: () -> () -> Bool
      (>=) :: () -> () -> Bool
      (>) :: () -> () -> Bool
      max :: () -> () -> ()
      min :: () -> () -> ()
      -}
instance Show ()
  where
      showsPrec d () = showString "()"
      show
	  = default__show{-()-} derived__Prelude_Show_184_36
      showList
	  =   default__showList{-()-}
		  derived__Prelude_Show_184_36
      {-
      showsPrec :: Int -> () -> ShowS
      show :: () -> String
      showList :: [()] -> ShowS
      -}
instance (Eq a, Eq b) => Eq (a, b)
  where
      (==) d1410 d1411 ((,){-a b-} x1 x2)
	   ((,){-a b-} y1 y2)
	  =   (&&) ((==){-a-} d1410 x1 y1)
		  ((==){-b-} d1411 x2 y2)
      (/=) d1415 d1416
	  = ($--/=){-(a, b)-} d1414
	where
	    d1414 = derived__Prelude_Eq_188_20{-a b-} d1415 d1416
	    {-
	    d1414 :: Eq (a, b)
	    -}
      {-
      (==) ::
	  forall a b . (Eq a, Eq b) => (a, b) -> (a, b) -> Bool
      (/=) ::
	  forall a b . (Eq a, Eq b) => (a, b) -> (a, b) -> Bool
      -}
instance (Ord a, Ord b) => Ord (a, b)
  where
      super1_Ord d1422 d1423
	  = super{-(Eq (a, b))-} d1421
	where
	    d1424 = super1_Ord{-a-} d1422
	    d1425 = super1_Ord{-b-} d1423
	    d1421 = derived__Prelude_Eq_188_20{-a b-} d1424 d1425
	    {-
	    d1424 :: Eq a
	    d1425 :: Eq b
	    d1421 :: Eq (a, b)
	    -}
      compare d1439 d1440 ((,){-a b-} x1 x2)
	      ((,){-a b-} y1 y2)
	  =   lexOrder (compare{-a-} d1439 x1 y1)
		  (compare{-b-} d1440 x2 y2)
      (<) d1444 d1445
	  = ($--<){-(a, b)-} d1443
	where
	    d1443
		= derived__Prelude_Ord_188_24{-a b-} d1444 d1445
	    {-
	    d1443 :: Ord (a, b)
	    -}
      (<=) d1451 d1452
	  = ($--<=){-(a, b)-} d1450
	where
	    d1450
		= derived__Prelude_Ord_188_24{-a b-} d1451 d1452
	    {-
	    d1450 :: Ord (a, b)
	    -}
      (>=) d1458 d1459
	  = ($-->=){-(a, b)-} d1457
	where
	    d1457
		= derived__Prelude_Ord_188_24{-a b-} d1458 d1459
	    {-
	    d1457 :: Ord (a, b)
	    -}
      (>) d1465 d1466
	  = ($-->){-(a, b)-} d1464
	where
	    d1464
		= derived__Prelude_Ord_188_24{-a b-} d1465 d1466
	    {-
	    d1464 :: Ord (a, b)
	    -}
      max d1472 d1473
	  = default__max{-(a, b)-} d1471
	where
	    d1471
		= derived__Prelude_Ord_188_24{-a b-} d1472 d1473
	    {-
	    d1471 :: Ord (a, b)
	    -}
      min d1479 d1480
	  = default__min{-(a, b)-} d1478
	where
	    d1478
		= derived__Prelude_Ord_188_24{-a b-} d1479 d1480
	    {-
	    d1478 :: Ord (a, b)
	    -}
      {-
      super1_Ord ::
	  forall a b . (Ord a, Ord b) => Eq (a, b)
      compare ::
	  forall a b .
	      (Ord a, Ord b) => (a, b) -> (a, b) -> Ordering
      (<) ::
	  forall a b .
	      (Ord a, Ord b) => (a, b) -> (a, b) -> Bool
      (<=) ::
	  forall a b .
	      (Ord a, Ord b) => (a, b) -> (a, b) -> Bool
      (>=) ::
	  forall a b .
	      (Ord a, Ord b) => (a, b) -> (a, b) -> Bool
      (>) ::
	  forall a b .
	      (Ord a, Ord b) => (a, b) -> (a, b) -> Bool
      max ::
	  forall a b .
	      (Ord a, Ord b) => (a, b) -> (a, b) -> (a, b)
      min ::
	  forall a b .
	      (Ord a, Ord b) => (a, b) -> (a, b) -> (a, b)
      -}
instance (Show a, Show b) => Show (a, b)
  where
      showsPrec d1499 d1500 d ((,){-a b-} x1 x2)
	  =   showParenArg d
		  ((.){-String String String-} (showString "(,)")
		       ((.){-String String String-}
			    (showArgument{-a-} d1499 x1)
			    (showArgument{-b-} d1500 x2)))
      show d1504 d1505
	  = default__show{-(a, b)-} d1503
	where
	    d1503
		= derived__Prelude_Show_188_14{-a b-} d1504 d1505
	    {-
	    d1503 :: Show (a, b)
	    -}
      showList d1511 d1512
	  = default__showList{-(a, b)-} d1510
	where
	    d1510
		= derived__Prelude_Show_188_14{-a b-} d1511 d1512
	    {-
	    d1510 :: Show (a, b)
	    -}
      {-
      showsPrec ::
	  forall a b .
	      (Show a, Show b) => Int -> (a, b) -> ShowS
      show ::
	  forall a b . (Show a, Show b) => (a, b) -> String
      showList ::
	  forall a b . (Show a, Show b) => [(a, b)] -> ShowS
      -}
instance (Eq a, Eq b, Eq c) => Eq (a, b, c)
  where
      (==) d1534 d1535 d1536 ((,,){-a b c-} x1 x2 x3)
	   ((,,){-a b c-} y1 y2 y3)
	  =   (&&) ((==){-a-} d1534 x1 y1)
		  ((&&) ((==){-b-} d1535 x2 y2)
		       ((==){-c-} d1536 x3 y3))
      (/=) d1540 d1541 d1542
	  = ($--/=){-(a, b, c)-} d1539
	where
	    d1539
		=   derived__Prelude_Eq_192_20{-a b c-} d1540 d1541
			d1542
	    {-
	    d1539 :: Eq (a, b, c)
	    -}
      {-
      (==) ::
	  forall a b c .
	      (Eq a, Eq b, Eq c) => (a, b, c) -> (a, b, c) -> Bool
      (/=) ::
	  forall a b c .
	      (Eq a, Eq b, Eq c) => (a, b, c) -> (a, b, c) -> Bool
      -}
instance (Ord a, Ord b, Ord c) => Ord (a, b, c)
  where
      super1_Ord d1549 d1550 d1551
	  = super{-(Eq (a, b, c))-} d1548
	where
	    d1552 = super1_Ord{-a-} d1549
	    d1553 = super1_Ord{-b-} d1550
	    d1554 = super1_Ord{-c-} d1551
	    d1548
		=   derived__Prelude_Eq_192_20{-a b c-} d1552 d1553
			d1554
	    {-
	    d1552 :: Eq a
	    d1553 :: Eq b
	    d1554 :: Eq c
	    d1548 :: Eq (a, b, c)
	    -}
      compare d1574 d1575 d1576 ((,,){-a b c-} x1 x2 x3)
	      ((,,){-a b c-} y1 y2 y3)
	  =   lexOrder (compare{-a-} d1574 x1 y1)
		  (lexOrder (compare{-b-} d1575 x2 y2)
		       (compare{-c-} d1576 x3 y3))
      (<) d1580 d1581 d1582
	  = ($--<){-(a, b, c)-} d1579
	where
	    d1579
		=   derived__Prelude_Ord_192_24{-a b c-} d1580 d1581
			d1582
	    {-
	    d1579 :: Ord (a, b, c)
	    -}
      (<=) d1589 d1590 d1591
	  = ($--<=){-(a, b, c)-} d1588
	where
	    d1588
		=   derived__Prelude_Ord_192_24{-a b c-} d1589 d1590
			d1591
	    {-
	    d1588 :: Ord (a, b, c)
	    -}
      (>=) d1598 d1599 d1600
	  = ($-->=){-(a, b, c)-} d1597
	where
	    d1597
		=   derived__Prelude_Ord_192_24{-a b c-} d1598 d1599
			d1600
	    {-
	    d1597 :: Ord (a, b, c)
	    -}
      (>) d1607 d1608 d1609
	  = ($-->){-(a, b, c)-} d1606
	where
	    d1606
		=   derived__Prelude_Ord_192_24{-a b c-} d1607 d1608
			d1609
	    {-
	    d1606 :: Ord (a, b, c)
	    -}
      max d1616 d1617 d1618
	  = default__max{-(a, b, c)-} d1615
	where
	    d1615
		=   derived__Prelude_Ord_192_24{-a b c-} d1616 d1617
			d1618
	    {-
	    d1615 :: Ord (a, b, c)
	    -}
      min d1625 d1626 d1627
	  = default__min{-(a, b, c)-} d1624
	where
	    d1624
		=   derived__Prelude_Ord_192_24{-a b c-} d1625 d1626
			d1627
	    {-
	    d1624 :: Ord (a, b, c)
	    -}
      {-
      super1_Ord ::
	  forall a b c . (Ord a, Ord b, Ord c) => Eq (a, b, c)
      compare ::
	  forall a b c .
	      (Ord a, Ord b, Ord c) =>
		  (a, b, c) -> (a, b, c) -> Ordering
      (<) ::
	  forall a b c .
	      (Ord a, Ord b, Ord c) =>
		  (a, b, c) -> (a, b, c) -> Bool
      (<=) ::
	  forall a b c .
	      (Ord a, Ord b, Ord c) =>
		  (a, b, c) -> (a, b, c) -> Bool
      (>=) ::
	  forall a b c .
	      (Ord a, Ord b, Ord c) =>
		  (a, b, c) -> (a, b, c) -> Bool
      (>) ::
	  forall a b c .
	      (Ord a, Ord b, Ord c) =>
		  (a, b, c) -> (a, b, c) -> Bool
      max ::
	  forall a b c .
	      (Ord a, Ord b, Ord c) =>
		  (a, b, c) -> (a, b, c) -> (a, b, c)
      min ::
	  forall a b c .
	      (Ord a, Ord b, Ord c) =>
		  (a, b, c) -> (a, b, c) -> (a, b, c)
      -}
instance (Show a, Show b, Show c) => Show (a, b, c)
  where
      showsPrec d1654 d1655 d1656 d
		((,,){-a b c-} x1 x2 x3)
	  =   showParenArg d
		  ((.){-String String String-} (showString "(,,)")
		       ((.){-String String String-}
			    (showArgument{-a-} d1654 x1)
			    ((.){-String String String-}
				 (showArgument{-b-} d1655 x2)
				 (showArgument{-c-} d1656 x3))))
      show d1660 d1661 d1662
	  = default__show{-(a, b, c)-} d1659
	where
	    d1659
		=   derived__Prelude_Show_192_14{-a b c-} d1660 d1661
			d1662
	    {-
	    d1659 :: Show (a, b, c)
	    -}
      showList d1669 d1670 d1671
	  = default__showList{-(a, b, c)-} d1668
	where
	    d1668
		=   derived__Prelude_Show_192_14{-a b c-} d1669 d1670
			d1671
	    {-
	    d1668 :: Show (a, b, c)
	    -}
      {-
      showsPrec ::
	  forall a b c .
	      (Show a, Show b, Show c) => Int -> (a, b, c) -> ShowS
      show ::
	  forall a b c .
	      (Show a, Show b, Show c) => (a, b, c) -> String
      showList ::
	  forall a b c .
	      (Show a, Show b, Show c) => [(a, b, c)] -> ShowS
      -}
instance (Eq a, Eq b, Eq c, Eq d) => Eq (a, b, c, d)
  where
      (==) d1700 d1701 d1702 d1703
	   ((,,,){-a b c d-} x1 x2 x3 x4)
	   ((,,,){-a b c d-} y1 y2 y3 y4)
	  =   (&&) ((==){-a-} d1700 x1 y1)
		  ((&&) ((==){-b-} d1701 x2 y2)
		       ((&&) ((==){-c-} d1702 x3 y3)
			    ((==){-d-} d1703 x4 y4)))
      (/=) d1707 d1708 d1709 d1710
	  = ($--/=){-(a, b, c, d)-} d1706
	where
	    d1706
		=   derived__Prelude_Eq_196_20{-a b c d-} d1707 d1708
			d1709
			d1710
	    {-
	    d1706 :: Eq (a, b, c, d)
	    -}
      {-
      (==) ::
	  forall a b c d .
	      (Eq a, Eq b, Eq c, Eq d) =>
		  (a, b, c, d) -> (a, b, c, d) -> Bool
      (/=) ::
	  forall a b c d .
	      (Eq a, Eq b, Eq c, Eq d) =>
		  (a, b, c, d) -> (a, b, c, d) -> Bool
      -}
instance (Ord a, Ord b, Ord c, Ord d) =>
	 Ord (a, b, c, d)
  where
      super1_Ord d1718 d1719 d1720 d1721
	  = super{-(Eq (a, b, c, d))-} d1717
	where
	    d1722 = super1_Ord{-a-} d1718
	    d1723 = super1_Ord{-b-} d1719
	    d1724 = super1_Ord{-c-} d1720
	    d1725 = super1_Ord{-d-} d1721
	    d1717
		=   derived__Prelude_Eq_196_20{-a b c d-} d1722 d1723
			d1724
			d1725
	    {-
	    d1722 :: Eq a
	    d1723 :: Eq b
	    d1724 :: Eq c
	    d1725 :: Eq d
	    d1717 :: Eq (a, b, c, d)
	    -}
      compare d1751 d1752 d1753 d1754
	      ((,,,){-a b c d-} x1 x2 x3 x4)
	      ((,,,){-a b c d-} y1 y2 y3 y4)
	  =   lexOrder (compare{-a-} d1751 x1 y1)
		  (lexOrder (compare{-b-} d1752 x2 y2)
		       (lexOrder (compare{-c-} d1753 x3 y3)
			    (compare{-d-} d1754 x4 y4)))
      (<) d1758 d1759 d1760 d1761
	  = ($--<){-(a, b, c, d)-} d1757
	where
	    d1757
		=   derived__Prelude_Ord_196_24{-a b c d-} d1758
			d1759
			d1760
			d1761
	    {-
	    d1757 :: Ord (a, b, c, d)
	    -}
      (<=) d1769 d1770 d1771 d1772
	  = ($--<=){-(a, b, c, d)-} d1768
	where
	    d1768
		=   derived__Prelude_Ord_196_24{-a b c d-} d1769
			d1770
			d1771
			d1772
	    {-
	    d1768 :: Ord (a, b, c, d)
	    -}
      (>=) d1780 d1781 d1782 d1783
	  = ($-->=){-(a, b, c, d)-} d1779
	where
	    d1779
		=   derived__Prelude_Ord_196_24{-a b c d-} d1780
			d1781
			d1782
			d1783
	    {-
	    d1779 :: Ord (a, b, c, d)
	    -}
      (>) d1791 d1792 d1793 d1794
	  = ($-->){-(a, b, c, d)-} d1790
	where
	    d1790
		=   derived__Prelude_Ord_196_24{-a b c d-} d1791
			d1792
			d1793
			d1794
	    {-
	    d1790 :: Ord (a, b, c, d)
	    -}
      max d1802 d1803 d1804 d1805
	  = default__max{-(a, b, c, d)-} d1801
	where
	    d1801
		=   derived__Prelude_Ord_196_24{-a b c d-} d1802
			d1803
			d1804
			d1805
	    {-
	    d1801 :: Ord (a, b, c, d)
	    -}
      min d1813 d1814 d1815 d1816
	  = default__min{-(a, b, c, d)-} d1812
	where
	    d1812
		=   derived__Prelude_Ord_196_24{-a b c d-} d1813
			d1814
			d1815
			d1816
	    {-
	    d1812 :: Ord (a, b, c, d)
	    -}
      {-
      super1_Ord ::
	  forall a b c d .
	      (Ord a, Ord b, Ord c, Ord d) => Eq (a, b, c, d)
      compare ::
	  forall a b c d .
	      (Ord a, Ord b, Ord c, Ord d) =>
		  (a, b, c, d) -> (a, b, c, d) -> Ordering
      (<) ::
	  forall a b c d .
	      (Ord a, Ord b, Ord c, Ord d) =>
		  (a, b, c, d) -> (a, b, c, d) -> Bool
      (<=) ::
	  forall a b c d .
	      (Ord a, Ord b, Ord c, Ord d) =>
		  (a, b, c, d) -> (a, b, c, d) -> Bool
      (>=) ::
	  forall a b c d .
	      (Ord a, Ord b, Ord c, Ord d) =>
		  (a, b, c, d) -> (a, b, c, d) -> Bool
      (>) ::
	  forall a b c d .
	      (Ord a, Ord b, Ord c, Ord d) =>
		  (a, b, c, d) -> (a, b, c, d) -> Bool
      max ::
	  forall a b c d .
	      (Ord a, Ord b, Ord c, Ord d) =>
		  (a, b, c, d) -> (a, b, c, d) -> (a, b, c, d)
      min ::
	  forall a b c d .
	      (Ord a, Ord b, Ord c, Ord d) =>
		  (a, b, c, d) -> (a, b, c, d) -> (a, b, c, d)
      -}
instance (Show a, Show b, Show c, Show d) =>
	 Show (a, b, c, d)
  where
      showsPrec d1851 d1852 d1853 d1854 d
		((,,,){-a b c d-} x1 x2 x3 x4)
	  =   showParenArg d
		  ((.){-String String String-} (showString "(,,,)")
		       ((.){-String String String-}
			    (showArgument{-a-} d1851 x1)
			    ((.){-String String String-}
				 (showArgument{-b-} d1852 x2)
				 ((.){-String String String-}
				      (showArgument{-c-} d1853 x3)
				      (showArgument{-d-} d1854 x4)))))
      show d1858 d1859 d1860 d1861
	  = default__show{-(a, b, c, d)-} d1857
	where
	    d1857
		=   derived__Prelude_Show_196_14{-a b c d-} d1858
			d1859
			d1860
			d1861
	    {-
	    d1857 :: Show (a, b, c, d)
	    -}
      showList d1869 d1870 d1871 d1872
	  = default__showList{-(a, b, c, d)-} d1868
	where
	    d1868
		=   derived__Prelude_Show_196_14{-a b c d-} d1869
			d1870
			d1871
			d1872
	    {-
	    d1868 :: Show (a, b, c, d)
	    -}
      {-
      showsPrec ::
	  forall a b c d .
	      (Show a, Show b, Show c, Show d) =>
		  Int -> (a, b, c, d) -> ShowS
      show ::
	  forall a b c d .
	      (Show a, Show b, Show c, Show d) =>
		  (a, b, c, d) -> String
      showList ::
	  forall a b c d .
	      (Show a, Show b, Show c, Show d) =>
		  [(a, b, c, d)] -> ShowS
      -}
