{-
instances:
(Num Int, (inst__Prelude_Num_Int, []))
(Num Integer, (inst__Prelude_Num_Integer, []))
(Num Rational, (inst__Prelude_Num_Rational, []))
(Num Double, (inst__Prelude_Num_Double, []))
(Eq Int, (inst__Prelude_Eq_Int, []))
(Ord Int, (inst__Prelude_Ord_Int, []))
(Enum Int, (inst__Prelude_Enum_Int, []))
(Eq Char, (inst__Prelude_Eq_Char, []))
(Eq Integer, (inst__Prelude_Eq_Integer, []))
(Eq Rational, (inst__Prelude_Eq_Rational, []))
(Eq Double, (inst__Prelude_Eq_Double, []))
(Ord Char, (inst__Prelude_Ord_Char, []))
(Ord Integer, (inst__Prelude_Ord_Integer, []))
(Ord Rational, (inst__Prelude_Ord_Rational, []))
(Ord Double, (inst__Prelude_Ord_Double, []))
(Show Int, (inst__Prelude_Show_Int, []))
(Show Char, (inst__Prelude_Show_Char, []))
(Show Integer, (inst__Prelude_Show_Integer, []))
(Show Rational, (inst__Prelude_Show_Rational, []))
(Show Double, (inst__Prelude_Show_Double, []))
(Fractional Rational, (inst__Prelude_Fractional_Rational, []))
(Fractional Double, (inst__Prelude_Fractional_Double, []))
(Eq Bool, (derived__Prelude_Eq_Bool, []))
(Ord Bool, (derived__Prelude_Ord_Bool, []))
(Show Bool, (derived__Prelude_Show_Bool, []))
(Eq Ordering, (derived__Prelude_Eq_Ordering, []))
(Ord Ordering, (derived__Prelude_Ord_Ordering, []))
(Show Ordering, (derived__Prelude_Show_Ordering, []))
(Eq [a], (derived__Prelude_Eq_34_65, [Eq a]))
(Ord [a], (derived__Prelude_Ord_34_69, [Ord a]))
(Show [a], (derived__Prelude_Show_34_59, [Show a]))
(Eq (), (derived__Prelude_Eq_184_27, []))
(Ord (), (derived__Prelude_Ord_184_31, []))
(Show (), (derived__Prelude_Show_184_36, []))
(Eq (a, b), (derived__Prelude_Eq_188_20, [Eq a,
					  Eq b]))
(Ord (a, b), (derived__Prelude_Ord_188_24, [Ord a,
					    Ord b]))
(Show (a, b), (derived__Prelude_Show_188_14, [Show a,
					      Show b]))
(Eq (a, b, c), (derived__Prelude_Eq_192_20, [Eq a,
					     Eq b, Eq c]))
(Ord (a, b, c), (derived__Prelude_Ord_192_24, [Ord a,
					       Ord b, Ord c]))
(Show (a, b,
       c), (derived__Prelude_Show_192_14, [Show a, Show b,
					   Show c]))
(Eq (a, b, c, d), (derived__Prelude_Eq_196_20, [Eq a,
						Eq b, Eq c, Eq d]))
(Ord (a, b, c,
      d), (derived__Prelude_Ord_196_24, [Ord a, Ord b,
					 Ord c, Ord d]))
(Show (a, b, c,
       d), (derived__Prelude_Show_196_14, [Show a, Show b,
					   Show c, Show d]))

types:
() :: (*, data)
(,) :: (*->*->*, data)
Prelude.(,,) :: (*->*->*->*, data)
Prelude.(,,,) :: (*->*->*->*->*, data)
((->)) :: (*->*->*, data)
Bool :: (*, data)
Bounded ::
    (*->Pred, class _ a
		    where
			minBound :: a
			maxBound :: a)
Char :: (*, data)
Double :: (*, data)
Enum ::
    (*->Pred, class _ a
		    where
			succ :: a -> a
			pred :: a -> a
			toEnum :: Int -> a
			fromEnum :: a -> Int
			enumFrom :: a -> [a]
			enumFromThen :: a -> a -> [a]
			enumFromTo :: a -> a -> [a]
			enumFromThenTo :: a -> a -> a -> [a])
Eq ::
    (*->Pred, class _ a
		    where
			(==) :: a -> a -> Bool
			(/=) :: a -> a -> Bool)
Fractional ::
    (*->Pred, class Num a => _ a
		    where
			(/) :: a -> a -> a
			recip :: a -> a
			fromRational :: Rational -> a)
Int :: (*, data)
Integer :: (*, data)
Integral ::
    (*->Pred, class (Real a, Enum a) => _ a
		    where
			quot :: a -> a -> a
			rem :: a -> a -> a
			div :: a -> a -> a
			mod :: a -> a -> a
			quotRem :: a -> a -> (a, a)
			divMod :: a -> a -> (a, a)
			toInteger :: a -> Integer)
Num ::
    (*->Pred, class (Eq a, Show a) => _ a
		    where
			(+) :: a -> a -> a
			(-) :: a -> a -> a
			(*) :: a -> a -> a
			negate :: a -> a
			abs :: a -> a
			signum :: a -> a
			fromInteger :: Integer -> a)
Ord ::
    (*->Pred, class Eq a => _ a
		    where
			compare :: a -> a -> Ordering
			(<) :: a -> a -> Bool
			(<=) :: a -> a -> Bool
			(>=) :: a -> a -> Bool
			(>) :: a -> a -> Bool
			max :: a -> a -> a
			min :: a -> a -> a)
Ordering :: (*, data)
Rational :: (*, data)
Real ::
    (*->Pred, class (Num a, Ord a) => _ a
		    where
			toRational :: a -> Rational)
RealFrac ::
    (*->Pred, class (Real a, Fractional a) => _ a
		    where
			properFraction ::
			    forall a . (Integral a) => a -> (a, a)
			truncate :: forall a . (Integral a) => a -> a
			round :: forall a . (Integral a) => a -> a
			ceiling :: forall a . (Integral a) => a -> a
			floor :: forall a . (Integral a) => a -> a)
Show ::
    (*->Pred, class _ a
		    where
			showsPrec :: Int -> a -> ShowS
			show :: a -> String
			showList :: [a] -> ShowS)
ShowS :: (*, type _ = String -> String)
String :: (*, type _ = String)
[] :: (*->*, data)

values:
($--*) :: forall a . (Num a) => a -> a -> a
($--+) :: forall a . (Num a) => a -> a -> a
($---) :: forall a . (Num a) => a -> a -> a
($--/) :: forall a . (Fractional a) => a -> a -> a
($--/=) :: forall a . (Eq a) => a -> a -> Bool
($--<) :: forall a . (Ord a) => a -> a -> Bool
($--<=) :: forall a . (Ord a) => a -> a -> Bool
($--==) :: forall a . (Eq a) => a -> a -> Bool
($-->) :: forall a . (Ord a) => a -> a -> Bool
($-->=) :: forall a . (Ord a) => a -> a -> Bool
(&&) :: Bool -> Bool -> Bool
(*) :: forall a . (Num a) => a -> a -> a
(+) :: forall a . (Num a) => a -> a -> a
(++) :: forall a . [a] -> [a] -> [a]
(-) :: forall a . (Num a) => a -> a -> a
(.) :: forall a b c . (a -> b) -> (c -> a) -> c -> b
(/) :: forall a . (Fractional a) => a -> a -> a
(/=) :: forall a . (Eq a) => a -> a -> Bool
(<) :: forall a . (Ord a) => a -> a -> Bool
(<=) :: forall a . (Ord a) => a -> a -> Bool
(==) :: forall a . (Eq a) => a -> a -> Bool
(>) :: forall a . (Ord a) => a -> a -> Bool
(>=) :: forall a . (Ord a) => a -> a -> Bool
abs :: forall a . (Num a) => a -> a
alphabet ::
    forall a b c d e f g h i j k l m n o p q r s t u v w
	   x y z a1 .
	a ->
	b ->
	c ->
	d ->
	e ->
	f ->
	g ->
	h ->
	i ->
	j ->
	k ->
	l ->
	m ->
	n ->
	o ->
	p ->
	q -> r -> s -> t -> u -> v -> w -> x -> y -> z -> a1
ceiling ::
    forall a b . (RealFrac a, Integral b) => a -> b
cmp ::
    forall a b c d e f g .
	(Eq a, Ord b) =>
	    c ->
	    b -> d -> b -> e -> a -> f -> a -> g -> (Bool, Bool)
cmp2 :: forall a . (Ord a) => a -> a -> Bool
compare :: forall a . (Ord a) => a -> a -> Ordering
default__abs :: forall a . (Num a) => a -> a
default__ceiling ::
    forall a b . (RealFrac a, Integral b) => a -> b
default__compare ::
    forall a . (Ord a) => a -> a -> Ordering
default__div ::
    forall a . (Integral a) => a -> a -> a
default__divMod ::
    forall a . (Integral a) => a -> a -> (a, a)
default__enumFrom :: forall a . (Enum a) => a -> [a]
default__enumFromThen ::
    forall a . (Enum a) => a -> a -> [a]
default__enumFromThenTo ::
    forall a . (Enum a) => a -> a -> a -> [a]
default__enumFromTo ::
    forall a . (Enum a) => a -> a -> [a]
default__floor ::
    forall a b . (RealFrac a, Integral b) => a -> b
default__fromEnum :: forall a . (Enum a) => a -> Int
default__fromInteger ::
    forall a . (Num a) => Integer -> a
default__fromRational ::
    forall a . (Fractional a) => Rational -> a
default__max :: forall a . (Ord a) => a -> a -> a
default__maxBound :: forall a . (Bounded a) => a
default__min :: forall a . (Ord a) => a -> a -> a
default__minBound :: forall a . (Bounded a) => a
default__mod ::
    forall a . (Integral a) => a -> a -> a
default__negate :: forall a . (Num a) => a -> a
default__pred :: forall a . (Enum a) => a -> a
default__properFraction ::
    forall a b . (RealFrac a, Integral b) => a -> (b, a)
default__quot ::
    forall a . (Integral a) => a -> a -> a
default__quotRem ::
    forall a . (Integral a) => a -> a -> (a, a)
default__recip :: forall a . (Fractional a) => a -> a
default__rem ::
    forall a . (Integral a) => a -> a -> a
default__round ::
    forall a b . (RealFrac a, Integral b) => a -> b
default__show :: forall a . (Show a) => a -> String
default__showList ::
    forall a . (Show a) => [a] -> ShowS
default__showsPrec ::
    forall a . (Show a) => Int -> a -> ShowS
default__signum :: forall a . (Num a) => a -> a
default__succ :: forall a . (Enum a) => a -> a
default__toEnum :: forall a . (Enum a) => Int -> a
default__toInteger ::
    forall a . (Integral a) => a -> Integer
default__toRational ::
    forall a . (Real a) => a -> Rational
default__truncate ::
    forall a b . (RealFrac a, Integral b) => a -> b
derived__Prelude_Eq_184_27 :: Eq ()
derived__Prelude_Eq_188_20 ::
    forall a b . (Eq a) -> (Eq b) -> Eq (a, b)
derived__Prelude_Eq_192_20 ::
    forall a b c .
	(Eq a) -> (Eq b) -> (Eq c) -> Eq (a, b, c)
derived__Prelude_Eq_196_20 ::
    forall a b c d .
	(Eq a) ->
	(Eq b) -> (Eq c) -> (Eq d) -> Eq (a, b, c, d)
derived__Prelude_Eq_34_65 ::
    forall a . (Eq a) -> Eq [a]
derived__Prelude_Eq_Bool :: Eq Bool
derived__Prelude_Eq_Ordering :: Eq Ordering
derived__Prelude_Ord_184_31 :: Ord ()
derived__Prelude_Ord_188_24 ::
    forall a b . (Ord a) -> (Ord b) -> Ord (a, b)
derived__Prelude_Ord_192_24 ::
    forall a b c .
	(Ord a) -> (Ord b) -> (Ord c) -> Ord (a, b, c)
derived__Prelude_Ord_196_24 ::
    forall a b c d .
	(Ord a) ->
	(Ord b) -> (Ord c) -> (Ord d) -> Ord (a, b, c, d)
derived__Prelude_Ord_34_69 ::
    forall a . (Ord a) -> Ord [a]
derived__Prelude_Ord_Bool :: Ord Bool
derived__Prelude_Ord_Ordering :: Ord Ordering
derived__Prelude_Show_184_36 :: Show ()
derived__Prelude_Show_188_14 ::
    forall a b . (Show a) -> (Show b) -> Show (a, b)
derived__Prelude_Show_192_14 ::
    forall a b c .
	(Show a) -> (Show b) -> (Show c) -> Show (a, b, c)
derived__Prelude_Show_196_14 ::
    forall a b c d .
	(Show a) ->
	(Show b) -> (Show c) -> (Show d) -> Show (a, b, c, d)
derived__Prelude_Show_34_59 ::
    forall a . (Show a) -> Show [a]
derived__Prelude_Show_Bool :: Show Bool
derived__Prelude_Show_Ordering :: Show Ordering
div :: forall a . (Integral a) => a -> a -> a
divMod :: forall a . (Integral a) => a -> a -> (a, a)
enumFrom :: forall a . (Enum a) => a -> [a]
enumFromThen :: forall a . (Enum a) => a -> a -> [a]
enumFromThenTo ::
    forall a . (Enum a) => a -> a -> a -> [a]
enumFromTo :: forall a . (Enum a) => a -> a -> [a]
error :: forall a . String -> a
even :: forall a . (Integral a) => a -> Bool
flip :: forall a b c . (a -> b -> c) -> b -> a -> c
floor ::
    forall a b . (RealFrac a, Integral b) => a -> b
fromEnum :: forall a . (Enum a) => a -> Int
fromInteger :: forall a . (Num a) => Integer -> a
fromIntegral ::
    forall a b . (Integral a, Num b) => a -> b
fromRational ::
    forall a . (Fractional a) => Rational -> a
head :: forall a . [a] -> a
inst__Prelude_Enum_Int :: Enum Int
inst__Prelude_Eq_Char :: Eq Char
inst__Prelude_Eq_Double :: Eq Double
inst__Prelude_Eq_Int :: Eq Int
inst__Prelude_Eq_Integer :: Eq Integer
inst__Prelude_Eq_Rational :: Eq Rational
inst__Prelude_Fractional_Double :: Fractional Double
inst__Prelude_Fractional_Rational ::
    Fractional Rational
inst__Prelude_Num_Double :: Num Double
inst__Prelude_Num_Int :: Num Int
inst__Prelude_Num_Integer :: Num Integer
inst__Prelude_Num_Rational :: Num Rational
inst__Prelude_Ord_Char :: Ord Char
inst__Prelude_Ord_Double :: Ord Double
inst__Prelude_Ord_Int :: Ord Int
inst__Prelude_Ord_Integer :: Ord Integer
inst__Prelude_Ord_Rational :: Ord Rational
inst__Prelude_Show_Char :: Show Char
inst__Prelude_Show_Double :: Show Double
inst__Prelude_Show_Int :: Show Int
inst__Prelude_Show_Integer :: Show Integer
inst__Prelude_Show_Rational :: Show Rational
lexOrder :: Ordering -> Ordering -> Ordering
main :: (Bool, Bool)
map :: forall a b . (a -> b) -> [a] -> [b]
max :: forall a . (Ord a) => a -> a -> a
maxBound :: forall a . (Bounded a) => a
min :: forall a . (Ord a) => a -> a -> a
minBound :: forall a . (Bounded a) => a
mod :: forall a . (Integral a) => a -> a -> a
negate :: forall a . (Num a) => a -> a
not :: Bool -> Bool
odd :: forall a . (Integral a) => a -> Bool
otherwise :: Bool
pred :: forall a . (Enum a) => a -> a
primError :: forall a . String -> a
properFraction ::
    forall a b . (RealFrac a, Integral b) => a -> (b, a)
quot :: forall a . (Integral a) => a -> a -> a
quotRem ::
    forall a . (Integral a) => a -> a -> (a, a)
recip :: forall a . (Fractional a) => a -> a
rem :: forall a . (Integral a) => a -> a -> a
round ::
    forall a b . (RealFrac a, Integral b) => a -> b
show :: forall a . (Show a) => a -> String
showArgument ::
    forall a . (Show a) => a -> String -> String
showChar :: Char -> ShowS
showList :: forall a . (Show a) => [a] -> ShowS
showParen :: Bool -> ShowS -> ShowS
showParenArg :: Int -> ShowS -> ShowS
showString :: String -> ShowS
shows :: forall a . (Show a) => a -> ShowS
showsPrec :: forall a . (Show a) => Int -> a -> ShowS
signum :: forall a . (Num a) => a -> a
subtract :: forall a . (Num a) => a -> a -> a
succ :: forall a . (Enum a) => a -> a
tail :: forall a . [a] -> [a]
toEnum :: forall a . (Enum a) => Int -> a
toInteger :: forall a . (Integral a) => a -> Integer
toRational :: forall a . (Real a) => a -> Rational
truncate ::
    forall a b . (RealFrac a, Integral b) => a -> b
() :: ()
(,) :: forall a b . a -> b -> (a, b)
Prelude.(,,) ::
    forall a b c . a -> b -> c -> (a, b, c)
Prelude.(,,,) ::
    forall a b c d . a -> b -> c -> d -> (a, b, c, d)
(:) :: forall a . a -> [a] -> [a]
EQ :: Ordering
False :: Bool
GT :: Ordering
LT :: Ordering
True :: Bool
[] :: forall a . [a]

scope:
Prelude.&& |-> Prelude.&&, Value
() |-> Prelude.(), Type [()] []
() |-> Prelude.(), con of ()
(,) |-> Prelude.(,), Type [(,)] []
(,) |-> Prelude.(,), con of (,)
Prelude.(,,) |-> Prelude.(,,), Type [(,,)] []
Prelude.(,,) |-> Prelude.(,,), con of (,,)
Prelude.(,,,) |-> Prelude.(,,,), Type [(,,,)] []
Prelude.(,,,) |-> Prelude.(,,,), con of (,,,)
Prelude.* |-> Prelude.*, method of Num
Prelude.+ |-> Prelude.+, method of Num
Prelude.++ |-> Prelude.++, Value
Prelude.- |-> Prelude.-, method of Num
(->) |-> Prelude.->, Type [] []
Prelude.. |-> Prelude.., Value
Prelude./ |-> Prelude./, method of Fractional
Prelude./= |-> Prelude./=, method of Eq
Prelude.: |-> Prelude.:, con of []
Prelude.< |-> Prelude.<, method of Ord
Prelude.<= |-> Prelude.<=, method of Ord
Prelude.== |-> Prelude.==, method of Eq
Prelude.> |-> Prelude.>, method of Ord
Prelude.>= |-> Prelude.>=, method of Ord
Prelude.Bool |-> Prelude.Bool, Type [False, True] []
Prelude.Bounded |-> Prelude.Bounded, Class [minBound,
					    maxBound]
Prelude.Char |-> Prelude.Char, Type [] []
Prelude.Double |-> Prelude.Double, Type [] []
Prelude.EQ |-> Prelude.EQ, con of Ordering
Prelude.Enum |-> Prelude.Enum, Class [succ, pred,
				      toEnum, fromEnum, enumFrom, enumFromThen,
				      enumFromTo, enumFromThenTo]
Prelude.Eq |-> Prelude.Eq, Class [==, /=]
Prelude.False |-> Prelude.False, con of Bool
Prelude.Fractional |-> Prelude.Fractional, Class [/,
						  recip, fromRational]
Prelude.GT |-> Prelude.GT, con of Ordering
Prelude.Int |-> Prelude.Int, Type [] []
Prelude.Integer |-> Prelude.Integer, Type [] []
Prelude.Integral |-> Prelude.Integral, Class [quot,
					      rem, div, mod, quotRem, divMod,
					      toInteger]
Prelude.LT |-> Prelude.LT, con of Ordering
Prelude.Num |-> Prelude.Num, Class [+, -, *, negate,
				    abs, signum, fromInteger]
Prelude.Ord |-> Prelude.Ord, Class [compare, <, <=,
				    >=, >, max, min]
Prelude.Ordering |-> Prelude.Ordering, Type [LT, EQ,
					     GT] []
Prelude.Rational |-> Prelude.Rational, Type [] []
Prelude.Real |-> Prelude.Real, Class [toRational]
Prelude.RealFrac |-> Prelude.RealFrac, Class [properFraction,
					      truncate, round, ceiling, floor]
Prelude.Show |-> Prelude.Show, Class [showsPrec,
				      show, showList]
Prelude.ShowS |-> Prelude.ShowS, Type [] []
Prelude.String |-> Prelude.String, Type [] []
Prelude.True |-> Prelude.True, con of Bool
[] |-> Prelude.[], Type [[], :] [head, tail]
[] |-> Prelude.[], con of []
Prelude.abs |-> Prelude.abs, method of Num
Prelude.alphabet |-> Prelude.alphabet, Value
Prelude.ceiling |-> Prelude.ceiling, method of RealFrac
Prelude.cmp |-> Prelude.cmp, Value
Prelude.cmp2 |-> Prelude.cmp2, Value
Prelude.compare |-> Prelude.compare, method of Ord
Prelude.div |-> Prelude.div, method of Integral
Prelude.divMod |-> Prelude.divMod, method of Integral
Prelude.enumFrom |-> Prelude.enumFrom, method of Enum
Prelude.enumFromThen |-> Prelude.enumFromThen, method of Enum
Prelude.enumFromThenTo |-> Prelude.enumFromThenTo, method of Enum
Prelude.enumFromTo |-> Prelude.enumFromTo, method of Enum
Prelude.error |-> Prelude.error, Value
Prelude.even |-> Prelude.even, Value
Prelude.flip |-> Prelude.flip, Value
Prelude.floor |-> Prelude.floor, method of RealFrac
Prelude.fromEnum |-> Prelude.fromEnum, method of Enum
Prelude.fromInteger |-> Prelude.fromInteger, method of Num
Prelude.fromIntegral |-> Prelude.fromIntegral, Value
Prelude.fromRational |-> Prelude.fromRational, method of Fractional
Prelude.head |-> Prelude.head, field of []
Prelude.lexOrder |-> Prelude.lexOrder, Value
Prelude.main |-> Prelude.main, Value
Prelude.map |-> Prelude.map, Value
Prelude.max |-> Prelude.max, method of Ord
Prelude.maxBound |-> Prelude.maxBound, method of Bounded
Prelude.min |-> Prelude.min, method of Ord
Prelude.minBound |-> Prelude.minBound, method of Bounded
Prelude.mod |-> Prelude.mod, method of Integral
Prelude.negate |-> Prelude.negate, method of Num
Prelude.not |-> Prelude.not, Value
Prelude.odd |-> Prelude.odd, Value
Prelude.otherwise |-> Prelude.otherwise, Value
Prelude.pred |-> Prelude.pred, method of Enum
Prelude.primError |-> Prelude.primError, Value
Prelude.properFraction |-> Prelude.properFraction, method of RealFrac
Prelude.quot |-> Prelude.quot, method of Integral
Prelude.quotRem |-> Prelude.quotRem, method of Integral
Prelude.recip |-> Prelude.recip, method of Fractional
Prelude.rem |-> Prelude.rem, method of Integral
Prelude.round |-> Prelude.round, method of RealFrac
Prelude.show |-> Prelude.show, method of Show
Prelude.showArgument |-> Prelude.showArgument, Value
Prelude.showChar |-> Prelude.showChar, Value
Prelude.showList |-> Prelude.showList, method of Show
Prelude.showParen |-> Prelude.showParen, Value
Prelude.showParenArg |-> Prelude.showParenArg, Value
Prelude.showString |-> Prelude.showString, Value
Prelude.shows |-> Prelude.shows, Value
Prelude.showsPrec |-> Prelude.showsPrec, method of Show
Prelude.signum |-> Prelude.signum, method of Num
Prelude.subtract |-> Prelude.subtract, Value
Prelude.succ |-> Prelude.succ, method of Enum
Prelude.tail |-> Prelude.tail, field of []
Prelude.toEnum |-> Prelude.toEnum, method of Enum
Prelude.toInteger |-> Prelude.toInteger, method of Integral
Prelude.toRational |-> Prelude.toRational, method of Real
Prelude.truncate |-> Prelude.truncate, method of RealFrac
&& |-> Prelude.&&, Value
() |-> Prelude.(), Type [()] []
() |-> Prelude.(), con of ()
(,) |-> Prelude.(,), Type [(,)] []
(,) |-> Prelude.(,), con of (,)
(,,) |-> Prelude.(,,), Type [(,,)] []
(,,) |-> Prelude.(,,), con of (,,)
(,,,) |-> Prelude.(,,,), Type [(,,,)] []
(,,,) |-> Prelude.(,,,), con of (,,,)
* |-> Prelude.*, method of Num
+ |-> Prelude.+, method of Num
++ |-> Prelude.++, Value
- |-> Prelude.-, method of Num
-> |-> Prelude.->, Type [] []
. |-> Prelude.., Value
/ |-> Prelude./, method of Fractional
/= |-> Prelude./=, method of Eq
: |-> Prelude.:, con of []
< |-> Prelude.<, method of Ord
<= |-> Prelude.<=, method of Ord
== |-> Prelude.==, method of Eq
> |-> Prelude.>, method of Ord
>= |-> Prelude.>=, method of Ord
Bool |-> Prelude.Bool, Type [False, True] []
Bounded |-> Prelude.Bounded, Class [minBound,
				    maxBound]
Char |-> Prelude.Char, Type [] []
Double |-> Prelude.Double, Type [] []
EQ |-> Prelude.EQ, con of Ordering
Enum |-> Prelude.Enum, Class [succ, pred, toEnum,
			      fromEnum, enumFrom, enumFromThen, enumFromTo,
			      enumFromThenTo]
Eq |-> Prelude.Eq, Class [==, /=]
False |-> Prelude.False, con of Bool
Fractional |-> Prelude.Fractional, Class [/, recip,
					  fromRational]
GT |-> Prelude.GT, con of Ordering
Int |-> Prelude.Int, Type [] []
Integer |-> Prelude.Integer, Type [] []
Integral |-> Prelude.Integral, Class [quot, rem, div,
				      mod, quotRem, divMod, toInteger]
LT |-> Prelude.LT, con of Ordering
Num |-> Prelude.Num, Class [+, -, *, negate, abs,
			    signum, fromInteger]
Ord |-> Prelude.Ord, Class [compare, <, <=, >=, >,
			    max, min]
Ordering |-> Prelude.Ordering, Type [LT, EQ, GT] []
Rational |-> Prelude.Rational, Type [] []
Real |-> Prelude.Real, Class [toRational]
RealFrac |-> Prelude.RealFrac, Class [properFraction,
				      truncate, round, ceiling, floor]
Show |-> Prelude.Show, Class [showsPrec, show,
			      showList]
ShowS |-> Prelude.ShowS, Type [] []
String |-> Prelude.String, Type [] []
True |-> Prelude.True, con of Bool
[] |-> Prelude.[], Type [[], :] [head, tail]
[] |-> Prelude.[], con of []
abs |-> Prelude.abs, method of Num
alphabet |-> Prelude.alphabet, Value
ceiling |-> Prelude.ceiling, method of RealFrac
cmp |-> Prelude.cmp, Value
cmp2 |-> Prelude.cmp2, Value
compare |-> Prelude.compare, method of Ord
div |-> Prelude.div, method of Integral
divMod |-> Prelude.divMod, method of Integral
enumFrom |-> Prelude.enumFrom, method of Enum
enumFromThen |-> Prelude.enumFromThen, method of Enum
enumFromThenTo |-> Prelude.enumFromThenTo, method of Enum
enumFromTo |-> Prelude.enumFromTo, method of Enum
error |-> Prelude.error, Value
even |-> Prelude.even, Value
flip |-> Prelude.flip, Value
floor |-> Prelude.floor, method of RealFrac
fromEnum |-> Prelude.fromEnum, method of Enum
fromInteger |-> Prelude.fromInteger, method of Num
fromIntegral |-> Prelude.fromIntegral, Value
fromRational |-> Prelude.fromRational, method of Fractional
head |-> Prelude.head, field of []
lexOrder |-> Prelude.lexOrder, Value
main |-> Prelude.main, Value
map |-> Prelude.map, Value
max |-> Prelude.max, method of Ord
maxBound |-> Prelude.maxBound, method of Bounded
min |-> Prelude.min, method of Ord
minBound |-> Prelude.minBound, method of Bounded
mod |-> Prelude.mod, method of Integral
negate |-> Prelude.negate, method of Num
not |-> Prelude.not, Value
odd |-> Prelude.odd, Value
otherwise |-> Prelude.otherwise, Value
pred |-> Prelude.pred, method of Enum
primError |-> Prelude.primError, Value
properFraction |-> Prelude.properFraction, method of RealFrac
quot |-> Prelude.quot, method of Integral
quotRem |-> Prelude.quotRem, method of Integral
recip |-> Prelude.recip, method of Fractional
rem |-> Prelude.rem, method of Integral
round |-> Prelude.round, method of RealFrac
show |-> Prelude.show, method of Show
showArgument |-> Prelude.showArgument, Value
showChar |-> Prelude.showChar, Value
showList |-> Prelude.showList, method of Show
showParen |-> Prelude.showParen, Value
showParenArg |-> Prelude.showParenArg, Value
showString |-> Prelude.showString, Value
shows |-> Prelude.shows, Value
showsPrec |-> Prelude.showsPrec, method of Show
signum |-> Prelude.signum, method of Num
subtract |-> Prelude.subtract, Value
succ |-> Prelude.succ, method of Enum
tail |-> Prelude.tail, field of []
toEnum |-> Prelude.toEnum, method of Enum
toInteger |-> Prelude.toInteger, method of Integral
toRational |-> Prelude.toRational, method of Real
truncate |-> Prelude.truncate, method of RealFrac
-}
module Dummy where
import Prelude (error, Show, Eq, Ord)
import MyLogic
otherwise = True
lexOrder EQ o = o
lexOrder o _ = o
showArgument d231 x
    =   (.){-String String String-} (showChar ' ')
	    (showsPrec{-t226-} d231
		 (fromInteger{-Int-} inst__Prelude_Num_Int 10)
		 x)
main
    =   cmp{-t258 t250 t244 t248 t252 t256 t260-} d242
	    d243
	    (fromInteger{-t244-} d245 0)
	    (fromInteger{-t250-} d247 0)
	    (fromInteger{-t248-} d249 0)
	    (fromInteger{-t250-} d247 0)
	    (fromInteger{-t252-} d253 0)
	    (fromInteger{-t258-} d255 1)
	    (fromInteger{-t256-} d257 2)
	    (fromInteger{-t258-} d255 3)
	    (fromInteger{-t260-} d261 4)
  where
      d242 = super1_Num{-t258-} d255
      {-
      d242 :: Eq t258
      -}
data Integer
data Rational
data Double
data Char
data Int
data a -> b
data Bool = False | True deriving (Show, Eq, Ord)
not :: Bool -> Bool
not True = False
not False = True
(&&) :: Bool -> Bool -> Bool
(&&) a b = if a then True else b
data Ordering = LT | EQ | GT deriving (Show, Eq, Ord)
class Eq a where (==),(/=) :: a -> a -> Bool
($--/=) d271 x y = not ((==){-a-} d271 x y)
($--==) d277 x y = not ((/=){-a-} d277 x y)
data [a]
    = [] | (:) {head :: a, tail :: [a]}
    deriving (Show, Eq, Ord)
(++) :: [a] -> [a] -> [a]
(++) [] ys = ys
(++) ((:){-a-} x xs) ys
    = (:){-a-} x ((++){-a-} xs ys)
map :: (a -> b) -> [a] -> [b]
map f [] = []
map f ((:){-a-} x xs)
    = (:){-b-} (f x) (map{-a b-} f xs)
type String = String
foreign import primError :: String -> a
error :: String -> a
error = primError{-a-}
(.) :: (b -> c) -> (a -> b) -> a -> c
(.) f g = \ x -> f (g x)
type ShowS = String -> String
class Eq a => Ord a
  where
      compare :: a -> a -> Ordering
      (<),(<=),(>=),(>) :: a -> a -> Bool
      max,min :: a -> a -> a
default__compare d317 x y
    | (==){-a-} d314 x y = EQ
    | (<=){-a-} d317 x y = LT
    | otherwise = GT
  where
      d314 = super1_Ord{-a-} d317
      {-
      d314 :: Eq a
      -}
($--<=) d325 x y
    =   (/=){-Ordering-} derived__Prelude_Eq_Ordering
	    (compare{-a-} d325 x y)
	    GT
($--<) d333 x y
    =   (==){-Ordering-} derived__Prelude_Eq_Ordering
	    (compare{-a-} d333 x y)
	    LT
($-->=) d341 x y
    =   (/=){-Ordering-} derived__Prelude_Eq_Ordering
	    (compare{-a-} d341 x y)
	    LT
($-->) d349 x y
    =   (==){-Ordering-} derived__Prelude_Eq_Ordering
	    (compare{-a-} d349 x y)
	    GT
default__max d355 x y
    | (<=){-a-} d355 x y = y
    | otherwise = x
default__min d361 x y
    | (<=){-a-} d361 x y = x
    | otherwise = y
shows :: Show a => a -> ShowS
shows d370
    =   showsPrec{-a-} d370
	    (fromInteger{-Int-} inst__Prelude_Num_Int 0)
showChar :: Char -> ShowS
showChar = (:){-Char-}
showString :: String -> ShowS
showString = (++){-Char-}
showParen :: Bool -> ShowS -> ShowS
showParen b p
    =   if b
	then (.){-String String String-}
		 ((.){-String String String-} (showChar '(') p)
		 (showChar ')')
	else p
showParenArg :: Int -> ShowS -> ShowS
showParenArg d
    =   showParen
	    ((<=){-Int-} inst__Prelude_Ord_Int
		 (fromInteger{-Int-} inst__Prelude_Num_Int 10)
		 d)
class Show a
  where
      showsPrec :: Int -> a -> ShowS
      show :: a -> String
      showList :: [a] -> ShowS
default__showsPrec d397 _ x s
    = (++){-Char-} (show{-a-} d397 x) s
default__show d405 x
    =   showsPrec{-a-} d405
	    (fromInteger{-Int-} inst__Prelude_Num_Int 0)
	    x
	    ""
default__showList d435 [] = showString "[]"
default__showList d435 ((:){-a-} x xs)
    =   (.){-String String String-}
	    ((.){-String String String-} (showChar '[')
		 (shows{-a-} d435 x))
	    (showl{-a-} d435 xs)
  where
      showl d423 [] = showChar ']'
      showl d423 ((:){-t412-} x xs)
	  =   (.){-String String String-}
		  ((.){-String String String-} (showChar ',')
		       (shows{-t412-} d423 x))
		  (showl{-t412-} d423 xs)
      {-
      showl ::
	  forall a . (Show a) => [a] -> String -> String
      -}
class (Eq a, Show a) => Num a
  where
      (+),(-),(*) :: a -> a -> a
      negate :: a -> a
      abs,signum :: a -> a
      fromInteger :: Integer -> a
($--+) d444
    = error{-(a -> a -> a)-} "No default for method +"
($---) d447
    = error{-(a -> a -> a)-} "No default for method -"
($--*) d450
    = error{-(a -> a -> a)-} "No default for method *"
default__negate d453
    = error{-(a -> a)-} "No default for method negate"
default__abs d456
    = error{-(a -> a)-} "No default for method abs"
default__signum d459
    = error{-(a -> a)-} "No default for method signum"
default__fromInteger d462
    =   error{-(Integer -> a)-}
	    "No default for method fromInteger"
class Num a => Fractional a
  where
      (/) :: a -> a -> a
      recip :: a -> a
      fromRational :: Rational -> a
($--/) d467
    = error{-(a -> a -> a)-} "No default for method /"
default__recip d470
    = error{-(a -> a)-} "No default for method recip"
default__fromRational d473
    =   error{-(Rational -> a)-}
	    "No default for method fromRational"
instance Num Int
  where
      super1_Num = super{-(Eq Int)-} inst__Prelude_Eq_Int
      super2_Num
	  = super{-(Show Int)-} inst__Prelude_Show_Int
      (+) = ($--+){-Int-} inst__Prelude_Num_Int
      (-) = ($---){-Int-} inst__Prelude_Num_Int
      (*) = ($--*){-Int-} inst__Prelude_Num_Int
      negate = default__negate{-Int-} inst__Prelude_Num_Int
      abs = default__abs{-Int-} inst__Prelude_Num_Int
      signum = default__signum{-Int-} inst__Prelude_Num_Int
      fromInteger
	  = default__fromInteger{-Int-} inst__Prelude_Num_Int
      {-
      super1_Num :: Eq Int
      super2_Num :: Show Int
      (+) :: Int -> Int -> Int
      (-) :: Int -> Int -> Int
      (*) :: Int -> Int -> Int
      negate :: Int -> Int
      abs :: Int -> Int
      signum :: Int -> Int
      fromInteger :: Integer -> Int
      -}
instance Num Integer
  where
      super1_Num
	  = super{-(Eq Integer)-} inst__Prelude_Eq_Integer
      super2_Num
	  = super{-(Show Integer)-} inst__Prelude_Show_Integer
      (+) = ($--+){-Integer-} inst__Prelude_Num_Integer
      (-) = ($---){-Integer-} inst__Prelude_Num_Integer
      (*) = ($--*){-Integer-} inst__Prelude_Num_Integer
      negate
	  =   default__negate{-Integer-}
		  inst__Prelude_Num_Integer
      abs =   default__abs{-Integer-}
		  inst__Prelude_Num_Integer
      signum
	  =   default__signum{-Integer-}
		  inst__Prelude_Num_Integer
      fromInteger
	  =   default__fromInteger{-Integer-}
		  inst__Prelude_Num_Integer
      {-
      super1_Num :: Eq Integer
      super2_Num :: Show Integer
      (+) :: Integer -> Integer -> Integer
      (-) :: Integer -> Integer -> Integer
      (*) :: Integer -> Integer -> Integer
      negate :: Integer -> Integer
      abs :: Integer -> Integer
      signum :: Integer -> Integer
      fromInteger :: Integer -> Integer
      -}
instance Num Rational
  where
      super1_Num
	  = super{-(Eq Rational)-} inst__Prelude_Eq_Rational
      super2_Num
	  =   super{-(Show Rational)-}
		  inst__Prelude_Show_Rational
      (+) = ($--+){-Rational-} inst__Prelude_Num_Rational
      (-) = ($---){-Rational-} inst__Prelude_Num_Rational
      (*) = ($--*){-Rational-} inst__Prelude_Num_Rational
      negate
	  =   default__negate{-Rational-}
		  inst__Prelude_Num_Rational
      abs =   default__abs{-Rational-}
		  inst__Prelude_Num_Rational
      signum
	  =   default__signum{-Rational-}
		  inst__Prelude_Num_Rational
      fromInteger
	  =   default__fromInteger{-Rational-}
		  inst__Prelude_Num_Rational
      {-
      super1_Num :: Eq Rational
      super2_Num :: Show Rational
      (+) :: Rational -> Rational -> Rational
      (-) :: Rational -> Rational -> Rational
      (*) :: Rational -> Rational -> Rational
      negate :: Rational -> Rational
      abs :: Rational -> Rational
      signum :: Rational -> Rational
      fromInteger :: Integer -> Rational
      -}
instance Num Double
  where
      super1_Num
	  = super{-(Eq Double)-} inst__Prelude_Eq_Double
      super2_Num
	  = super{-(Show Double)-} inst__Prelude_Show_Double
      (+) = ($--+){-Double-} inst__Prelude_Num_Double
      (-) = ($---){-Double-} inst__Prelude_Num_Double
      (*) = ($--*){-Double-} inst__Prelude_Num_Double
      negate
	  = default__negate{-Double-} inst__Prelude_Num_Double
      abs = default__abs{-Double-} inst__Prelude_Num_Double
      signum
	  = default__signum{-Double-} inst__Prelude_Num_Double
      fromInteger
	  =   default__fromInteger{-Double-}
		  inst__Prelude_Num_Double
      {-
      super1_Num :: Eq Double
      super2_Num :: Show Double
      (+) :: Double -> Double -> Double
      (-) :: Double -> Double -> Double
      (*) :: Double -> Double -> Double
      negate :: Double -> Double
      abs :: Double -> Double
      signum :: Double -> Double
      fromInteger :: Integer -> Double
      -}
instance Eq Int
  where
      (==) = ($--==){-Int-} inst__Prelude_Eq_Int
      (/=) = ($--/=){-Int-} inst__Prelude_Eq_Int
      {-
      (==) :: Int -> Int -> Bool
      (/=) :: Int -> Int -> Bool
      -}
instance Ord Int
  where
      super1_Ord = super{-(Eq Int)-} inst__Prelude_Eq_Int
      compare
	  = default__compare{-Int-} inst__Prelude_Ord_Int
      (<) = ($--<){-Int-} inst__Prelude_Ord_Int
      (<=) = ($--<=){-Int-} inst__Prelude_Ord_Int
      (>=) = ($-->=){-Int-} inst__Prelude_Ord_Int
      (>) = ($-->){-Int-} inst__Prelude_Ord_Int
      max = default__max{-Int-} inst__Prelude_Ord_Int
      min = default__min{-Int-} inst__Prelude_Ord_Int
      {-
      super1_Ord :: Eq Int
      compare :: Int -> Int -> Ordering
      (<) :: Int -> Int -> Bool
      (<=) :: Int -> Int -> Bool
      (>=) :: Int -> Int -> Bool
      (>) :: Int -> Int -> Bool
      max :: Int -> Int -> Int
      min :: Int -> Int -> Int
      -}
instance Enum Int
  where
      succ = default__succ{-Int-} inst__Prelude_Enum_Int
      pred = default__pred{-Int-} inst__Prelude_Enum_Int
      toEnum
	  = default__toEnum{-Int-} inst__Prelude_Enum_Int
      fromEnum
	  = default__fromEnum{-Int-} inst__Prelude_Enum_Int
      enumFrom
	  = default__enumFrom{-Int-} inst__Prelude_Enum_Int
      enumFromThen
	  = default__enumFromThen{-Int-} inst__Prelude_Enum_Int
      enumFromTo
	  = default__enumFromTo{-Int-} inst__Prelude_Enum_Int
      enumFromThenTo
	  =   default__enumFromThenTo{-Int-}
		  inst__Prelude_Enum_Int
      {-
      succ :: Int -> Int
      pred :: Int -> Int
      toEnum :: Int -> Int
      fromEnum :: Int -> Int
      enumFrom :: Int -> [Int]
      enumFromThen :: Int -> Int -> [Int]
      enumFromTo :: Int -> Int -> [Int]
      enumFromThenTo :: Int -> Int -> Int -> [Int]
      -}
instance Eq Char
  where
      (==) = ($--==){-Char-} inst__Prelude_Eq_Char
      (/=) = ($--/=){-Char-} inst__Prelude_Eq_Char
      {-
      (==) :: Char -> Char -> Bool
      (/=) :: Char -> Char -> Bool
      -}
instance Eq Integer
  where
      (==) = ($--==){-Integer-} inst__Prelude_Eq_Integer
      (/=) = ($--/=){-Integer-} inst__Prelude_Eq_Integer
      {-
      (==) :: Integer -> Integer -> Bool
      (/=) :: Integer -> Integer -> Bool
      -}
instance Eq Rational
  where
      (==) = ($--==){-Rational-} inst__Prelude_Eq_Rational
      (/=) = ($--/=){-Rational-} inst__Prelude_Eq_Rational
      {-
      (==) :: Rational -> Rational -> Bool
      (/=) :: Rational -> Rational -> Bool
      -}
instance Eq Double
  where
      (==) = ($--==){-Double-} inst__Prelude_Eq_Double
      (/=) = ($--/=){-Double-} inst__Prelude_Eq_Double
      {-
      (==) :: Double -> Double -> Bool
      (/=) :: Double -> Double -> Bool
      -}
instance Ord Char
  where
      super1_Ord = super{-(Eq Char)-} inst__Prelude_Eq_Char
      compare
	  = default__compare{-Char-} inst__Prelude_Ord_Char
      (<) = ($--<){-Char-} inst__Prelude_Ord_Char
      (<=) = ($--<=){-Char-} inst__Prelude_Ord_Char
      (>=) = ($-->=){-Char-} inst__Prelude_Ord_Char
      (>) = ($-->){-Char-} inst__Prelude_Ord_Char
      max = default__max{-Char-} inst__Prelude_Ord_Char
      min = default__min{-Char-} inst__Prelude_Ord_Char
      {-
      super1_Ord :: Eq Char
      compare :: Char -> Char -> Ordering
      (<) :: Char -> Char -> Bool
      (<=) :: Char -> Char -> Bool
      (>=) :: Char -> Char -> Bool
      (>) :: Char -> Char -> Bool
      max :: Char -> Char -> Char
      min :: Char -> Char -> Char
      -}
instance Ord Integer
  where
      super1_Ord
	  = super{-(Eq Integer)-} inst__Prelude_Eq_Integer
      compare
	  =   default__compare{-Integer-}
		  inst__Prelude_Ord_Integer
      (<) = ($--<){-Integer-} inst__Prelude_Ord_Integer
      (<=) = ($--<=){-Integer-} inst__Prelude_Ord_Integer
      (>=) = ($-->=){-Integer-} inst__Prelude_Ord_Integer
      (>) = ($-->){-Integer-} inst__Prelude_Ord_Integer
      max =   default__max{-Integer-}
		  inst__Prelude_Ord_Integer
      min =   default__min{-Integer-}
		  inst__Prelude_Ord_Integer
      {-
      super1_Ord :: Eq Integer
      compare :: Integer -> Integer -> Ordering
      (<) :: Integer -> Integer -> Bool
      (<=) :: Integer -> Integer -> Bool
      (>=) :: Integer -> Integer -> Bool
      (>) :: Integer -> Integer -> Bool
      max :: Integer -> Integer -> Integer
      min :: Integer -> Integer -> Integer
      -}
instance Ord Rational
  where
      super1_Ord
	  = super{-(Eq Rational)-} inst__Prelude_Eq_Rational
      compare
	  =   default__compare{-Rational-}
		  inst__Prelude_Ord_Rational
      (<) = ($--<){-Rational-} inst__Prelude_Ord_Rational
      (<=) = ($--<=){-Rational-} inst__Prelude_Ord_Rational
      (>=) = ($-->=){-Rational-} inst__Prelude_Ord_Rational
      (>) = ($-->){-Rational-} inst__Prelude_Ord_Rational
      max =   default__max{-Rational-}
		  inst__Prelude_Ord_Rational
      min =   default__min{-Rational-}
		  inst__Prelude_Ord_Rational
      {-
      super1_Ord :: Eq Rational
      compare :: Rational -> Rational -> Ordering
      (<) :: Rational -> Rational -> Bool
      (<=) :: Rational -> Rational -> Bool
      (>=) :: Rational -> Rational -> Bool
      (>) :: Rational -> Rational -> Bool
      max :: Rational -> Rational -> Rational
      min :: Rational -> Rational -> Rational
      -}
instance Ord Double
  where
      super1_Ord
	  = super{-(Eq Double)-} inst__Prelude_Eq_Double
      compare
	  = default__compare{-Double-} inst__Prelude_Ord_Double
      (<) = ($--<){-Double-} inst__Prelude_Ord_Double
      (<=) = ($--<=){-Double-} inst__Prelude_Ord_Double
      (>=) = ($-->=){-Double-} inst__Prelude_Ord_Double
      (>) = ($-->){-Double-} inst__Prelude_Ord_Double
      max = default__max{-Double-} inst__Prelude_Ord_Double
      min = default__min{-Double-} inst__Prelude_Ord_Double
      {-
      super1_Ord :: Eq Double
      compare :: Double -> Double -> Ordering
      (<) :: Double -> Double -> Bool
      (<=) :: Double -> Double -> Bool
      (>=) :: Double -> Double -> Bool
      (>) :: Double -> Double -> Bool
      max :: Double -> Double -> Double
      min :: Double -> Double -> Double
      -}
instance Show Int
  where
      showsPrec
	  = default__showsPrec{-Int-} inst__Prelude_Show_Int
      show = default__show{-Int-} inst__Prelude_Show_Int
      showList
	  = default__showList{-Int-} inst__Prelude_Show_Int
      {-
      showsPrec :: Int -> Int -> ShowS
      show :: Int -> String
      showList :: [Int] -> ShowS
      -}
instance Show Char
  where
      showsPrec
	  = default__showsPrec{-Char-} inst__Prelude_Show_Char
      show = default__show{-Char-} inst__Prelude_Show_Char
      showList
	  = default__showList{-Char-} inst__Prelude_Show_Char
      {-
      showsPrec :: Int -> Char -> ShowS
      show :: Char -> String
      showList :: String -> ShowS
      -}
instance Show Integer
  where
      showsPrec
	  =   default__showsPrec{-Integer-}
		  inst__Prelude_Show_Integer
      show
	  = default__show{-Integer-} inst__Prelude_Show_Integer
      showList
	  =   default__showList{-Integer-}
		  inst__Prelude_Show_Integer
      {-
      showsPrec :: Int -> Integer -> ShowS
      show :: Integer -> String
      showList :: [Integer] -> ShowS
      -}
instance Show Rational
  where
      showsPrec
	  =   default__showsPrec{-Rational-}
		  inst__Prelude_Show_Rational
      show
	  =   default__show{-Rational-}
		  inst__Prelude_Show_Rational
      showList
	  =   default__showList{-Rational-}
		  inst__Prelude_Show_Rational
      {-
      showsPrec :: Int -> Rational -> ShowS
      show :: Rational -> String
      showList :: [Rational] -> ShowS
      -}
instance Show Double
  where
      showsPrec
	  =   default__showsPrec{-Double-}
		  inst__Prelude_Show_Double
      show
	  = default__show{-Double-} inst__Prelude_Show_Double
      showList
	  =   default__showList{-Double-}
		  inst__Prelude_Show_Double
      {-
      showsPrec :: Int -> Double -> ShowS
      show :: Double -> String
      showList :: [Double] -> ShowS
      -}
instance Fractional Rational
  where
      super1_Fractional
	  = super{-(Num Rational)-} inst__Prelude_Num_Rational
      (/) =   ($--/){-Rational-}
		  inst__Prelude_Fractional_Rational
      recip
	  =   default__recip{-Rational-}
		  inst__Prelude_Fractional_Rational
      fromRational
	  =   default__fromRational{-Rational-}
		  inst__Prelude_Fractional_Rational
      {-
      super1_Fractional :: Num Rational
      (/) :: Rational -> Rational -> Rational
      recip :: Rational -> Rational
      fromRational :: Rational -> Rational
      -}
instance Fractional Double
  where
      super1_Fractional
	  = super{-(Num Double)-} inst__Prelude_Num_Double
      (/) =   ($--/){-Double-}
		  inst__Prelude_Fractional_Double
      recip
	  =   default__recip{-Double-}
		  inst__Prelude_Fractional_Double
      fromRational
	  =   default__fromRational{-Double-}
		  inst__Prelude_Fractional_Double
      {-
      super1_Fractional :: Num Double
      (/) :: Double -> Double -> Double
      recip :: Double -> Double
      fromRational :: Rational -> Double
      -}
subtract :: Num a => a -> a -> a
subtract d833 = flip{-a a a-} ((-){-a-} d833)
flip :: (a -> b -> c) -> b -> a -> c
flip f x y = f y x
class Enum a
  where
      succ,pred :: a -> a
      toEnum :: Int -> a
      fromEnum :: a -> Int
      enumFrom :: a -> [a]
      enumFromThen :: a -> a -> [a]
      enumFromTo :: a -> a -> [a]
      enumFromThenTo :: a -> a -> a -> [a]
default__succ d858
    =   (.){-Int a a-}
	    ((.){-Int a Int-} (toEnum{-a-} d858)
		 (flip{-Int Int Int-}
		      ((+){-Int-} inst__Prelude_Num_Int)
		      (fromInteger{-Int-} inst__Prelude_Num_Int 1)))
	    (fromEnum{-a-} d858)
default__pred d874
    =   (.){-Int a a-}
	    ((.){-Int a Int-} (toEnum{-a-} d874)
		 (subtract{-Int-} inst__Prelude_Num_Int
		      (fromInteger{-Int-} inst__Prelude_Num_Int 1)))
	    (fromEnum{-a-} d874)
default__enumFrom d885 x
    =   map{-Int a-} (toEnum{-a-} d885)
	    (enumFrom{-Int-} inst__Prelude_Enum_Int
		 (fromEnum{-a-} d885 x))
default__enumFromTo d899 x y
    =   map{-Int a-} (toEnum{-a-} d899)
	    (enumFromTo{-Int-} inst__Prelude_Enum_Int
		 (fromEnum{-a-} d899 x)
		 (fromEnum{-a-} d899 y))
default__enumFromThen d913 x y
    =   map{-Int a-} (toEnum{-a-} d913)
	    (enumFromThen{-Int-} inst__Prelude_Enum_Int
		 (fromEnum{-a-} d913 x)
		 (fromEnum{-a-} d913 y))
default__enumFromThenTo d930 x y z
    =   map{-Int a-} (toEnum{-a-} d930)
	    (enumFromThenTo{-Int-} inst__Prelude_Enum_Int
		 (fromEnum{-a-} d930 x)
		 (fromEnum{-a-} d930 y)
		 (fromEnum{-a-} d930 z))
default__toEnum d933
    = error{-(Int -> a)-} "No default for method toEnum"
default__fromEnum d936
    =   error{-(a -> Int)-}
	    "No default for method fromEnum"
class Bounded a
  where
      minBound :: a
      maxBound :: a
default__minBound d946
    = error{-a-} "No default for method minBound"
default__maxBound d949
    = error{-a-} "No default for method maxBound"
data () = () deriving (Eq, Ord, Show)
data (a, b) = (,) a b deriving (Show, Eq, Ord)
data (a, b, c)
    = Prelude.(,,) a b c deriving (Show, Eq, Ord)
data (a, b, c, d)
    = Prelude.(,,,) a b c d deriving (Show, Eq, Ord)
class (Num a, Ord a) => Real a
  where toRational :: a -> Rational
default__toRational d953
    =   error{-(a -> Rational)-}
	    "No default for method toRational"
class (Real a, Enum a) => Integral a
  where
      quot,rem :: a -> a -> a
      div,mod :: a -> a -> a
      quotRem,divMod :: a -> a -> (a, a)
      toInteger :: a -> Integer
default__quot d958
    = error{-(a -> a -> a)-} "No default for method quot"
default__rem d961
    = error{-(a -> a -> a)-} "No default for method rem"
default__div d964
    = error{-(a -> a -> a)-} "No default for method div"
default__mod d967
    = error{-(a -> a -> a)-} "No default for method mod"
default__quotRem d970
    =   error{-(a -> a -> (a, a))-}
	    "No default for method quotRem"
default__divMod d973
    =   error{-(a -> a -> (a, a))-}
	    "No default for method divMod"
default__toInteger d976
    =   error{-(a -> Integer)-}
	    "No default for method toInteger"
fromIntegral :: (Integral a, Num b) => a -> b
fromIntegral d990 d991
    =   (.){-Integer b a-} (fromInteger{-b-} d991)
	    (toInteger{-a-} d990)
even,odd :: Integral a => a -> Bool
even d1002 n
    =   (==){-a-} d995
	    (rem{-a-} d1002 n (fromInteger{-a-} d999 2))
	    (fromInteger{-a-} d999 0)
  where
      d999 = super1_Real{-a-} (super1_Integral{-a-} d1002)
      d995
	  =   super1_Num{-a-}
		  (super1_Real{-a-} (super1_Integral{-a-} d1002))
      {-
      d999 :: Num a
      d995 :: Eq a
      -}
odd d1007 n = not (even{-a-} d1007 n)
class (Real a, Fractional a) => RealFrac a
  where
      properFraction :: Integral b => a -> (b, a)
      truncate,round :: Integral b => a -> b
      ceiling,floor :: Integral b => a -> b
default__truncate d1016 d1017 x
    = m
  where
      (m, _) = properFraction{-a b-} d1016 d1017 x
      {-
      m :: b
      -}
default__round d1057 d1058 x
    =   let (n, r) = properFraction{-a b-} d1057 d1058 x
	    m   =   if (<){-a-} d1028 r
			   (fromInteger{-a-} d1030 0)
		    then (-){-b-} d1032 n (fromInteger{-b-} d1032 1)
		    else (+){-b-} d1032 n (fromInteger{-b-} d1032 1)
	    {-
	    r :: a
	    n :: b
	    m :: b
	    -}
	in case signum{-a-} d1030
		    ((-){-a-} d1030 (abs{-a-} d1030 r)
			 (fromRational{-a-} d1046 1 % 2)) of
	       negate{-a-} d1048 (fromInteger{-a-} d1050 1) -> n
	       fromInteger{-a-} d1052 0
		   -> if even{-b-} d1058 n then n else m
	       fromInteger{-a-} d1056 1 -> m
  where
      d1046 = super2_RealFrac{-a-} d1057
      d1032 = super1_Real{-b-} (super1_Integral{-b-} d1058)
      d1030 = super1_Real{-a-} (super1_RealFrac{-a-} d1057)
      d1028 = super2_Real{-a-} (super1_RealFrac{-a-} d1057)
      {-
      d1046 :: Fractional a
      d1032 :: Num b
      d1030 :: Num a
      d1028 :: Ord a
      -}
default__ceiling d1075 d1076 x
    =   if (>){-a-} d1068 r (fromInteger{-a-} d1070 0)
	then (+){-b-} d1072 n (fromInteger{-b-} d1072 1)
	else n
  where
      d1072 = super1_Real{-b-} (super1_Integral{-b-} d1076)
      d1070 = super1_Real{-a-} (super1_RealFrac{-a-} d1075)
      d1068 = super2_Real{-a-} (super1_RealFrac{-a-} d1075)
      (n, r) = properFraction{-a b-} d1075 d1076 x
      {-
      d1072 :: Num b
      d1070 :: Num a
      d1068 :: Ord a
      r :: a
      n :: b
      -}
default__floor d1093 d1094 x
    =   if (<){-a-} d1086 r (fromInteger{-a-} d1088 0)
	then (-){-b-} d1090 n (fromInteger{-b-} d1090 1)
	else n
  where
      d1090 = super1_Real{-b-} (super1_Integral{-b-} d1094)
      d1088 = super1_Real{-a-} (super1_RealFrac{-a-} d1093)
      d1086 = super2_Real{-a-} (super1_RealFrac{-a-} d1093)
      (n, r) = properFraction{-a b-} d1093 d1094 x
      {-
      d1090 :: Num b
      d1088 :: Num a
      d1086 :: Ord a
      r :: a
      n :: b
      -}
default__properFraction d1097 d1098
    =   error{-(a -> (b, a))-}
	    "No default for method properFraction"
cmp :: (Eq a, Ord b) => c ->
			b -> d -> b -> e -> a -> f -> a -> g -> (Bool, Bool)
cmp d1124 d1125 a w b x c y d z e
    = ((<){-b-} d1125 w x, (==){-a-} d1124 y z)
cmp2 :: Ord a => a -> a -> Bool
cmp2 d1131 w x = (<){-a-} d1131 w x
alphabet
    :: a ->
       b ->
       c ->
       d ->
       e ->
       f ->
       g ->
       h ->
       i ->
       j ->
       k ->
       l ->
       m ->
       n ->
       o ->
       p ->
       q -> r -> s -> t -> u -> v -> w -> x -> y -> z -> a1
alphabet a b c d e f g h i j k l m n o p q r s t u v
	 w x y z
    = error{-a1-} "sorry"
instance Eq Bool
  where
      (==) False False = True
      (==) True True = True
      (==) _ _ = False
      (/=) = ($--/=){-Bool-} derived__Prelude_Eq_Bool
      {-
      (==) :: Bool -> Bool -> Bool
      (/=) :: Bool -> Bool -> Bool
      -}
instance Ord Bool
  where
      super1_Ord
	  = super{-(Eq Bool)-} derived__Prelude_Eq_Bool
      compare x y
	  =   let cno False
		      =   let t1174 :: Int
			      t1174 = fromInteger{-Int-} inst__Prelude_Num_Int 0
			      {- t1174 :: Int -}
			  in t1174
		  cno True = fromInteger{-Int-} inst__Prelude_Num_Int 1
		  {- cno :: Bool -> Int -}
	      in compare{-Int-} inst__Prelude_Ord_Int (cno x)
		     (cno y)
      (<) = ($--<){-Bool-} derived__Prelude_Ord_Bool
      (<=) = ($--<=){-Bool-} derived__Prelude_Ord_Bool
      (>=) = ($-->=){-Bool-} derived__Prelude_Ord_Bool
      (>) = ($-->){-Bool-} derived__Prelude_Ord_Bool
      max = default__max{-Bool-} derived__Prelude_Ord_Bool
      min = default__min{-Bool-} derived__Prelude_Ord_Bool
      {-
      super1_Ord :: Eq Bool
      compare :: Bool -> Bool -> Ordering
      (<) :: Bool -> Bool -> Bool
      (<=) :: Bool -> Bool -> Bool
      (>=) :: Bool -> Bool -> Bool
      (>) :: Bool -> Bool -> Bool
      max :: Bool -> Bool -> Bool
      min :: Bool -> Bool -> Bool
      -}
instance Show Bool
  where
      showsPrec d False = showString "False"
      showsPrec d True = showString "True"
      show
	  = default__show{-Bool-} derived__Prelude_Show_Bool
      showList
	  =   default__showList{-Bool-}
		  derived__Prelude_Show_Bool
      {-
      showsPrec :: Int -> Bool -> ShowS
      show :: Bool -> String
      showList :: [Bool] -> ShowS
      -}
instance Eq Ordering
  where
      (==) LT LT = True
      (==) EQ EQ = True
      (==) GT GT = True
      (==) _ _ = False
      (/=)
	  = ($--/=){-Ordering-} derived__Prelude_Eq_Ordering
      {-
      (==) :: Ordering -> Ordering -> Bool
      (/=) :: Ordering -> Ordering -> Bool
      -}
instance Ord Ordering
  where
      super1_Ord
	  = super{-(Eq Ordering)-} derived__Prelude_Eq_Ordering
      compare x y
	  =   let cno LT
		      =   let t1225 :: Int
			      t1225 = fromInteger{-Int-} inst__Prelude_Num_Int 0
			      {- t1225 :: Int -}
			  in t1225
		  cno EQ = fromInteger{-Int-} inst__Prelude_Num_Int 1
		  cno GT = fromInteger{-Int-} inst__Prelude_Num_Int 2
		  {- cno :: Ordering -> Int -}
	      in compare{-Int-} inst__Prelude_Ord_Int (cno x)
		     (cno y)
      (<) =   ($--<){-Ordering-}
		  derived__Prelude_Ord_Ordering
      (<=)
	  = ($--<=){-Ordering-} derived__Prelude_Ord_Ordering
      (>=)
	  = ($-->=){-Ordering-} derived__Prelude_Ord_Ordering
      (>) =   ($-->){-Ordering-}
		  derived__Prelude_Ord_Ordering
      max =   default__max{-Ordering-}
		  derived__Prelude_Ord_Ordering
      min =   default__min{-Ordering-}
		  derived__Prelude_Ord_Ordering
      {-
      super1_Ord :: Eq Ordering
      compare :: Ordering -> Ordering -> Ordering
      (<) :: Ordering -> Ordering -> Bool
      (<=) :: Ordering -> Ordering -> Bool
      (>=) :: Ordering -> Ordering -> Bool
      (>) :: Ordering -> Ordering -> Bool
      max :: Ordering -> Ordering -> Ordering
      min :: Ordering -> Ordering -> Ordering
      -}
instance Show Ordering
  where
      showsPrec d LT = showString "LT"
      showsPrec d EQ = showString "EQ"
      showsPrec d GT = showString "GT"
      show
	  =   default__show{-Ordering-}
		  derived__Prelude_Show_Ordering
      showList
	  =   default__showList{-Ordering-}
		  derived__Prelude_Show_Ordering
      {-
      showsPrec :: Int -> Ordering -> ShowS
      show :: Ordering -> String
      showList :: [Ordering] -> ShowS
      -}
instance Eq a => Eq [a]
  where
      (==) d1281 []{-a-} []{-a-} = True
      (==) d1281 ((:){-a-} x1 x2) ((:){-a-} y1 y2)
	  =   (&&) ((==){-a-} d1281 x1 y1)
		  ((==){-[a]-} d1277 x2 y2)
	where
	    d1277 = derived__Prelude_Eq_34_65{-a-} d1281
	    {-
	    d1277 :: Eq [a]
	    -}
      (==) d1281 _ _ = False
      (/=) d1285
	  = ($--/=){-[a]-} d1284
	where
	    d1284 = derived__Prelude_Eq_34_65{-a-} d1285
	    {-
	    d1284 :: Eq [a]
	    -}
      {-
      (==) :: forall a . (Eq a) => [a] -> [a] -> Bool
      (/=) :: forall a . (Eq a) => [a] -> [a] -> Bool
      -}
instance Ord a => Ord [a]
  where
      super1_Ord d1290
	  = super{-(Eq [a])-} d1289
	where
	    d1291 = super1_Ord{-a-} d1290
	    d1289 = derived__Prelude_Eq_34_65{-a-} d1291
	    {-
	    d1291 :: Eq a
	    d1289 :: Eq [a]
	    -}
      compare d1324 ((:){-a-} x1 x2) ((:){-a-} y1 y2)
	  =   lexOrder (compare{-a-} d1324 x1 y1)
		  (compare{-[a]-} d1302 x2 y2)
	where
	    d1302 = derived__Prelude_Ord_34_69{-a-} d1324
	    {-
	    d1302 :: Ord [a]
	    -}
      compare d1324 x y
	  =   let cno []{-t1315-}
		      =   let t1308 :: Int
			      t1308 = fromInteger{-Int-} inst__Prelude_Num_Int 0
			      {- t1308 :: Int -}
			  in t1308
		  cno ((:){-t1315-} _ _)
		      = fromInteger{-Int-} inst__Prelude_Num_Int 1
		  {- cno :: forall a . [a] -> Int -}
	      in compare{-Int-} inst__Prelude_Ord_Int (cno{-a-} x)
		     (cno{-a-} y)
      (<) d1328
	  = ($--<){-[a]-} d1327
	where
	    d1327 = derived__Prelude_Ord_34_69{-a-} d1328
	    {-
	    d1327 :: Ord [a]
	    -}
      (<=) d1333
	  = ($--<=){-[a]-} d1332
	where
	    d1332 = derived__Prelude_Ord_34_69{-a-} d1333
	    {-
	    d1332 :: Ord [a]
	    -}
      (>=) d1338
	  = ($-->=){-[a]-} d1337
	where
	    d1337 = derived__Prelude_Ord_34_69{-a-} d1338
	    {-
	    d1337 :: Ord [a]
	    -}
      (>) d1343
	  = ($-->){-[a]-} d1342
	where
	    d1342 = derived__Prelude_Ord_34_69{-a-} d1343
	    {-
	    d1342 :: Ord [a]
	    -}
      max d1348
	  = default__max{-[a]-} d1347
	where
	    d1347 = derived__Prelude_Ord_34_69{-a-} d1348
	    {-
	    d1347 :: Ord [a]
	    -}
      min d1353
	  = default__min{-[a]-} d1352
	where
	    d1352 = derived__Prelude_Ord_34_69{-a-} d1353
	    {-
	    d1352 :: Ord [a]
	    -}
      {-
      super1_Ord :: forall a . (Ord a) => Eq [a]
      compare ::
	  forall a . (Ord a) => [a] -> [a] -> Ordering
      (<) :: forall a . (Ord a) => [a] -> [a] -> Bool
      (<=) :: forall a . (Ord a) => [a] -> [a] -> Bool
      (>=) :: forall a . (Ord a) => [a] -> [a] -> Bool
      (>) :: forall a . (Ord a) => [a] -> [a] -> Bool
      max :: forall a . (Ord a) => [a] -> [a] -> [a]
      min :: forall a . (Ord a) => [a] -> [a] -> [a]
      -}
instance Show a => Show [a]
  where
      showsPrec d1373 d []{-a-} = showString "[]"
      showsPrec d1373 d ((:){-a-} x1 x2)
	  =   showParenArg d
		  ((.){-String String String-} (showString ":")
		       ((.){-String String String-}
			    (showArgument{-a-} d1373 x1)
			    (showArgument{-[a]-} d1371 x2)))
	where
	    d1371 = derived__Prelude_Show_34_59{-a-} d1373
	    {-
	    d1371 :: Show [a]
	    -}
      show d1377
	  = default__show{-[a]-} d1376
	where
	    d1376 = derived__Prelude_Show_34_59{-a-} d1377
	    {-
	    d1376 :: Show [a]
	    -}
      showList d1382
	  = default__showList{-[a]-} d1381
	where
	    d1381 = derived__Prelude_Show_34_59{-a-} d1382
	    {-
	    d1381 :: Show [a]
	    -}
      {-
      showsPrec ::
	  forall a . (Show a) => Int -> [a] -> ShowS
      show :: forall a . (Show a) => [a] -> String
      showList :: forall a . (Show a) => [[a]] -> ShowS
      -}
instance Eq ()
  where
      (==) () () = True
      (/=) = ($--/=){-()-} derived__Prelude_Eq_184_27
      {-
      (==) :: () -> () -> Bool
      (/=) :: () -> () -> Bool
      -}
instance Ord ()
  where
      super1_Ord
	  = super{-(Eq ())-} derived__Prelude_Eq_184_27
      compare x y
	  =   let cno ()
		      =   let t1396 :: Int
			      t1396 = fromInteger{-Int-} inst__Prelude_Num_Int 0
			      {- t1396 :: Int -}
			  in t1396
		  {- cno :: () -> Int -}
	      in compare{-Int-} inst__Prelude_Ord_Int (cno x)
		     (cno y)
      (<) = ($--<){-()-} derived__Prelude_Ord_184_31
      (<=) = ($--<=){-()-} derived__Prelude_Ord_184_31
      (>=) = ($-->=){-()-} derived__Prelude_Ord_184_31
      (>) = ($-->){-()-} derived__Prelude_Ord_184_31
      max = default__max{-()-} derived__Prelude_Ord_184_31
      min = default__min{-()-} derived__Prelude_Ord_184_31
      {-
      super1_Ord :: Eq ()
      compare :: () -> () -> Ordering
      (<) :: () -> () -> Bool
      (<=) :: () -> () -> Bool
      (>=) :: () -> () -> Bool
      (>) :: () -> () -> Bool
      max :: () -> () -> ()
      min :: () -> () -> ()
      -}
instance Show ()
  where
      showsPrec d () = showString "()"
      show
	  = default__show{-()-} derived__Prelude_Show_184_36
      showList
	  =   default__showList{-()-}
		  derived__Prelude_Show_184_36
      {-
      showsPrec :: Int -> () -> ShowS
      show :: () -> String
      showList :: [()] -> ShowS
      -}
instance (Eq a, Eq b) => Eq (a, b)
  where
      (==) d1443 d1444 ((,){-a b-} x1 x2)
	   ((,){-a b-} y1 y2)
	  =   (&&) ((==){-a-} d1443 x1 y1)
		  ((==){-b-} d1444 x2 y2)
      (/=) d1448 d1449
	  = ($--/=){-(a, b)-} d1447
	where
	    d1447 = derived__Prelude_Eq_188_20{-a b-} d1448 d1449
	    {-
	    d1447 :: Eq (a, b)
	    -}
      {-
      (==) ::
	  forall a b . (Eq a, Eq b) => (a, b) -> (a, b) -> Bool
      (/=) ::
	  forall a b . (Eq a, Eq b) => (a, b) -> (a, b) -> Bool
      -}
instance (Ord a, Ord b) => Ord (a, b)
  where
      super1_Ord d1455 d1456
	  = super{-(Eq (a, b))-} d1454
	where
	    d1457 = super1_Ord{-a-} d1455
	    d1458 = super1_Ord{-b-} d1456
	    d1454 = derived__Prelude_Eq_188_20{-a b-} d1457 d1458
	    {-
	    d1457 :: Eq a
	    d1458 :: Eq b
	    d1454 :: Eq (a, b)
	    -}
      compare d1472 d1473 ((,){-a b-} x1 x2)
	      ((,){-a b-} y1 y2)
	  =   lexOrder (compare{-a-} d1472 x1 y1)
		  (compare{-b-} d1473 x2 y2)
      (<) d1477 d1478
	  = ($--<){-(a, b)-} d1476
	where
	    d1476
		= derived__Prelude_Ord_188_24{-a b-} d1477 d1478
	    {-
	    d1476 :: Ord (a, b)
	    -}
      (<=) d1484 d1485
	  = ($--<=){-(a, b)-} d1483
	where
	    d1483
		= derived__Prelude_Ord_188_24{-a b-} d1484 d1485
	    {-
	    d1483 :: Ord (a, b)
	    -}
      (>=) d1491 d1492
	  = ($-->=){-(a, b)-} d1490
	where
	    d1490
		= derived__Prelude_Ord_188_24{-a b-} d1491 d1492
	    {-
	    d1490 :: Ord (a, b)
	    -}
      (>) d1498 d1499
	  = ($-->){-(a, b)-} d1497
	where
	    d1497
		= derived__Prelude_Ord_188_24{-a b-} d1498 d1499
	    {-
	    d1497 :: Ord (a, b)
	    -}
      max d1505 d1506
	  = default__max{-(a, b)-} d1504
	where
	    d1504
		= derived__Prelude_Ord_188_24{-a b-} d1505 d1506
	    {-
	    d1504 :: Ord (a, b)
	    -}
      min d1512 d1513
	  = default__min{-(a, b)-} d1511
	where
	    d1511
		= derived__Prelude_Ord_188_24{-a b-} d1512 d1513
	    {-
	    d1511 :: Ord (a, b)
	    -}
      {-
      super1_Ord ::
	  forall a b . (Ord a, Ord b) => Eq (a, b)
      compare ::
	  forall a b .
	      (Ord a, Ord b) => (a, b) -> (a, b) -> Ordering
      (<) ::
	  forall a b .
	      (Ord a, Ord b) => (a, b) -> (a, b) -> Bool
      (<=) ::
	  forall a b .
	      (Ord a, Ord b) => (a, b) -> (a, b) -> Bool
      (>=) ::
	  forall a b .
	      (Ord a, Ord b) => (a, b) -> (a, b) -> Bool
      (>) ::
	  forall a b .
	      (Ord a, Ord b) => (a, b) -> (a, b) -> Bool
      max ::
	  forall a b .
	      (Ord a, Ord b) => (a, b) -> (a, b) -> (a, b)
      min ::
	  forall a b .
	      (Ord a, Ord b) => (a, b) -> (a, b) -> (a, b)
      -}
instance (Show a, Show b) => Show (a, b)
  where
      showsPrec d1532 d1533 d ((,){-a b-} x1 x2)
	  =   showParenArg d
		  ((.){-String String String-} (showString "(,)")
		       ((.){-String String String-}
			    (showArgument{-a-} d1532 x1)
			    (showArgument{-b-} d1533 x2)))
      show d1537 d1538
	  = default__show{-(a, b)-} d1536
	where
	    d1536
		= derived__Prelude_Show_188_14{-a b-} d1537 d1538
	    {-
	    d1536 :: Show (a, b)
	    -}
      showList d1544 d1545
	  = default__showList{-(a, b)-} d1543
	where
	    d1543
		= derived__Prelude_Show_188_14{-a b-} d1544 d1545
	    {-
	    d1543 :: Show (a, b)
	    -}
      {-
      showsPrec ::
	  forall a b .
	      (Show a, Show b) => Int -> (a, b) -> ShowS
      show ::
	  forall a b . (Show a, Show b) => (a, b) -> String
      showList ::
	  forall a b . (Show a, Show b) => [(a, b)] -> ShowS
      -}
instance (Eq a, Eq b, Eq c) => Eq (a, b, c)
  where
      (==) d1567 d1568 d1569 ((,,){-a b c-} x1 x2 x3)
	   ((,,){-a b c-} y1 y2 y3)
	  =   (&&) ((==){-a-} d1567 x1 y1)
		  ((&&) ((==){-b-} d1568 x2 y2)
		       ((==){-c-} d1569 x3 y3))
      (/=) d1573 d1574 d1575
	  = ($--/=){-(a, b, c)-} d1572
	where
	    d1572
		=   derived__Prelude_Eq_192_20{-a b c-} d1573 d1574
			d1575
	    {-
	    d1572 :: Eq (a, b, c)
	    -}
      {-
      (==) ::
	  forall a b c .
	      (Eq a, Eq b, Eq c) => (a, b, c) -> (a, b, c) -> Bool
      (/=) ::
	  forall a b c .
	      (Eq a, Eq b, Eq c) => (a, b, c) -> (a, b, c) -> Bool
      -}
instance (Ord a, Ord b, Ord c) => Ord (a, b, c)
  where
      super1_Ord d1582 d1583 d1584
	  = super{-(Eq (a, b, c))-} d1581
	where
	    d1585 = super1_Ord{-a-} d1582
	    d1586 = super1_Ord{-b-} d1583
	    d1587 = super1_Ord{-c-} d1584
	    d1581
		=   derived__Prelude_Eq_192_20{-a b c-} d1585 d1586
			d1587
	    {-
	    d1585 :: Eq a
	    d1586 :: Eq b
	    d1587 :: Eq c
	    d1581 :: Eq (a, b, c)
	    -}
      compare d1607 d1608 d1609 ((,,){-a b c-} x1 x2 x3)
	      ((,,){-a b c-} y1 y2 y3)
	  =   lexOrder (compare{-a-} d1607 x1 y1)
		  (lexOrder (compare{-b-} d1608 x2 y2)
		       (compare{-c-} d1609 x3 y3))
      (<) d1613 d1614 d1615
	  = ($--<){-(a, b, c)-} d1612
	where
	    d1612
		=   derived__Prelude_Ord_192_24{-a b c-} d1613 d1614
			d1615
	    {-
	    d1612 :: Ord (a, b, c)
	    -}
      (<=) d1622 d1623 d1624
	  = ($--<=){-(a, b, c)-} d1621
	where
	    d1621
		=   derived__Prelude_Ord_192_24{-a b c-} d1622 d1623
			d1624
	    {-
	    d1621 :: Ord (a, b, c)
	    -}
      (>=) d1631 d1632 d1633
	  = ($-->=){-(a, b, c)-} d1630
	where
	    d1630
		=   derived__Prelude_Ord_192_24{-a b c-} d1631 d1632
			d1633
	    {-
	    d1630 :: Ord (a, b, c)
	    -}
      (>) d1640 d1641 d1642
	  = ($-->){-(a, b, c)-} d1639
	where
	    d1639
		=   derived__Prelude_Ord_192_24{-a b c-} d1640 d1641
			d1642
	    {-
	    d1639 :: Ord (a, b, c)
	    -}
      max d1649 d1650 d1651
	  = default__max{-(a, b, c)-} d1648
	where
	    d1648
		=   derived__Prelude_Ord_192_24{-a b c-} d1649 d1650
			d1651
	    {-
	    d1648 :: Ord (a, b, c)
	    -}
      min d1658 d1659 d1660
	  = default__min{-(a, b, c)-} d1657
	where
	    d1657
		=   derived__Prelude_Ord_192_24{-a b c-} d1658 d1659
			d1660
	    {-
	    d1657 :: Ord (a, b, c)
	    -}
      {-
      super1_Ord ::
	  forall a b c . (Ord a, Ord b, Ord c) => Eq (a, b, c)
      compare ::
	  forall a b c .
	      (Ord a, Ord b, Ord c) =>
		  (a, b, c) -> (a, b, c) -> Ordering
      (<) ::
	  forall a b c .
	      (Ord a, Ord b, Ord c) =>
		  (a, b, c) -> (a, b, c) -> Bool
      (<=) ::
	  forall a b c .
	      (Ord a, Ord b, Ord c) =>
		  (a, b, c) -> (a, b, c) -> Bool
      (>=) ::
	  forall a b c .
	      (Ord a, Ord b, Ord c) =>
		  (a, b, c) -> (a, b, c) -> Bool
      (>) ::
	  forall a b c .
	      (Ord a, Ord b, Ord c) =>
		  (a, b, c) -> (a, b, c) -> Bool
      max ::
	  forall a b c .
	      (Ord a, Ord b, Ord c) =>
		  (a, b, c) -> (a, b, c) -> (a, b, c)
      min ::
	  forall a b c .
	      (Ord a, Ord b, Ord c) =>
		  (a, b, c) -> (a, b, c) -> (a, b, c)
      -}
instance (Show a, Show b, Show c) => Show (a, b, c)
  where
      showsPrec d1687 d1688 d1689 d
		((,,){-a b c-} x1 x2 x3)
	  =   showParenArg d
		  ((.){-String String String-} (showString "(,,)")
		       ((.){-String String String-}
			    (showArgument{-a-} d1687 x1)
			    ((.){-String String String-}
				 (showArgument{-b-} d1688 x2)
				 (showArgument{-c-} d1689 x3))))
      show d1693 d1694 d1695
	  = default__show{-(a, b, c)-} d1692
	where
	    d1692
		=   derived__Prelude_Show_192_14{-a b c-} d1693 d1694
			d1695
	    {-
	    d1692 :: Show (a, b, c)
	    -}
      showList d1702 d1703 d1704
	  = default__showList{-(a, b, c)-} d1701
	where
	    d1701
		=   derived__Prelude_Show_192_14{-a b c-} d1702 d1703
			d1704
	    {-
	    d1701 :: Show (a, b, c)
	    -}
      {-
      showsPrec ::
	  forall a b c .
	      (Show a, Show b, Show c) => Int -> (a, b, c) -> ShowS
      show ::
	  forall a b c .
	      (Show a, Show b, Show c) => (a, b, c) -> String
      showList ::
	  forall a b c .
	      (Show a, Show b, Show c) => [(a, b, c)] -> ShowS
      -}
instance (Eq a, Eq b, Eq c, Eq d) => Eq (a, b, c, d)
  where
      (==) d1733 d1734 d1735 d1736
	   ((,,,){-a b c d-} x1 x2 x3 x4)
	   ((,,,){-a b c d-} y1 y2 y3 y4)
	  =   (&&) ((==){-a-} d1733 x1 y1)
		  ((&&) ((==){-b-} d1734 x2 y2)
		       ((&&) ((==){-c-} d1735 x3 y3)
			    ((==){-d-} d1736 x4 y4)))
      (/=) d1740 d1741 d1742 d1743
	  = ($--/=){-(a, b, c, d)-} d1739
	where
	    d1739
		=   derived__Prelude_Eq_196_20{-a b c d-} d1740 d1741
			d1742
			d1743
	    {-
	    d1739 :: Eq (a, b, c, d)
	    -}
      {-
      (==) ::
	  forall a b c d .
	      (Eq a, Eq b, Eq c, Eq d) =>
		  (a, b, c, d) -> (a, b, c, d) -> Bool
      (/=) ::
	  forall a b c d .
	      (Eq a, Eq b, Eq c, Eq d) =>
		  (a, b, c, d) -> (a, b, c, d) -> Bool
      -}
instance (Ord a, Ord b, Ord c, Ord d) =>
	 Ord (a, b, c, d)
  where
      super1_Ord d1751 d1752 d1753 d1754
	  = super{-(Eq (a, b, c, d))-} d1750
	where
	    d1755 = super1_Ord{-a-} d1751
	    d1756 = super1_Ord{-b-} d1752
	    d1757 = super1_Ord{-c-} d1753
	    d1758 = super1_Ord{-d-} d1754
	    d1750
		=   derived__Prelude_Eq_196_20{-a b c d-} d1755 d1756
			d1757
			d1758
	    {-
	    d1755 :: Eq a
	    d1756 :: Eq b
	    d1757 :: Eq c
	    d1758 :: Eq d
	    d1750 :: Eq (a, b, c, d)
	    -}
      compare d1784 d1785 d1786 d1787
	      ((,,,){-a b c d-} x1 x2 x3 x4)
	      ((,,,){-a b c d-} y1 y2 y3 y4)
	  =   lexOrder (compare{-a-} d1784 x1 y1)
		  (lexOrder (compare{-b-} d1785 x2 y2)
		       (lexOrder (compare{-c-} d1786 x3 y3)
			    (compare{-d-} d1787 x4 y4)))
      (<) d1791 d1792 d1793 d1794
	  = ($--<){-(a, b, c, d)-} d1790
	where
	    d1790
		=   derived__Prelude_Ord_196_24{-a b c d-} d1791
			d1792
			d1793
			d1794
	    {-
	    d1790 :: Ord (a, b, c, d)
	    -}
      (<=) d1802 d1803 d1804 d1805
	  = ($--<=){-(a, b, c, d)-} d1801
	where
	    d1801
		=   derived__Prelude_Ord_196_24{-a b c d-} d1802
			d1803
			d1804
			d1805
	    {-
	    d1801 :: Ord (a, b, c, d)
	    -}
      (>=) d1813 d1814 d1815 d1816
	  = ($-->=){-(a, b, c, d)-} d1812
	where
	    d1812
		=   derived__Prelude_Ord_196_24{-a b c d-} d1813
			d1814
			d1815
			d1816
	    {-
	    d1812 :: Ord (a, b, c, d)
	    -}
      (>) d1824 d1825 d1826 d1827
	  = ($-->){-(a, b, c, d)-} d1823
	where
	    d1823
		=   derived__Prelude_Ord_196_24{-a b c d-} d1824
			d1825
			d1826
			d1827
	    {-
	    d1823 :: Ord (a, b, c, d)
	    -}
      max d1835 d1836 d1837 d1838
	  = default__max{-(a, b, c, d)-} d1834
	where
	    d1834
		=   derived__Prelude_Ord_196_24{-a b c d-} d1835
			d1836
			d1837
			d1838
	    {-
	    d1834 :: Ord (a, b, c, d)
	    -}
      min d1846 d1847 d1848 d1849
	  = default__min{-(a, b, c, d)-} d1845
	where
	    d1845
		=   derived__Prelude_Ord_196_24{-a b c d-} d1846
			d1847
			d1848
			d1849
	    {-
	    d1845 :: Ord (a, b, c, d)
	    -}
      {-
      super1_Ord ::
	  forall a b c d .
	      (Ord a, Ord b, Ord c, Ord d) => Eq (a, b, c, d)
      compare ::
	  forall a b c d .
	      (Ord a, Ord b, Ord c, Ord d) =>
		  (a, b, c, d) -> (a, b, c, d) -> Ordering
      (<) ::
	  forall a b c d .
	      (Ord a, Ord b, Ord c, Ord d) =>
		  (a, b, c, d) -> (a, b, c, d) -> Bool
      (<=) ::
	  forall a b c d .
	      (Ord a, Ord b, Ord c, Ord d) =>
		  (a, b, c, d) -> (a, b, c, d) -> Bool
      (>=) ::
	  forall a b c d .
	      (Ord a, Ord b, Ord c, Ord d) =>
		  (a, b, c, d) -> (a, b, c, d) -> Bool
      (>) ::
	  forall a b c d .
	      (Ord a, Ord b, Ord c, Ord d) =>
		  (a, b, c, d) -> (a, b, c, d) -> Bool
      max ::
	  forall a b c d .
	      (Ord a, Ord b, Ord c, Ord d) =>
		  (a, b, c, d) -> (a, b, c, d) -> (a, b, c, d)
      min ::
	  forall a b c d .
	      (Ord a, Ord b, Ord c, Ord d) =>
		  (a, b, c, d) -> (a, b, c, d) -> (a, b, c, d)
      -}
instance (Show a, Show b, Show c, Show d) =>
	 Show (a, b, c, d)
  where
      showsPrec d1884 d1885 d1886 d1887 d
		((,,,){-a b c d-} x1 x2 x3 x4)
	  =   showParenArg d
		  ((.){-String String String-} (showString "(,,,)")
		       ((.){-String String String-}
			    (showArgument{-a-} d1884 x1)
			    ((.){-String String String-}
				 (showArgument{-b-} d1885 x2)
				 ((.){-String String String-}
				      (showArgument{-c-} d1886 x3)
				      (showArgument{-d-} d1887 x4)))))
      show d1891 d1892 d1893 d1894
	  = default__show{-(a, b, c, d)-} d1890
	where
	    d1890
		=   derived__Prelude_Show_196_14{-a b c d-} d1891
			d1892
			d1893
			d1894
	    {-
	    d1890 :: Show (a, b, c, d)
	    -}
      showList d1902 d1903 d1904 d1905
	  = default__showList{-(a, b, c, d)-} d1901
	where
	    d1901
		=   derived__Prelude_Show_196_14{-a b c d-} d1902
			d1903
			d1904
			d1905
	    {-
	    d1901 :: Show (a, b, c, d)
	    -}
      {-
      showsPrec ::
	  forall a b c d .
	      (Show a, Show b, Show c, Show d) =>
		  Int -> (a, b, c, d) -> ShowS
      show ::
	  forall a b c d .
	      (Show a, Show b, Show c, Show d) =>
		  (a, b, c, d) -> String
      showList ::
	  forall a b c d .
	      (Show a, Show b, Show c, Show d) =>
		  [(a, b, c, d)] -> ShowS
      -}
